16:44:35 [INFO] (ROTWorker-Ladakh Run-960945) Worker logging initialized. Log file: /root/Tender-Aggregator/LOGS/rot_worker/Ladakh/worker_rot_worker_Ladakh_20250618164434960945_2025-06-18.log
16:44:35 [INFO] (ROTWorker-Ladakh Run-960945) --- Starting Headless ROT Worker for Site: Ladakh, Run ID: rot_worker_Ladakh_20250618164434960945 ---
16:44:35 [INFO] (ROTWorker-Ladakh Run-960945) Settings from dashboard: {'max_list_pages': 100, 'detail_concurrency': 2, 'pagination_wait': 7000, 'page_load_timeout': 75000, 'detail_page_timeout': 60000, 'popup_page_timeout': 60000, 'element_timeout': 20000, 'post_submit_timeout': 30000}
16:44:35 [INFO] (ROTWorker-Ladakh Run-960945) Worker status updated to: WORKER_STARTED
16:44:35 [INFO] (ROTWorker-Ladakh Run-960945) Effective settings - PageLoadTO:75000, DetailPageTO:60000, PopupPageTO:60000, ElementTO:20000, PostSubmitTO:30000, PagWait:7000, DetailConc:2, MaxListPgs:100
16:44:35 [INFO] (ROTWorker-Ladakh Run-960945) Worker status updated to: FETCHING_CAPTCHA
16:44:35 [INFO] (ROTWorker-Ladakh Run-960945) Selecting tender status '5'.
16:44:38 [INFO] (ROTWorker-Ladakh Run-960945) CAPTCHA base64 data saved to: /root/Tender-Aggregator/site_data/TEMP/WorkerRuns/rot_worker_Ladakh_20250618164434960945/captcha.b64
16:44:38 [INFO] (ROTWorker-Ladakh Run-960945) Worker status updated to: WAITING_CAPTCHA
16:44:38 [INFO] (ROTWorker-Ladakh Run-960945) Waiting for CAPTCHA solution in /root/Tender-Aggregator/site_data/TEMP/WorkerRuns/rot_worker_Ladakh_20250618164434960945/answer.txt (max 300s)...
16:44:47 [INFO] (ROTWorker-Ladakh Run-960945) CAPTCHA solution received.
16:44:47 [INFO] (ROTWorker-Ladakh Run-960945) Worker status updated to: PROCESSING_WITH_CAPTCHA
16:44:48 [INFO] (ROTWorker-Ladakh Run-960945) Worker status updated to: SCRAPING_RESULTS
16:44:48 [INFO] (ROTWorker-Ladakh Run-960945) --- Processing List Page: 1/100 (Site: Ladakh) ---
16:44:48 [INFO] (ROTWorker-Ladakh Run-960945) Worker status updated to: PROCESSING_LIST_PAGE_1
16:44:48 [INFO] (ROTWorker-Ladakh Run-960945) [ListPage1] Extracting table data...
16:44:48 [INFO] (ROTWorker-Ladakh Run-960945) [ListPage1] Extracted 10 items.
16:44:48 [INFO] (ROTWorker-Ladakh Run-960945) [ListPage1_2025_STE_15956_1] Starting detail processing for URL: https://tenders.ladakh.gov.in/nicgep/app?component=view&page=WebTenderStatusLists&service=direct&session=T&sp=STajqhIbWgeYpB23wkkJ8dg%3D%3D
16:44:48 [INFO] (ROTWorker-Ladakh Run-960945) [ListPage1_2025_RDD_16436_2] Starting detail processing for URL: https://tenders.ladakh.gov.in/nicgep/app?component=view&page=WebTenderStatusLists&service=direct&session=T&sp=S8mfGyx2jpFvn%2Bb8oZ302tA%3D%3D
16:44:48 [INFO] (ROTWorker-Ladakh Run-960945) [ListPage1_2025_RDD_16326_1] Starting detail processing for URL: https://tenders.ladakh.gov.in/nicgep/app?component=view&page=WebTenderStatusLists&service=direct&session=T&sp=SvjHSqzmGpslDkTc7VgHFTg%3D%3D
16:44:48 [INFO] (ROTWorker-Ladakh Run-960945) [ListPage1_2025_RDD_16212_3] Starting detail processing for URL: https://tenders.ladakh.gov.in/nicgep/app?component=view&page=WebTenderStatusLists&service=direct&session=T&sp=SqUm06s7fDdZUWg0G%2BU4Kuw%3D%3D
16:44:48 [INFO] (ROTWorker-Ladakh Run-960945) [ListPage1_2025_RDD_16200_1] Starting detail processing for URL: https://tenders.ladakh.gov.in/nicgep/app?component=view&page=WebTenderStatusLists&service=direct&session=T&sp=SWbx3xzKkvOwH9x7ZwckA4g%3D%3D
16:44:48 [INFO] (ROTWorker-Ladakh Run-960945) [ListPage1_2025_RDD_16155_1] Starting detail processing for URL: https://tenders.ladakh.gov.in/nicgep/app?component=view&page=WebTenderStatusLists&service=direct&session=T&sp=Sq7F88UdFzGcTmEbJ%2BzVRVg%3D%3D
16:44:48 [INFO] (ROTWorker-Ladakh Run-960945) [ListPage1_2025_RDD_16134_8] Starting detail processing for URL: https://tenders.ladakh.gov.in/nicgep/app?component=view&page=WebTenderStatusLists&service=direct&session=T&sp=S8T3w1mxLP8JQj7MjpMDrlQ%3D%3D
16:44:48 [INFO] (ROTWorker-Ladakh Run-960945) [ListPage1_2025_RDD_16134_6] Starting detail processing for URL: https://tenders.ladakh.gov.in/nicgep/app?component=view&page=WebTenderStatusLists&service=direct&session=T&sp=SJ64sPkwVe0XzL8WSMZrzRQ%3D%3D
16:44:48 [INFO] (ROTWorker-Ladakh Run-960945) [ListPage1_2025_RDD_16134_5] Starting detail processing for URL: https://tenders.ladakh.gov.in/nicgep/app?component=view&page=WebTenderStatusLists&service=direct&session=T&sp=SQZ7eEmYYWV6pFMDro50Cow%3D%3D
16:44:48 [INFO] (ROTWorker-Ladakh Run-960945) [ListPage1_2025_RDD_16134_4] Starting detail processing for URL: https://tenders.ladakh.gov.in/nicgep/app?component=view&page=WebTenderStatusLists&service=direct&session=T&sp=S%2FVrNX5zNHdh6hLubJqtN1Q%3D%3D
16:44:48 [INFO] (ROTWorker-Ladakh Run-960945) [ListPage1_2025_STE_15956_1] Navigated to detail page: https://tenders.ladakh.gov.in/nicgep/app?component=view&page=WebTenderStatusLists&service=direct&session=T&sp=STajqhIbWgeYpB23wkkJ8dg%3D%3D
16:44:48 [INFO] (ROTWorker-Ladakh Run-960945) [ListPage1_2025_STE_15956_1] Final summary link found. Clicking...
16:44:48 [INFO] (ROTWorker-Ladakh Run-960945) [ListPage1_2025_RDD_16436_2] Navigated to detail page: https://tenders.ladakh.gov.in/nicgep/app?component=view&page=WebTenderStatusLists&service=direct&session=T&sp=S8mfGyx2jpFvn%2Bb8oZ302tA%3D%3D
16:44:48 [INFO] (ROTWorker-Ladakh Run-960945) [ListPage1_2025_RDD_16436_2] Final summary link found. Clicking...
16:44:48 [INFO] (ROTWorker-Ladakh Run-960945) [2025_STE_15956_1 Popup] Processing final popup page: https://tenders.ladakh.gov.in/nicgep/app?component=%24DirectLink_0&page=WebTenderStatus&service=direct&session=T
16:44:48 [INFO] (ROTWorker-Ladakh Run-960945) [2025_STE_15956_1 Popup] ✅ CLEANED & SAVED HTML: ROT_2025_STE_15956_1_20250618_164448_StageSummary.html to /root/Tender-Aggregator/site_data/ROT/DetailHtmls/Ladakh
16:44:48 [INFO] (ROTWorker-Ladakh Run-960945) [2025_STE_15956_1 Popup] Attempting to extract structured JSON: /usr/bin/python3 /root/Tender-Aggregator/utils/extract_structured_rot.py /root/Tender-Aggregator/site_data/ROT/DetailHtmls/Ladakh/ROT_2025_STE_15956_1_20250618_164448_StageSummary.html --output-dir /root/Tender-Aggregator/site_data/AI/StructuredROTData/Ladakh --site-key Ladakh
16:44:48 [INFO] (ROTWorker-Ladakh Run-960945) [2025_RDD_16436_2 Popup] Processing final popup page: https://tenders.ladakh.gov.in/nicgep/app?component=%24DirectLink_0&page=WebTenderStatus&service=direct&session=T
16:44:48 [INFO] (ROTWorker-Ladakh Run-960945) [2025_RDD_16436_2 Popup] ✅ CLEANED & SAVED HTML: ROT_2025_RDD_16436_2_20250618_164448_StageSummary.html to /root/Tender-Aggregator/site_data/ROT/DetailHtmls/Ladakh
16:44:48 [INFO] (ROTWorker-Ladakh Run-960945) [2025_RDD_16436_2 Popup] Attempting to extract structured JSON: /usr/bin/python3 /root/Tender-Aggregator/utils/extract_structured_rot.py /root/Tender-Aggregator/site_data/ROT/DetailHtmls/Ladakh/ROT_2025_RDD_16436_2_20250618_164448_StageSummary.html --output-dir /root/Tender-Aggregator/site_data/AI/StructuredROTData/Ladakh --site-key Ladakh
16:44:48 [INFO] (ROTWorker-Ladakh Run-960945) [2025_STE_15956_1 Popup] Successfully extracted structured JSON for ROT_2025_STE_15956_1_20250618_164448_StageSummary.html.
16:44:48 [INFO] (ROTWorker-Ladakh Run-960945) [ListPage1_2025_STE_15956_1] Successfully processed detail and popup. File: ROT_2025_STE_15956_1_20250618_164448_StageSummary.html
16:44:48 [INFO] (ROTWorker-Ladakh Run-960945) [2025_RDD_16436_2 Popup] Successfully extracted structured JSON for ROT_2025_RDD_16436_2_20250618_164448_StageSummary.html.
16:44:48 [INFO] (ROTWorker-Ladakh Run-960945) [ListPage1_2025_RDD_16436_2] Successfully processed detail and popup. File: ROT_2025_RDD_16436_2_20250618_164448_StageSummary.html
16:44:48 [INFO] (ROTWorker-Ladakh Run-960945) [ListPage1_2025_RDD_16326_1] Navigated to detail page: https://tenders.ladakh.gov.in/nicgep/app?component=view&page=WebTenderStatusLists&service=direct&session=T&sp=SvjHSqzmGpslDkTc7VgHFTg%3D%3D
16:44:48 [INFO] (ROTWorker-Ladakh Run-960945) [ListPage1_2025_RDD_16212_3] Navigated to detail page: https://tenders.ladakh.gov.in/nicgep/app?component=view&page=WebTenderStatusLists&service=direct&session=T&sp=SqUm06s7fDdZUWg0G%2BU4Kuw%3D%3D
16:44:48 [INFO] (ROTWorker-Ladakh Run-960945) [ListPage1_2025_RDD_16212_3] Final summary link found. Clicking...
16:44:48 [INFO] (ROTWorker-Ladakh Run-960945) [ListPage1_2025_RDD_16326_1] Final summary link found. Clicking...
16:44:48 [INFO] (ROTWorker-Ladakh Run-960945) [2025_RDD_16212_3 Popup] Processing final popup page: https://tenders.ladakh.gov.in/nicgep/app?component=%24DirectLink_0&page=WebTenderStatus&service=direct&session=T
16:44:48 [INFO] (ROTWorker-Ladakh Run-960945) [2025_RDD_16212_3 Popup] ✅ CLEANED & SAVED HTML: ROT_2025_RDD_16212_3_20250618_164448_StageSummary.html to /root/Tender-Aggregator/site_data/ROT/DetailHtmls/Ladakh
16:44:48 [INFO] (ROTWorker-Ladakh Run-960945) [2025_RDD_16212_3 Popup] Attempting to extract structured JSON: /usr/bin/python3 /root/Tender-Aggregator/utils/extract_structured_rot.py /root/Tender-Aggregator/site_data/ROT/DetailHtmls/Ladakh/ROT_2025_RDD_16212_3_20250618_164448_StageSummary.html --output-dir /root/Tender-Aggregator/site_data/AI/StructuredROTData/Ladakh --site-key Ladakh
16:44:48 [INFO] (ROTWorker-Ladakh Run-960945) [2025_RDD_16326_1 Popup] Processing final popup page: https://tenders.ladakh.gov.in/nicgep/app?component=%24DirectLink_0&page=WebTenderStatus&service=direct&session=T
16:44:48 [INFO] (ROTWorker-Ladakh Run-960945) [2025_RDD_16326_1 Popup] ✅ CLEANED & SAVED HTML: ROT_2025_RDD_16326_1_20250618_164448_StageSummary.html to /root/Tender-Aggregator/site_data/ROT/DetailHtmls/Ladakh
16:44:48 [INFO] (ROTWorker-Ladakh Run-960945) [2025_RDD_16326_1 Popup] Attempting to extract structured JSON: /usr/bin/python3 /root/Tender-Aggregator/utils/extract_structured_rot.py /root/Tender-Aggregator/site_data/ROT/DetailHtmls/Ladakh/ROT_2025_RDD_16326_1_20250618_164448_StageSummary.html --output-dir /root/Tender-Aggregator/site_data/AI/StructuredROTData/Ladakh --site-key Ladakh
16:44:48 [INFO] (ROTWorker-Ladakh Run-960945) [2025_RDD_16212_3 Popup] Successfully extracted structured JSON for ROT_2025_RDD_16212_3_20250618_164448_StageSummary.html.
16:44:48 [INFO] (ROTWorker-Ladakh Run-960945) [ListPage1_2025_RDD_16212_3] Successfully processed detail and popup. File: ROT_2025_RDD_16212_3_20250618_164448_StageSummary.html
16:44:48 [INFO] (ROTWorker-Ladakh Run-960945) [2025_RDD_16326_1 Popup] Successfully extracted structured JSON for ROT_2025_RDD_16326_1_20250618_164448_StageSummary.html.
16:44:48 [INFO] (ROTWorker-Ladakh Run-960945) [ListPage1_2025_RDD_16326_1] Successfully processed detail and popup. File: ROT_2025_RDD_16326_1_20250618_164448_StageSummary.html
16:44:48 [INFO] (ROTWorker-Ladakh Run-960945) [ListPage1_2025_RDD_16200_1] Navigated to detail page: https://tenders.ladakh.gov.in/nicgep/app?component=view&page=WebTenderStatusLists&service=direct&session=T&sp=SWbx3xzKkvOwH9x7ZwckA4g%3D%3D
16:44:48 [INFO] (ROTWorker-Ladakh Run-960945) [ListPage1_2025_RDD_16155_1] Navigated to detail page: https://tenders.ladakh.gov.in/nicgep/app?component=view&page=WebTenderStatusLists&service=direct&session=T&sp=Sq7F88UdFzGcTmEbJ%2BzVRVg%3D%3D
16:44:48 [INFO] (ROTWorker-Ladakh Run-960945) [ListPage1_2025_RDD_16200_1] Final summary link found. Clicking...
16:44:48 [INFO] (ROTWorker-Ladakh Run-960945) [ListPage1_2025_RDD_16155_1] Final summary link found. Clicking...
16:44:48 [INFO] (ROTWorker-Ladakh Run-960945) [2025_RDD_16200_1 Popup] Processing final popup page: https://tenders.ladakh.gov.in/nicgep/app?component=%24DirectLink_0&page=WebTenderStatus&service=direct&session=T
16:44:48 [INFO] (ROTWorker-Ladakh Run-960945) [2025_RDD_16200_1 Popup] ✅ CLEANED & SAVED HTML: ROT_2025_RDD_16200_1_20250618_164448_StageSummary.html to /root/Tender-Aggregator/site_data/ROT/DetailHtmls/Ladakh
16:44:48 [INFO] (ROTWorker-Ladakh Run-960945) [2025_RDD_16200_1 Popup] Attempting to extract structured JSON: /usr/bin/python3 /root/Tender-Aggregator/utils/extract_structured_rot.py /root/Tender-Aggregator/site_data/ROT/DetailHtmls/Ladakh/ROT_2025_RDD_16200_1_20250618_164448_StageSummary.html --output-dir /root/Tender-Aggregator/site_data/AI/StructuredROTData/Ladakh --site-key Ladakh
16:44:48 [INFO] (ROTWorker-Ladakh Run-960945) [2025_RDD_16155_1 Popup] Processing final popup page: https://tenders.ladakh.gov.in/nicgep/app?component=%24DirectLink_0&page=WebTenderStatus&service=direct&session=T
16:44:49 [INFO] (ROTWorker-Ladakh Run-960945) [2025_RDD_16200_1 Popup] Successfully extracted structured JSON for ROT_2025_RDD_16200_1_20250618_164448_StageSummary.html.
16:44:49 [INFO] (ROTWorker-Ladakh Run-960945) [ListPage1_2025_RDD_16200_1] Successfully processed detail and popup. File: ROT_2025_RDD_16200_1_20250618_164448_StageSummary.html
16:44:49 [INFO] (ROTWorker-Ladakh Run-960945) [2025_RDD_16155_1 Popup] ✅ CLEANED & SAVED HTML: ROT_2025_RDD_16155_1_20250618_164449_StageSummary.html to /root/Tender-Aggregator/site_data/ROT/DetailHtmls/Ladakh
16:44:49 [INFO] (ROTWorker-Ladakh Run-960945) [2025_RDD_16155_1 Popup] Attempting to extract structured JSON: /usr/bin/python3 /root/Tender-Aggregator/utils/extract_structured_rot.py /root/Tender-Aggregator/site_data/ROT/DetailHtmls/Ladakh/ROT_2025_RDD_16155_1_20250618_164449_StageSummary.html --output-dir /root/Tender-Aggregator/site_data/AI/StructuredROTData/Ladakh --site-key Ladakh
16:44:49 [INFO] (ROTWorker-Ladakh Run-960945) [2025_RDD_16155_1 Popup] Successfully extracted structured JSON for ROT_2025_RDD_16155_1_20250618_164449_StageSummary.html.
16:44:49 [INFO] (ROTWorker-Ladakh Run-960945) [ListPage1_2025_RDD_16155_1] Successfully processed detail and popup. File: ROT_2025_RDD_16155_1_20250618_164449_StageSummary.html
16:44:49 [INFO] (ROTWorker-Ladakh Run-960945) [ListPage1_2025_RDD_16134_8] Navigated to detail page: https://tenders.ladakh.gov.in/nicgep/app?component=view&page=WebTenderStatusLists&service=direct&session=T&sp=S8T3w1mxLP8JQj7MjpMDrlQ%3D%3D
16:44:49 [INFO] (ROTWorker-Ladakh Run-960945) [ListPage1_2025_RDD_16134_8] Final summary link found. Clicking...
16:44:49 [INFO] (ROTWorker-Ladakh Run-960945) [ListPage1_2025_RDD_16134_6] Navigated to detail page: https://tenders.ladakh.gov.in/nicgep/app?component=view&page=WebTenderStatusLists&service=direct&session=T&sp=SJ64sPkwVe0XzL8WSMZrzRQ%3D%3D
16:44:49 [INFO] (ROTWorker-Ladakh Run-960945) [2025_RDD_16134_8 Popup] Processing final popup page: https://tenders.ladakh.gov.in/nicgep/app?component=%24DirectLink_0&page=WebTenderStatus&service=direct&session=T
16:44:49 [INFO] (ROTWorker-Ladakh Run-960945) [ListPage1_2025_RDD_16134_6] Final summary link found. Clicking...
16:44:49 [INFO] (ROTWorker-Ladakh Run-960945) [2025_RDD_16134_8 Popup] ✅ CLEANED & SAVED HTML: ROT_2025_RDD_16134_8_20250618_164449_StageSummary.html to /root/Tender-Aggregator/site_data/ROT/DetailHtmls/Ladakh
16:44:49 [INFO] (ROTWorker-Ladakh Run-960945) [2025_RDD_16134_8 Popup] Attempting to extract structured JSON: /usr/bin/python3 /root/Tender-Aggregator/utils/extract_structured_rot.py /root/Tender-Aggregator/site_data/ROT/DetailHtmls/Ladakh/ROT_2025_RDD_16134_8_20250618_164449_StageSummary.html --output-dir /root/Tender-Aggregator/site_data/AI/StructuredROTData/Ladakh --site-key Ladakh
16:44:49 [INFO] (ROTWorker-Ladakh Run-960945) [2025_RDD_16134_8 Popup] Successfully extracted structured JSON for ROT_2025_RDD_16134_8_20250618_164449_StageSummary.html.
16:44:49 [INFO] (ROTWorker-Ladakh Run-960945) [ListPage1_2025_RDD_16134_8] Successfully processed detail and popup. File: ROT_2025_RDD_16134_8_20250618_164449_StageSummary.html
16:44:49 [INFO] (ROTWorker-Ladakh Run-960945) [2025_RDD_16134_6 Popup] Processing final popup page: https://tenders.ladakh.gov.in/nicgep/app?component=%24DirectLink_0&page=WebTenderStatus&service=direct&session=T
16:44:49 [INFO] (ROTWorker-Ladakh Run-960945) [2025_RDD_16134_6 Popup] ✅ CLEANED & SAVED HTML: ROT_2025_RDD_16134_6_20250618_164449_StageSummary.html to /root/Tender-Aggregator/site_data/ROT/DetailHtmls/Ladakh
16:44:49 [INFO] (ROTWorker-Ladakh Run-960945) [2025_RDD_16134_6 Popup] Attempting to extract structured JSON: /usr/bin/python3 /root/Tender-Aggregator/utils/extract_structured_rot.py /root/Tender-Aggregator/site_data/ROT/DetailHtmls/Ladakh/ROT_2025_RDD_16134_6_20250618_164449_StageSummary.html --output-dir /root/Tender-Aggregator/site_data/AI/StructuredROTData/Ladakh --site-key Ladakh
16:44:49 [INFO] (ROTWorker-Ladakh Run-960945) [2025_RDD_16134_6 Popup] Successfully extracted structured JSON for ROT_2025_RDD_16134_6_20250618_164449_StageSummary.html.
16:44:49 [INFO] (ROTWorker-Ladakh Run-960945) [ListPage1_2025_RDD_16134_6] Successfully processed detail and popup. File: ROT_2025_RDD_16134_6_20250618_164449_StageSummary.html
16:44:49 [INFO] (ROTWorker-Ladakh Run-960945) [ListPage1_2025_RDD_16134_5] Navigated to detail page: https://tenders.ladakh.gov.in/nicgep/app?component=view&page=WebTenderStatusLists&service=direct&session=T&sp=SQZ7eEmYYWV6pFMDro50Cow%3D%3D
16:44:49 [INFO] (ROTWorker-Ladakh Run-960945) [ListPage1_2025_RDD_16134_5] Final summary link found. Clicking...
16:44:49 [INFO] (ROTWorker-Ladakh Run-960945) [2025_RDD_16134_5 Popup] Processing final popup page: https://tenders.ladakh.gov.in/nicgep/app?component=%24DirectLink_0&page=WebTenderStatus&service=direct&session=T
16:44:49 [INFO] (ROTWorker-Ladakh Run-960945) [ListPage1_2025_RDD_16134_4] Navigated to detail page: https://tenders.ladakh.gov.in/nicgep/app?component=view&page=WebTenderStatusLists&service=direct&session=T&sp=S%2FVrNX5zNHdh6hLubJqtN1Q%3D%3D
16:44:49 [INFO] (ROTWorker-Ladakh Run-960945) [2025_RDD_16134_5 Popup] ✅ CLEANED & SAVED HTML: ROT_2025_RDD_16134_5_20250618_164449_StageSummary.html to /root/Tender-Aggregator/site_data/ROT/DetailHtmls/Ladakh
16:44:49 [INFO] (ROTWorker-Ladakh Run-960945) [2025_RDD_16134_5 Popup] Attempting to extract structured JSON: /usr/bin/python3 /root/Tender-Aggregator/utils/extract_structured_rot.py /root/Tender-Aggregator/site_data/ROT/DetailHtmls/Ladakh/ROT_2025_RDD_16134_5_20250618_164449_StageSummary.html --output-dir /root/Tender-Aggregator/site_data/AI/StructuredROTData/Ladakh --site-key Ladakh
16:44:49 [INFO] (ROTWorker-Ladakh Run-960945) [ListPage1_2025_RDD_16134_4] Final summary link found. Clicking...
16:44:49 [INFO] (ROTWorker-Ladakh Run-960945) [2025_RDD_16134_5 Popup] Successfully extracted structured JSON for ROT_2025_RDD_16134_5_20250618_164449_StageSummary.html.
16:44:49 [INFO] (ROTWorker-Ladakh Run-960945) [ListPage1_2025_RDD_16134_5] Successfully processed detail and popup. File: ROT_2025_RDD_16134_5_20250618_164449_StageSummary.html
16:44:49 [INFO] (ROTWorker-Ladakh Run-960945) [2025_RDD_16134_4 Popup] Processing final popup page: https://tenders.ladakh.gov.in/nicgep/app?component=%24DirectLink_0&page=WebTenderStatus&service=direct&session=T
16:44:49 [INFO] (ROTWorker-Ladakh Run-960945) [2025_RDD_16134_4 Popup] ✅ CLEANED & SAVED HTML: ROT_2025_RDD_16134_4_20250618_164449_StageSummary.html to /root/Tender-Aggregator/site_data/ROT/DetailHtmls/Ladakh
16:44:49 [INFO] (ROTWorker-Ladakh Run-960945) [2025_RDD_16134_4 Popup] Attempting to extract structured JSON: /usr/bin/python3 /root/Tender-Aggregator/utils/extract_structured_rot.py /root/Tender-Aggregator/site_data/ROT/DetailHtmls/Ladakh/ROT_2025_RDD_16134_4_20250618_164449_StageSummary.html --output-dir /root/Tender-Aggregator/site_data/AI/StructuredROTData/Ladakh --site-key Ladakh
16:44:49 [INFO] (ROTWorker-Ladakh Run-960945) [2025_RDD_16134_4 Popup] Successfully extracted structured JSON for ROT_2025_RDD_16134_4_20250618_164449_StageSummary.html.
16:44:49 [INFO] (ROTWorker-Ladakh Run-960945) [ListPage1_2025_RDD_16134_4] Successfully processed detail and popup. File: ROT_2025_RDD_16134_4_20250618_164449_StageSummary.html
16:44:56 [INFO] (ROTWorker-Ladakh Run-960945) --- Processing List Page: 2/100 (Site: Ladakh) ---
16:44:56 [INFO] (ROTWorker-Ladakh Run-960945) Worker status updated to: PROCESSING_LIST_PAGE_2
16:44:56 [INFO] (ROTWorker-Ladakh Run-960945) [ListPage2] Extracting table data...
16:44:56 [INFO] (ROTWorker-Ladakh Run-960945) [ListPage2] Extracted 10 items.
16:44:56 [INFO] (ROTWorker-Ladakh Run-960945) [ListPage2_2025_RDD_16134_3] Starting detail processing for URL: https://tenders.ladakh.gov.in/nicgep/app?component=view&page=WebTenderStatusLists&service=direct&session=T&sp=Slzjpb%2FvVClqYS0b9H5dIsQ%3D%3D
16:44:56 [INFO] (ROTWorker-Ladakh Run-960945) [ListPage2_2025_RDD_16134_2] Starting detail processing for URL: https://tenders.ladakh.gov.in/nicgep/app?component=view&page=WebTenderStatusLists&service=direct&session=T&sp=SdcR8MOJ0YDuUm4JHMwfbtg%3D%3D
16:44:56 [INFO] (ROTWorker-Ladakh Run-960945) [ListPage2_2025_RDD_16134_1] Starting detail processing for URL: https://tenders.ladakh.gov.in/nicgep/app?component=view&page=WebTenderStatusLists&service=direct&session=T&sp=SwFL1HIR1%2FvUiBnHF70pdIA%3D%3D
16:44:56 [INFO] (ROTWorker-Ladakh Run-960945) [ListPage2_2025_RDD_16123_2] Starting detail processing for URL: https://tenders.ladakh.gov.in/nicgep/app?component=view&page=WebTenderStatusLists&service=direct&session=T&sp=SWDCdQVgL%2BqphoDiFehq2LA%3D%3D
16:44:56 [INFO] (ROTWorker-Ladakh Run-960945) [ListPage2_2025_RDD_16114_4] Starting detail processing for URL: https://tenders.ladakh.gov.in/nicgep/app?component=view&page=WebTenderStatusLists&service=direct&session=T&sp=SuwEgpdUCOqPQDVhstqGfhw%3D%3D
16:44:56 [INFO] (ROTWorker-Ladakh Run-960945) [ListPage2_2025_RDD_16114_3] Starting detail processing for URL: https://tenders.ladakh.gov.in/nicgep/app?component=view&page=WebTenderStatusLists&service=direct&session=T&sp=ScYP0%2BMoi9b%2BcC4e0Kmgi1w%3D%3D
16:44:56 [INFO] (ROTWorker-Ladakh Run-960945) [ListPage2_2025_RDD_16103_1] Starting detail processing for URL: https://tenders.ladakh.gov.in/nicgep/app?component=view&page=WebTenderStatusLists&service=direct&session=T&sp=STrscDMsGXipGSzJd%2F4kH1Q%3D%3D
16:44:56 [INFO] (ROTWorker-Ladakh Run-960945) [ListPage2_2025_RDD_16079_2] Starting detail processing for URL: https://tenders.ladakh.gov.in/nicgep/app?component=view&page=WebTenderStatusLists&service=direct&session=T&sp=SCuJdpNGBSEXpv%2BiQDQp7oQ%3D%3D
16:44:56 [INFO] (ROTWorker-Ladakh Run-960945) [ListPage2_2025_RDD_16070_1] Starting detail processing for URL: https://tenders.ladakh.gov.in/nicgep/app?component=view&page=WebTenderStatusLists&service=direct&session=T&sp=SD%2Be0zPuBZRlqM0Cc8MqZqg%3D%3D
16:44:56 [INFO] (ROTWorker-Ladakh Run-960945) [ListPage2_2025_RDD_16066_5] Starting detail processing for URL: https://tenders.ladakh.gov.in/nicgep/app?component=view&page=WebTenderStatusLists&service=direct&session=T&sp=Syi9IUwFDUBIFmTET%2Fy57jw%3D%3D
16:44:57 [INFO] (ROTWorker-Ladakh Run-960945) [ListPage2_2025_RDD_16134_3] Navigated to detail page: https://tenders.ladakh.gov.in/nicgep/app?component=view&page=WebTenderStatusLists&service=direct&session=T&sp=Slzjpb%2FvVClqYS0b9H5dIsQ%3D%3D
16:44:57 [INFO] (ROTWorker-Ladakh Run-960945) [ListPage2_2025_RDD_16134_3] Final summary link found. Clicking...
16:44:57 [INFO] (ROTWorker-Ladakh Run-960945) [ListPage2_2025_RDD_16134_2] Navigated to detail page: https://tenders.ladakh.gov.in/nicgep/app?component=view&page=WebTenderStatusLists&service=direct&session=T&sp=SdcR8MOJ0YDuUm4JHMwfbtg%3D%3D
16:44:57 [INFO] (ROTWorker-Ladakh Run-960945) [ListPage2_2025_RDD_16134_2] Final summary link found. Clicking...
16:44:57 [INFO] (ROTWorker-Ladakh Run-960945) [2025_RDD_16134_3 Popup] Processing final popup page: https://tenders.ladakh.gov.in/nicgep/app?component=%24DirectLink_0&page=WebTenderStatus&service=direct&session=T
16:44:57 [INFO] (ROTWorker-Ladakh Run-960945) [2025_RDD_16134_3 Popup] ✅ CLEANED & SAVED HTML: ROT_2025_RDD_16134_3_20250618_164457_StageSummary.html to /root/Tender-Aggregator/site_data/ROT/DetailHtmls/Ladakh
16:44:57 [INFO] (ROTWorker-Ladakh Run-960945) [2025_RDD_16134_3 Popup] Attempting to extract structured JSON: /usr/bin/python3 /root/Tender-Aggregator/utils/extract_structured_rot.py /root/Tender-Aggregator/site_data/ROT/DetailHtmls/Ladakh/ROT_2025_RDD_16134_3_20250618_164457_StageSummary.html --output-dir /root/Tender-Aggregator/site_data/AI/StructuredROTData/Ladakh --site-key Ladakh
16:44:57 [INFO] (ROTWorker-Ladakh Run-960945) [2025_RDD_16134_2 Popup] Processing final popup page: https://tenders.ladakh.gov.in/nicgep/app?component=%24DirectLink_0&page=WebTenderStatus&service=direct&session=T
16:44:57 [INFO] (ROTWorker-Ladakh Run-960945) [2025_RDD_16134_2 Popup] ✅ CLEANED & SAVED HTML: ROT_2025_RDD_16134_2_20250618_164457_StageSummary.html to /root/Tender-Aggregator/site_data/ROT/DetailHtmls/Ladakh
16:44:57 [INFO] (ROTWorker-Ladakh Run-960945) [2025_RDD_16134_2 Popup] Attempting to extract structured JSON: /usr/bin/python3 /root/Tender-Aggregator/utils/extract_structured_rot.py /root/Tender-Aggregator/site_data/ROT/DetailHtmls/Ladakh/ROT_2025_RDD_16134_2_20250618_164457_StageSummary.html --output-dir /root/Tender-Aggregator/site_data/AI/StructuredROTData/Ladakh --site-key Ladakh
16:44:57 [INFO] (ROTWorker-Ladakh Run-960945) [2025_RDD_16134_3 Popup] Successfully extracted structured JSON for ROT_2025_RDD_16134_3_20250618_164457_StageSummary.html.
16:44:57 [INFO] (ROTWorker-Ladakh Run-960945) [ListPage2_2025_RDD_16134_3] Successfully processed detail and popup. File: ROT_2025_RDD_16134_3_20250618_164457_StageSummary.html
16:44:57 [INFO] (ROTWorker-Ladakh Run-960945) [2025_RDD_16134_2 Popup] Successfully extracted structured JSON for ROT_2025_RDD_16134_2_20250618_164457_StageSummary.html.
16:44:57 [INFO] (ROTWorker-Ladakh Run-960945) [ListPage2_2025_RDD_16134_2] Successfully processed detail and popup. File: ROT_2025_RDD_16134_2_20250618_164457_StageSummary.html
16:44:57 [INFO] (ROTWorker-Ladakh Run-960945) [ListPage2_2025_RDD_16134_1] Navigated to detail page: https://tenders.ladakh.gov.in/nicgep/app?component=view&page=WebTenderStatusLists&service=direct&session=T&sp=SwFL1HIR1%2FvUiBnHF70pdIA%3D%3D
16:44:57 [INFO] (ROTWorker-Ladakh Run-960945) [ListPage2_2025_RDD_16123_2] Navigated to detail page: https://tenders.ladakh.gov.in/nicgep/app?component=view&page=WebTenderStatusLists&service=direct&session=T&sp=SWDCdQVgL%2BqphoDiFehq2LA%3D%3D
16:44:57 [INFO] (ROTWorker-Ladakh Run-960945) [ListPage2_2025_RDD_16134_1] Final summary link found. Clicking...
16:44:57 [INFO] (ROTWorker-Ladakh Run-960945) [ListPage2_2025_RDD_16123_2] Final summary link found. Clicking...
16:44:57 [INFO] (ROTWorker-Ladakh Run-960945) [2025_RDD_16123_2 Popup] Processing final popup page: https://tenders.ladakh.gov.in/nicgep/app?component=%24DirectLink_0&page=WebTenderStatus&service=direct&session=T
16:44:57 [INFO] (ROTWorker-Ladakh Run-960945) [2025_RDD_16123_2 Popup] ✅ CLEANED & SAVED HTML: ROT_2025_RDD_16123_2_20250618_164457_StageSummary.html to /root/Tender-Aggregator/site_data/ROT/DetailHtmls/Ladakh
16:44:57 [INFO] (ROTWorker-Ladakh Run-960945) [2025_RDD_16123_2 Popup] Attempting to extract structured JSON: /usr/bin/python3 /root/Tender-Aggregator/utils/extract_structured_rot.py /root/Tender-Aggregator/site_data/ROT/DetailHtmls/Ladakh/ROT_2025_RDD_16123_2_20250618_164457_StageSummary.html --output-dir /root/Tender-Aggregator/site_data/AI/StructuredROTData/Ladakh --site-key Ladakh
16:44:57 [INFO] (ROTWorker-Ladakh Run-960945) [2025_RDD_16134_1 Popup] Processing final popup page: https://tenders.ladakh.gov.in/nicgep/app?component=%24DirectLink_0&page=WebTenderStatus&service=direct&session=T
16:44:57 [INFO] (ROTWorker-Ladakh Run-960945) [2025_RDD_16134_1 Popup] ✅ CLEANED & SAVED HTML: ROT_2025_RDD_16134_1_20250618_164457_StageSummary.html to /root/Tender-Aggregator/site_data/ROT/DetailHtmls/Ladakh
16:44:57 [INFO] (ROTWorker-Ladakh Run-960945) [2025_RDD_16134_1 Popup] Attempting to extract structured JSON: /usr/bin/python3 /root/Tender-Aggregator/utils/extract_structured_rot.py /root/Tender-Aggregator/site_data/ROT/DetailHtmls/Ladakh/ROT_2025_RDD_16134_1_20250618_164457_StageSummary.html --output-dir /root/Tender-Aggregator/site_data/AI/StructuredROTData/Ladakh --site-key Ladakh
16:44:57 [INFO] (ROTWorker-Ladakh Run-960945) [2025_RDD_16123_2 Popup] Successfully extracted structured JSON for ROT_2025_RDD_16123_2_20250618_164457_StageSummary.html.
16:44:57 [INFO] (ROTWorker-Ladakh Run-960945) [ListPage2_2025_RDD_16123_2] Successfully processed detail and popup. File: ROT_2025_RDD_16123_2_20250618_164457_StageSummary.html
16:44:57 [INFO] (ROTWorker-Ladakh Run-960945) [2025_RDD_16134_1 Popup] Successfully extracted structured JSON for ROT_2025_RDD_16134_1_20250618_164457_StageSummary.html.
16:44:57 [INFO] (ROTWorker-Ladakh Run-960945) [ListPage2_2025_RDD_16134_1] Successfully processed detail and popup. File: ROT_2025_RDD_16134_1_20250618_164457_StageSummary.html
16:44:57 [INFO] (ROTWorker-Ladakh Run-960945) [ListPage2_2025_RDD_16114_4] Navigated to detail page: https://tenders.ladakh.gov.in/nicgep/app?component=view&page=WebTenderStatusLists&service=direct&session=T&sp=SuwEgpdUCOqPQDVhstqGfhw%3D%3D
16:44:57 [INFO] (ROTWorker-Ladakh Run-960945) [ListPage2_2025_RDD_16114_3] Navigated to detail page: https://tenders.ladakh.gov.in/nicgep/app?component=view&page=WebTenderStatusLists&service=direct&session=T&sp=ScYP0%2BMoi9b%2BcC4e0Kmgi1w%3D%3D
16:44:57 [INFO] (ROTWorker-Ladakh Run-960945) [ListPage2_2025_RDD_16114_3] Final summary link found. Clicking...
16:44:57 [INFO] (ROTWorker-Ladakh Run-960945) [ListPage2_2025_RDD_16114_4] Final summary link found. Clicking...
16:44:57 [INFO] (ROTWorker-Ladakh Run-960945) [2025_RDD_16114_4 Popup] Processing final popup page: https://tenders.ladakh.gov.in/nicgep/app?component=%24DirectLink_0&page=WebTenderStatus&service=direct&session=T
16:44:57 [INFO] (ROTWorker-Ladakh Run-960945) [2025_RDD_16114_4 Popup] ✅ CLEANED & SAVED HTML: ROT_2025_RDD_16114_4_20250618_164457_StageSummary.html to /root/Tender-Aggregator/site_data/ROT/DetailHtmls/Ladakh
16:44:57 [INFO] (ROTWorker-Ladakh Run-960945) [2025_RDD_16114_4 Popup] Attempting to extract structured JSON: /usr/bin/python3 /root/Tender-Aggregator/utils/extract_structured_rot.py /root/Tender-Aggregator/site_data/ROT/DetailHtmls/Ladakh/ROT_2025_RDD_16114_4_20250618_164457_StageSummary.html --output-dir /root/Tender-Aggregator/site_data/AI/StructuredROTData/Ladakh --site-key Ladakh
16:44:57 [INFO] (ROTWorker-Ladakh Run-960945) [2025_RDD_16114_3 Popup] Processing final popup page: https://tenders.ladakh.gov.in/nicgep/app?component=%24DirectLink_0&page=WebTenderStatus&service=direct&session=T
16:44:57 [INFO] (ROTWorker-Ladakh Run-960945) [2025_RDD_16114_3 Popup] ✅ CLEANED & SAVED HTML: ROT_2025_RDD_16114_3_20250618_164457_StageSummary.html to /root/Tender-Aggregator/site_data/ROT/DetailHtmls/Ladakh
16:44:57 [INFO] (ROTWorker-Ladakh Run-960945) [2025_RDD_16114_3 Popup] Attempting to extract structured JSON: /usr/bin/python3 /root/Tender-Aggregator/utils/extract_structured_rot.py /root/Tender-Aggregator/site_data/ROT/DetailHtmls/Ladakh/ROT_2025_RDD_16114_3_20250618_164457_StageSummary.html --output-dir /root/Tender-Aggregator/site_data/AI/StructuredROTData/Ladakh --site-key Ladakh
16:44:57 [INFO] (ROTWorker-Ladakh Run-960945) [2025_RDD_16114_4 Popup] Successfully extracted structured JSON for ROT_2025_RDD_16114_4_20250618_164457_StageSummary.html.
16:44:57 [INFO] (ROTWorker-Ladakh Run-960945) [ListPage2_2025_RDD_16114_4] Successfully processed detail and popup. File: ROT_2025_RDD_16114_4_20250618_164457_StageSummary.html
16:44:57 [INFO] (ROTWorker-Ladakh Run-960945) [2025_RDD_16114_3 Popup] Successfully extracted structured JSON for ROT_2025_RDD_16114_3_20250618_164457_StageSummary.html.
16:44:57 [INFO] (ROTWorker-Ladakh Run-960945) [ListPage2_2025_RDD_16114_3] Successfully processed detail and popup. File: ROT_2025_RDD_16114_3_20250618_164457_StageSummary.html
16:44:58 [INFO] (ROTWorker-Ladakh Run-960945) [ListPage2_2025_RDD_16103_1] Navigated to detail page: https://tenders.ladakh.gov.in/nicgep/app?component=view&page=WebTenderStatusLists&service=direct&session=T&sp=STrscDMsGXipGSzJd%2F4kH1Q%3D%3D
16:44:58 [INFO] (ROTWorker-Ladakh Run-960945) [ListPage2_2025_RDD_16079_2] Navigated to detail page: https://tenders.ladakh.gov.in/nicgep/app?component=view&page=WebTenderStatusLists&service=direct&session=T&sp=SCuJdpNGBSEXpv%2BiQDQp7oQ%3D%3D
16:44:58 [INFO] (ROTWorker-Ladakh Run-960945) [ListPage2_2025_RDD_16103_1] Final summary link found. Clicking...
16:44:58 [INFO] (ROTWorker-Ladakh Run-960945) [ListPage2_2025_RDD_16079_2] Final summary link found. Clicking...
16:44:58 [INFO] (ROTWorker-Ladakh Run-960945) [2025_RDD_16103_1 Popup] Processing final popup page: https://tenders.ladakh.gov.in/nicgep/app?component=%24DirectLink_0&page=WebTenderStatus&service=direct&session=T
16:44:58 [INFO] (ROTWorker-Ladakh Run-960945) [2025_RDD_16103_1 Popup] ✅ CLEANED & SAVED HTML: ROT_2025_RDD_16103_1_20250618_164458_StageSummary.html to /root/Tender-Aggregator/site_data/ROT/DetailHtmls/Ladakh
16:44:58 [INFO] (ROTWorker-Ladakh Run-960945) [2025_RDD_16103_1 Popup] Attempting to extract structured JSON: /usr/bin/python3 /root/Tender-Aggregator/utils/extract_structured_rot.py /root/Tender-Aggregator/site_data/ROT/DetailHtmls/Ladakh/ROT_2025_RDD_16103_1_20250618_164458_StageSummary.html --output-dir /root/Tender-Aggregator/site_data/AI/StructuredROTData/Ladakh --site-key Ladakh
16:44:58 [INFO] (ROTWorker-Ladakh Run-960945) [2025_RDD_16079_2 Popup] Processing final popup page: https://tenders.ladakh.gov.in/nicgep/app?component=%24DirectLink_0&page=WebTenderStatus&service=direct&session=T
16:44:58 [INFO] (ROTWorker-Ladakh Run-960945) [2025_RDD_16079_2 Popup] ✅ CLEANED & SAVED HTML: ROT_2025_RDD_16079_2_20250618_164458_StageSummary.html to /root/Tender-Aggregator/site_data/ROT/DetailHtmls/Ladakh
16:44:58 [INFO] (ROTWorker-Ladakh Run-960945) [2025_RDD_16079_2 Popup] Attempting to extract structured JSON: /usr/bin/python3 /root/Tender-Aggregator/utils/extract_structured_rot.py /root/Tender-Aggregator/site_data/ROT/DetailHtmls/Ladakh/ROT_2025_RDD_16079_2_20250618_164458_StageSummary.html --output-dir /root/Tender-Aggregator/site_data/AI/StructuredROTData/Ladakh --site-key Ladakh
16:44:58 [INFO] (ROTWorker-Ladakh Run-960945) [2025_RDD_16103_1 Popup] Successfully extracted structured JSON for ROT_2025_RDD_16103_1_20250618_164458_StageSummary.html.
16:44:58 [INFO] (ROTWorker-Ladakh Run-960945) [ListPage2_2025_RDD_16103_1] Successfully processed detail and popup. File: ROT_2025_RDD_16103_1_20250618_164458_StageSummary.html
16:44:58 [INFO] (ROTWorker-Ladakh Run-960945) [2025_RDD_16079_2 Popup] Successfully extracted structured JSON for ROT_2025_RDD_16079_2_20250618_164458_StageSummary.html.
16:44:58 [INFO] (ROTWorker-Ladakh Run-960945) [ListPage2_2025_RDD_16079_2] Successfully processed detail and popup. File: ROT_2025_RDD_16079_2_20250618_164458_StageSummary.html
16:44:58 [INFO] (ROTWorker-Ladakh Run-960945) [ListPage2_2025_RDD_16070_1] Navigated to detail page: https://tenders.ladakh.gov.in/nicgep/app?component=view&page=WebTenderStatusLists&service=direct&session=T&sp=SD%2Be0zPuBZRlqM0Cc8MqZqg%3D%3D
16:44:58 [INFO] (ROTWorker-Ladakh Run-960945) [ListPage2_2025_RDD_16070_1] Final summary link found. Clicking...
16:44:58 [INFO] (ROTWorker-Ladakh Run-960945) [ListPage2_2025_RDD_16066_5] Navigated to detail page: https://tenders.ladakh.gov.in/nicgep/app?component=view&page=WebTenderStatusLists&service=direct&session=T&sp=Syi9IUwFDUBIFmTET%2Fy57jw%3D%3D
16:44:58 [INFO] (ROTWorker-Ladakh Run-960945) [ListPage2_2025_RDD_16066_5] Final summary link found. Clicking...
16:44:58 [INFO] (ROTWorker-Ladakh Run-960945) [2025_RDD_16070_1 Popup] Processing final popup page: https://tenders.ladakh.gov.in/nicgep/app?component=%24DirectLink_0&page=WebTenderStatus&service=direct&session=T
16:44:58 [INFO] (ROTWorker-Ladakh Run-960945) [2025_RDD_16070_1 Popup] ✅ CLEANED & SAVED HTML: ROT_2025_RDD_16070_1_20250618_164458_StageSummary.html to /root/Tender-Aggregator/site_data/ROT/DetailHtmls/Ladakh
16:44:58 [INFO] (ROTWorker-Ladakh Run-960945) [2025_RDD_16070_1 Popup] Attempting to extract structured JSON: /usr/bin/python3 /root/Tender-Aggregator/utils/extract_structured_rot.py /root/Tender-Aggregator/site_data/ROT/DetailHtmls/Ladakh/ROT_2025_RDD_16070_1_20250618_164458_StageSummary.html --output-dir /root/Tender-Aggregator/site_data/AI/StructuredROTData/Ladakh --site-key Ladakh
16:44:58 [INFO] (ROTWorker-Ladakh Run-960945) [2025_RDD_16066_5 Popup] Processing final popup page: https://tenders.ladakh.gov.in/nicgep/app?component=%24DirectLink_0&page=WebTenderStatus&service=direct&session=T
16:44:58 [INFO] (ROTWorker-Ladakh Run-960945) [2025_RDD_16066_5 Popup] ✅ CLEANED & SAVED HTML: ROT_2025_RDD_16066_5_20250618_164458_StageSummary.html to /root/Tender-Aggregator/site_data/ROT/DetailHtmls/Ladakh
16:44:58 [INFO] (ROTWorker-Ladakh Run-960945) [2025_RDD_16066_5 Popup] Attempting to extract structured JSON: /usr/bin/python3 /root/Tender-Aggregator/utils/extract_structured_rot.py /root/Tender-Aggregator/site_data/ROT/DetailHtmls/Ladakh/ROT_2025_RDD_16066_5_20250618_164458_StageSummary.html --output-dir /root/Tender-Aggregator/site_data/AI/StructuredROTData/Ladakh --site-key Ladakh
16:44:58 [INFO] (ROTWorker-Ladakh Run-960945) [2025_RDD_16070_1 Popup] Successfully extracted structured JSON for ROT_2025_RDD_16070_1_20250618_164458_StageSummary.html.
16:44:58 [INFO] (ROTWorker-Ladakh Run-960945) [ListPage2_2025_RDD_16070_1] Successfully processed detail and popup. File: ROT_2025_RDD_16070_1_20250618_164458_StageSummary.html
16:44:58 [INFO] (ROTWorker-Ladakh Run-960945) [2025_RDD_16066_5 Popup] Successfully extracted structured JSON for ROT_2025_RDD_16066_5_20250618_164458_StageSummary.html.
16:44:58 [INFO] (ROTWorker-Ladakh Run-960945) [ListPage2_2025_RDD_16066_5] Successfully processed detail and popup. File: ROT_2025_RDD_16066_5_20250618_164458_StageSummary.html
16:45:05 [INFO] (ROTWorker-Ladakh Run-960945) --- Processing List Page: 3/100 (Site: Ladakh) ---
16:45:05 [INFO] (ROTWorker-Ladakh Run-960945) Worker status updated to: PROCESSING_LIST_PAGE_3
16:45:05 [INFO] (ROTWorker-Ladakh Run-960945) [ListPage3] Extracting table data...
16:45:05 [INFO] (ROTWorker-Ladakh Run-960945) [ListPage3] Extracted 10 items.
16:45:05 [INFO] (ROTWorker-Ladakh Run-960945) [ListPage3_2025_RDD_16066_4] Starting detail processing for URL: https://tenders.ladakh.gov.in/nicgep/app?component=view&page=WebTenderStatusLists&service=direct&session=T&sp=SbwlkDizTGVbD%2BiI2Nz7yoA%3D%3D
16:45:05 [INFO] (ROTWorker-Ladakh Run-960945) [ListPage3_2025_RDD_16066_2] Starting detail processing for URL: https://tenders.ladakh.gov.in/nicgep/app?component=view&page=WebTenderStatusLists&service=direct&session=T&sp=SsRs2vIZ74AtItzxFPm88aA%3D%3D
16:45:05 [INFO] (ROTWorker-Ladakh Run-960945) [ListPage3_2025_RDD_16040_2] Starting detail processing for URL: https://tenders.ladakh.gov.in/nicgep/app?component=view&page=WebTenderStatusLists&service=direct&session=T&sp=SOqZC9nYS7ogPS94dywIUWg%3D%3D
16:45:05 [INFO] (ROTWorker-Ladakh Run-960945) [ListPage3_2025_RDD_16040_1] Starting detail processing for URL: https://tenders.ladakh.gov.in/nicgep/app?component=view&page=WebTenderStatusLists&service=direct&session=T&sp=SId43NT%2BJODjJeCtGJ5AV8Q%3D%3D
16:45:05 [INFO] (ROTWorker-Ladakh Run-960945) [ListPage3_2025_RDD_16012_6] Starting detail processing for URL: https://tenders.ladakh.gov.in/nicgep/app?component=view&page=WebTenderStatusLists&service=direct&session=T&sp=SKYzkYFUrFebFrk0CxDuEDw%3D%3D
16:45:05 [INFO] (ROTWorker-Ladakh Run-960945) [ListPage3_2025_RDD_16012_5] Starting detail processing for URL: https://tenders.ladakh.gov.in/nicgep/app?component=view&page=WebTenderStatusLists&service=direct&session=T&sp=SF3v4ZwxiALS3OJQlFPE7Cw%3D%3D
16:45:05 [INFO] (ROTWorker-Ladakh Run-960945) [ListPage3_2025_RDD_16012_4] Starting detail processing for URL: https://tenders.ladakh.gov.in/nicgep/app?component=view&page=WebTenderStatusLists&service=direct&session=T&sp=S%2B8GaLHv3SJqewP1zcAJR3w%3D%3D
16:45:05 [INFO] (ROTWorker-Ladakh Run-960945) [ListPage3_2025_RDD_16012_1] Starting detail processing for URL: https://tenders.ladakh.gov.in/nicgep/app?component=view&page=WebTenderStatusLists&service=direct&session=T&sp=SkmT8wmFAV8mwWDz%2BMNqKPQ%3D%3D
16:45:05 [INFO] (ROTWorker-Ladakh Run-960945) [ListPage3_2025_RDD_15972_1] Starting detail processing for URL: https://tenders.ladakh.gov.in/nicgep/app?component=view&page=WebTenderStatusLists&service=direct&session=T&sp=SmaACm0SN%2BR3UqMhN7jEGDg%3D%3D
16:45:05 [INFO] (ROTWorker-Ladakh Run-960945) [ListPage3_2025_RDD_15968_3] Starting detail processing for URL: https://tenders.ladakh.gov.in/nicgep/app?component=view&page=WebTenderStatusLists&service=direct&session=T&sp=SxgqgsecF55%2BJwR2dXkiOng%3D%3D
16:45:05 [INFO] (ROTWorker-Ladakh Run-960945) [ListPage3_2025_RDD_16066_2] Navigated to detail page: https://tenders.ladakh.gov.in/nicgep/app?component=view&page=WebTenderStatusLists&service=direct&session=T&sp=SsRs2vIZ74AtItzxFPm88aA%3D%3D
16:45:05 [INFO] (ROTWorker-Ladakh Run-960945) [ListPage3_2025_RDD_16066_2] Final summary link found. Clicking...
16:45:05 [INFO] (ROTWorker-Ladakh Run-960945) [ListPage3_2025_RDD_16066_4] Navigated to detail page: https://tenders.ladakh.gov.in/nicgep/app?component=view&page=WebTenderStatusLists&service=direct&session=T&sp=SbwlkDizTGVbD%2BiI2Nz7yoA%3D%3D
16:45:05 [INFO] (ROTWorker-Ladakh Run-960945) [ListPage3_2025_RDD_16066_4] Final summary link found. Clicking...
16:45:06 [INFO] (ROTWorker-Ladakh Run-960945) [2025_RDD_16066_2 Popup] Processing final popup page: https://tenders.ladakh.gov.in/nicgep/app?component=%24DirectLink_0&page=WebTenderStatus&service=direct&session=T
16:45:06 [INFO] (ROTWorker-Ladakh Run-960945) [2025_RDD_16066_2 Popup] ✅ CLEANED & SAVED HTML: ROT_2025_RDD_16066_2_20250618_164506_StageSummary.html to /root/Tender-Aggregator/site_data/ROT/DetailHtmls/Ladakh
16:45:06 [INFO] (ROTWorker-Ladakh Run-960945) [2025_RDD_16066_2 Popup] Attempting to extract structured JSON: /usr/bin/python3 /root/Tender-Aggregator/utils/extract_structured_rot.py /root/Tender-Aggregator/site_data/ROT/DetailHtmls/Ladakh/ROT_2025_RDD_16066_2_20250618_164506_StageSummary.html --output-dir /root/Tender-Aggregator/site_data/AI/StructuredROTData/Ladakh --site-key Ladakh
16:45:06 [INFO] (ROTWorker-Ladakh Run-960945) [2025_RDD_16066_4 Popup] Processing final popup page: https://tenders.ladakh.gov.in/nicgep/app?component=%24DirectLink_0&page=WebTenderStatus&service=direct&session=T
16:45:06 [INFO] (ROTWorker-Ladakh Run-960945) [2025_RDD_16066_4 Popup] ✅ CLEANED & SAVED HTML: ROT_2025_RDD_16066_4_20250618_164506_StageSummary.html to /root/Tender-Aggregator/site_data/ROT/DetailHtmls/Ladakh
16:45:06 [INFO] (ROTWorker-Ladakh Run-960945) [2025_RDD_16066_4 Popup] Attempting to extract structured JSON: /usr/bin/python3 /root/Tender-Aggregator/utils/extract_structured_rot.py /root/Tender-Aggregator/site_data/ROT/DetailHtmls/Ladakh/ROT_2025_RDD_16066_4_20250618_164506_StageSummary.html --output-dir /root/Tender-Aggregator/site_data/AI/StructuredROTData/Ladakh --site-key Ladakh
16:45:06 [INFO] (ROTWorker-Ladakh Run-960945) [2025_RDD_16066_2 Popup] Successfully extracted structured JSON for ROT_2025_RDD_16066_2_20250618_164506_StageSummary.html.
16:45:06 [INFO] (ROTWorker-Ladakh Run-960945) [ListPage3_2025_RDD_16066_2] Successfully processed detail and popup. File: ROT_2025_RDD_16066_2_20250618_164506_StageSummary.html
16:45:06 [INFO] (ROTWorker-Ladakh Run-960945) [2025_RDD_16066_4 Popup] Successfully extracted structured JSON for ROT_2025_RDD_16066_4_20250618_164506_StageSummary.html.
16:45:06 [INFO] (ROTWorker-Ladakh Run-960945) [ListPage3_2025_RDD_16066_4] Successfully processed detail and popup. File: ROT_2025_RDD_16066_4_20250618_164506_StageSummary.html
16:45:06 [INFO] (ROTWorker-Ladakh Run-960945) [ListPage3_2025_RDD_16040_2] Navigated to detail page: https://tenders.ladakh.gov.in/nicgep/app?component=view&page=WebTenderStatusLists&service=direct&session=T&sp=SOqZC9nYS7ogPS94dywIUWg%3D%3D
16:45:06 [INFO] (ROTWorker-Ladakh Run-960945) [ListPage3_2025_RDD_16040_1] Navigated to detail page: https://tenders.ladakh.gov.in/nicgep/app?component=view&page=WebTenderStatusLists&service=direct&session=T&sp=SId43NT%2BJODjJeCtGJ5AV8Q%3D%3D
16:45:06 [INFO] (ROTWorker-Ladakh Run-960945) [ListPage3_2025_RDD_16040_2] Final summary link found. Clicking...
16:45:06 [INFO] (ROTWorker-Ladakh Run-960945) [ListPage3_2025_RDD_16040_1] Final summary link found. Clicking...
16:45:06 [INFO] (ROTWorker-Ladakh Run-960945) [2025_RDD_16040_2 Popup] Processing final popup page: https://tenders.ladakh.gov.in/nicgep/app?component=%24DirectLink_0&page=WebTenderStatus&service=direct&session=T
16:45:06 [INFO] (ROTWorker-Ladakh Run-960945) [2025_RDD_16040_2 Popup] ✅ CLEANED & SAVED HTML: ROT_2025_RDD_16040_2_20250618_164506_StageSummary.html to /root/Tender-Aggregator/site_data/ROT/DetailHtmls/Ladakh
16:45:06 [INFO] (ROTWorker-Ladakh Run-960945) [2025_RDD_16040_2 Popup] Attempting to extract structured JSON: /usr/bin/python3 /root/Tender-Aggregator/utils/extract_structured_rot.py /root/Tender-Aggregator/site_data/ROT/DetailHtmls/Ladakh/ROT_2025_RDD_16040_2_20250618_164506_StageSummary.html --output-dir /root/Tender-Aggregator/site_data/AI/StructuredROTData/Ladakh --site-key Ladakh
16:45:06 [INFO] (ROTWorker-Ladakh Run-960945) [2025_RDD_16040_1 Popup] Processing final popup page: https://tenders.ladakh.gov.in/nicgep/app?component=%24DirectLink_0&page=WebTenderStatus&service=direct&session=T
16:45:06 [INFO] (ROTWorker-Ladakh Run-960945) [2025_RDD_16040_1 Popup] ✅ CLEANED & SAVED HTML: ROT_2025_RDD_16040_1_20250618_164506_StageSummary.html to /root/Tender-Aggregator/site_data/ROT/DetailHtmls/Ladakh
16:45:06 [INFO] (ROTWorker-Ladakh Run-960945) [2025_RDD_16040_1 Popup] Attempting to extract structured JSON: /usr/bin/python3 /root/Tender-Aggregator/utils/extract_structured_rot.py /root/Tender-Aggregator/site_data/ROT/DetailHtmls/Ladakh/ROT_2025_RDD_16040_1_20250618_164506_StageSummary.html --output-dir /root/Tender-Aggregator/site_data/AI/StructuredROTData/Ladakh --site-key Ladakh
16:45:06 [INFO] (ROTWorker-Ladakh Run-960945) [2025_RDD_16040_2 Popup] Successfully extracted structured JSON for ROT_2025_RDD_16040_2_20250618_164506_StageSummary.html.
16:45:06 [INFO] (ROTWorker-Ladakh Run-960945) [ListPage3_2025_RDD_16040_2] Successfully processed detail and popup. File: ROT_2025_RDD_16040_2_20250618_164506_StageSummary.html
16:45:06 [INFO] (ROTWorker-Ladakh Run-960945) [2025_RDD_16040_1 Popup] Successfully extracted structured JSON for ROT_2025_RDD_16040_1_20250618_164506_StageSummary.html.
16:45:06 [INFO] (ROTWorker-Ladakh Run-960945) [ListPage3_2025_RDD_16040_1] Successfully processed detail and popup. File: ROT_2025_RDD_16040_1_20250618_164506_StageSummary.html
16:45:06 [INFO] (ROTWorker-Ladakh Run-960945) [ListPage3_2025_RDD_16012_6] Navigated to detail page: https://tenders.ladakh.gov.in/nicgep/app?component=view&page=WebTenderStatusLists&service=direct&session=T&sp=SKYzkYFUrFebFrk0CxDuEDw%3D%3D
16:45:06 [INFO] (ROTWorker-Ladakh Run-960945) [ListPage3_2025_RDD_16012_5] Navigated to detail page: https://tenders.ladakh.gov.in/nicgep/app?component=view&page=WebTenderStatusLists&service=direct&session=T&sp=SF3v4ZwxiALS3OJQlFPE7Cw%3D%3D
16:45:06 [INFO] (ROTWorker-Ladakh Run-960945) [ListPage3_2025_RDD_16012_6] Final summary link found. Clicking...
16:45:06 [INFO] (ROTWorker-Ladakh Run-960945) [ListPage3_2025_RDD_16012_5] Final summary link found. Clicking...
16:45:06 [INFO] (ROTWorker-Ladakh Run-960945) [2025_RDD_16012_6 Popup] Processing final popup page: https://tenders.ladakh.gov.in/nicgep/app?component=%24DirectLink_0&page=WebTenderStatus&service=direct&session=T
16:45:06 [INFO] (ROTWorker-Ladakh Run-960945) [2025_RDD_16012_6 Popup] ✅ CLEANED & SAVED HTML: ROT_2025_RDD_16012_6_20250618_164506_StageSummary.html to /root/Tender-Aggregator/site_data/ROT/DetailHtmls/Ladakh
16:45:06 [INFO] (ROTWorker-Ladakh Run-960945) [2025_RDD_16012_6 Popup] Attempting to extract structured JSON: /usr/bin/python3 /root/Tender-Aggregator/utils/extract_structured_rot.py /root/Tender-Aggregator/site_data/ROT/DetailHtmls/Ladakh/ROT_2025_RDD_16012_6_20250618_164506_StageSummary.html --output-dir /root/Tender-Aggregator/site_data/AI/StructuredROTData/Ladakh --site-key Ladakh
16:45:06 [INFO] (ROTWorker-Ladakh Run-960945) [2025_RDD_16012_5 Popup] Processing final popup page: https://tenders.ladakh.gov.in/nicgep/app?component=%24DirectLink_0&page=WebTenderStatus&service=direct&session=T
16:45:06 [INFO] (ROTWorker-Ladakh Run-960945) [2025_RDD_16012_5 Popup] ✅ CLEANED & SAVED HTML: ROT_2025_RDD_16012_5_20250618_164506_StageSummary.html to /root/Tender-Aggregator/site_data/ROT/DetailHtmls/Ladakh
16:45:06 [INFO] (ROTWorker-Ladakh Run-960945) [2025_RDD_16012_5 Popup] Attempting to extract structured JSON: /usr/bin/python3 /root/Tender-Aggregator/utils/extract_structured_rot.py /root/Tender-Aggregator/site_data/ROT/DetailHtmls/Ladakh/ROT_2025_RDD_16012_5_20250618_164506_StageSummary.html --output-dir /root/Tender-Aggregator/site_data/AI/StructuredROTData/Ladakh --site-key Ladakh
16:45:06 [INFO] (ROTWorker-Ladakh Run-960945) [2025_RDD_16012_6 Popup] Successfully extracted structured JSON for ROT_2025_RDD_16012_6_20250618_164506_StageSummary.html.
16:45:06 [INFO] (ROTWorker-Ladakh Run-960945) [ListPage3_2025_RDD_16012_6] Successfully processed detail and popup. File: ROT_2025_RDD_16012_6_20250618_164506_StageSummary.html
16:45:06 [INFO] (ROTWorker-Ladakh Run-960945) [2025_RDD_16012_5 Popup] Successfully extracted structured JSON for ROT_2025_RDD_16012_5_20250618_164506_StageSummary.html.
16:45:06 [INFO] (ROTWorker-Ladakh Run-960945) [ListPage3_2025_RDD_16012_5] Successfully processed detail and popup. File: ROT_2025_RDD_16012_5_20250618_164506_StageSummary.html
16:45:06 [INFO] (ROTWorker-Ladakh Run-960945) [ListPage3_2025_RDD_16012_4] Navigated to detail page: https://tenders.ladakh.gov.in/nicgep/app?component=view&page=WebTenderStatusLists&service=direct&session=T&sp=S%2B8GaLHv3SJqewP1zcAJR3w%3D%3D
16:45:06 [INFO] (ROTWorker-Ladakh Run-960945) [ListPage3_2025_RDD_16012_1] Navigated to detail page: https://tenders.ladakh.gov.in/nicgep/app?component=view&page=WebTenderStatusLists&service=direct&session=T&sp=SkmT8wmFAV8mwWDz%2BMNqKPQ%3D%3D
16:45:06 [INFO] (ROTWorker-Ladakh Run-960945) [ListPage3_2025_RDD_16012_4] Final summary link found. Clicking...
16:45:06 [INFO] (ROTWorker-Ladakh Run-960945) [ListPage3_2025_RDD_16012_1] Final summary link found. Clicking...
16:45:06 [INFO] (ROTWorker-Ladakh Run-960945) [2025_RDD_16012_4 Popup] Processing final popup page: https://tenders.ladakh.gov.in/nicgep/app?component=%24DirectLink_0&page=WebTenderStatus&service=direct&session=T
16:45:06 [INFO] (ROTWorker-Ladakh Run-960945) [2025_RDD_16012_4 Popup] ✅ CLEANED & SAVED HTML: ROT_2025_RDD_16012_4_20250618_164506_StageSummary.html to /root/Tender-Aggregator/site_data/ROT/DetailHtmls/Ladakh
16:45:06 [INFO] (ROTWorker-Ladakh Run-960945) [2025_RDD_16012_4 Popup] Attempting to extract structured JSON: /usr/bin/python3 /root/Tender-Aggregator/utils/extract_structured_rot.py /root/Tender-Aggregator/site_data/ROT/DetailHtmls/Ladakh/ROT_2025_RDD_16012_4_20250618_164506_StageSummary.html --output-dir /root/Tender-Aggregator/site_data/AI/StructuredROTData/Ladakh --site-key Ladakh
16:45:06 [INFO] (ROTWorker-Ladakh Run-960945) [2025_RDD_16012_1 Popup] Processing final popup page: https://tenders.ladakh.gov.in/nicgep/app?component=%24DirectLink_0&page=WebTenderStatus&service=direct&session=T
16:45:07 [INFO] (ROTWorker-Ladakh Run-960945) [2025_RDD_16012_1 Popup] ✅ CLEANED & SAVED HTML: ROT_2025_RDD_16012_1_20250618_164507_StageSummary.html to /root/Tender-Aggregator/site_data/ROT/DetailHtmls/Ladakh
16:45:07 [INFO] (ROTWorker-Ladakh Run-960945) [2025_RDD_16012_1 Popup] Attempting to extract structured JSON: /usr/bin/python3 /root/Tender-Aggregator/utils/extract_structured_rot.py /root/Tender-Aggregator/site_data/ROT/DetailHtmls/Ladakh/ROT_2025_RDD_16012_1_20250618_164507_StageSummary.html --output-dir /root/Tender-Aggregator/site_data/AI/StructuredROTData/Ladakh --site-key Ladakh
16:45:07 [INFO] (ROTWorker-Ladakh Run-960945) [2025_RDD_16012_4 Popup] Successfully extracted structured JSON for ROT_2025_RDD_16012_4_20250618_164506_StageSummary.html.
16:45:07 [INFO] (ROTWorker-Ladakh Run-960945) [ListPage3_2025_RDD_16012_4] Successfully processed detail and popup. File: ROT_2025_RDD_16012_4_20250618_164506_StageSummary.html
16:45:07 [INFO] (ROTWorker-Ladakh Run-960945) [2025_RDD_16012_1 Popup] Successfully extracted structured JSON for ROT_2025_RDD_16012_1_20250618_164507_StageSummary.html.
16:45:07 [INFO] (ROTWorker-Ladakh Run-960945) [ListPage3_2025_RDD_16012_1] Successfully processed detail and popup. File: ROT_2025_RDD_16012_1_20250618_164507_StageSummary.html
16:45:07 [INFO] (ROTWorker-Ladakh Run-960945) [ListPage3_2025_RDD_15972_1] Navigated to detail page: https://tenders.ladakh.gov.in/nicgep/app?component=view&page=WebTenderStatusLists&service=direct&session=T&sp=SmaACm0SN%2BR3UqMhN7jEGDg%3D%3D
16:45:07 [INFO] (ROTWorker-Ladakh Run-960945) [ListPage3_2025_RDD_15968_3] Navigated to detail page: https://tenders.ladakh.gov.in/nicgep/app?component=view&page=WebTenderStatusLists&service=direct&session=T&sp=SxgqgsecF55%2BJwR2dXkiOng%3D%3D
16:45:07 [INFO] (ROTWorker-Ladakh Run-960945) [ListPage3_2025_RDD_15968_3] Final summary link found. Clicking...
16:45:07 [INFO] (ROTWorker-Ladakh Run-960945) [ListPage3_2025_RDD_15972_1] Final summary link found. Clicking...
16:45:07 [INFO] (ROTWorker-Ladakh Run-960945) [2025_RDD_15972_1 Popup] Processing final popup page: https://tenders.ladakh.gov.in/nicgep/app?component=%24DirectLink_0&page=WebTenderStatus&service=direct&session=T
16:45:07 [INFO] (ROTWorker-Ladakh Run-960945) [2025_RDD_15972_1 Popup] ✅ CLEANED & SAVED HTML: ROT_2025_RDD_15972_1_20250618_164507_StageSummary.html to /root/Tender-Aggregator/site_data/ROT/DetailHtmls/Ladakh
16:45:07 [INFO] (ROTWorker-Ladakh Run-960945) [2025_RDD_15972_1 Popup] Attempting to extract structured JSON: /usr/bin/python3 /root/Tender-Aggregator/utils/extract_structured_rot.py /root/Tender-Aggregator/site_data/ROT/DetailHtmls/Ladakh/ROT_2025_RDD_15972_1_20250618_164507_StageSummary.html --output-dir /root/Tender-Aggregator/site_data/AI/StructuredROTData/Ladakh --site-key Ladakh
16:45:07 [INFO] (ROTWorker-Ladakh Run-960945) [2025_RDD_15968_3 Popup] Processing final popup page: https://tenders.ladakh.gov.in/nicgep/app?component=%24DirectLink_0&page=WebTenderStatus&service=direct&session=T
16:45:07 [INFO] (ROTWorker-Ladakh Run-960945) [2025_RDD_15968_3 Popup] ✅ CLEANED & SAVED HTML: ROT_2025_RDD_15968_3_20250618_164507_StageSummary.html to /root/Tender-Aggregator/site_data/ROT/DetailHtmls/Ladakh
16:45:07 [INFO] (ROTWorker-Ladakh Run-960945) [2025_RDD_15968_3 Popup] Attempting to extract structured JSON: /usr/bin/python3 /root/Tender-Aggregator/utils/extract_structured_rot.py /root/Tender-Aggregator/site_data/ROT/DetailHtmls/Ladakh/ROT_2025_RDD_15968_3_20250618_164507_StageSummary.html --output-dir /root/Tender-Aggregator/site_data/AI/StructuredROTData/Ladakh --site-key Ladakh
16:45:07 [INFO] (ROTWorker-Ladakh Run-960945) [2025_RDD_15972_1 Popup] Successfully extracted structured JSON for ROT_2025_RDD_15972_1_20250618_164507_StageSummary.html.
16:45:07 [INFO] (ROTWorker-Ladakh Run-960945) [ListPage3_2025_RDD_15972_1] Successfully processed detail and popup. File: ROT_2025_RDD_15972_1_20250618_164507_StageSummary.html
16:45:07 [INFO] (ROTWorker-Ladakh Run-960945) [2025_RDD_15968_3 Popup] Successfully extracted structured JSON for ROT_2025_RDD_15968_3_20250618_164507_StageSummary.html.
16:45:07 [INFO] (ROTWorker-Ladakh Run-960945) [ListPage3_2025_RDD_15968_3] Successfully processed detail and popup. File: ROT_2025_RDD_15968_3_20250618_164507_StageSummary.html
16:45:14 [INFO] (ROTWorker-Ladakh Run-960945) --- Processing List Page: 4/100 (Site: Ladakh) ---
16:45:14 [INFO] (ROTWorker-Ladakh Run-960945) Worker status updated to: PROCESSING_LIST_PAGE_4
16:45:14 [INFO] (ROTWorker-Ladakh Run-960945) [ListPage4] Extracting table data...
16:45:14 [INFO] (ROTWorker-Ladakh Run-960945) [ListPage4] Extracted 10 items.
16:45:14 [INFO] (ROTWorker-Ladakh Run-960945) [ListPage4_2025_RDD_15968_2] Starting detail processing for URL: https://tenders.ladakh.gov.in/nicgep/app?component=view&page=WebTenderStatusLists&service=direct&session=T&sp=SuqfX6JvjOPK5v9BrANLBdw%3D%3D
16:45:14 [INFO] (ROTWorker-Ladakh Run-960945) [ListPage4_2025_RDD_15968_1] Starting detail processing for URL: https://tenders.ladakh.gov.in/nicgep/app?component=view&page=WebTenderStatusLists&service=direct&session=T&sp=SXBEomykBPWvm%2BHN7kBpxtw%3D%3D
16:45:14 [INFO] (ROTWorker-Ladakh Run-960945) [ListPage4_2025_RDD_15925_4] Starting detail processing for URL: https://tenders.ladakh.gov.in/nicgep/app?component=view&page=WebTenderStatusLists&service=direct&session=T&sp=SgtvnuoczvR3pJhosnCPMZQ%3D%3D
16:45:14 [INFO] (ROTWorker-Ladakh Run-960945) [ListPage4_2025_RDD_15925_3] Starting detail processing for URL: https://tenders.ladakh.gov.in/nicgep/app?component=view&page=WebTenderStatusLists&service=direct&session=T&sp=SSs%2BFbHxPkoMLgAaoC8Rrqg%3D%3D
16:45:14 [INFO] (ROTWorker-Ladakh Run-960945) [ListPage4_2025_RDD_15889_3] Starting detail processing for URL: https://tenders.ladakh.gov.in/nicgep/app?component=view&page=WebTenderStatusLists&service=direct&session=T&sp=SD2pKDXzw0zgodXBFJ1JKkg%3D%3D
16:45:14 [INFO] (ROTWorker-Ladakh Run-960945) [ListPage4_2025_RDD_15879_7] Starting detail processing for URL: https://tenders.ladakh.gov.in/nicgep/app?component=view&page=WebTenderStatusLists&service=direct&session=T&sp=S4TQKD0G9hNydxn6DJoi3wA%3D%3D
16:45:14 [INFO] (ROTWorker-Ladakh Run-960945) [ListPage4_2025_RDD_15879_5] Starting detail processing for URL: https://tenders.ladakh.gov.in/nicgep/app?component=view&page=WebTenderStatusLists&service=direct&session=T&sp=SEC1vacYjlOgeoMNna%2F%2BIwg%3D%3D
16:45:14 [INFO] (ROTWorker-Ladakh Run-960945) [ListPage4_2025_RDD_15879_4] Starting detail processing for URL: https://tenders.ladakh.gov.in/nicgep/app?component=view&page=WebTenderStatusLists&service=direct&session=T&sp=SnuGPs5huR7cg%2BZaItGZIKA%3D%3D
16:45:14 [INFO] (ROTWorker-Ladakh Run-960945) [ListPage4_2025_RDD_15879_2] Starting detail processing for URL: https://tenders.ladakh.gov.in/nicgep/app?component=view&page=WebTenderStatusLists&service=direct&session=T&sp=SWWOCXz1uxQjana%2F7TQfYzg%3D%3D
16:45:14 [INFO] (ROTWorker-Ladakh Run-960945) [ListPage4_2025_RDD_15879_1] Starting detail processing for URL: https://tenders.ladakh.gov.in/nicgep/app?component=view&page=WebTenderStatusLists&service=direct&session=T&sp=SiFohVgeDFp%2F%2FETrLNt4guQ%3D%3D
16:45:14 [INFO] (ROTWorker-Ladakh Run-960945) [ListPage4_2025_RDD_15968_2] Navigated to detail page: https://tenders.ladakh.gov.in/nicgep/app?component=view&page=WebTenderStatusLists&service=direct&session=T&sp=SuqfX6JvjOPK5v9BrANLBdw%3D%3D
16:45:14 [INFO] (ROTWorker-Ladakh Run-960945) [ListPage4_2025_RDD_15968_2] Final summary link found. Clicking...
16:45:14 [INFO] (ROTWorker-Ladakh Run-960945) [ListPage4_2025_RDD_15968_1] Navigated to detail page: https://tenders.ladakh.gov.in/nicgep/app?component=view&page=WebTenderStatusLists&service=direct&session=T&sp=SXBEomykBPWvm%2BHN7kBpxtw%3D%3D
16:45:14 [INFO] (ROTWorker-Ladakh Run-960945) [ListPage4_2025_RDD_15968_1] Final summary link found. Clicking...
16:45:14 [INFO] (ROTWorker-Ladakh Run-960945) [2025_RDD_15968_2 Popup] Processing final popup page: https://tenders.ladakh.gov.in/nicgep/app?component=%24DirectLink_0&page=WebTenderStatus&service=direct&session=T
16:45:14 [INFO] (ROTWorker-Ladakh Run-960945) [2025_RDD_15968_1 Popup] Processing final popup page: https://tenders.ladakh.gov.in/nicgep/app?component=%24DirectLink_0&page=WebTenderStatus&service=direct&session=T
16:45:14 [INFO] (ROTWorker-Ladakh Run-960945) [2025_RDD_15968_2 Popup] ✅ CLEANED & SAVED HTML: ROT_2025_RDD_15968_2_20250618_164514_StageSummary.html to /root/Tender-Aggregator/site_data/ROT/DetailHtmls/Ladakh
16:45:14 [INFO] (ROTWorker-Ladakh Run-960945) [2025_RDD_15968_2 Popup] Attempting to extract structured JSON: /usr/bin/python3 /root/Tender-Aggregator/utils/extract_structured_rot.py /root/Tender-Aggregator/site_data/ROT/DetailHtmls/Ladakh/ROT_2025_RDD_15968_2_20250618_164514_StageSummary.html --output-dir /root/Tender-Aggregator/site_data/AI/StructuredROTData/Ladakh --site-key Ladakh
16:45:14 [INFO] (ROTWorker-Ladakh Run-960945) [2025_RDD_15968_1 Popup] ✅ CLEANED & SAVED HTML: ROT_2025_RDD_15968_1_20250618_164514_StageSummary.html to /root/Tender-Aggregator/site_data/ROT/DetailHtmls/Ladakh
16:45:14 [INFO] (ROTWorker-Ladakh Run-960945) [2025_RDD_15968_1 Popup] Attempting to extract structured JSON: /usr/bin/python3 /root/Tender-Aggregator/utils/extract_structured_rot.py /root/Tender-Aggregator/site_data/ROT/DetailHtmls/Ladakh/ROT_2025_RDD_15968_1_20250618_164514_StageSummary.html --output-dir /root/Tender-Aggregator/site_data/AI/StructuredROTData/Ladakh --site-key Ladakh
16:45:14 [INFO] (ROTWorker-Ladakh Run-960945) [2025_RDD_15968_2 Popup] Successfully extracted structured JSON for ROT_2025_RDD_15968_2_20250618_164514_StageSummary.html.
16:45:14 [INFO] (ROTWorker-Ladakh Run-960945) [ListPage4_2025_RDD_15968_2] Successfully processed detail and popup. File: ROT_2025_RDD_15968_2_20250618_164514_StageSummary.html
16:45:14 [INFO] (ROTWorker-Ladakh Run-960945) [2025_RDD_15968_1 Popup] Successfully extracted structured JSON for ROT_2025_RDD_15968_1_20250618_164514_StageSummary.html.
16:45:14 [INFO] (ROTWorker-Ladakh Run-960945) [ListPage4_2025_RDD_15968_1] Successfully processed detail and popup. File: ROT_2025_RDD_15968_1_20250618_164514_StageSummary.html
16:45:14 [INFO] (ROTWorker-Ladakh Run-960945) [ListPage4_2025_RDD_15925_4] Navigated to detail page: https://tenders.ladakh.gov.in/nicgep/app?component=view&page=WebTenderStatusLists&service=direct&session=T&sp=SgtvnuoczvR3pJhosnCPMZQ%3D%3D
16:45:15 [INFO] (ROTWorker-Ladakh Run-960945) [ListPage4_2025_RDD_15925_4] Final summary link found. Clicking...
16:45:15 [INFO] (ROTWorker-Ladakh Run-960945) [ListPage4_2025_RDD_15925_3] Navigated to detail page: https://tenders.ladakh.gov.in/nicgep/app?component=view&page=WebTenderStatusLists&service=direct&session=T&sp=SSs%2BFbHxPkoMLgAaoC8Rrqg%3D%3D
16:45:15 [INFO] (ROTWorker-Ladakh Run-960945) [ListPage4_2025_RDD_15925_3] Final summary link found. Clicking...
16:45:15 [INFO] (ROTWorker-Ladakh Run-960945) [2025_RDD_15925_4 Popup] Processing final popup page: https://tenders.ladakh.gov.in/nicgep/app?component=%24DirectLink_0&page=WebTenderStatus&service=direct&session=T
16:45:15 [INFO] (ROTWorker-Ladakh Run-960945) [2025_RDD_15925_3 Popup] Processing final popup page: https://tenders.ladakh.gov.in/nicgep/app?component=%24DirectLink_0&page=WebTenderStatus&service=direct&session=T
16:45:15 [INFO] (ROTWorker-Ladakh Run-960945) [2025_RDD_15925_4 Popup] ✅ CLEANED & SAVED HTML: ROT_2025_RDD_15925_4_20250618_164515_StageSummary.html to /root/Tender-Aggregator/site_data/ROT/DetailHtmls/Ladakh
16:45:15 [INFO] (ROTWorker-Ladakh Run-960945) [2025_RDD_15925_4 Popup] Attempting to extract structured JSON: /usr/bin/python3 /root/Tender-Aggregator/utils/extract_structured_rot.py /root/Tender-Aggregator/site_data/ROT/DetailHtmls/Ladakh/ROT_2025_RDD_15925_4_20250618_164515_StageSummary.html --output-dir /root/Tender-Aggregator/site_data/AI/StructuredROTData/Ladakh --site-key Ladakh
16:45:15 [INFO] (ROTWorker-Ladakh Run-960945) [2025_RDD_15925_3 Popup] ✅ CLEANED & SAVED HTML: ROT_2025_RDD_15925_3_20250618_164515_StageSummary.html to /root/Tender-Aggregator/site_data/ROT/DetailHtmls/Ladakh
16:45:15 [INFO] (ROTWorker-Ladakh Run-960945) [2025_RDD_15925_3 Popup] Attempting to extract structured JSON: /usr/bin/python3 /root/Tender-Aggregator/utils/extract_structured_rot.py /root/Tender-Aggregator/site_data/ROT/DetailHtmls/Ladakh/ROT_2025_RDD_15925_3_20250618_164515_StageSummary.html --output-dir /root/Tender-Aggregator/site_data/AI/StructuredROTData/Ladakh --site-key Ladakh
16:45:15 [INFO] (ROTWorker-Ladakh Run-960945) [2025_RDD_15925_4 Popup] Successfully extracted structured JSON for ROT_2025_RDD_15925_4_20250618_164515_StageSummary.html.
16:45:15 [INFO] (ROTWorker-Ladakh Run-960945) [ListPage4_2025_RDD_15925_4] Successfully processed detail and popup. File: ROT_2025_RDD_15925_4_20250618_164515_StageSummary.html
16:45:15 [INFO] (ROTWorker-Ladakh Run-960945) [2025_RDD_15925_3 Popup] Successfully extracted structured JSON for ROT_2025_RDD_15925_3_20250618_164515_StageSummary.html.
16:45:15 [INFO] (ROTWorker-Ladakh Run-960945) [ListPage4_2025_RDD_15925_3] Successfully processed detail and popup. File: ROT_2025_RDD_15925_3_20250618_164515_StageSummary.html
16:45:15 [INFO] (ROTWorker-Ladakh Run-960945) [ListPage4_2025_RDD_15889_3] Navigated to detail page: https://tenders.ladakh.gov.in/nicgep/app?component=view&page=WebTenderStatusLists&service=direct&session=T&sp=SD2pKDXzw0zgodXBFJ1JKkg%3D%3D
16:45:15 [INFO] (ROTWorker-Ladakh Run-960945) [ListPage4_2025_RDD_15879_7] Navigated to detail page: https://tenders.ladakh.gov.in/nicgep/app?component=view&page=WebTenderStatusLists&service=direct&session=T&sp=S4TQKD0G9hNydxn6DJoi3wA%3D%3D
16:45:15 [INFO] (ROTWorker-Ladakh Run-960945) [ListPage4_2025_RDD_15879_7] Final summary link found. Clicking...
16:45:15 [INFO] (ROTWorker-Ladakh Run-960945) [ListPage4_2025_RDD_15889_3] Final summary link found. Clicking...
16:45:15 [INFO] (ROTWorker-Ladakh Run-960945) [2025_RDD_15879_7 Popup] Processing final popup page: https://tenders.ladakh.gov.in/nicgep/app?component=%24DirectLink_0&page=WebTenderStatus&service=direct&session=T
16:45:15 [INFO] (ROTWorker-Ladakh Run-960945) [2025_RDD_15879_7 Popup] ✅ CLEANED & SAVED HTML: ROT_2025_RDD_15879_7_20250618_164515_StageSummary.html to /root/Tender-Aggregator/site_data/ROT/DetailHtmls/Ladakh
