16:27:49 [INFO] (ROTWorker-Dadra Nagar Haveli Run-884295) Worker logging initialized. Log file: /root/Tender-Aggregator/LOGS/rot_worker/DadraNagarHaveli/worker_rot_worker_DadraNagarHaveli_20250630162749884295_2025-06-30.log
16:27:49 [INFO] (ROTWorker-Dadra Nagar Haveli Run-884295) --- Starting Headless ROT Worker for Site: Dadra Nagar Haveli, Run ID: rot_worker_DadraNagarHaveli_20250630162749884295 ---
16:27:49 [INFO] (ROTWorker-Dadra Nagar Haveli Run-884295) --- Dates: From=None, To=None ---
16:27:50 [INFO] (ROTWorker-Dadra Nagar Haveli Run-884295) Selecting tender status '5'.
16:27:53 [INFO] (ROTWorker-Dadra Nagar Haveli Run-884295) CAPTCHA base64 data saved to: /root/Tender-Aggregator/site_data/TEMP/WorkerRuns/rot_worker_DadraNagarHaveli_20250630162749884295/captcha.b64
16:27:53 [INFO] (ROTWorker-Dadra Nagar Haveli Run-884295) Waiting for CAPTCHA solution in /root/Tender-Aggregator/site_data/TEMP/WorkerRuns/rot_worker_DadraNagarHaveli_20250630162749884295/answer.txt (max 300s)...
16:27:58 [INFO] (ROTWorker-Dadra Nagar Haveli Run-884295) CAPTCHA solution received.
16:27:59 [INFO] (ROTWorker-Dadra Nagar Haveli Run-884295) --- Processing List Page: 1/1 ---
16:27:59 [INFO] (ROTWorker-Dadra Nagar Haveli Run-884295) [ListPage1] Extracting table data...
16:27:59 [INFO] (ROTWorker-Dadra Nagar Haveli Run-884295) [ListPage1] Extracted 10 items.
16:27:59 [INFO] (ROTWorker-Dadra Nagar Haveli Run-884295) [ListPage1_2025_UTDNH_7483_1] Final summary link found. Clicking...
16:27:59 [INFO] (ROTWorker-Dadra Nagar Haveli Run-884295) [ListPage1_2025_UTDNH_7557_1] Final summary link found. Clicking...
16:27:59 [INFO] (ROTWorker-Dadra Nagar Haveli Run-884295) [2025_UTDNH_7557_1 Popup] ✅ CLEANED & SAVED HTML: ROT_2025_UTDNH_7557_1_20250630_162759_StageSummary.html
16:27:59 [INFO] (ROTWorker-Dadra Nagar Haveli Run-884295) [2025_UTDNH_7557_1 Popup] Attempting to save structured data to DB: /root/Tender-Aggregator/venv/bin/python /root/Tender-Aggregator/utils/extract_structured_rot.py /root/Tender-Aggregator/site_data/ROT/DetailHtmls/DadraNagarHaveli/ROT_2025_UTDNH_7557_1_20250630_162759_StageSummary.html --site-key Dadra Nagar Haveli
16:27:59 [INFO] (ROTWorker-Dadra Nagar Haveli Run-884295) [2025_UTDNH_7483_1 Popup] ✅ CLEANED & SAVED HTML: ROT_2025_UTDNH_7483_1_20250630_162759_StageSummary.html
16:27:59 [INFO] (ROTWorker-Dadra Nagar Haveli Run-884295) [2025_UTDNH_7483_1 Popup] Attempting to save structured data to DB: /root/Tender-Aggregator/venv/bin/python /root/Tender-Aggregator/utils/extract_structured_rot.py /root/Tender-Aggregator/site_data/ROT/DetailHtmls/DadraNagarHaveli/ROT_2025_UTDNH_7483_1_20250630_162759_StageSummary.html --site-key Dadra Nagar Haveli
16:27:59 [INFO] (ROTWorker-Dadra Nagar Haveli Run-884295) [2025_UTDNH_7557_1 Popup] Successfully processed structured data for ROT_2025_UTDNH_7557_1_20250630_162759_StageSummary.html.
16:27:59 [INFO] (ROTWorker-Dadra Nagar Haveli Run-884295) [2025_UTDNH_7483_1 Popup] Successfully processed structured data for ROT_2025_UTDNH_7483_1_20250630_162759_StageSummary.html.
16:28:00 [INFO] (ROTWorker-Dadra Nagar Haveli Run-884295) [ListPage1_2024_UTDNH_7398_1] Final summary link found. Clicking...
16:28:00 [INFO] (ROTWorker-Dadra Nagar Haveli Run-884295) [ListPage1_2024_UTDNH_7392_1] Final summary link found. Clicking...
16:28:00 [INFO] (ROTWorker-Dadra Nagar Haveli Run-884295) [2024_UTDNH_7398_1 Popup] ✅ CLEANED & SAVED HTML: ROT_2024_UTDNH_7398_1_20250630_162800_StageSummary.html
16:28:00 [INFO] (ROTWorker-Dadra Nagar Haveli Run-884295) [2024_UTDNH_7398_1 Popup] Attempting to save structured data to DB: /root/Tender-Aggregator/venv/bin/python /root/Tender-Aggregator/utils/extract_structured_rot.py /root/Tender-Aggregator/site_data/ROT/DetailHtmls/DadraNagarHaveli/ROT_2024_UTDNH_7398_1_20250630_162800_StageSummary.html --site-key Dadra Nagar Haveli
16:28:00 [INFO] (ROTWorker-Dadra Nagar Haveli Run-884295) [2024_UTDNH_7392_1 Popup] ✅ CLEANED & SAVED HTML: ROT_2024_UTDNH_7392_1_20250630_162800_StageSummary.html
16:28:00 [INFO] (ROTWorker-Dadra Nagar Haveli Run-884295) [2024_UTDNH_7392_1 Popup] Attempting to save structured data to DB: /root/Tender-Aggregator/venv/bin/python /root/Tender-Aggregator/utils/extract_structured_rot.py /root/Tender-Aggregator/site_data/ROT/DetailHtmls/DadraNagarHaveli/ROT_2024_UTDNH_7392_1_20250630_162800_StageSummary.html --site-key Dadra Nagar Haveli
16:28:00 [INFO] (ROTWorker-Dadra Nagar Haveli Run-884295) [2024_UTDNH_7398_1 Popup] Successfully processed structured data for ROT_2024_UTDNH_7398_1_20250630_162800_StageSummary.html.
16:28:00 [INFO] (ROTWorker-Dadra Nagar Haveli Run-884295) [2024_UTDNH_7392_1 Popup] Successfully processed structured data for ROT_2024_UTDNH_7392_1_20250630_162800_StageSummary.html.
16:28:00 [INFO] (ROTWorker-Dadra Nagar Haveli Run-884295) [ListPage1_2024_UTDNH_7324_1] Final summary link found. Clicking...
16:28:00 [INFO] (ROTWorker-Dadra Nagar Haveli Run-884295) [ListPage1_2024_UTDNH_7240_1] Final summary link found. Clicking...
16:28:00 [INFO] (ROTWorker-Dadra Nagar Haveli Run-884295) [2024_UTDNH_7324_1 Popup] ✅ CLEANED & SAVED HTML: ROT_2024_UTDNH_7324_1_20250630_162800_StageSummary.html
16:28:00 [INFO] (ROTWorker-Dadra Nagar Haveli Run-884295) [2024_UTDNH_7324_1 Popup] Attempting to save structured data to DB: /root/Tender-Aggregator/venv/bin/python /root/Tender-Aggregator/utils/extract_structured_rot.py /root/Tender-Aggregator/site_data/ROT/DetailHtmls/DadraNagarHaveli/ROT_2024_UTDNH_7324_1_20250630_162800_StageSummary.html --site-key Dadra Nagar Haveli
16:28:00 [INFO] (ROTWorker-Dadra Nagar Haveli Run-884295) [2024_UTDNH_7240_1 Popup] ✅ CLEANED & SAVED HTML: ROT_2024_UTDNH_7240_1_20250630_162800_StageSummary.html
16:28:00 [INFO] (ROTWorker-Dadra Nagar Haveli Run-884295) [2024_UTDNH_7240_1 Popup] Attempting to save structured data to DB: /root/Tender-Aggregator/venv/bin/python /root/Tender-Aggregator/utils/extract_structured_rot.py /root/Tender-Aggregator/site_data/ROT/DetailHtmls/DadraNagarHaveli/ROT_2024_UTDNH_7240_1_20250630_162800_StageSummary.html --site-key Dadra Nagar Haveli
16:28:00 [INFO] (ROTWorker-Dadra Nagar Haveli Run-884295) [2024_UTDNH_7324_1 Popup] Successfully processed structured data for ROT_2024_UTDNH_7324_1_20250630_162800_StageSummary.html.
16:28:00 [INFO] (ROTWorker-Dadra Nagar Haveli Run-884295) [2024_UTDNH_7240_1 Popup] Successfully processed structured data for ROT_2024_UTDNH_7240_1_20250630_162800_StageSummary.html.
16:28:00 [INFO] (ROTWorker-Dadra Nagar Haveli Run-884295) [ListPage1_2024_UTDNH_7223_1] Final summary link found. Clicking...
16:28:01 [INFO] (ROTWorker-Dadra Nagar Haveli Run-884295) [ListPage1_2024_UTDNH_7199_2] Final summary link found. Clicking...
16:28:01 [INFO] (ROTWorker-Dadra Nagar Haveli Run-884295) [2024_UTDNH_7223_1 Popup] ✅ CLEANED & SAVED HTML: ROT_2024_UTDNH_7223_1_20250630_162801_StageSummary.html
16:28:01 [INFO] (ROTWorker-Dadra Nagar Haveli Run-884295) [2024_UTDNH_7223_1 Popup] Attempting to save structured data to DB: /root/Tender-Aggregator/venv/bin/python /root/Tender-Aggregator/utils/extract_structured_rot.py /root/Tender-Aggregator/site_data/ROT/DetailHtmls/DadraNagarHaveli/ROT_2024_UTDNH_7223_1_20250630_162801_StageSummary.html --site-key Dadra Nagar Haveli
16:28:01 [INFO] (ROTWorker-Dadra Nagar Haveli Run-884295) [2024_UTDNH_7199_2 Popup] ✅ CLEANED & SAVED HTML: ROT_2024_UTDNH_7199_2_20250630_162801_StageSummary.html
16:28:01 [INFO] (ROTWorker-Dadra Nagar Haveli Run-884295) [2024_UTDNH_7199_2 Popup] Attempting to save structured data to DB: /root/Tender-Aggregator/venv/bin/python /root/Tender-Aggregator/utils/extract_structured_rot.py /root/Tender-Aggregator/site_data/ROT/DetailHtmls/DadraNagarHaveli/ROT_2024_UTDNH_7199_2_20250630_162801_StageSummary.html --site-key Dadra Nagar Haveli
16:28:01 [INFO] (ROTWorker-Dadra Nagar Haveli Run-884295) [2024_UTDNH_7223_1 Popup] Successfully processed structured data for ROT_2024_UTDNH_7223_1_20250630_162801_StageSummary.html.
16:28:01 [INFO] (ROTWorker-Dadra Nagar Haveli Run-884295) [2024_UTDNH_7199_2 Popup] Successfully processed structured data for ROT_2024_UTDNH_7199_2_20250630_162801_StageSummary.html.
16:28:01 [INFO] (ROTWorker-Dadra Nagar Haveli Run-884295) [ListPage1_2024_UTDNH_7180_1] Final summary link found. Clicking...
16:28:01 [INFO] (ROTWorker-Dadra Nagar Haveli Run-884295) [ListPage1_2024_UTDNH_7172_1] Final summary link found. Clicking...
16:28:01 [INFO] (ROTWorker-Dadra Nagar Haveli Run-884295) [2024_UTDNH_7180_1 Popup] ✅ CLEANED & SAVED HTML: ROT_2024_UTDNH_7180_1_20250630_162801_StageSummary.html
16:28:01 [INFO] (ROTWorker-Dadra Nagar Haveli Run-884295) [2024_UTDNH_7180_1 Popup] Attempting to save structured data to DB: /root/Tender-Aggregator/venv/bin/python /root/Tender-Aggregator/utils/extract_structured_rot.py /root/Tender-Aggregator/site_data/ROT/DetailHtmls/DadraNagarHaveli/ROT_2024_UTDNH_7180_1_20250630_162801_StageSummary.html --site-key Dadra Nagar Haveli
16:28:01 [INFO] (ROTWorker-Dadra Nagar Haveli Run-884295) [2024_UTDNH_7172_1 Popup] ✅ CLEANED & SAVED HTML: ROT_2024_UTDNH_7172_1_20250630_162801_StageSummary.html
16:28:01 [INFO] (ROTWorker-Dadra Nagar Haveli Run-884295) [2024_UTDNH_7172_1 Popup] Attempting to save structured data to DB: /root/Tender-Aggregator/venv/bin/python /root/Tender-Aggregator/utils/extract_structured_rot.py /root/Tender-Aggregator/site_data/ROT/DetailHtmls/DadraNagarHaveli/ROT_2024_UTDNH_7172_1_20250630_162801_StageSummary.html --site-key Dadra Nagar Haveli
16:28:01 [INFO] (ROTWorker-Dadra Nagar Haveli Run-884295) [2024_UTDNH_7180_1 Popup] Successfully processed structured data for ROT_2024_UTDNH_7180_1_20250630_162801_StageSummary.html.
16:28:01 [INFO] (ROTWorker-Dadra Nagar Haveli Run-884295) [2024_UTDNH_7172_1 Popup] Successfully processed structured data for ROT_2024_UTDNH_7172_1_20250630_162801_StageSummary.html.
16:28:08 [INFO] (ROTWorker-Dadra Nagar Haveli Run-884295) Playwright resources closed.
16:28:08 [INFO] (ROTWorker-Dadra Nagar Haveli Run-884295) Worker for Dadra Nagar Haveli terminated with status: FINISHED_SUCCESS
