16:17:20 [INFO] (Scraper-REG-Kerala) 🚀 Starting DB-integrated scrape run for site: Kerala...
16:17:21 [INFO] (Scraper-REG-Kerala) 📄 Fetching List Page 1 (Attempt 1/4)
16:17:22 [INFO] (Scraper-REG-Kerala)   ⏯️ Gathering 20 detail scrape tasks for page 1.
16:17:22 [INFO] (Scraper-REG-Kerala)     ➡️  Scraping Detail Page: https://etenders.kerala.gov.in/nicgep/app?component=%24DirectLink_0&page=FrontEndAdvancedSearchResult&service=direct&session=T&sp=SdnEppi9zQbqgYt2O9bKYgA%3D%3D
16:17:22 [INFO] (Scraper-REG-Kerala)     ➡️  Scraping Detail Page: https://etenders.kerala.gov.in/nicgep/app?component=%24DirectLink_0&page=FrontEndAdvancedSearchResult&service=direct&session=T&sp=SCJbTLsdjN3Fi%2Brlu0N5%2B2A%3D%3D
16:17:23 [INFO] (Scraper-REG-Kerala)     ➡️  Scraping Detail Page: https://etenders.kerala.gov.in/nicgep/app?component=%24DirectLink_0&page=FrontEndAdvancedSearchResult&service=direct&session=T&sp=SRShZ7%2FPWWVb0wFDhlBrJWw%3D%3D
16:17:23 [INFO] (Scraper-REG-Kerala)     ➡️  Scraping Detail Page: https://etenders.kerala.gov.in/nicgep/app?component=%24DirectLink_0&page=FrontEndAdvancedSearchResult&service=direct&session=T&sp=SFVZaqBwDD1yoHzThFE17vQ%3D%3D
16:17:24 [INFO] (Scraper-REG-Kerala)     ➡️  Scraping Detail Page: https://etenders.kerala.gov.in/nicgep/app?component=%24DirectLink_0&page=FrontEndAdvancedSearchResult&service=direct&session=T&sp=S8VaOT%2Bm9N6xvFkNQT2qi8g%3D%3D
16:17:24 [INFO] (Scraper-REG-Kerala)     ➡️  Scraping Detail Page: https://etenders.kerala.gov.in/nicgep/app?component=%24DirectLink_0&page=FrontEndAdvancedSearchResult&service=direct&session=T&sp=S5MO9OWG4mWhAhPq7T78zIw%3D%3D
16:17:24 [INFO] (Scraper-REG-Kerala)     ➡️  Scraping Detail Page: https://etenders.kerala.gov.in/nicgep/app?component=%24DirectLink_0&page=FrontEndAdvancedSearchResult&service=direct&session=T&sp=SUR%2BMFqJ5xTcoW4Gqjywneg%3D%3D
16:17:24 [INFO] (Scraper-REG-Kerala)     ➡️  Scraping Detail Page: https://etenders.kerala.gov.in/nicgep/app?component=%24DirectLink_0&page=FrontEndAdvancedSearchResult&service=direct&session=T&sp=S2piV4ynSVJfdiq%2FINWKp7g%3D%3D
16:17:25 [INFO] (Scraper-REG-Kerala)     ➡️  Scraping Detail Page: https://etenders.kerala.gov.in/nicgep/app?component=%24DirectLink_0&page=FrontEndAdvancedSearchResult&service=direct&session=T&sp=SxwQ7lLxIM2iZL3TRXFavNA%3D%3D
16:17:25 [INFO] (Scraper-REG-Kerala)     ➡️  Scraping Detail Page: https://etenders.kerala.gov.in/nicgep/app?component=%24DirectLink_0&page=FrontEndAdvancedSearchResult&service=direct&session=T&sp=SwARa8s9V7Kszimt8w9ttHA%3D%3D
16:17:25 [INFO] (Scraper-REG-Kerala)     ➡️  Scraping Detail Page: https://etenders.kerala.gov.in/nicgep/app?component=%24DirectLink_0&page=FrontEndAdvancedSearchResult&service=direct&session=T&sp=S4OZqsjxXxZbOJs3GEEZ6jA%3D%3D
16:17:25 [INFO] (Scraper-REG-Kerala)     ➡️  Scraping Detail Page: https://etenders.kerala.gov.in/nicgep/app?component=%24DirectLink_0&page=FrontEndAdvancedSearchResult&service=direct&session=T&sp=SGL%2BE%2Bg7Yulm8Mx75JzlT3w%3D%3D
16:17:26 [INFO] (Scraper-REG-Kerala)     ➡️  Scraping Detail Page: https://etenders.kerala.gov.in/nicgep/app?component=%24DirectLink_0&page=FrontEndAdvancedSearchResult&service=direct&session=T&sp=SkHbIird2lz4zXVzyem%2BCGA%3D%3D
16:17:26 [INFO] (Scraper-REG-Kerala)     ➡️  Scraping Detail Page: https://etenders.kerala.gov.in/nicgep/app?component=%24DirectLink_0&page=FrontEndAdvancedSearchResult&service=direct&session=T&sp=SuRquxTviccMPq44KlynHwA%3D%3D
16:17:26 [INFO] (Scraper-REG-Kerala)     ➡️  Scraping Detail Page: https://etenders.kerala.gov.in/nicgep/app?component=%24DirectLink_0&page=FrontEndAdvancedSearchResult&service=direct&session=T&sp=SRyDFUPb4cMCfTVU9Bw9Keg%3D%3D
16:17:27 [INFO] (Scraper-REG-Kerala)     ➡️  Scraping Detail Page: https://etenders.kerala.gov.in/nicgep/app?component=%24DirectLink_0&page=FrontEndAdvancedSearchResult&service=direct&session=T&sp=SCQjMBdw%2BwPr9Xcfrl%2BPU8g%3D%3D
16:17:27 [INFO] (Scraper-REG-Kerala)     ➡️  Scraping Detail Page: https://etenders.kerala.gov.in/nicgep/app?component=%24DirectLink_0&page=FrontEndAdvancedSearchResult&service=direct&session=T&sp=SEoj01SLl%2FVczSDRRZmNGQA%3D%3D
16:17:27 [INFO] (Scraper-REG-Kerala)     ➡️  Scraping Detail Page: https://etenders.kerala.gov.in/nicgep/app?component=%24DirectLink_0&page=FrontEndAdvancedSearchResult&service=direct&session=T&sp=SxzHDkrRAxZSMy06ca7FIPg%3D%3D
16:17:28 [INFO] (Scraper-REG-Kerala)     ➡️  Scraping Detail Page: https://etenders.kerala.gov.in/nicgep/app?component=%24DirectLink_0&page=FrontEndAdvancedSearchResult&service=direct&session=T&sp=SKt4DfompaWko9AIrOWXdAg%3D%3D
16:17:28 [INFO] (Scraper-REG-Kerala)     ➡️  Scraping Detail Page: https://etenders.kerala.gov.in/nicgep/app?component=%24DirectLink_0&page=FrontEndAdvancedSearchResult&service=direct&session=T&sp=S4GhDXpjavwx9ecZWcNKfZQ%3D%3D
16:17:28 [INFO] (Scraper-REG-Kerala)   ✅ List Page 1 processed successfully (20 items).
16:17:28 [INFO] (Scraper-REG-Kerala) Scrape run for site Kerala finished. Saved: 20, Failed to save: 0.
16:17:28 [INFO] (Scraper-REG-Kerala) 🏁 Scrape run for site Kerala completed. Duration: 0:00:07.645019.
16:21:04 [INFO] (Scraper-REG-Kerala) 🚀 Starting DB-integrated scrape run for site: Kerala...
16:21:05 [INFO] (Scraper-REG-Kerala) 📄 Fetching List Page 1 (Attempt 1/4)
16:21:06 [INFO] (Scraper-REG-Kerala)   ⏯️ Gathering 19 detail scrape tasks for page 1.
16:21:06 [INFO] (Scraper-REG-Kerala)     ➡️  Scraping Detail Page: https://etenders.kerala.gov.in/nicgep/app?component=%24DirectLink_0&page=FrontEndAdvancedSearchResult&service=direct&session=T&sp=SCQjMBdw%2BwPr9Xcfrl%2BPU8g%3D%3D
16:21:06 [INFO] (Scraper-REG-Kerala)     ➡️  Scraping Detail Page: https://etenders.kerala.gov.in/nicgep/app?component=%24DirectLink_0&page=FrontEndAdvancedSearchResult&service=direct&session=T&sp=SCJbTLsdjN3Fi%2Brlu0N5%2B2A%3D%3D
16:21:07 [INFO] (Scraper-REG-Kerala)     ➡️  Scraping Detail Page: https://etenders.kerala.gov.in/nicgep/app?component=%24DirectLink_0&page=FrontEndAdvancedSearchResult&service=direct&session=T&sp=SUR%2BMFqJ5xTcoW4Gqjywneg%3D%3D
16:21:07 [INFO] (Scraper-REG-Kerala)     ➡️  Scraping Detail Page: https://etenders.kerala.gov.in/nicgep/app?component=%24DirectLink_0&page=FrontEndAdvancedSearchResult&service=direct&session=T&sp=SwARa8s9V7Kszimt8w9ttHA%3D%3D
16:21:07 [INFO] (Scraper-REG-Kerala)     ➡️  Scraping Detail Page: https://etenders.kerala.gov.in/nicgep/app?component=%24DirectLink_0&page=FrontEndAdvancedSearchResult&service=direct&session=T&sp=SFVZaqBwDD1yoHzThFE17vQ%3D%3D
16:21:07 [INFO] (Scraper-REG-Kerala)     ➡️  Scraping Detail Page: https://etenders.kerala.gov.in/nicgep/app?component=%24DirectLink_0&page=FrontEndAdvancedSearchResult&service=direct&session=T&sp=SdnEppi9zQbqgYt2O9bKYgA%3D%3D
16:21:08 [INFO] (Scraper-REG-Kerala)     ➡️  Scraping Detail Page: https://etenders.kerala.gov.in/nicgep/app?component=%24DirectLink_0&page=FrontEndAdvancedSearchResult&service=direct&session=T&sp=SFNU6Pc46RPXxieoXiTGJkw%3D%3D
16:21:08 [INFO] (Scraper-REG-Kerala)     ➡️  Scraping Detail Page: https://etenders.kerala.gov.in/nicgep/app?component=%24DirectLink_0&page=FrontEndAdvancedSearchResult&service=direct&session=T&sp=SKt4DfompaWko9AIrOWXdAg%3D%3D
16:21:08 [INFO] (Scraper-REG-Kerala)     ➡️  Scraping Detail Page: https://etenders.kerala.gov.in/nicgep/app?component=%24DirectLink_0&page=FrontEndAdvancedSearchResult&service=direct&session=T&sp=SuRquxTviccMPq44KlynHwA%3D%3D
16:21:09 [INFO] (Scraper-REG-Kerala)     ➡️  Scraping Detail Page: https://etenders.kerala.gov.in/nicgep/app?component=%24DirectLink_0&page=FrontEndAdvancedSearchResult&service=direct&session=T&sp=S8VaOT%2Bm9N6xvFkNQT2qi8g%3D%3D
16:21:09 [INFO] (Scraper-REG-Kerala)     ➡️  Scraping Detail Page: https://etenders.kerala.gov.in/nicgep/app?component=%24DirectLink_0&page=FrontEndAdvancedSearchResult&service=direct&session=T&sp=S2piV4ynSVJfdiq%2FINWKp7g%3D%3D
16:21:09 [INFO] (Scraper-REG-Kerala)     ➡️  Scraping Detail Page: https://etenders.kerala.gov.in/nicgep/app?component=%24DirectLink_0&page=FrontEndAdvancedSearchResult&service=direct&session=T&sp=S4OZqsjxXxZbOJs3GEEZ6jA%3D%3D
16:21:10 [INFO] (Scraper-REG-Kerala)     ➡️  Scraping Detail Page: https://etenders.kerala.gov.in/nicgep/app?component=%24DirectLink_0&page=FrontEndAdvancedSearchResult&service=direct&session=T&sp=SEoj01SLl%2FVczSDRRZmNGQA%3D%3D
16:21:10 [INFO] (Scraper-REG-Kerala)     ➡️  Scraping Detail Page: https://etenders.kerala.gov.in/nicgep/app?component=%24DirectLink_0&page=FrontEndAdvancedSearchResult&service=direct&session=T&sp=SxwQ7lLxIM2iZL3TRXFavNA%3D%3D
16:21:10 [INFO] (Scraper-REG-Kerala)     ➡️  Scraping Detail Page: https://etenders.kerala.gov.in/nicgep/app?component=%24DirectLink_0&page=FrontEndAdvancedSearchResult&service=direct&session=T&sp=SRShZ7%2FPWWVb0wFDhlBrJWw%3D%3D
16:21:10 [INFO] (Scraper-REG-Kerala)     ➡️  Scraping Detail Page: https://etenders.kerala.gov.in/nicgep/app?component=%24DirectLink_0&page=FrontEndAdvancedSearchResult&service=direct&session=T&sp=S5MO9OWG4mWhAhPq7T78zIw%3D%3D
16:21:11 [INFO] (Scraper-REG-Kerala)     ➡️  Scraping Detail Page: https://etenders.kerala.gov.in/nicgep/app?component=%24DirectLink_0&page=FrontEndAdvancedSearchResult&service=direct&session=T&sp=Sl%2BEEwa9HvuHWSjquCvq4qA%3D%3D
16:21:11 [INFO] (Scraper-REG-Kerala)     ➡️  Scraping Detail Page: https://etenders.kerala.gov.in/nicgep/app?component=%24DirectLink_0&page=FrontEndAdvancedSearchResult&service=direct&session=T&sp=SGL%2BE%2Bg7Yulm8Mx75JzlT3w%3D%3D
16:21:11 [INFO] (Scraper-REG-Kerala)     ➡️  Scraping Detail Page: https://etenders.kerala.gov.in/nicgep/app?component=%24DirectLink_0&page=FrontEndAdvancedSearchResult&service=direct&session=T&sp=S%2Fj03nh2bF1SU%2FllzBBrEqg%3D%3D
16:21:12 [INFO] (Scraper-REG-Kerala)   ✅ List Page 1 processed successfully (19 items).
16:21:12 [INFO] (Scraper-REG-Kerala) Scrape run for site Kerala finished. Saved: 19, Failed to save: 0.
16:21:12 [INFO] (Scraper-REG-Kerala) 🏁 Scrape run for site Kerala completed. Duration: 0:00:07.440447.
16:26:02 [INFO] (Scraper-REG-Kerala) 🚀 Starting DB-integrated scrape run for site: Kerala...
16:26:09 [INFO] (Scraper-REG-Kerala) 🏁 Scrape run for site Kerala completed. Duration: 0:00:07.377515.
16:26:48 [INFO] (Scraper-REG-Kerala) 🚀 Starting DB-integrated scrape run for site: Kerala...
16:26:55 [INFO] (Scraper-REG-Kerala) 🏁 Scrape run for site Kerala completed. Duration: 0:00:07.362793.
16:28:05 [INFO] (Scraper-REG-Kerala) 🚀 Starting DB-integrated scrape run for site: Kerala...
16:28:13 [INFO] (Scraper-REG-Kerala) 🏁 Scrape run for site Kerala completed. Duration: 0:00:07.592460.
16:29:33 [INFO] (Scraper-REG-Kerala) 🚀 Starting DB-integrated scrape run for site: Kerala...
16:29:33 [INFO] (Scraper-REG-Kerala) 📄 Fetching List Page 1 (Attempt 1/4)
16:29:35 [INFO] (Scraper-REG-Kerala)   ⏯️ Gathering 20 detail scrape tasks for page 1.
16:29:35 [INFO] (Scraper-REG-Kerala)     ➡️  Scraping Detail Page: https://etenders.kerala.gov.in/nicgep/app?component=%24DirectLink_0&page=FrontEndAdvancedSearchResult&service=direct&session=T&sp=SCQjMBdw%2BwPr9Xcfrl%2BPU8g%3D%3D
16:29:35 [INFO] (Scraper-REG-Kerala)     ➡️  Scraping Detail Page: https://etenders.kerala.gov.in/nicgep/app?component=%24DirectLink_0&page=FrontEndAdvancedSearchResult&service=direct&session=T&sp=SCJbTLsdjN3Fi%2Brlu0N5%2B2A%3D%3D
16:29:36 [INFO] (Scraper-REG-Kerala)     ➡️  Scraping Detail Page: https://etenders.kerala.gov.in/nicgep/app?component=%24DirectLink_0&page=FrontEndAdvancedSearchResult&service=direct&session=T&sp=SGL%2BE%2Bg7Yulm8Mx75JzlT3w%3D%3D
16:29:36 [INFO] (Scraper-REG-Kerala)     ➡️  Scraping Detail Page: https://etenders.kerala.gov.in/nicgep/app?component=%24DirectLink_0&page=FrontEndAdvancedSearchResult&service=direct&session=T&sp=SEoj01SLl%2FVczSDRRZmNGQA%3D%3D
16:29:36 [INFO] (Scraper-REG-Kerala)     ➡️  Scraping Detail Page: https://etenders.kerala.gov.in/nicgep/app?component=%24DirectLink_0&page=FrontEndAdvancedSearchResult&service=direct&session=T&sp=SFVZaqBwDD1yoHzThFE17vQ%3D%3D
16:29:36 [INFO] (Scraper-REG-Kerala)     ➡️  Scraping Detail Page: https://etenders.kerala.gov.in/nicgep/app?component=%24DirectLink_0&page=FrontEndAdvancedSearchResult&service=direct&session=T&sp=SFNU6Pc46RPXxieoXiTGJkw%3D%3D
16:29:37 [INFO] (Scraper-REG-Kerala)     ➡️  Scraping Detail Page: https://etenders.kerala.gov.in/nicgep/app?component=%24DirectLink_0&page=FrontEndAdvancedSearchResult&service=direct&session=T&sp=S2piV4ynSVJfdiq%2FINWKp7g%3D%3D
16:29:37 [INFO] (Scraper-REG-Kerala)     ➡️  Scraping Detail Page: https://etenders.kerala.gov.in/nicgep/app?component=%24DirectLink_0&page=FrontEndAdvancedSearchResult&service=direct&session=T&sp=S5MO9OWG4mWhAhPq7T78zIw%3D%3D
16:29:37 [INFO] (Scraper-REG-Kerala)     ➡️  Scraping Detail Page: https://etenders.kerala.gov.in/nicgep/app?component=%24DirectLink_0&page=FrontEndAdvancedSearchResult&service=direct&session=T&sp=SRShZ7%2FPWWVb0wFDhlBrJWw%3D%3D
16:29:37 [INFO] (Scraper-REG-Kerala)     ➡️  Scraping Detail Page: https://etenders.kerala.gov.in/nicgep/app?component=%24DirectLink_0&page=FrontEndAdvancedSearchResult&service=direct&session=T&sp=SdnEppi9zQbqgYt2O9bKYgA%3D%3D
16:29:38 [INFO] (Scraper-REG-Kerala)     ➡️  Scraping Detail Page: https://etenders.kerala.gov.in/nicgep/app?component=%24DirectLink_0&page=FrontEndAdvancedSearchResult&service=direct&session=T&sp=SKt4DfompaWko9AIrOWXdAg%3D%3D
16:29:38 [INFO] (Scraper-REG-Kerala)     ➡️  Scraping Detail Page: https://etenders.kerala.gov.in/nicgep/app?component=%24DirectLink_0&page=FrontEndAdvancedSearchResult&service=direct&session=T&sp=SxwQ7lLxIM2iZL3TRXFavNA%3D%3D
16:29:38 [INFO] (Scraper-REG-Kerala)     ➡️  Scraping Detail Page: https://etenders.kerala.gov.in/nicgep/app?component=%24DirectLink_0&page=FrontEndAdvancedSearchResult&service=direct&session=T&sp=SUR%2BMFqJ5xTcoW4Gqjywneg%3D%3D
16:29:39 [INFO] (Scraper-REG-Kerala)     ➡️  Scraping Detail Page: https://etenders.kerala.gov.in/nicgep/app?component=%24DirectLink_0&page=FrontEndAdvancedSearchResult&service=direct&session=T&sp=SwARa8s9V7Kszimt8w9ttHA%3D%3D
16:29:39 [INFO] (Scraper-REG-Kerala)     ➡️  Scraping Detail Page: https://etenders.kerala.gov.in/nicgep/app?component=%24DirectLink_0&page=FrontEndAdvancedSearchResult&service=direct&session=T&sp=S4OZqsjxXxZbOJs3GEEZ6jA%3D%3D
16:29:39 [INFO] (Scraper-REG-Kerala)     ➡️  Scraping Detail Page: https://etenders.kerala.gov.in/nicgep/app?component=%24DirectLink_0&page=FrontEndAdvancedSearchResult&service=direct&session=T&sp=Sb4oDDWXO1%2B%2BWZ%2B5TXAYChw%3D%3D
16:29:39 [INFO] (Scraper-REG-Kerala)     ➡️  Scraping Detail Page: https://etenders.kerala.gov.in/nicgep/app?component=%24DirectLink_0&page=FrontEndAdvancedSearchResult&service=direct&session=T&sp=S8VaOT%2Bm9N6xvFkNQT2qi8g%3D%3D
16:29:40 [INFO] (Scraper-REG-Kerala)     ➡️  Scraping Detail Page: https://etenders.kerala.gov.in/nicgep/app?component=%24DirectLink_0&page=FrontEndAdvancedSearchResult&service=direct&session=T&sp=SuRquxTviccMPq44KlynHwA%3D%3D
16:29:40 [INFO] (Scraper-REG-Kerala)     ➡️  Scraping Detail Page: https://etenders.kerala.gov.in/nicgep/app?component=%24DirectLink_0&page=FrontEndAdvancedSearchResult&service=direct&session=T&sp=SdEmNTfsi04mtZJFCS8vmsA%3D%3D
16:29:40 [INFO] (Scraper-REG-Kerala)     ➡️  Scraping Detail Page: https://etenders.kerala.gov.in/nicgep/app?component=%24DirectLink_0&page=FrontEndAdvancedSearchResult&service=direct&session=T&sp=SqaO7KUry0j1FN2uZThiVHQ%3D%3D
16:29:40 [INFO] (Scraper-REG-Kerala)   ✅ List Page 1 processed successfully (20 items).
16:29:40 [INFO] (Scraper-REG-Kerala) Scrape run for site Kerala finished. Saved: 20, Failed to save: 0.
16:29:40 [INFO] (Scraper-REG-Kerala) 🏁 Scrape run for site Kerala completed. Duration: 0:00:07.214305.
16:37:31 [INFO] (Scraper-REG-Kerala) 🚀 Starting DB-integrated scrape run for site: Kerala...
16:37:31 [INFO] (Scraper-REG-Kerala) 📄 Fetching List Page 1 (Attempt 1/4)
16:37:32 [INFO] (Scraper-REG-Kerala)   ⏯️ Gathering 20 detail scrape tasks for page 1.
16:37:33 [INFO] (Scraper-REG-Kerala)     ➡️  Scraping Detail Page: https://etenders.kerala.gov.in/nicgep/app?component=%24DirectLink_0&page=FrontEndAdvancedSearchResult&service=direct&session=T&sp=SF1pmE7NsAE7CEwhacwQG8w%3D%3D
16:37:33 [INFO] (Scraper-REG-Kerala)     ➡️  Scraping Detail Page: https://etenders.kerala.gov.in/nicgep/app?component=%24DirectLink_0&page=FrontEndAdvancedSearchResult&service=direct&session=T&sp=StVV8zo%2FRsUcGSYd1MJK%2B3g%3D%3D
16:37:33 [INFO] (Scraper-REG-Kerala)     ➡️  Scraping Detail Page: https://etenders.kerala.gov.in/nicgep/app?component=%24DirectLink_0&page=FrontEndAdvancedSearchResult&service=direct&session=T&sp=SGGbQ9rHkTzQC3hewqkVOsQ%3D%3D
16:37:33 [INFO] (Scraper-REG-Kerala)     ➡️  Scraping Detail Page: https://etenders.kerala.gov.in/nicgep/app?component=%24DirectLink_0&page=FrontEndAdvancedSearchResult&service=direct&session=T&sp=Sjg1AQiv5o2PJkuow2bEYHw%3D%3D
16:37:34 [INFO] (Scraper-REG-Kerala)     ➡️  Scraping Detail Page: https://etenders.kerala.gov.in/nicgep/app?component=%24DirectLink_0&page=FrontEndAdvancedSearchResult&service=direct&session=T&sp=SCJbTLsdjN3Fi%2Brlu0N5%2B2A%3D%3D
16:37:34 [INFO] (Scraper-REG-Kerala)     ➡️  Scraping Detail Page: https://etenders.kerala.gov.in/nicgep/app?component=%24DirectLink_0&page=FrontEndAdvancedSearchResult&service=direct&session=T&sp=S5MO9OWG4mWhAhPq7T78zIw%3D%3D
16:37:35 [INFO] (Scraper-REG-Kerala)     ➡️  Scraping Detail Page: https://etenders.kerala.gov.in/nicgep/app?component=%24DirectLink_0&page=FrontEndAdvancedSearchResult&service=direct&session=T&sp=SKt4DfompaWko9AIrOWXdAg%3D%3D
16:37:35 [INFO] (Scraper-REG-Kerala)     ➡️  Scraping Detail Page: https://etenders.kerala.gov.in/nicgep/app?component=%24DirectLink_0&page=FrontEndAdvancedSearchResult&service=direct&session=T&sp=SFVZaqBwDD1yoHzThFE17vQ%3D%3D
16:37:35 [INFO] (Scraper-REG-Kerala)     ➡️  Scraping Detail Page: https://etenders.kerala.gov.in/nicgep/app?component=%24DirectLink_0&page=FrontEndAdvancedSearchResult&service=direct&session=T&sp=SuRquxTviccMPq44KlynHwA%3D%3D
16:37:35 [INFO] (Scraper-REG-Kerala)     ➡️  Scraping Detail Page: https://etenders.kerala.gov.in/nicgep/app?component=%24DirectLink_0&page=FrontEndAdvancedSearchResult&service=direct&session=T&sp=SCQjMBdw%2BwPr9Xcfrl%2BPU8g%3D%3D
16:37:36 [INFO] (Scraper-REG-Kerala)     ➡️  Scraping Detail Page: https://etenders.kerala.gov.in/nicgep/app?component=%24DirectLink_0&page=FrontEndAdvancedSearchResult&service=direct&session=T&sp=S4OZqsjxXxZbOJs3GEEZ6jA%3D%3D
16:37:36 [INFO] (Scraper-REG-Kerala)     ➡️  Scraping Detail Page: https://etenders.kerala.gov.in/nicgep/app?component=%24DirectLink_0&page=FrontEndAdvancedSearchResult&service=direct&session=T&sp=SwARa8s9V7Kszimt8w9ttHA%3D%3D
16:37:36 [INFO] (Scraper-REG-Kerala)     ➡️  Scraping Detail Page: https://etenders.kerala.gov.in/nicgep/app?component=%24DirectLink_0&page=FrontEndAdvancedSearchResult&service=direct&session=T&sp=SEoj01SLl%2FVczSDRRZmNGQA%3D%3D
16:37:36 [INFO] (Scraper-REG-Kerala)     ➡️  Scraping Detail Page: https://etenders.kerala.gov.in/nicgep/app?component=%24DirectLink_0&page=FrontEndAdvancedSearchResult&service=direct&session=T&sp=SFNU6Pc46RPXxieoXiTGJkw%3D%3D
16:37:37 [INFO] (Scraper-REG-Kerala)     ➡️  Scraping Detail Page: https://etenders.kerala.gov.in/nicgep/app?component=%24DirectLink_0&page=FrontEndAdvancedSearchResult&service=direct&session=T&sp=SRShZ7%2FPWWVb0wFDhlBrJWw%3D%3D
16:37:37 [INFO] (Scraper-REG-Kerala)     ➡️  Scraping Detail Page: https://etenders.kerala.gov.in/nicgep/app?component=%24DirectLink_0&page=FrontEndAdvancedSearchResult&service=direct&session=T&sp=SdnEppi9zQbqgYt2O9bKYgA%3D%3D
16:37:37 [INFO] (Scraper-REG-Kerala)     ➡️  Scraping Detail Page: https://etenders.kerala.gov.in/nicgep/app?component=%24DirectLink_0&page=FrontEndAdvancedSearchResult&service=direct&session=T&sp=SUR%2BMFqJ5xTcoW4Gqjywneg%3D%3D
16:37:37 [INFO] (Scraper-REG-Kerala)     ➡️  Scraping Detail Page: https://etenders.kerala.gov.in/nicgep/app?component=%24DirectLink_0&page=FrontEndAdvancedSearchResult&service=direct&session=T&sp=S8VaOT%2Bm9N6xvFkNQT2qi8g%3D%3D
16:37:38 [INFO] (Scraper-REG-Kerala)     ➡️  Scraping Detail Page: https://etenders.kerala.gov.in/nicgep/app?component=%24DirectLink_0&page=FrontEndAdvancedSearchResult&service=direct&session=T&sp=S2piV4ynSVJfdiq%2FINWKp7g%3D%3D
16:37:38 [INFO] (Scraper-REG-Kerala)     ➡️  Scraping Detail Page: https://etenders.kerala.gov.in/nicgep/app?component=%24DirectLink_0&page=FrontEndAdvancedSearchResult&service=direct&session=T&sp=SxwQ7lLxIM2iZL3TRXFavNA%3D%3D
16:37:38 [INFO] (Scraper-REG-Kerala)   ✅ List Page 1 processed successfully (20 items).
16:37:38 [INFO] (Scraper-REG-Kerala) Scrape run for site Kerala finished. Saved: 20, Failed to save: 0.
16:37:39 [INFO] (Scraper-REG-Kerala) 🏁 Scrape run for site Kerala completed. Duration: 0:00:07.555319.
11:06:16 [INFO] (Scraper-REG-Kerala) 🚀 Starting DB-integrated scrape run for site: Kerala...
11:06:16 [INFO] (Scraper-REG-Kerala) 📄 Fetching List Page 9 (Attempt 1/4)
11:06:16 [INFO] (Scraper-REG-Kerala) 📄 Fetching List Page 7 (Attempt 1/4)
11:06:16 [INFO] (Scraper-REG-Kerala) 📄 Fetching List Page 5 (Attempt 1/4)
11:06:16 [INFO] (Scraper-REG-Kerala) 📄 Fetching List Page 8 (Attempt 1/4)
11:06:16 [INFO] (Scraper-REG-Kerala) 📄 Fetching List Page 1 (Attempt 1/4)
11:06:16 [INFO] (Scraper-REG-Kerala) 📄 Fetching List Page 4 (Attempt 1/4)
11:06:16 [INFO] (Scraper-REG-Kerala) 📄 Fetching List Page 6 (Attempt 1/4)
11:06:16 [INFO] (Scraper-REG-Kerala) 📄 Fetching List Page 10 (Attempt 1/4)
11:06:16 [INFO] (Scraper-REG-Kerala) 📄 Fetching List Page 3 (Attempt 1/4)
11:06:16 [INFO] (Scraper-REG-Kerala) 📄 Fetching List Page 2 (Attempt 1/4)
11:06:17 [INFO] (Scraper-REG-Kerala)   ⏯️ Gathering 20 detail scrape tasks for page 9.
11:06:18 [INFO] (Scraper-REG-Kerala)   ⏯️ Gathering 20 detail scrape tasks for page 7.
11:06:18 [INFO] (Scraper-REG-Kerala)   ⏯️ Gathering 20 detail scrape tasks for page 5.
11:06:18 [INFO] (Scraper-REG-Kerala)     ➡️  Scraping Detail Page: https://etenders.kerala.gov.in/nicgep/app?component=%24DirectLink_0&page=FrontEndAdvancedSearchResult&service=direct&session=T&sp=S45cD%2BgnJTWXyW9wuY7ejNg%3D%3D
11:06:18 [INFO] (Scraper-REG-Kerala)     ➡️  Scraping Detail Page: https://etenders.kerala.gov.in/nicgep/app?component=%24DirectLink_0&page=FrontEndAdvancedSearchResult&service=direct&session=T&sp=SFTGyW0RtsNlLROgxhgHc2Q%3D%3D
11:06:18 [INFO] (Scraper-REG-Kerala)   ⏯️ Gathering 20 detail scrape tasks for page 8.
11:06:18 [INFO] (Scraper-REG-Kerala)   ⏯️ Gathering 20 detail scrape tasks for page 1.
11:06:18 [INFO] (Scraper-REG-Kerala)   ⏯️ Gathering 20 detail scrape tasks for page 4.
11:06:18 [INFO] (Scraper-REG-Kerala)   ⏯️ Gathering 20 detail scrape tasks for page 6.
11:06:18 [INFO] (Scraper-REG-Kerala)     ➡️  Scraping Detail Page: https://etenders.kerala.gov.in/nicgep/app?component=%24DirectLink_0&page=FrontEndAdvancedSearchResult&service=direct&session=T&sp=SHv9RCm%2BMEtSyQIfk1eCqmg%3D%3D
11:06:18 [INFO] (Scraper-REG-Kerala)     ➡️  Scraping Detail Page: https://etenders.kerala.gov.in/nicgep/app?component=%24DirectLink_0&page=FrontEndAdvancedSearchResult&service=direct&session=T&sp=SjD5ur7QdQO3xw%2FrIWj7Lew%3D%3D
11:06:18 [INFO] (Scraper-REG-Kerala)   ⏯️ Gathering 20 detail scrape tasks for page 10.
11:06:19 [INFO] (Scraper-REG-Kerala)   ⏯️ Gathering 20 detail scrape tasks for page 3.
11:06:19 [INFO] (Scraper-REG-Kerala)   ⏯️ Gathering 20 detail scrape tasks for page 2.
11:06:19 [INFO] (Scraper-REG-Kerala)     ➡️  Scraping Detail Page: https://etenders.kerala.gov.in/nicgep/app?component=%24DirectLink_0&page=FrontEndAdvancedSearchResult&service=direct&session=T&sp=SxPLpecmNFzJ1%2BiF5pLGIUw%3D%3D
11:06:19 [INFO] (Scraper-REG-Kerala)     ➡️  Scraping Detail Page: https://etenders.kerala.gov.in/nicgep/app?component=%24DirectLink_0&page=FrontEndAdvancedSearchResult&service=direct&session=T&sp=Sl605MUBOIlrbTUIrb1kuIQ%3D%3D
11:06:19 [INFO] (Scraper-REG-Kerala)     ➡️  Scraping Detail Page: https://etenders.kerala.gov.in/nicgep/app?component=%24DirectLink_0&page=FrontEndAdvancedSearchResult&service=direct&session=T&sp=S7TTfVnNEm1021cBaig%2F1uQ%3D%3D
11:06:19 [INFO] (Scraper-REG-Kerala)     ➡️  Scraping Detail Page: https://etenders.kerala.gov.in/nicgep/app?component=%24DirectLink_0&page=FrontEndAdvancedSearchResult&service=direct&session=T&sp=SPgYiSRD71gePNy%2BjJ3aKiQ%3D%3D
11:06:20 [INFO] (Scraper-REG-Kerala)     ➡️  Scraping Detail Page: https://etenders.kerala.gov.in/nicgep/app?component=%24DirectLink_0&page=FrontEndAdvancedSearchResult&service=direct&session=T&sp=SK9NWMlJTVrw3AmQevDTbKQ%3D%3D
11:06:20 [INFO] (Scraper-REG-Kerala)     ➡️  Scraping Detail Page: https://etenders.kerala.gov.in/nicgep/app?component=%24DirectLink_0&page=FrontEndAdvancedSearchResult&service=direct&session=T&sp=SsPeqIkS6K7PvOiJ8BJe6JA%3D%3D
11:06:20 [INFO] (Scraper-REG-Kerala)     ➡️  Scraping Detail Page: https://etenders.kerala.gov.in/nicgep/app?component=%24DirectLink_0&page=FrontEndAdvancedSearchResult&service=direct&session=T&sp=SF0Zew1wqhbMId76l1N4vhQ%3D%3D
11:06:21 [INFO] (Scraper-REG-Kerala)     ➡️  Scraping Detail Page: https://etenders.kerala.gov.in/nicgep/app?component=%24DirectLink_0&page=FrontEndAdvancedSearchResult&service=direct&session=T&sp=S9J9cIDZFsd99e1jsVqwM0A%3D%3D
11:06:21 [INFO] (Scraper-REG-Kerala)     ➡️  Scraping Detail Page: https://etenders.kerala.gov.in/nicgep/app?component=%24DirectLink_0&page=FrontEndAdvancedSearchResult&service=direct&session=T&sp=SL0edRCsyL67wkrE3gKaGuA%3D%3D
11:06:21 [INFO] (Scraper-REG-Kerala)     ➡️  Scraping Detail Page: https://etenders.kerala.gov.in/nicgep/app?component=%24DirectLink_0&page=FrontEndAdvancedSearchResult&service=direct&session=T&sp=SoUQv6kRQYYdqwaJa7tZwuQ%3D%3D
11:06:22 [INFO] (Scraper-REG-Kerala)     ➡️  Scraping Detail Page: https://etenders.kerala.gov.in/nicgep/app?component=%24DirectLink_0&page=FrontEndAdvancedSearchResult&service=direct&session=T&sp=SCYifDi6zbfYFnC%2FaMvBM6w%3D%3D
11:06:22 [INFO] (Scraper-REG-Kerala)     ➡️  Scraping Detail Page: https://etenders.kerala.gov.in/nicgep/app?component=%24DirectLink_0&page=FrontEndAdvancedSearchResult&service=direct&session=T&sp=SzukXeUfmjLQ88YraXBQ88Q%3D%3D
11:06:22 [INFO] (Scraper-REG-Kerala)     ➡️  Scraping Detail Page: https://etenders.kerala.gov.in/nicgep/app?component=%24DirectLink_0&page=FrontEndAdvancedSearchResult&service=direct&session=T&sp=S10DJ4oeUjEqaciq2xqSGdw%3D%3D
11:06:22 [INFO] (Scraper-REG-Kerala)     ➡️  Scraping Detail Page: https://etenders.kerala.gov.in/nicgep/app?component=%24DirectLink_0&page=FrontEndAdvancedSearchResult&service=direct&session=T&sp=Sf0RfU8hM7z%2FbB7yPlpVFxw%3D%3D
11:06:23 [INFO] (Scraper-REG-Kerala)     ➡️  Scraping Detail Page: https://etenders.kerala.gov.in/nicgep/app?component=%24DirectLink_0&page=FrontEndAdvancedSearchResult&service=direct&session=T&sp=SdiyqOiBB%2FCEcJecKiqgXlg%3D%3D
11:06:23 [INFO] (Scraper-REG-Kerala)     ➡️  Scraping Detail Page: https://etenders.kerala.gov.in/nicgep/app?component=%24DirectLink_0&page=FrontEndAdvancedSearchResult&service=direct&session=T&sp=SXIeY7RB6F2fqgNEspfWUkg%3D%3D
11:06:23 [INFO] (Scraper-REG-Kerala)   ✅ List Page 9 processed successfully (20 items).
11:06:23 [INFO] (Scraper-REG-Kerala)     ➡️  Scraping Detail Page: https://etenders.kerala.gov.in/nicgep/app?component=%24DirectLink_0&page=FrontEndAdvancedSearchResult&service=direct&session=T&sp=SrclFXvH0R7kXm2YGXxfvEw%3D%3D
11:06:24 [INFO] (Scraper-REG-Kerala)     ➡️  Scraping Detail Page: https://etenders.kerala.gov.in/nicgep/app?component=%24DirectLink_0&page=FrontEndAdvancedSearchResult&service=direct&session=T&sp=SfdFYCguEefg%2BfUIkvmGR2g%3D%3D
11:06:24 [INFO] (Scraper-REG-Kerala)     ➡️  Scraping Detail Page: https://etenders.kerala.gov.in/nicgep/app?component=%24DirectLink_0&page=FrontEndAdvancedSearchResult&service=direct&session=T&sp=SlfgskziHW6Qy6LHoe1sulQ%3D%3D
11:06:24 [INFO] (Scraper-REG-Kerala)     ➡️  Scraping Detail Page: https://etenders.kerala.gov.in/nicgep/app?component=%24DirectLink_0&page=FrontEndAdvancedSearchResult&service=direct&session=T&sp=SWL7b11OI7mOugztDza8avg%3D%3D
11:06:24 [INFO] (Scraper-REG-Kerala)     ➡️  Scraping Detail Page: https://etenders.kerala.gov.in/nicgep/app?component=%24DirectLink_0&page=FrontEndAdvancedSearchResult&service=direct&session=T&sp=SYB2ZDA1HGXdcnSyf0YhB4Q%3D%3D
11:06:25 [INFO] (Scraper-REG-Kerala)     ➡️  Scraping Detail Page: https://etenders.kerala.gov.in/nicgep/app?component=%24DirectLink_0&page=FrontEndAdvancedSearchResult&service=direct&session=T&sp=SJmAq0xrnGw2iwWuPk8ftsQ%3D%3D
11:06:25 [INFO] (Scraper-REG-Kerala)     ➡️  Scraping Detail Page: https://etenders.kerala.gov.in/nicgep/app?component=%24DirectLink_0&page=FrontEndAdvancedSearchResult&service=direct&session=T&sp=SCCfpO7tjEbGkymCaTEn4%2Bw%3D%3D
11:06:25 [INFO] (Scraper-REG-Kerala)     ➡️  Scraping Detail Page: https://etenders.kerala.gov.in/nicgep/app?component=%24DirectLink_0&page=FrontEndAdvancedSearchResult&service=direct&session=T&sp=SFTGyW0RtsNlLROgxhgHc2Q%3D%3D
11:06:25 [INFO] (Scraper-REG-Kerala)     ➡️  Scraping Detail Page: https://etenders.kerala.gov.in/nicgep/app?component=%24DirectLink_0&page=FrontEndAdvancedSearchResult&service=direct&session=T&sp=SyuGm%2FSy4HMmF6lYVtj71Fw%3D%3D
11:06:26 [INFO] (Scraper-REG-Kerala)     ➡️  Scraping Detail Page: https://etenders.kerala.gov.in/nicgep/app?component=%24DirectLink_0&page=FrontEndAdvancedSearchResult&service=direct&session=T&sp=Swsqym2ZLjEcEtg4SSKgVtQ%3D%3D
11:06:26 [INFO] (Scraper-REG-Kerala)     ➡️  Scraping Detail Page: https://etenders.kerala.gov.in/nicgep/app?component=%24DirectLink_0&page=FrontEndAdvancedSearchResult&service=direct&session=T&sp=SenErDNF9UxvO3%2BOG6XC%2FiA%3D%3D
11:06:26 [INFO] (Scraper-REG-Kerala)     ➡️  Scraping Detail Page: https://etenders.kerala.gov.in/nicgep/app?component=%24DirectLink_0&page=FrontEndAdvancedSearchResult&service=direct&session=T&sp=Sf7fpISQ1zR%2F2T8LxugaGeQ%3D%3D
11:06:27 [INFO] (Scraper-REG-Kerala)     ➡️  Scraping Detail Page: https://etenders.kerala.gov.in/nicgep/app?component=%24DirectLink_0&page=FrontEndAdvancedSearchResult&service=direct&session=T&sp=SvuErM2pq1%2FbUk%2FYPqvrIVw%3D%3D
11:06:27 [INFO] (Scraper-REG-Kerala)     ➡️  Scraping Detail Page: https://etenders.kerala.gov.in/nicgep/app?component=%24DirectLink_0&page=FrontEndAdvancedSearchResult&service=direct&session=T&sp=SodyX3r495wHptZACpZif%2BQ%3D%3D
11:06:27 [INFO] (Scraper-REG-Kerala)     ➡️  Scraping Detail Page: https://etenders.kerala.gov.in/nicgep/app?component=%24DirectLink_0&page=FrontEndAdvancedSearchResult&service=direct&session=T&sp=SlMf9sdhaFnZVWpLhJ3lg0g%3D%3D
11:06:27 [INFO] (Scraper-REG-Kerala)     ➡️  Scraping Detail Page: https://etenders.kerala.gov.in/nicgep/app?component=%24DirectLink_0&page=FrontEndAdvancedSearchResult&service=direct&session=T&sp=SNxW0ZNAhZGqe1YVYK%2BqOjw%3D%3D
11:06:28 [INFO] (Scraper-REG-Kerala)     ➡️  Scraping Detail Page: https://etenders.kerala.gov.in/nicgep/app?component=%24DirectLink_0&page=FrontEndAdvancedSearchResult&service=direct&session=T&sp=SbJWe3nI4%2Fnk9VKmwx8ue4w%3D%3D
11:06:28 [INFO] (Scraper-REG-Kerala)     ➡️  Scraping Detail Page: https://etenders.kerala.gov.in/nicgep/app?component=%24DirectLink_0&page=FrontEndAdvancedSearchResult&service=direct&session=T&sp=Sr7WTpUdFRUqP6L0KUwcY6w%3D%3D
11:06:29 [INFO] (Scraper-REG-Kerala)     ➡️  Scraping Detail Page: https://etenders.kerala.gov.in/nicgep/app?component=%24DirectLink_0&page=FrontEndAdvancedSearchResult&service=direct&session=T&sp=SMWuEMz91pwQzDRaUaSiM%2BA%3D%3D
11:06:29 [INFO] (Scraper-REG-Kerala)     ➡️  Scraping Detail Page: https://etenders.kerala.gov.in/nicgep/app?component=%24DirectLink_0&page=FrontEndAdvancedSearchResult&service=direct&session=T&sp=SClIMC%2Fv5KdrFGVIuzA7gdQ%3D%3D
11:06:29 [INFO] (Scraper-REG-Kerala)   ✅ List Page 7 processed successfully (20 items).
11:06:29 [INFO] (Scraper-REG-Kerala)     ➡️  Scraping Detail Page: https://etenders.kerala.gov.in/nicgep/app?component=%24DirectLink_0&page=FrontEndAdvancedSearchResult&service=direct&session=T&sp=S98roXd4LrI00%2BT5xfGkX2w%3D%3D
11:06:29 [INFO] (Scraper-REG-Kerala)     ➡️  Scraping Detail Page: https://etenders.kerala.gov.in/nicgep/app?component=%24DirectLink_0&page=FrontEndAdvancedSearchResult&service=direct&session=T&sp=ShTMfVREXBUIHtnpEs1usIQ%3D%3D
11:06:30 [INFO] (Scraper-REG-Kerala)     ➡️  Scraping Detail Page: https://etenders.kerala.gov.in/nicgep/app?component=%24DirectLink_0&page=FrontEndAdvancedSearchResult&service=direct&session=T&sp=S1gIQJUSI%2BfwdbJNC2MRrRw%3D%3D
11:06:30 [INFO] (Scraper-REG-Kerala)     ➡️  Scraping Detail Page: https://etenders.kerala.gov.in/nicgep/app?component=%24DirectLink_0&page=FrontEndAdvancedSearchResult&service=direct&session=T&sp=SN7baj8fu0LZN7v%2F8qFkrkA%3D%3D
11:06:30 [INFO] (Scraper-REG-Kerala)     ➡️  Scraping Detail Page: https://etenders.kerala.gov.in/nicgep/app?component=%24DirectLink_0&page=FrontEndAdvancedSearchResult&service=direct&session=T&sp=SfhzFvbgauUlXzrq%2Bx8MuTg%3D%3D
11:06:30 [INFO] (Scraper-REG-Kerala)     ➡️  Scraping Detail Page: https://etenders.kerala.gov.in/nicgep/app?component=%24DirectLink_0&page=FrontEndAdvancedSearchResult&service=direct&session=T&sp=SNGInU6AZgHz9tGmgwmwoJQ%3D%3D
11:06:31 [INFO] (Scraper-REG-Kerala)     ➡️  Scraping Detail Page: https://etenders.kerala.gov.in/nicgep/app?component=%24DirectLink_0&page=FrontEndAdvancedSearchResult&service=direct&session=T&sp=SQkUH1TSZuaEvDoxJmVdbNw%3D%3D
11:06:31 [INFO] (Scraper-REG-Kerala)     ➡️  Scraping Detail Page: https://etenders.kerala.gov.in/nicgep/app?component=%24DirectLink_0&page=FrontEndAdvancedSearchResult&service=direct&session=T&sp=ScLRtbRZN6QJySDowasoGpg%3D%3D
11:06:31 [INFO] (Scraper-REG-Kerala)     ➡️  Scraping Detail Page: https://etenders.kerala.gov.in/nicgep/app?component=%24DirectLink_0&page=FrontEndAdvancedSearchResult&service=direct&session=T&sp=SkJo6Hf8GnLdxb3aYSEM0vA%3D%3D
11:06:31 [INFO] (Scraper-REG-Kerala)     ➡️  Scraping Detail Page: https://etenders.kerala.gov.in/nicgep/app?component=%24DirectLink_0&page=FrontEndAdvancedSearchResult&service=direct&session=T&sp=SdXRUH56Zn4l6TbqWiWTrnQ%3D%3D
11:06:32 [INFO] (Scraper-REG-Kerala)     ➡️  Scraping Detail Page: https://etenders.kerala.gov.in/nicgep/app?component=%24DirectLink_0&page=FrontEndAdvancedSearchResult&service=direct&session=T&sp=SPObR2VaZEddxz8Eojw3r1A%3D%3D
11:06:32 [INFO] (Scraper-REG-Kerala)     ➡️  Scraping Detail Page: https://etenders.kerala.gov.in/nicgep/app?component=%24DirectLink_0&page=FrontEndAdvancedSearchResult&service=direct&session=T&sp=S7eb4cM9607pNu4AmzGBQ4w%3D%3D
11:06:32 [INFO] (Scraper-REG-Kerala)     ➡️  Scraping Detail Page: https://etenders.kerala.gov.in/nicgep/app?component=%24DirectLink_0&page=FrontEndAdvancedSearchResult&service=direct&session=T&sp=SnPidluse4ocszJo0yg7P%2Fg%3D%3D
11:06:33 [INFO] (Scraper-REG-Kerala)     ➡️  Scraping Detail Page: https://etenders.kerala.gov.in/nicgep/app?component=%24DirectLink_0&page=FrontEndAdvancedSearchResult&service=direct&session=T&sp=Sc%2Fk%2F9PVN%2F5qjzZSXWDPUuQ%3D%3D
11:06:33 [INFO] (Scraper-REG-Kerala)     ➡️  Scraping Detail Page: https://etenders.kerala.gov.in/nicgep/app?component=%24DirectLink_0&page=FrontEndAdvancedSearchResult&service=direct&session=T&sp=SD2aUN5kmy%2Bl3CpewA8bCNw%3D%3D
11:06:33 [INFO] (Scraper-REG-Kerala)     ➡️  Scraping Detail Page: https://etenders.kerala.gov.in/nicgep/app?component=%24DirectLink_0&page=FrontEndAdvancedSearchResult&service=direct&session=T&sp=Sf68ZeI8qn%2FerzjjLF0TjrQ%3D%3D
11:06:34 [INFO] (Scraper-REG-Kerala)     ➡️  Scraping Detail Page: https://etenders.kerala.gov.in/nicgep/app?component=%24DirectLink_0&page=FrontEndAdvancedSearchResult&service=direct&session=T&sp=SQuiVil19EJTWiZN4AlvMhg%3D%3D
11:06:34 [INFO] (Scraper-REG-Kerala)     ➡️  Scraping Detail Page: https://etenders.kerala.gov.in/nicgep/app?component=%24DirectLink_0&page=FrontEndAdvancedSearchResult&service=direct&session=T&sp=SGUpqlBVktyrMHlM3pavvUA%3D%3D
11:06:34 [INFO] (Scraper-REG-Kerala)     ➡️  Scraping Detail Page: https://etenders.kerala.gov.in/nicgep/app?component=%24DirectLink_0&page=FrontEndAdvancedSearchResult&service=direct&session=T&sp=SbOxpCSNNLp4ffYuvmS8cvA%3D%3D
11:06:34 [INFO] (Scraper-REG-Kerala)     ➡️  Scraping Detail Page: https://etenders.kerala.gov.in/nicgep/app?component=%24DirectLink_0&page=FrontEndAdvancedSearchResult&service=direct&session=T&sp=SfdFYCguEefg%2BfUIkvmGR2g%3D%3D
11:06:34 [INFO] (Scraper-REG-Kerala)   ✅ List Page 5 processed successfully (20 items).
11:06:35 [INFO] (Scraper-REG-Kerala)     ➡️  Scraping Detail Page: https://etenders.kerala.gov.in/nicgep/app?component=%24DirectLink_0&page=FrontEndAdvancedSearchResult&service=direct&session=T&sp=SF0Zew1wqhbMId76l1N4vhQ%3D%3D
11:06:35 [INFO] (Scraper-REG-Kerala)     ➡️  Scraping Detail Page: https://etenders.kerala.gov.in/nicgep/app?component=%24DirectLink_0&page=FrontEndAdvancedSearchResult&service=direct&session=T&sp=S9J9cIDZFsd99e1jsVqwM0A%3D%3D
11:06:35 [INFO] (Scraper-REG-Kerala)     ➡️  Scraping Detail Page: https://etenders.kerala.gov.in/nicgep/app?component=%24DirectLink_0&page=FrontEndAdvancedSearchResult&service=direct&session=T&sp=SoFM6OrObZRJQJ62PhNVGWw%3D%3D
11:06:35 [INFO] (Scraper-REG-Kerala)     ➡️  Scraping Detail Page: https://etenders.kerala.gov.in/nicgep/app?component=%24DirectLink_0&page=FrontEndAdvancedSearchResult&service=direct&session=T&sp=SL0edRCsyL67wkrE3gKaGuA%3D%3D
11:06:36 [INFO] (Scraper-REG-Kerala)     ➡️  Scraping Detail Page: https://etenders.kerala.gov.in/nicgep/app?component=%24DirectLink_0&page=FrontEndAdvancedSearchResult&service=direct&session=T&sp=SoUQv6kRQYYdqwaJa7tZwuQ%3D%3D
11:06:36 [INFO] (Scraper-REG-Kerala)     ➡️  Scraping Detail Page: https://etenders.kerala.gov.in/nicgep/app?component=%24DirectLink_0&page=FrontEndAdvancedSearchResult&service=direct&session=T&sp=SCYifDi6zbfYFnC%2FaMvBM6w%3D%3D
11:06:36 [INFO] (Scraper-REG-Kerala)     ➡️  Scraping Detail Page: https://etenders.kerala.gov.in/nicgep/app?component=%24DirectLink_0&page=FrontEndAdvancedSearchResult&service=direct&session=T&sp=SzukXeUfmjLQ88YraXBQ88Q%3D%3D
11:06:36 [INFO] (Scraper-REG-Kerala)     ➡️  Scraping Detail Page: https://etenders.kerala.gov.in/nicgep/app?component=%24DirectLink_0&page=FrontEndAdvancedSearchResult&service=direct&session=T&sp=S10DJ4oeUjEqaciq2xqSGdw%3D%3D
11:06:37 [INFO] (Scraper-REG-Kerala)     ➡️  Scraping Detail Page: https://etenders.kerala.gov.in/nicgep/app?component=%24DirectLink_0&page=FrontEndAdvancedSearchResult&service=direct&session=T&sp=Sf0RfU8hM7z%2FbB7yPlpVFxw%3D%3D
11:06:37 [INFO] (Scraper-REG-Kerala)     ➡️  Scraping Detail Page: https://etenders.kerala.gov.in/nicgep/app?component=%24DirectLink_0&page=FrontEndAdvancedSearchResult&service=direct&session=T&sp=SdiyqOiBB%2FCEcJecKiqgXlg%3D%3D
11:06:37 [INFO] (Scraper-REG-Kerala)     ➡️  Scraping Detail Page: https://etenders.kerala.gov.in/nicgep/app?component=%24DirectLink_0&page=FrontEndAdvancedSearchResult&service=direct&session=T&sp=SDBUFrZ7JMErBs5lSHYALfw%3D%3D
11:06:37 [INFO] (Scraper-REG-Kerala)     ➡️  Scraping Detail Page: https://etenders.kerala.gov.in/nicgep/app?component=%24DirectLink_0&page=FrontEndAdvancedSearchResult&service=direct&session=T&sp=SXIeY7RB6F2fqgNEspfWUkg%3D%3D
11:06:38 [INFO] (Scraper-REG-Kerala)     ➡️  Scraping Detail Page: https://etenders.kerala.gov.in/nicgep/app?component=%24DirectLink_0&page=FrontEndAdvancedSearchResult&service=direct&session=T&sp=SlMf9sdhaFnZVWpLhJ3lg0g%3D%3D
11:06:38 [INFO] (Scraper-REG-Kerala)     ➡️  Scraping Detail Page: https://etenders.kerala.gov.in/nicgep/app?component=%24DirectLink_0&page=FrontEndAdvancedSearchResult&service=direct&session=T&sp=SFWXBdIynCo6pMmHwn%2FZNpA%3D%3D
11:06:39 [INFO] (Scraper-REG-Kerala)     ➡️  Scraping Detail Page: https://etenders.kerala.gov.in/nicgep/app?component=%24DirectLink_0&page=FrontEndAdvancedSearchResult&service=direct&session=T&sp=S5nE4Eyi95ySxP9SMZfDLJA%3D%3D
11:06:39 [INFO] (Scraper-REG-Kerala)     ➡️  Scraping Detail Page: https://etenders.kerala.gov.in/nicgep/app?component=%24DirectLink_0&page=FrontEndAdvancedSearchResult&service=direct&session=T&sp=SLTpQbnM0zelpEAUUPJIe8Q%3D%3D
11:06:39 [INFO] (Scraper-REG-Kerala)     ➡️  Scraping Detail Page: https://etenders.kerala.gov.in/nicgep/app?component=%24DirectLink_0&page=FrontEndAdvancedSearchResult&service=direct&session=T&sp=Sx0svAizecJz7cFMWt6c4Vw%3D%3D
11:06:39 [INFO] (Scraper-REG-Kerala)     ➡️  Scraping Detail Page: https://etenders.kerala.gov.in/nicgep/app?component=%24DirectLink_0&page=FrontEndAdvancedSearchResult&service=direct&session=T&sp=S8dNVPpF7YEG%2BT8F8HMZ%2BGw%3D%3D
11:06:40 [INFO] (Scraper-REG-Kerala)     ➡️  Scraping Detail Page: https://etenders.kerala.gov.in/nicgep/app?component=%24DirectLink_0&page=FrontEndAdvancedSearchResult&service=direct&session=T&sp=SBxuKuvI4siuTmhCnYVoW0w%3D%3D
11:06:40 [INFO] (Scraper-REG-Kerala)     ➡️  Scraping Detail Page: https://etenders.kerala.gov.in/nicgep/app?component=%24DirectLink_0&page=FrontEndAdvancedSearchResult&service=direct&session=T&sp=SlNlUADKFa%2BuU0ccDyje20w%3D%3D
11:06:40 [INFO] (Scraper-REG-Kerala)   ✅ List Page 8 processed successfully (20 items).
11:06:40 [INFO] (Scraper-REG-Kerala)     ➡️  Scraping Detail Page: https://etenders.kerala.gov.in/nicgep/app?component=%24DirectLink_0&page=FrontEndAdvancedSearchResult&service=direct&session=T&sp=S6j8nN5tNDCrW9749HD4V9g%3D%3D
11:06:40 [INFO] (Scraper-REG-Kerala)     ➡️  Scraping Detail Page: https://etenders.kerala.gov.in/nicgep/app?component=%24DirectLink_0&page=FrontEndAdvancedSearchResult&service=direct&session=T&sp=SxleSf4m9b%2BKEUShh1mou3A%3D%3D
11:06:41 [INFO] (Scraper-REG-Kerala)     ➡️  Scraping Detail Page: https://etenders.kerala.gov.in/nicgep/app?component=%24DirectLink_0&page=FrontEndAdvancedSearchResult&service=direct&session=T&sp=SW3RzhaJqduwZAwUug0Tz0w%3D%3D
11:06:41 [INFO] (Scraper-REG-Kerala)     ➡️  Scraping Detail Page: https://etenders.kerala.gov.in/nicgep/app?component=%24DirectLink_0&page=FrontEndAdvancedSearchResult&service=direct&session=T&sp=SiV%2FyOvIx6ekc%2FEN8mR2z2Q%3D%3D
11:06:41 [INFO] (Scraper-REG-Kerala)     ➡️  Scraping Detail Page: https://etenders.kerala.gov.in/nicgep/app?component=%24DirectLink_0&page=FrontEndAdvancedSearchResult&service=direct&session=T&sp=SRJ0JdVvsyohV2o2myx5Zqg%3D%3D
11:06:42 [INFO] (Scraper-REG-Kerala)     ➡️  Scraping Detail Page: https://etenders.kerala.gov.in/nicgep/app?component=%24DirectLink_0&page=FrontEndAdvancedSearchResult&service=direct&session=T&sp=SMVdY2nLYlSRmYr%2FQg9u2mQ%3D%3D
11:06:42 [INFO] (Scraper-REG-Kerala)     ➡️  Scraping Detail Page: https://etenders.kerala.gov.in/nicgep/app?component=%24DirectLink_0&page=FrontEndAdvancedSearchResult&service=direct&session=T&sp=SmKRQUJZm8gw86Rr6uo3%2FYg%3D%3D
11:06:42 [INFO] (Scraper-REG-Kerala)     ➡️  Scraping Detail Page: https://etenders.kerala.gov.in/nicgep/app?component=%24DirectLink_0&page=FrontEndAdvancedSearchResult&service=direct&session=T&sp=SdryuCQ1hg6qZFwltfcYTDQ%3D%3D
11:06:42 [INFO] (Scraper-REG-Kerala)     ➡️  Scraping Detail Page: https://etenders.kerala.gov.in/nicgep/app?component=%24DirectLink_0&page=FrontEndAdvancedSearchResult&service=direct&session=T&sp=SqCSwasZxBShLdo0rmMy5vw%3D%3D
11:06:43 [INFO] (Scraper-REG-Kerala)     ➡️  Scraping Detail Page: https://etenders.kerala.gov.in/nicgep/app?component=%24DirectLink_0&page=FrontEndAdvancedSearchResult&service=direct&session=T&sp=SkPnmjMGJ89YZ%2FNM3FPRWsg%3D%3D
11:06:43 [INFO] (Scraper-REG-Kerala)     ➡️  Scraping Detail Page: https://etenders.kerala.gov.in/nicgep/app?component=%24DirectLink_0&page=FrontEndAdvancedSearchResult&service=direct&session=T&sp=SYiJJ8w8IZRStiwIISfWzbw%3D%3D
11:06:43 [INFO] (Scraper-REG-Kerala)     ➡️  Scraping Detail Page: https://etenders.kerala.gov.in/nicgep/app?component=%24DirectLink_0&page=FrontEndAdvancedSearchResult&service=direct&session=T&sp=SFJx9KEpsEvkCFg893XbkTQ%3D%3D
11:06:44 [INFO] (Scraper-REG-Kerala)     ➡️  Scraping Detail Page: https://etenders.kerala.gov.in/nicgep/app?component=%24DirectLink_0&page=FrontEndAdvancedSearchResult&service=direct&session=T&sp=S2xZHxv8Nh6%2FCus%2BCT7qfdA%3D%3D
11:06:44 [INFO] (Scraper-REG-Kerala)     ➡️  Scraping Detail Page: https://etenders.kerala.gov.in/nicgep/app?component=%24DirectLink_0&page=FrontEndAdvancedSearchResult&service=direct&session=T&sp=SVPewfVdRfqUdorBM2GERtw%3D%3D
11:06:44 [INFO] (Scraper-REG-Kerala)     ➡️  Scraping Detail Page: https://etenders.kerala.gov.in/nicgep/app?component=%24DirectLink_0&page=FrontEndAdvancedSearchResult&service=direct&session=T&sp=Sj7kZuowAn0v3qRuNxGV0lw%3D%3D
11:06:44 [INFO] (Scraper-REG-Kerala)     ➡️  Scraping Detail Page: https://etenders.kerala.gov.in/nicgep/app?component=%24DirectLink_0&page=FrontEndAdvancedSearchResult&service=direct&session=T&sp=SQdBhVg%2BWLMB0gn7mGukM0w%3D%3D
11:06:45 [INFO] (Scraper-REG-Kerala)     ➡️  Scraping Detail Page: https://etenders.kerala.gov.in/nicgep/app?component=%24DirectLink_0&page=FrontEndAdvancedSearchResult&service=direct&session=T&sp=Saslcw87L2NBZHwIghu0CyQ%3D%3D
11:06:45 [INFO] (Scraper-REG-Kerala)     ➡️  Scraping Detail Page: https://etenders.kerala.gov.in/nicgep/app?component=%24DirectLink_0&page=FrontEndAdvancedSearchResult&service=direct&session=T&sp=Swf3Ch9J52EiY2acmnD95Ow%3D%3D
11:06:45 [INFO] (Scraper-REG-Kerala)     ➡️  Scraping Detail Page: https://etenders.kerala.gov.in/nicgep/app?component=%24DirectLink_0&page=FrontEndAdvancedSearchResult&service=direct&session=T&sp=SCswDUH1f6vupYRyjXLBlzg%3D%3D
11:06:46 [INFO] (Scraper-REG-Kerala)     ➡️  Scraping Detail Page: https://etenders.kerala.gov.in/nicgep/app?component=%24DirectLink_0&page=FrontEndAdvancedSearchResult&service=direct&session=T&sp=Sxzpzubc7Wmo8MVyTbVGtxQ%3D%3D
11:06:46 [INFO] (Scraper-REG-Kerala)     ➡️  Scraping Detail Page: https://etenders.kerala.gov.in/nicgep/app?component=%24DirectLink_0&page=FrontEndAdvancedSearchResult&service=direct&session=T&sp=SgIxtEj43bafjH4ZaQVzBxA%3D%3D
11:06:46 [INFO] (Scraper-REG-Kerala)   ✅ List Page 1 processed successfully (20 items).
11:06:46 [INFO] (Scraper-REG-Kerala)     ➡️  Scraping Detail Page: https://etenders.kerala.gov.in/nicgep/app?component=%24DirectLink_0&page=FrontEndAdvancedSearchResult&service=direct&session=T&sp=S1La%2Bizq%2F9Z3Qj4RxgLlB5Q%3D%3D
11:06:46 [INFO] (Scraper-REG-Kerala)     ➡️  Scraping Detail Page: https://etenders.kerala.gov.in/nicgep/app?component=%24DirectLink_0&page=FrontEndAdvancedSearchResult&service=direct&session=T&sp=SxEM47tVFSZAq5T3owFLgfA%3D%3D
11:06:47 [INFO] (Scraper-REG-Kerala)     ➡️  Scraping Detail Page: https://etenders.kerala.gov.in/nicgep/app?component=%24DirectLink_0&page=FrontEndAdvancedSearchResult&service=direct&session=T&sp=SBkIWTmEwN%2BXBX%2BMFYpOqqg%3D%3D
11:06:47 [INFO] (Scraper-REG-Kerala)     ➡️  Scraping Detail Page: https://etenders.kerala.gov.in/nicgep/app?component=%24DirectLink_0&page=FrontEndAdvancedSearchResult&service=direct&session=T&sp=SOtecU7dwXqkmwCsrYZlOfQ%3D%3D
11:06:47 [INFO] (Scraper-REG-Kerala)     ➡️  Scraping Detail Page: https://etenders.kerala.gov.in/nicgep/app?component=%24DirectLink_0&page=FrontEndAdvancedSearchResult&service=direct&session=T&sp=SVMXwN%2FRVxYiL04CmUeIRsQ%3D%3D
11:06:47 [INFO] (Scraper-REG-Kerala)     ➡️  Scraping Detail Page: https://etenders.kerala.gov.in/nicgep/app?component=%24DirectLink_0&page=FrontEndAdvancedSearchResult&service=direct&session=T&sp=S7YHs5q1se6EtJL5eyaB0Uw%3D%3D
11:06:48 [INFO] (Scraper-REG-Kerala)     ➡️  Scraping Detail Page: https://etenders.kerala.gov.in/nicgep/app?component=%24DirectLink_0&page=FrontEndAdvancedSearchResult&service=direct&session=T&sp=S3G76hQMzwFAnYMzM6PC7CQ%3D%3D
11:06:48 [INFO] (Scraper-REG-Kerala)     ➡️  Scraping Detail Page: https://etenders.kerala.gov.in/nicgep/app?component=%24DirectLink_0&page=FrontEndAdvancedSearchResult&service=direct&session=T&sp=SmmDBYtrClfGabGEZVnLk1Q%3D%3D
11:06:49 [INFO] (Scraper-REG-Kerala)     ➡️  Scraping Detail Page: https://etenders.kerala.gov.in/nicgep/app?component=%24DirectLink_0&page=FrontEndAdvancedSearchResult&service=direct&session=T&sp=SC3osLZkA8zkvBUHAl2bchA%3D%3D
11:06:49 [INFO] (Scraper-REG-Kerala)     ➡️  Scraping Detail Page: https://etenders.kerala.gov.in/nicgep/app?component=%24DirectLink_0&page=FrontEndAdvancedSearchResult&service=direct&session=T&sp=SoD3CirxUlbwn7xejSigXgw%3D%3D
11:06:49 [INFO] (Scraper-REG-Kerala)     ➡️  Scraping Detail Page: https://etenders.kerala.gov.in/nicgep/app?component=%24DirectLink_0&page=FrontEndAdvancedSearchResult&service=direct&session=T&sp=Sf0jB7Zjs6sxxQq%2BsvkLV5A%3D%3D
11:06:49 [INFO] (Scraper-REG-Kerala)     ➡️  Scraping Detail Page: https://etenders.kerala.gov.in/nicgep/app?component=%24DirectLink_0&page=FrontEndAdvancedSearchResult&service=direct&session=T&sp=SvWWLB0HZHVO5386map0AOQ%3D%3D
11:06:50 [INFO] (Scraper-REG-Kerala)     ➡️  Scraping Detail Page: https://etenders.kerala.gov.in/nicgep/app?component=%24DirectLink_0&page=FrontEndAdvancedSearchResult&service=direct&session=T&sp=SEX7SuAD%2BSTkFWJvmc4rQag%3D%3D
11:06:50 [INFO] (Scraper-REG-Kerala)     ➡️  Scraping Detail Page: https://etenders.kerala.gov.in/nicgep/app?component=%24DirectLink_0&page=FrontEndAdvancedSearchResult&service=direct&session=T&sp=SNGInU6AZgHz9tGmgwmwoJQ%3D%3D
11:06:50 [INFO] (Scraper-REG-Kerala)     ➡️  Scraping Detail Page: https://etenders.kerala.gov.in/nicgep/app?component=%24DirectLink_0&page=FrontEndAdvancedSearchResult&service=direct&session=T&sp=SbsJbIoP0judZ%2B2YrYmQIhA%3D%3D
11:06:50 [INFO] (Scraper-REG-Kerala)     ➡️  Scraping Detail Page: https://etenders.kerala.gov.in/nicgep/app?component=%24DirectLink_0&page=FrontEndAdvancedSearchResult&service=direct&session=T&sp=SfKPdXzhPbt7o%2FtIoqjJT4Q%3D%3D
11:06:51 [INFO] (Scraper-REG-Kerala)     ➡️  Scraping Detail Page: https://etenders.kerala.gov.in/nicgep/app?component=%24DirectLink_0&page=FrontEndAdvancedSearchResult&service=direct&session=T&sp=SN7baj8fu0LZN7v%2F8qFkrkA%3D%3D
11:06:51 [INFO] (Scraper-REG-Kerala)     ➡️  Scraping Detail Page: https://etenders.kerala.gov.in/nicgep/app?component=%24DirectLink_0&page=FrontEndAdvancedSearchResult&service=direct&session=T&sp=S98roXd4LrI00%2BT5xfGkX2w%3D%3D
11:06:51 [INFO] (Scraper-REG-Kerala)     ➡️  Scraping Detail Page: https://etenders.kerala.gov.in/nicgep/app?component=%24DirectLink_0&page=FrontEndAdvancedSearchResult&service=direct&session=T&sp=SB8rpbsuFe7Qc7kQcaF4wng%3D%3D
11:06:51 [INFO] (Scraper-REG-Kerala)   ✅ List Page 4 processed successfully (20 items).
11:06:52 [INFO] (Scraper-REG-Kerala)     ➡️  Scraping Detail Page: https://etenders.kerala.gov.in/nicgep/app?component=%24DirectLink_0&page=FrontEndAdvancedSearchResult&service=direct&session=T&sp=SvGM4D8z%2F3mMFpUS455MkjQ%3D%3D
11:06:52 [INFO] (Scraper-REG-Kerala)     ➡️  Scraping Detail Page: https://etenders.kerala.gov.in/nicgep/app?component=%24DirectLink_0&page=FrontEndAdvancedSearchResult&service=direct&session=T&sp=SRSCcICeeXuvbupU6HhDVJQ%3D%3D
11:06:52 [INFO] (Scraper-REG-Kerala)     ➡️  Scraping Detail Page: https://etenders.kerala.gov.in/nicgep/app?component=%24DirectLink_0&page=FrontEndAdvancedSearchResult&service=direct&session=T&sp=SHETKZKygDrt%2BtIJ9quX%2BYQ%3D%3D
11:06:52 [INFO] (Scraper-REG-Kerala)     ➡️  Scraping Detail Page: https://etenders.kerala.gov.in/nicgep/app?component=%24DirectLink_0&page=FrontEndAdvancedSearchResult&service=direct&session=T&sp=SkJo6Hf8GnLdxb3aYSEM0vA%3D%3D
11:06:53 [INFO] (Scraper-REG-Kerala)     ➡️  Scraping Detail Page: https://etenders.kerala.gov.in/nicgep/app?component=%24DirectLink_0&page=FrontEndAdvancedSearchResult&service=direct&session=T&sp=SdYhiMVmyVpq49%2Bm3drN%2F2A%3D%3D
11:06:53 [INFO] (Scraper-REG-Kerala)     ➡️  Scraping Detail Page: https://etenders.kerala.gov.in/nicgep/app?component=%24DirectLink_0&page=FrontEndAdvancedSearchResult&service=direct&session=T&sp=SrclFXvH0R7kXm2YGXxfvEw%3D%3D
11:06:53 [INFO] (Scraper-REG-Kerala)     ➡️  Scraping Detail Page: https://etenders.kerala.gov.in/nicgep/app?component=%24DirectLink_0&page=FrontEndAdvancedSearchResult&service=direct&session=T&sp=SnPidluse4ocszJo0yg7P%2Fg%3D%3D
11:06:53 [INFO] (Scraper-REG-Kerala)     ➡️  Scraping Detail Page: https://etenders.kerala.gov.in/nicgep/app?component=%24DirectLink_0&page=FrontEndAdvancedSearchResult&service=direct&session=T&sp=SVYgt7uQgtvWJgqK3dG90CA%3D%3D
11:06:54 [INFO] (Scraper-REG-Kerala)     ➡️  Scraping Detail Page: https://etenders.kerala.gov.in/nicgep/app?component=%24DirectLink_0&page=FrontEndAdvancedSearchResult&service=direct&session=T&sp=SfdFYCguEefg%2BfUIkvmGR2g%3D%3D
11:06:54 [INFO] (Scraper-REG-Kerala)     ➡️  Scraping Detail Page: https://etenders.kerala.gov.in/nicgep/app?component=%24DirectLink_0&page=FrontEndAdvancedSearchResult&service=direct&session=T&sp=S8a6J3we%2FuG7ChikZxVeyTg%3D%3D
11:06:54 [INFO] (Scraper-REG-Kerala)     ➡️  Scraping Detail Page: https://etenders.kerala.gov.in/nicgep/app?component=%24DirectLink_0&page=FrontEndAdvancedSearchResult&service=direct&session=T&sp=SaQ3Hu76J5uuEZHSV74jvOQ%3D%3D
11:06:54 [INFO] (Scraper-REG-Kerala)     ➡️  Scraping Detail Page: https://etenders.kerala.gov.in/nicgep/app?component=%24DirectLink_0&page=FrontEndAdvancedSearchResult&service=direct&session=T&sp=SmlI0Kl8EaPSQ1aOp%2FcC54w%3D%3D
11:06:55 [INFO] (Scraper-REG-Kerala)     ➡️  Scraping Detail Page: https://etenders.kerala.gov.in/nicgep/app?component=%24DirectLink_0&page=FrontEndAdvancedSearchResult&service=direct&session=T&sp=SiaDrZHfaNjD0K%2BJQWBPCcA%3D%3D
11:06:55 [INFO] (Scraper-REG-Kerala)     ➡️  Scraping Detail Page: https://etenders.kerala.gov.in/nicgep/app?component=%24DirectLink_0&page=FrontEndAdvancedSearchResult&service=direct&session=T&sp=S1KP4wdKkEPQSiZHXJZSu1A%3D%3D
11:06:56 [INFO] (Scraper-REG-Kerala)     ➡️  Scraping Detail Page: https://etenders.kerala.gov.in/nicgep/app?component=%24DirectLink_0&page=FrontEndAdvancedSearchResult&service=direct&session=T&sp=SQuiVil19EJTWiZN4AlvMhg%3D%3D
11:06:56 [INFO] (Scraper-REG-Kerala)     ➡️  Scraping Detail Page: https://etenders.kerala.gov.in/nicgep/app?component=%24DirectLink_0&page=FrontEndAdvancedSearchResult&service=direct&session=T&sp=S%2F7288LlQ%2ByyM%2B64KAjEwrA%3D%3D
11:06:56 [INFO] (Scraper-REG-Kerala)     ➡️  Scraping Detail Page: https://etenders.kerala.gov.in/nicgep/app?component=%24DirectLink_0&page=FrontEndAdvancedSearchResult&service=direct&session=T&sp=SCRLoEEUG2oafrpQZERhfiA%3D%3D
11:06:56 [INFO] (Scraper-REG-Kerala)     ➡️  Scraping Detail Page: https://etenders.kerala.gov.in/nicgep/app?component=%24DirectLink_0&page=FrontEndAdvancedSearchResult&service=direct&session=T&sp=SpCPDDjdW96GQ6CsaavbNxg%3D%3D
11:06:57 [INFO] (Scraper-REG-Kerala)     ➡️  Scraping Detail Page: https://etenders.kerala.gov.in/nicgep/app?component=%24DirectLink_0&page=FrontEndAdvancedSearchResult&service=direct&session=T&sp=S%2FkDUfG01z1Z7ArdJCnPhng%3D%3D
11:06:57 [INFO] (Scraper-REG-Kerala)     ➡️  Scraping Detail Page: https://etenders.kerala.gov.in/nicgep/app?component=%24DirectLink_0&page=FrontEndAdvancedSearchResult&service=direct&session=T&sp=SjBbw8okBbhPkwOa0AZuxbg%3D%3D
11:06:57 [INFO] (Scraper-REG-Kerala)   ✅ List Page 6 processed successfully (20 items).
11:06:57 [INFO] (Scraper-REG-Kerala)     ➡️  Scraping Detail Page: https://etenders.kerala.gov.in/nicgep/app?component=%24DirectLink_0&page=FrontEndAdvancedSearchResult&service=direct&session=T&sp=SgIy49Rne07p2Cc0h1t0E3w%3D%3D
11:06:57 [INFO] (Scraper-REG-Kerala)     ➡️  Scraping Detail Page: https://etenders.kerala.gov.in/nicgep/app?component=%24DirectLink_0&page=FrontEndAdvancedSearchResult&service=direct&session=T&sp=SzukXeUfmjLQ88YraXBQ88Q%3D%3D
11:06:58 [INFO] (Scraper-REG-Kerala)     ➡️  Scraping Detail Page: https://etenders.kerala.gov.in/nicgep/app?component=%24DirectLink_0&page=FrontEndAdvancedSearchResult&service=direct&session=T&sp=SBMeyddiKV8Bb43HY2Gzurg%3D%3D
11:06:58 [INFO] (Scraper-REG-Kerala)     ➡️  Scraping Detail Page: https://etenders.kerala.gov.in/nicgep/app?component=%24DirectLink_0&page=FrontEndAdvancedSearchResult&service=direct&session=T&sp=SCYifDi6zbfYFnC%2FaMvBM6w%3D%3D
11:06:58 [INFO] (Scraper-REG-Kerala)     ➡️  Scraping Detail Page: https://etenders.kerala.gov.in/nicgep/app?component=%24DirectLink_0&page=FrontEndAdvancedSearchResult&service=direct&session=T&sp=SqnOsjNcVvPxdiHSg2poXIw%3D%3D
11:06:58 [INFO] (Scraper-REG-Kerala)     ➡️  Scraping Detail Page: https://etenders.kerala.gov.in/nicgep/app?component=%24DirectLink_0&page=FrontEndAdvancedSearchResult&service=direct&session=T&sp=SwLhHszRnt9Q36VWCYTCotQ%3D%3D
11:06:59 [INFO] (Scraper-REG-Kerala)     ➡️  Scraping Detail Page: https://etenders.kerala.gov.in/nicgep/app?component=%24DirectLink_0&page=FrontEndAdvancedSearchResult&service=direct&session=T&sp=SjuKF0QqMOxxfZyUHVki77w%3D%3D
11:06:59 [INFO] (Scraper-REG-Kerala)     ➡️  Scraping Detail Page: https://etenders.kerala.gov.in/nicgep/app?component=%24DirectLink_0&page=FrontEndAdvancedSearchResult&service=direct&session=T&sp=SUwdmRdQYt1VUEFg2p0AbUA%3D%3D
11:06:59 [INFO] (Scraper-REG-Kerala)     ➡️  Scraping Detail Page: https://etenders.kerala.gov.in/nicgep/app?component=%24DirectLink_0&page=FrontEndAdvancedSearchResult&service=direct&session=T&sp=SoUQv6kRQYYdqwaJa7tZwuQ%3D%3D
11:07:00 [INFO] (Scraper-REG-Kerala)     ➡️  Scraping Detail Page: https://etenders.kerala.gov.in/nicgep/app?component=%24DirectLink_0&page=FrontEndAdvancedSearchResult&service=direct&session=T&sp=Sf0RfU8hM7z%2FbB7yPlpVFxw%3D%3D
11:07:00 [INFO] (Scraper-REG-Kerala)     ➡️  Scraping Detail Page: https://etenders.kerala.gov.in/nicgep/app?component=%24DirectLink_0&page=FrontEndAdvancedSearchResult&service=direct&session=T&sp=SlNlUADKFa%2BuU0ccDyje20w%3D%3D
11:07:00 [INFO] (Scraper-REG-Kerala)     ➡️  Scraping Detail Page: https://etenders.kerala.gov.in/nicgep/app?component=%24DirectLink_0&page=FrontEndAdvancedSearchResult&service=direct&session=T&sp=S65v73eEv8JY3IfoBRDeSXQ%3D%3D
11:07:01 [INFO] (Scraper-REG-Kerala)     ➡️  Scraping Detail Page: https://etenders.kerala.gov.in/nicgep/app?component=%24DirectLink_0&page=FrontEndAdvancedSearchResult&service=direct&session=T&sp=SVwmZyD2LGks2qAYmc4oZMQ%3D%3D
11:07:01 [INFO] (Scraper-REG-Kerala)     ➡️  Scraping Detail Page: https://etenders.kerala.gov.in/nicgep/app?component=%24DirectLink_0&page=FrontEndAdvancedSearchResult&service=direct&session=T&sp=Sqq4MGjq6xK8z6WoRi29%2FlQ%3D%3D
11:07:01 [INFO] (Scraper-REG-Kerala)     ➡️  Scraping Detail Page: https://etenders.kerala.gov.in/nicgep/app?component=%24DirectLink_0&page=FrontEndAdvancedSearchResult&service=direct&session=T&sp=SxPLpecmNFzJ1%2BiF5pLGIUw%3D%3D
11:07:01 [INFO] (Scraper-REG-Kerala)     ➡️  Scraping Detail Page: https://etenders.kerala.gov.in/nicgep/app?component=%24DirectLink_0&page=FrontEndAdvancedSearchResult&service=direct&session=T&sp=SHv9RCm%2BMEtSyQIfk1eCqmg%3D%3D
11:07:02 [INFO] (Scraper-REG-Kerala)     ➡️  Scraping Detail Page: https://etenders.kerala.gov.in/nicgep/app?component=%24DirectLink_0&page=FrontEndAdvancedSearchResult&service=direct&session=T&sp=SjD5ur7QdQO3xw%2FrIWj7Lew%3D%3D
11:07:02 [INFO] (Scraper-REG-Kerala)     ➡️  Scraping Detail Page: https://etenders.kerala.gov.in/nicgep/app?component=%24DirectLink_0&page=FrontEndAdvancedSearchResult&service=direct&session=T&sp=S45cD%2BgnJTWXyW9wuY7ejNg%3D%3D
11:07:02 [INFO] (Scraper-REG-Kerala)     ➡️  Scraping Detail Page: https://etenders.kerala.gov.in/nicgep/app?component=%24DirectLink_0&page=FrontEndAdvancedSearchResult&service=direct&session=T&sp=SnjI24%2Bokf%2BrGJJs0FLRZCQ%3D%3D
11:07:02 [INFO] (Scraper-REG-Kerala)     ➡️  Scraping Detail Page: https://etenders.kerala.gov.in/nicgep/app?component=%24DirectLink_0&page=FrontEndAdvancedSearchResult&service=direct&session=T&sp=S8dNVPpF7YEG%2BT8F8HMZ%2BGw%3D%3D
11:07:03 [INFO] (Scraper-REG-Kerala)   ✅ List Page 10 processed successfully (20 items).
11:07:03 [INFO] (Scraper-REG-Kerala)     ➡️  Scraping Detail Page: https://etenders.kerala.gov.in/nicgep/app?component=%24DirectLink_0&page=FrontEndAdvancedSearchResult&service=direct&session=T&sp=SDgI2G2DFjBqUWOVf%2FmY5HA%3D%3D
11:07:03 [INFO] (Scraper-REG-Kerala)     ➡️  Scraping Detail Page: https://etenders.kerala.gov.in/nicgep/app?component=%24DirectLink_0&page=FrontEndAdvancedSearchResult&service=direct&session=T&sp=S%2F7gXM0%2Fh5sy%2B67hNwk1OZw%3D%3D
11:07:03 [INFO] (Scraper-REG-Kerala)     ➡️  Scraping Detail Page: https://etenders.kerala.gov.in/nicgep/app?component=%24DirectLink_0&page=FrontEndAdvancedSearchResult&service=direct&session=T&sp=Sobw1YkIbNsIkF0iPrmKXxw%3D%3D
11:07:03 [INFO] (Scraper-REG-Kerala)     ➡️  Scraping Detail Page: https://etenders.kerala.gov.in/nicgep/app?component=%24DirectLink_0&page=FrontEndAdvancedSearchResult&service=direct&session=T&sp=SzESjux4iItbbEXkZmf10qA%3D%3D
11:07:04 [INFO] (Scraper-REG-Kerala)     ➡️  Scraping Detail Page: https://etenders.kerala.gov.in/nicgep/app?component=%24DirectLink_0&page=FrontEndAdvancedSearchResult&service=direct&session=T&sp=Sg8EL7S9Sc%2BFm3SpULO13Rw%3D%3D
11:07:04 [INFO] (Scraper-REG-Kerala)     ➡️  Scraping Detail Page: https://etenders.kerala.gov.in/nicgep/app?component=%24DirectLink_0&page=FrontEndAdvancedSearchResult&service=direct&session=T&sp=SwbyH4XWp3cps7HUKYqpKuA%3D%3D
11:07:04 [INFO] (Scraper-REG-Kerala)     ➡️  Scraping Detail Page: https://etenders.kerala.gov.in/nicgep/app?component=%24DirectLink_0&page=FrontEndAdvancedSearchResult&service=direct&session=T&sp=SLtL5pG%2BHwAUrPZmuTwQWcQ%3D%3D
11:07:05 [INFO] (Scraper-REG-Kerala)     ➡️  Scraping Detail Page: https://etenders.kerala.gov.in/nicgep/app?component=%24DirectLink_0&page=FrontEndAdvancedSearchResult&service=direct&session=T&sp=S0hxadPuLcCgMaefJ5pvfhg%3D%3D
11:07:05 [INFO] (Scraper-REG-Kerala)     ➡️  Scraping Detail Page: https://etenders.kerala.gov.in/nicgep/app?component=%24DirectLink_0&page=FrontEndAdvancedSearchResult&service=direct&session=T&sp=S1La%2Bizq%2F9Z3Qj4RxgLlB5Q%3D%3D
11:07:05 [INFO] (Scraper-REG-Kerala)     ➡️  Scraping Detail Page: https://etenders.kerala.gov.in/nicgep/app?component=%24DirectLink_0&page=FrontEndAdvancedSearchResult&service=direct&session=T&sp=SKIDL%2B5hkMft5A6JGe%2BaBiQ%3D%3D
11:07:06 [INFO] (Scraper-REG-Kerala)     ➡️  Scraping Detail Page: https://etenders.kerala.gov.in/nicgep/app?component=%24DirectLink_0&page=FrontEndAdvancedSearchResult&service=direct&session=T&sp=SxEM47tVFSZAq5T3owFLgfA%3D%3D
11:07:06 [INFO] (Scraper-REG-Kerala)     ➡️  Scraping Detail Page: https://etenders.kerala.gov.in/nicgep/app?component=%24DirectLink_0&page=FrontEndAdvancedSearchResult&service=direct&session=T&sp=SMVI%2BZBA45kW9ZBrBtgJqUQ%3D%3D
11:07:06 [INFO] (Scraper-REG-Kerala)     ➡️  Scraping Detail Page: https://etenders.kerala.gov.in/nicgep/app?component=%24DirectLink_0&page=FrontEndAdvancedSearchResult&service=direct&session=T&sp=SBkIWTmEwN%2BXBX%2BMFYpOqqg%3D%3D
11:07:06 [INFO] (Scraper-REG-Kerala)     ➡️  Scraping Detail Page: https://etenders.kerala.gov.in/nicgep/app?component=%24DirectLink_0&page=FrontEndAdvancedSearchResult&service=direct&session=T&sp=SecIcw1%2Bw4yeLonc4pNi%2FdQ%3D%3D
11:07:07 [INFO] (Scraper-REG-Kerala)     ➡️  Scraping Detail Page: https://etenders.kerala.gov.in/nicgep/app?component=%24DirectLink_0&page=FrontEndAdvancedSearchResult&service=direct&session=T&sp=SmmDBYtrClfGabGEZVnLk1Q%3D%3D
11:07:07 [INFO] (Scraper-REG-Kerala)     ➡️  Scraping Detail Page: https://etenders.kerala.gov.in/nicgep/app?component=%24DirectLink_0&page=FrontEndAdvancedSearchResult&service=direct&session=T&sp=S7hf0XWlISvSq8gv19zAh%2Fg%3D%3D
11:07:07 [INFO] (Scraper-REG-Kerala)     ➡️  Scraping Detail Page: https://etenders.kerala.gov.in/nicgep/app?component=%24DirectLink_0&page=FrontEndAdvancedSearchResult&service=direct&session=T&sp=SD%2BwkCQvux2EMnVmfC8OsGg%3D%3D
11:07:07 [INFO] (Scraper-REG-Kerala)     ➡️  Scraping Detail Page: https://etenders.kerala.gov.in/nicgep/app?component=%24DirectLink_0&page=FrontEndAdvancedSearchResult&service=direct&session=T&sp=S3G76hQMzwFAnYMzM6PC7CQ%3D%3D
11:07:08 [INFO] (Scraper-REG-Kerala)     ➡️  Scraping Detail Page: https://etenders.kerala.gov.in/nicgep/app?component=%24DirectLink_0&page=FrontEndAdvancedSearchResult&service=direct&session=T&sp=SmqpFhbAzS30QZneqIBmpcQ%3D%3D
11:07:08 [INFO] (Scraper-REG-Kerala)     ➡️  Scraping Detail Page: https://etenders.kerala.gov.in/nicgep/app?component=%24DirectLink_0&page=FrontEndAdvancedSearchResult&service=direct&session=T&sp=SW%2BI%2FuenZQu0n9zYLX31Ajg%3D%3D
11:07:08 [INFO] (Scraper-REG-Kerala)   ✅ List Page 3 processed successfully (20 items).
11:07:08 [INFO] (Scraper-REG-Kerala)     ➡️  Scraping Detail Page: https://etenders.kerala.gov.in/nicgep/app?component=%24DirectLink_0&page=FrontEndAdvancedSearchResult&service=direct&session=T&sp=SkK65IXB3NeJRpKjhFgAV3A%3D%3D
11:07:08 [INFO] (Scraper-REG-Kerala)     ➡️  Scraping Detail Page: https://etenders.kerala.gov.in/nicgep/app?component=%24DirectLink_0&page=FrontEndAdvancedSearchResult&service=direct&session=T&sp=SF0LqE2uix5O8Ioh9m87uBw%3D%3D
11:07:09 [INFO] (Scraper-REG-Kerala)     ➡️  Scraping Detail Page: https://etenders.kerala.gov.in/nicgep/app?component=%24DirectLink_0&page=FrontEndAdvancedSearchResult&service=direct&session=T&sp=SNw9TOOqKEAa9eaDTmf1wcQ%3D%3D
11:07:09 [INFO] (Scraper-REG-Kerala)     ➡️  Scraping Detail Page: https://etenders.kerala.gov.in/nicgep/app?component=%24DirectLink_0&page=FrontEndAdvancedSearchResult&service=direct&session=T&sp=SxEKZvkOb58JTfXIg65EaDQ%3D%3D
11:07:09 [INFO] (Scraper-REG-Kerala)     ➡️  Scraping Detail Page: https://etenders.kerala.gov.in/nicgep/app?component=%24DirectLink_0&page=FrontEndAdvancedSearchResult&service=direct&session=T&sp=SG19EwxwEHQVluTT2ArQyMA%3D%3D
11:07:10 [INFO] (Scraper-REG-Kerala)     ➡️  Scraping Detail Page: https://etenders.kerala.gov.in/nicgep/app?component=%24DirectLink_0&page=FrontEndAdvancedSearchResult&service=direct&session=T&sp=SVwUTSWavvxs7NjrhieMqsg%3D%3D
11:07:10 [INFO] (Scraper-REG-Kerala)     ➡️  Scraping Detail Page: https://etenders.kerala.gov.in/nicgep/app?component=%24DirectLink_0&page=FrontEndAdvancedSearchResult&service=direct&session=T&sp=S1zUuoWlbTpYXmnTXgsEDfA%3D%3D
11:07:10 [INFO] (Scraper-REG-Kerala)     ➡️  Scraping Detail Page: https://etenders.kerala.gov.in/nicgep/app?component=%24DirectLink_0&page=FrontEndAdvancedSearchResult&service=direct&session=T&sp=S52T1Ss3waCOncDR%2BHyso6A%3D%3D
11:07:11 [INFO] (Scraper-REG-Kerala)     ➡️  Scraping Detail Page: https://etenders.kerala.gov.in/nicgep/app?component=%24DirectLink_0&page=FrontEndAdvancedSearchResult&service=direct&session=T&sp=SSPe44C9KrKCLdpLSiCHTVA%3D%3D
11:07:11 [INFO] (Scraper-REG-Kerala)     ➡️  Scraping Detail Page: https://etenders.kerala.gov.in/nicgep/app?component=%24DirectLink_0&page=FrontEndAdvancedSearchResult&service=direct&session=T&sp=Sqk7BhjEtL5B2l%2FaxpHH2Ug%3D%3D
11:07:11 [INFO] (Scraper-REG-Kerala)     ➡️  Scraping Detail Page: https://etenders.kerala.gov.in/nicgep/app?component=%24DirectLink_0&page=FrontEndAdvancedSearchResult&service=direct&session=T&sp=SimOUk4fFRUeu3mOyujr5Zw%3D%3D
11:07:12 [INFO] (Scraper-REG-Kerala)     ➡️  Scraping Detail Page: https://etenders.kerala.gov.in/nicgep/app?component=%24DirectLink_0&page=FrontEndAdvancedSearchResult&service=direct&session=T&sp=Sxzpzubc7Wmo8MVyTbVGtxQ%3D%3D
11:07:12 [INFO] (Scraper-REG-Kerala)     ➡️  Scraping Detail Page: https://etenders.kerala.gov.in/nicgep/app?component=%24DirectLink_0&page=FrontEndAdvancedSearchResult&service=direct&session=T&sp=Swf3Ch9J52EiY2acmnD95Ow%3D%3D
11:07:12 [INFO] (Scraper-REG-Kerala)     ➡️  Scraping Detail Page: https://etenders.kerala.gov.in/nicgep/app?component=%24DirectLink_0&page=FrontEndAdvancedSearchResult&service=direct&session=T&sp=SrFNtsFUa3snG4ZF1IoFVlg%3D%3D
11:07:12 [INFO] (Scraper-REG-Kerala)     ➡️  Scraping Detail Page: https://etenders.kerala.gov.in/nicgep/app?component=%24DirectLink_0&page=FrontEndAdvancedSearchResult&service=direct&session=T&sp=SQdBhVg%2BWLMB0gn7mGukM0w%3D%3D
11:07:13 [INFO] (Scraper-REG-Kerala)     ➡️  Scraping Detail Page: https://etenders.kerala.gov.in/nicgep/app?component=%24DirectLink_0&page=FrontEndAdvancedSearchResult&service=direct&session=T&sp=SqCSwasZxBShLdo0rmMy5vw%3D%3D
11:07:13 [INFO] (Scraper-REG-Kerala)     ➡️  Scraping Detail Page: https://etenders.kerala.gov.in/nicgep/app?component=%24DirectLink_0&page=FrontEndAdvancedSearchResult&service=direct&session=T&sp=SZ8VcLcRYWDijIYebSRv5Hw%3D%3D
11:07:13 [INFO] (Scraper-REG-Kerala)     ➡️  Scraping Detail Page: https://etenders.kerala.gov.in/nicgep/app?component=%24DirectLink_0&page=FrontEndAdvancedSearchResult&service=direct&session=T&sp=S2xZHxv8Nh6%2FCus%2BCT7qfdA%3D%3D
11:07:14 [INFO] (Scraper-REG-Kerala)     ➡️  Scraping Detail Page: https://etenders.kerala.gov.in/nicgep/app?component=%24DirectLink_0&page=FrontEndAdvancedSearchResult&service=direct&session=T&sp=SD8zrMeZqEu%2FGU7vS7FsHeg%3D%3D
11:07:14 [INFO] (Scraper-REG-Kerala)     ➡️  Scraping Detail Page: https://etenders.kerala.gov.in/nicgep/app?component=%24DirectLink_0&page=FrontEndAdvancedSearchResult&service=direct&session=T&sp=SW%2BI%2FuenZQu0n9zYLX31Ajg%3D%3D
11:07:14 [INFO] (Scraper-REG-Kerala)   ✅ List Page 2 processed successfully (20 items).
11:07:14 [INFO] (Scraper-REG-Kerala) Scrape run for site Kerala finished. Saved: 200, Failed to save: 0.
11:07:14 [INFO] (Scraper-REG-Kerala) 🏁 Scrape run for site Kerala completed. Duration: 0:00:58.301698.
