15:22:56 [INFO] (Scraper-REG-Punjab) 🚀 Starting DB-integrated scrape run for site: Punjab...
15:22:57 [INFO] (Scraper-REG-Punjab) 📄 Fetching List Page 1 (Attempt 1/4)
15:23:57 [WARNING] (Scraper-REG-Punjab)   ⚠️ Network/Playwright Timeout on List Page 1, attempt 1/4: TimeoutError
15:24:00 [INFO] (Scraper-REG-Punjab) 📄 Fetching List Page 1 (Attempt 2/4)
15:24:12 [INFO] (Scraper-REG-Punjab) 🚀 Starting DB-integrated scrape run for site: Punjab...
15:24:14 [INFO] (Scraper-REG-Punjab) 📄 Fetching List Page 1 (Attempt 1/4)
15:24:14 [DEBUG] (Scraper-REG-Punjab)   P1:A1 - Navigating to URL...
15:24:14 [DEBUG] (Scraper-REG-Punjab)   P1:A1 - Navigation complete. Waiting for content...
15:25:14 [WARNING] (Scraper-REG-Punjab)   ⚠️ Network/Playwright Timeout on List Page 1, attempt 1/4: TimeoutError
15:25:17 [INFO] (Scraper-REG-Punjab) 📄 Fetching List Page 1 (Attempt 2/4)
15:25:17 [DEBUG] (Scraper-REG-Punjab)   P1:A2 - Navigating to URL...
15:25:17 [DEBUG] (Scraper-REG-Punjab)   P1:A2 - Navigation complete. Waiting for content...
15:26:17 [WARNING] (Scraper-REG-Punjab)   ⚠️ Network/Playwright Timeout on List Page 1, attempt 2/4: TimeoutError
15:26:23 [INFO] (Scraper-REG-Punjab) 📄 Fetching List Page 1 (Attempt 3/4)
15:26:23 [DEBUG] (Scraper-REG-Punjab)   P1:A3 - Navigating to URL...
15:26:23 [DEBUG] (Scraper-REG-Punjab)   P1:A3 - Navigation complete. Waiting for content...
15:27:23 [WARNING] (Scraper-REG-Punjab)   ⚠️ Network/Playwright Timeout on List Page 1, attempt 3/4: TimeoutError
15:27:35 [INFO] (Scraper-REG-Punjab) 📄 Fetching List Page 1 (Attempt 4/4)
15:27:35 [DEBUG] (Scraper-REG-Punjab)   P1:A4 - Navigating to URL...
15:27:36 [DEBUG] (Scraper-REG-Punjab)   P1:A4 - Navigation complete. Waiting for content...
16:03:00 [INFO] (Scraper-REG-Punjab) 🚀 Starting DB-integrated scrape run for site: Punjab...
16:03:00 [INFO] (Scraper-REG-Punjab) Performing initial homepage visit to handle popups...
16:03:08 [INFO] (Scraper-REG-Punjab)   No initial popup found, or it closed quickly.
16:03:08 [INFO] (Scraper-REG-Punjab) 📄 Fetching List Page 1 (Attempt 1)...
16:03:08 [INFO] (Scraper-REG-Punjab) 📄 Fetching List Page 2 (Attempt 1)...
16:03:08 [INFO] (Scraper-REG-Punjab) 📄 Fetching List Page 3 (Attempt 1)...
16:03:08 [INFO] (Scraper-REG-Punjab) 📄 Fetching List Page 4 (Attempt 1)...
16:03:08 [INFO] (Scraper-REG-Punjab) 📄 Fetching List Page 5 (Attempt 1)...
16:03:08 [INFO] (Scraper-REG-Punjab) 📄 Fetching List Page 8 (Attempt 1)...
16:03:08 [INFO] (Scraper-REG-Punjab) 📄 Fetching List Page 7 (Attempt 1)...
16:03:08 [INFO] (Scraper-REG-Punjab) 📄 Fetching List Page 6 (Attempt 1)...
16:03:08 [INFO] (Scraper-REG-Punjab) 📄 Fetching List Page 9 (Attempt 1)...
16:03:08 [INFO] (Scraper-REG-Punjab) 📄 Fetching List Page 10 (Attempt 1)...
16:03:08 [DEBUG] (Scraper-REG-Punjab)     ➡️  Scraping Detail Page: https://eproc.punjab.gov.in/nicgep/app?component=%24DirectLink_0&page=FrontEndAdvancedSearchResult&service=direct&session=T&sp=S3BRMMP6YTvYlGvQ1Q0fztw%3D%3D
16:03:08 [DEBUG] (Scraper-REG-Punjab)     ➡️  Scraping Detail Page: https://eproc.punjab.gov.in/nicgep/app?component=%24DirectLink_0&page=FrontEndAdvancedSearchResult&service=direct&session=T&sp=Syy3jJQlrcbal5eIQsM%2F4Ig%3D%3D
16:03:08 [DEBUG] (Scraper-REG-Punjab)     ➡️  Scraping Detail Page: https://eproc.punjab.gov.in/nicgep/app?component=%24DirectLink_0&page=FrontEndAdvancedSearchResult&service=direct&session=T&sp=SjIbxF0pCQ95Zuqd6TAa4Og%3D%3D
16:03:08 [DEBUG] (Scraper-REG-Punjab)     ➡️  Scraping Detail Page: https://eproc.punjab.gov.in/nicgep/app?component=%24DirectLink_0&page=FrontEndAdvancedSearchResult&service=direct&session=T&sp=SjJbhKruKCvCE%2BhJNt8cXuA%3D%3D
16:03:08 [DEBUG] (Scraper-REG-Punjab)     ➡️  Scraping Detail Page: https://eproc.punjab.gov.in/nicgep/app?component=%24DirectLink_0&page=FrontEndAdvancedSearchResult&service=direct&session=T&sp=SgWlWrcEiD8YYaj2p9bC%2BLA%3D%3D
16:03:08 [DEBUG] (Scraper-REG-Punjab)     ➡️  Scraping Detail Page: https://eproc.punjab.gov.in/nicgep/app?component=%24DirectLink_0&page=FrontEndAdvancedSearchResult&service=direct&session=T&sp=SHmQQ%2BpaAgHefqSq2i2Rirw%3D%3D
16:03:08 [DEBUG] (Scraper-REG-Punjab)     ➡️  Scraping Detail Page: https://eproc.punjab.gov.in/nicgep/app?component=%24DirectLink_0&page=FrontEndAdvancedSearchResult&service=direct&session=T&sp=Snt9EYf9bATsdZDWd6GC46A%3D%3D
16:03:08 [DEBUG] (Scraper-REG-Punjab)     ➡️  Scraping Detail Page: https://eproc.punjab.gov.in/nicgep/app?component=%24DirectLink_0&page=FrontEndAdvancedSearchResult&service=direct&session=T&sp=S%2FkuR13zAVYJX5qO2u6SH%2Bw%3D%3D
16:03:08 [DEBUG] (Scraper-REG-Punjab)     ➡️  Scraping Detail Page: https://eproc.punjab.gov.in/nicgep/app?component=%24DirectLink_0&page=FrontEndAdvancedSearchResult&service=direct&session=T&sp=SPTEabilN1aGI5CEU0gKMFg%3D%3D
16:03:08 [DEBUG] (Scraper-REG-Punjab)     ➡️  Scraping Detail Page: https://eproc.punjab.gov.in/nicgep/app?component=%24DirectLink_0&page=FrontEndAdvancedSearchResult&service=direct&session=T&sp=SYqfpqHnr3ULUb8T%2BbMDJLA%3D%3D
16:03:09 [DEBUG] (Scraper-REG-Punjab)     ➡️  Scraping Detail Page: https://eproc.punjab.gov.in/nicgep/app?component=%24DirectLink_0&page=FrontEndAdvancedSearchResult&service=direct&session=T&sp=SyYHQ1fRw2SSPwf1h4z7%2BcA%3D%3D
16:03:09 [DEBUG] (Scraper-REG-Punjab)     ➡️  Scraping Detail Page: https://eproc.punjab.gov.in/nicgep/app?component=%24DirectLink_0&page=FrontEndAdvancedSearchResult&service=direct&session=T&sp=SAh5sBJzjppTnYNe86NS19g%3D%3D
16:03:09 [DEBUG] (Scraper-REG-Punjab)     ➡️  Scraping Detail Page: https://eproc.punjab.gov.in/nicgep/app?component=%24DirectLink_0&page=FrontEndAdvancedSearchResult&service=direct&session=T&sp=S4gGn2mmDH23BCOCLaHyWWA%3D%3D
16:03:09 [DEBUG] (Scraper-REG-Punjab)     ➡️  Scraping Detail Page: https://eproc.punjab.gov.in/nicgep/app?component=%24DirectLink_0&page=FrontEndAdvancedSearchResult&service=direct&session=T&sp=Sk1vwnBV1wftmJEP2L4%2FDzg%3D%3D
16:03:09 [DEBUG] (Scraper-REG-Punjab)     ➡️  Scraping Detail Page: https://eproc.punjab.gov.in/nicgep/app?component=%24DirectLink_0&page=FrontEndAdvancedSearchResult&service=direct&session=T&sp=SvYoGW5lGSMCX0eXR3SuEeQ%3D%3D
16:03:09 [DEBUG] (Scraper-REG-Punjab)     ➡️  Scraping Detail Page: https://eproc.punjab.gov.in/nicgep/app?component=%24DirectLink_0&page=FrontEndAdvancedSearchResult&service=direct&session=T&sp=SHHHNPKQjfh0HJVREx21h2A%3D%3D
16:03:09 [DEBUG] (Scraper-REG-Punjab)     ➡️  Scraping Detail Page: https://eproc.punjab.gov.in/nicgep/app?component=%24DirectLink_0&page=FrontEndAdvancedSearchResult&service=direct&session=T&sp=SEUO%2FcCavtZth2LICVjNONQ%3D%3D
16:03:09 [DEBUG] (Scraper-REG-Punjab)     ➡️  Scraping Detail Page: https://eproc.punjab.gov.in/nicgep/app?component=%24DirectLink_0&page=FrontEndAdvancedSearchResult&service=direct&session=T&sp=Sl6IV7mTteeMon%2Bz1GV3gXA%3D%3D
16:03:09 [DEBUG] (Scraper-REG-Punjab)     ➡️  Scraping Detail Page: https://eproc.punjab.gov.in/nicgep/app?component=%24DirectLink_0&page=FrontEndAdvancedSearchResult&service=direct&session=T&sp=SLGTUQ2OjokS5h%2FNg9era5Q%3D%3D
16:03:09 [DEBUG] (Scraper-REG-Punjab)     ➡️  Scraping Detail Page: https://eproc.punjab.gov.in/nicgep/app?component=%24DirectLink_0&page=FrontEndAdvancedSearchResult&service=direct&session=T&sp=SSLNrOyYs1jkoqCtiBaa6HQ%3D%3D
16:03:09 [DEBUG] (Scraper-REG-Punjab)     ➡️  Scraping Detail Page: https://eproc.punjab.gov.in/nicgep/app?component=%24DirectLink_0&page=FrontEndAdvancedSearchResult&service=direct&session=T&sp=S%2BkoQSRQsGBIQ%2FQzSCOjy3g%3D%3D
16:03:09 [DEBUG] (Scraper-REG-Punjab)     ➡️  Scraping Detail Page: https://eproc.punjab.gov.in/nicgep/app?component=%24DirectLink_0&page=FrontEndAdvancedSearchResult&service=direct&session=T&sp=SJzAfCaQOqXiXhbdlJz0UHA%3D%3D
16:03:09 [DEBUG] (Scraper-REG-Punjab)     ➡️  Scraping Detail Page: https://eproc.punjab.gov.in/nicgep/app?component=%24DirectLink_0&page=FrontEndAdvancedSearchResult&service=direct&session=T&sp=Sv280Pzh9iCT07whO9qAErg%3D%3D
16:03:09 [DEBUG] (Scraper-REG-Punjab)     ➡️  Scraping Detail Page: https://eproc.punjab.gov.in/nicgep/app?component=%24DirectLink_0&page=FrontEndAdvancedSearchResult&service=direct&session=T&sp=SNvBDhGA%2BKpgvRH2Why%2Fn5A%3D%3D
16:03:09 [DEBUG] (Scraper-REG-Punjab)     ➡️  Scraping Detail Page: https://eproc.punjab.gov.in/nicgep/app?component=%24DirectLink_0&page=FrontEndAdvancedSearchResult&service=direct&session=T&sp=SenvV1p9cgSpTovcya%2FACiQ%3D%3D
16:03:09 [DEBUG] (Scraper-REG-Punjab)     ➡️  Scraping Detail Page: https://eproc.punjab.gov.in/nicgep/app?component=%24DirectLink_0&page=FrontEndAdvancedSearchResult&service=direct&session=T&sp=SHN6ZlsdhLMP0G1%2F0U10Rnw%3D%3D
16:03:09 [DEBUG] (Scraper-REG-Punjab)     ➡️  Scraping Detail Page: https://eproc.punjab.gov.in/nicgep/app?component=%24DirectLink_0&page=FrontEndAdvancedSearchResult&service=direct&session=T&sp=S0P5nbq1Cf3ugJRfqvbFtMg%3D%3D
16:03:09 [DEBUG] (Scraper-REG-Punjab)     ➡️  Scraping Detail Page: https://eproc.punjab.gov.in/nicgep/app?component=%24DirectLink_0&page=FrontEndAdvancedSearchResult&service=direct&session=T&sp=SOKbJRrx%2FnRvkFSO8pywHWQ%3D%3D
16:03:10 [DEBUG] (Scraper-REG-Punjab)     ➡️  Scraping Detail Page: https://eproc.punjab.gov.in/nicgep/app?component=%24DirectLink_0&page=FrontEndAdvancedSearchResult&service=direct&session=T&sp=SSDx2VGD1tfB6b5aaf1NWQQ%3D%3D
16:03:10 [DEBUG] (Scraper-REG-Punjab)     ➡️  Scraping Detail Page: https://eproc.punjab.gov.in/nicgep/app?component=%24DirectLink_0&page=FrontEndAdvancedSearchResult&service=direct&session=T&sp=Snge00g4mbEmoJ%2B%2B8k5LwcQ%3D%3D
16:03:10 [DEBUG] (Scraper-REG-Punjab)     ➡️  Scraping Detail Page: https://eproc.punjab.gov.in/nicgep/app?component=%24DirectLink_0&page=FrontEndAdvancedSearchResult&service=direct&session=T&sp=SAd%2BwjIduP4xiuAqjY0KR3A%3D%3D
16:03:10 [DEBUG] (Scraper-REG-Punjab)     ➡️  Scraping Detail Page: https://eproc.punjab.gov.in/nicgep/app?component=%24DirectLink_0&page=FrontEndAdvancedSearchResult&service=direct&session=T&sp=SMhnjJZV5x2MiKXwa0jtkZQ%3D%3D
16:03:10 [DEBUG] (Scraper-REG-Punjab)     ➡️  Scraping Detail Page: https://eproc.punjab.gov.in/nicgep/app?component=%24DirectLink_0&page=FrontEndAdvancedSearchResult&service=direct&session=T&sp=SDe5CE9IrRPiimMJ9DIV4iQ%3D%3D
16:03:10 [DEBUG] (Scraper-REG-Punjab)     ➡️  Scraping Detail Page: https://eproc.punjab.gov.in/nicgep/app?component=%24DirectLink_0&page=FrontEndAdvancedSearchResult&service=direct&session=T&sp=StCDOJSL0zGwHfAJ3boHk2w%3D%3D
16:03:10 [DEBUG] (Scraper-REG-Punjab)     ➡️  Scraping Detail Page: https://eproc.punjab.gov.in/nicgep/app?component=%24DirectLink_0&page=FrontEndAdvancedSearchResult&service=direct&session=T&sp=SnLLdtRWzEfUsxzmXENK35g%3D%3D
16:03:10 [DEBUG] (Scraper-REG-Punjab)     ➡️  Scraping Detail Page: https://eproc.punjab.gov.in/nicgep/app?component=%24DirectLink_0&page=FrontEndAdvancedSearchResult&service=direct&session=T&sp=SW5C8eLqcrktZ0KjQpJuzAQ%3D%3D
16:03:10 [DEBUG] (Scraper-REG-Punjab)     ➡️  Scraping Detail Page: https://eproc.punjab.gov.in/nicgep/app?component=%24DirectLink_0&page=FrontEndAdvancedSearchResult&service=direct&session=T&sp=SaAIUU2MGhDm8X1Xd9jmbSw%3D%3D
16:03:10 [DEBUG] (Scraper-REG-Punjab)     ➡️  Scraping Detail Page: https://eproc.punjab.gov.in/nicgep/app?component=%24DirectLink_0&page=FrontEndAdvancedSearchResult&service=direct&session=T&sp=Sp1%2F52d38UEqFyPsaVJFATg%3D%3D
16:03:10 [DEBUG] (Scraper-REG-Punjab)     ➡️  Scraping Detail Page: https://eproc.punjab.gov.in/nicgep/app?component=%24DirectLink_0&page=FrontEndAdvancedSearchResult&service=direct&session=T&sp=SJzRWy%2Bn1CZEFoPJQlsFGIQ%3D%3D
16:03:10 [DEBUG] (Scraper-REG-Punjab)     ➡️  Scraping Detail Page: https://eproc.punjab.gov.in/nicgep/app?component=%24DirectLink_0&page=FrontEndAdvancedSearchResult&service=direct&session=T&sp=SPP%2BmVomOzkqOrX0XtIynXw%3D%3D
16:03:10 [DEBUG] (Scraper-REG-Punjab)     ➡️  Scraping Detail Page: https://eproc.punjab.gov.in/nicgep/app?component=%24DirectLink_0&page=FrontEndAdvancedSearchResult&service=direct&session=T&sp=SmsPBfuR9V1c8zieTSL7y7w%3D%3D
16:03:10 [DEBUG] (Scraper-REG-Punjab)     ➡️  Scraping Detail Page: https://eproc.punjab.gov.in/nicgep/app?component=%24DirectLink_0&page=FrontEndAdvancedSearchResult&service=direct&session=T&sp=SenSWH5ubTy%2BleXF7kDRyug%3D%3D
16:03:10 [DEBUG] (Scraper-REG-Punjab)     ➡️  Scraping Detail Page: https://eproc.punjab.gov.in/nicgep/app?component=%24DirectLink_0&page=FrontEndAdvancedSearchResult&service=direct&session=T&sp=SREWWgQrOw9icKVyOwstt%2FQ%3D%3D
16:03:10 [DEBUG] (Scraper-REG-Punjab)     ➡️  Scraping Detail Page: https://eproc.punjab.gov.in/nicgep/app?component=%24DirectLink_0&page=FrontEndAdvancedSearchResult&service=direct&session=T&sp=SHEAcTOTnkkggtmQB8JVv%2Fw%3D%3D
16:03:10 [DEBUG] (Scraper-REG-Punjab)     ➡️  Scraping Detail Page: https://eproc.punjab.gov.in/nicgep/app?component=%24DirectLink_0&page=FrontEndAdvancedSearchResult&service=direct&session=T&sp=SGTeDuw1GD58drLz1eokPUQ%3D%3D
16:03:11 [DEBUG] (Scraper-REG-Punjab)     ➡️  Scraping Detail Page: https://eproc.punjab.gov.in/nicgep/app?component=%24DirectLink_0&page=FrontEndAdvancedSearchResult&service=direct&session=T&sp=SeYyHy8tkNXJe4b0gECwKgQ%3D%3D
16:03:11 [DEBUG] (Scraper-REG-Punjab)     ➡️  Scraping Detail Page: https://eproc.punjab.gov.in/nicgep/app?component=%24DirectLink_0&page=FrontEndAdvancedSearchResult&service=direct&session=T&sp=SaIJTg5Hp5g98REF%2FIA6Vwg%3D%3D
16:03:11 [DEBUG] (Scraper-REG-Punjab)     ➡️  Scraping Detail Page: https://eproc.punjab.gov.in/nicgep/app?component=%24DirectLink_0&page=FrontEndAdvancedSearchResult&service=direct&session=T&sp=S%2F8RxH8x4q9vQOWjRQFFoHg%3D%3D
16:03:11 [DEBUG] (Scraper-REG-Punjab)     ➡️  Scraping Detail Page: https://eproc.punjab.gov.in/nicgep/app?component=%24DirectLink_0&page=FrontEndAdvancedSearchResult&service=direct&session=T&sp=Snu%2F8f8wl3cpy%2FdbffAxpXw%3D%3D
16:03:11 [DEBUG] (Scraper-REG-Punjab)     ➡️  Scraping Detail Page: https://eproc.punjab.gov.in/nicgep/app?component=%24DirectLink_0&page=FrontEndAdvancedSearchResult&service=direct&session=T&sp=SK1sqeUFNVc%2FbKgmm1leJqw%3D%3D
16:03:11 [DEBUG] (Scraper-REG-Punjab)     ➡️  Scraping Detail Page: https://eproc.punjab.gov.in/nicgep/app?component=%24DirectLink_0&page=FrontEndAdvancedSearchResult&service=direct&session=T&sp=SyPGdt9n%2FLlLwN3chSEwdbg%3D%3D
16:03:11 [DEBUG] (Scraper-REG-Punjab)     ➡️  Scraping Detail Page: https://eproc.punjab.gov.in/nicgep/app?component=%24DirectLink_0&page=FrontEndAdvancedSearchResult&service=direct&session=T&sp=SJmAwjRgJ6MsUBwB58CqXqg%3D%3D
16:03:11 [DEBUG] (Scraper-REG-Punjab)     ➡️  Scraping Detail Page: https://eproc.punjab.gov.in/nicgep/app?component=%24DirectLink_0&page=FrontEndAdvancedSearchResult&service=direct&session=T&sp=Sz11W5cSxprR4792idyB3%2Fw%3D%3D
16:03:11 [DEBUG] (Scraper-REG-Punjab)     ➡️  Scraping Detail Page: https://eproc.punjab.gov.in/nicgep/app?component=%24DirectLink_0&page=FrontEndAdvancedSearchResult&service=direct&session=T&sp=SjgU28fw65myoVmvgY3isLg%3D%3D
16:03:11 [DEBUG] (Scraper-REG-Punjab)     ➡️  Scraping Detail Page: https://eproc.punjab.gov.in/nicgep/app?component=%24DirectLink_0&page=FrontEndAdvancedSearchResult&service=direct&session=T&sp=SfxhCNsc3RrpCuBY3I6HWZg%3D%3D
16:03:11 [DEBUG] (Scraper-REG-Punjab)     ➡️  Scraping Detail Page: https://eproc.punjab.gov.in/nicgep/app?component=%24DirectLink_0&page=FrontEndAdvancedSearchResult&service=direct&session=T&sp=SazFhXrXAlEYoZjJMV2F5ew%3D%3D
16:03:11 [DEBUG] (Scraper-REG-Punjab)     ➡️  Scraping Detail Page: https://eproc.punjab.gov.in/nicgep/app?component=%24DirectLink_0&page=FrontEndAdvancedSearchResult&service=direct&session=T&sp=S7VpvWJS2alKCQPWh2kxwqw%3D%3D
16:03:11 [DEBUG] (Scraper-REG-Punjab)     ➡️  Scraping Detail Page: https://eproc.punjab.gov.in/nicgep/app?component=%24DirectLink_0&page=FrontEndAdvancedSearchResult&service=direct&session=T&sp=So%2FDnHz2n5%2BcJU%2BaSklZ%2Faw%3D%3D
16:03:11 [DEBUG] (Scraper-REG-Punjab)     ➡️  Scraping Detail Page: https://eproc.punjab.gov.in/nicgep/app?component=%24DirectLink_0&page=FrontEndAdvancedSearchResult&service=direct&session=T&sp=Sijh5BkPzn0lJMy44XUw0Ng%3D%3D
16:03:12 [DEBUG] (Scraper-REG-Punjab)     ➡️  Scraping Detail Page: https://eproc.punjab.gov.in/nicgep/app?component=%24DirectLink_0&page=FrontEndAdvancedSearchResult&service=direct&session=T&sp=SMzkUiRHtJbaXwJsD6%2B6Pbg%3D%3D
16:03:12 [DEBUG] (Scraper-REG-Punjab)     ➡️  Scraping Detail Page: https://eproc.punjab.gov.in/nicgep/app?component=%24DirectLink_0&page=FrontEndAdvancedSearchResult&service=direct&session=T&sp=SFKVaOiyKS%2FptpVnUEs7%2BDw%3D%3D
16:03:12 [DEBUG] (Scraper-REG-Punjab)     ➡️  Scraping Detail Page: https://eproc.punjab.gov.in/nicgep/app?component=%24DirectLink_0&page=FrontEndAdvancedSearchResult&service=direct&session=T&sp=SeOIobwOoX%2B09mwP76iXTNg%3D%3D
16:03:12 [DEBUG] (Scraper-REG-Punjab)     ➡️  Scraping Detail Page: https://eproc.punjab.gov.in/nicgep/app?component=%24DirectLink_0&page=FrontEndAdvancedSearchResult&service=direct&session=T&sp=SlgbeEum2hwywBxU%2F2zVTpQ%3D%3D
16:03:12 [DEBUG] (Scraper-REG-Punjab)     ➡️  Scraping Detail Page: https://eproc.punjab.gov.in/nicgep/app?component=%24DirectLink_0&page=FrontEndAdvancedSearchResult&service=direct&session=T&sp=SLfYBnvwceERTB0%2FkG77uHQ%3D%3D
16:03:12 [DEBUG] (Scraper-REG-Punjab)     ➡️  Scraping Detail Page: https://eproc.punjab.gov.in/nicgep/app?component=%24DirectLink_0&page=FrontEndAdvancedSearchResult&service=direct&session=T&sp=SCIoD0BdLFy3LM3QN80pURQ%3D%3D
16:03:12 [DEBUG] (Scraper-REG-Punjab)     ➡️  Scraping Detail Page: https://eproc.punjab.gov.in/nicgep/app?component=%24DirectLink_0&page=FrontEndAdvancedSearchResult&service=direct&session=T&sp=SoIUDkBw%2FU2lcjZDIaHEmGQ%3D%3D
16:03:12 [DEBUG] (Scraper-REG-Punjab)     ➡️  Scraping Detail Page: https://eproc.punjab.gov.in/nicgep/app?component=%24DirectLink_0&page=FrontEndAdvancedSearchResult&service=direct&session=T&sp=SLD9P%2Btx8qFHv41CuIs409Q%3D%3D
16:03:12 [DEBUG] (Scraper-REG-Punjab)     ➡️  Scraping Detail Page: https://eproc.punjab.gov.in/nicgep/app?component=%24DirectLink_0&page=FrontEndAdvancedSearchResult&service=direct&session=T&sp=S6eoroplvhQR0ztgGjRm8Fg%3D%3D
16:03:12 [DEBUG] (Scraper-REG-Punjab)     ➡️  Scraping Detail Page: https://eproc.punjab.gov.in/nicgep/app?component=%24DirectLink_0&page=FrontEndAdvancedSearchResult&service=direct&session=T&sp=SBqoz1Nk%2FA7KDJ2u9yhDesg%3D%3D
16:03:12 [DEBUG] (Scraper-REG-Punjab)     ➡️  Scraping Detail Page: https://eproc.punjab.gov.in/nicgep/app?component=%24DirectLink_0&page=FrontEndAdvancedSearchResult&service=direct&session=T&sp=S5kADdcp2ftyOE3g2s1491Q%3D%3D
16:03:12 [DEBUG] (Scraper-REG-Punjab)     ➡️  Scraping Detail Page: https://eproc.punjab.gov.in/nicgep/app?component=%24DirectLink_0&page=FrontEndAdvancedSearchResult&service=direct&session=T&sp=SHbIyHbg8VSGs1Lu%2FZnhpPA%3D%3D
16:03:12 [DEBUG] (Scraper-REG-Punjab)     ➡️  Scraping Detail Page: https://eproc.punjab.gov.in/nicgep/app?component=%24DirectLink_0&page=FrontEndAdvancedSearchResult&service=direct&session=T&sp=SHEAcTOTnkkggtmQB8JVv%2Fw%3D%3D
16:03:12 [DEBUG] (Scraper-REG-Punjab)     ➡️  Scraping Detail Page: https://eproc.punjab.gov.in/nicgep/app?component=%24DirectLink_0&page=FrontEndAdvancedSearchResult&service=direct&session=T&sp=SFWBBtg75ML17eA1B5gi7eA%3D%3D
16:03:12 [DEBUG] (Scraper-REG-Punjab)     ➡️  Scraping Detail Page: https://eproc.punjab.gov.in/nicgep/app?component=%24DirectLink_0&page=FrontEndAdvancedSearchResult&service=direct&session=T&sp=ScPpGPNUt%2BdZ7PTsYuF7QhQ%3D%3D
16:03:12 [DEBUG] (Scraper-REG-Punjab)     ➡️  Scraping Detail Page: https://eproc.punjab.gov.in/nicgep/app?component=%24DirectLink_0&page=FrontEndAdvancedSearchResult&service=direct&session=T&sp=SFCuRCsJMzyG1QifOhkUHQA%3D%3D
16:03:12 [DEBUG] (Scraper-REG-Punjab)     ➡️  Scraping Detail Page: https://eproc.punjab.gov.in/nicgep/app?component=%24DirectLink_0&page=FrontEndAdvancedSearchResult&service=direct&session=T&sp=SREWWgQrOw9icKVyOwstt%2FQ%3D%3D
16:03:12 [DEBUG] (Scraper-REG-Punjab)     ➡️  Scraping Detail Page: https://eproc.punjab.gov.in/nicgep/app?component=%24DirectLink_0&page=FrontEndAdvancedSearchResult&service=direct&session=T&sp=SeYyHy8tkNXJe4b0gECwKgQ%3D%3D
16:03:12 [DEBUG] (Scraper-REG-Punjab)     ➡️  Scraping Detail Page: https://eproc.punjab.gov.in/nicgep/app?component=%24DirectLink_0&page=FrontEndAdvancedSearchResult&service=direct&session=T&sp=Si5BNW5RP5PXiIkda2kbvkQ%3D%3D
16:03:12 [DEBUG] (Scraper-REG-Punjab)     ➡️  Scraping Detail Page: https://eproc.punjab.gov.in/nicgep/app?component=%24DirectLink_0&page=FrontEndAdvancedSearchResult&service=direct&session=T&sp=S%2BELO%2BP6IEsoCAAIEPosRBw%3D%3D
16:03:12 [DEBUG] (Scraper-REG-Punjab)     ➡️  Scraping Detail Page: https://eproc.punjab.gov.in/nicgep/app?component=%24DirectLink_0&page=FrontEndAdvancedSearchResult&service=direct&session=T&sp=SenSWH5ubTy%2BleXF7kDRyug%3D%3D
16:03:12 [DEBUG] (Scraper-REG-Punjab)     ➡️  Scraping Detail Page: https://eproc.punjab.gov.in/nicgep/app?component=%24DirectLink_0&page=FrontEndAdvancedSearchResult&service=direct&session=T&sp=SxREraXOqxYyEPCxCI8aFpw%3D%3D
16:03:12 [DEBUG] (Scraper-REG-Punjab)     ➡️  Scraping Detail Page: https://eproc.punjab.gov.in/nicgep/app?component=%24DirectLink_0&page=FrontEndAdvancedSearchResult&service=direct&session=T&sp=SqQnIFUK%2F5Rqxh19aas0SeQ%3D%3D
16:03:12 [DEBUG] (Scraper-REG-Punjab)     ➡️  Scraping Detail Page: https://eproc.punjab.gov.in/nicgep/app?component=%24DirectLink_0&page=FrontEndAdvancedSearchResult&service=direct&session=T&sp=SxsuYR3e5Ob8v4mZJa%2FFHGw%3D%3D
16:03:12 [DEBUG] (Scraper-REG-Punjab)     ➡️  Scraping Detail Page: https://eproc.punjab.gov.in/nicgep/app?component=%24DirectLink_0&page=FrontEndAdvancedSearchResult&service=direct&session=T&sp=SJ0Bp6uKAyEquaVxNVfq5Cw%3D%3D
16:03:12 [DEBUG] (Scraper-REG-Punjab)     ➡️  Scraping Detail Page: https://eproc.punjab.gov.in/nicgep/app?component=%24DirectLink_0&page=FrontEndAdvancedSearchResult&service=direct&session=T&sp=S1Ny%2FtJpZwZRqr5IFlGjIpg%3D%3D
16:03:12 [DEBUG] (Scraper-REG-Punjab)     ➡️  Scraping Detail Page: https://eproc.punjab.gov.in/nicgep/app?component=%24DirectLink_0&page=FrontEndAdvancedSearchResult&service=direct&session=T&sp=SN%2FUheaE86Ley60tjuGKzIA%3D%3D
16:03:12 [DEBUG] (Scraper-REG-Punjab)     ➡️  Scraping Detail Page: https://eproc.punjab.gov.in/nicgep/app?component=%24DirectLink_0&page=FrontEndAdvancedSearchResult&service=direct&session=T&sp=S2B10kDpOKXohsh0r%2BCXYCg%3D%3D
16:03:12 [DEBUG] (Scraper-REG-Punjab)     ➡️  Scraping Detail Page: https://eproc.punjab.gov.in/nicgep/app?component=%24DirectLink_0&page=FrontEndAdvancedSearchResult&service=direct&session=T&sp=SNF2zBsTO15HTDO1a7YPoyA%3D%3D
16:03:12 [DEBUG] (Scraper-REG-Punjab)     ➡️  Scraping Detail Page: https://eproc.punjab.gov.in/nicgep/app?component=%24DirectLink_0&page=FrontEndAdvancedSearchResult&service=direct&session=T&sp=SWlweKefWvVkDuzPL5jxBbw%3D%3D
16:03:12 [DEBUG] (Scraper-REG-Punjab)     ➡️  Scraping Detail Page: https://eproc.punjab.gov.in/nicgep/app?component=%24DirectLink_0&page=FrontEndAdvancedSearchResult&service=direct&session=T&sp=SwiZlRh%2FRb1qb7cqWefAVpg%3D%3D
16:03:13 [DEBUG] (Scraper-REG-Punjab)     ➡️  Scraping Detail Page: https://eproc.punjab.gov.in/nicgep/app?component=%24DirectLink_0&page=FrontEndAdvancedSearchResult&service=direct&session=T&sp=SDFtAWp4pHHfPkE1PVrxKSw%3D%3D
16:03:13 [DEBUG] (Scraper-REG-Punjab)     ➡️  Scraping Detail Page: https://eproc.punjab.gov.in/nicgep/app?component=%24DirectLink_0&page=FrontEndAdvancedSearchResult&service=direct&session=T&sp=SQTvHoZ0Bg5L9Kt%2BC%2F5HUgA%3D%3D
16:03:13 [DEBUG] (Scraper-REG-Punjab)     ➡️  Scraping Detail Page: https://eproc.punjab.gov.in/nicgep/app?component=%24DirectLink_0&page=FrontEndAdvancedSearchResult&service=direct&session=T&sp=SBQ3ar%2FYGFrStg%2BYoZqFyOQ%3D%3D
16:03:13 [DEBUG] (Scraper-REG-Punjab)     ➡️  Scraping Detail Page: https://eproc.punjab.gov.in/nicgep/app?component=%24DirectLink_0&page=FrontEndAdvancedSearchResult&service=direct&session=T&sp=SsaPjvjW1AeqnJOYqKh32WA%3D%3D
16:03:13 [DEBUG] (Scraper-REG-Punjab)     ➡️  Scraping Detail Page: https://eproc.punjab.gov.in/nicgep/app?component=%24DirectLink_0&page=FrontEndAdvancedSearchResult&service=direct&session=T&sp=SRG5oeKQdi5iLOSNizOk8hQ%3D%3D
16:03:13 [DEBUG] (Scraper-REG-Punjab)     ➡️  Scraping Detail Page: https://eproc.punjab.gov.in/nicgep/app?component=%24DirectLink_0&page=FrontEndAdvancedSearchResult&service=direct&session=T&sp=SneTugO8LcdMvcGpuPtKxBw%3D%3D
16:03:13 [DEBUG] (Scraper-REG-Punjab)     ➡️  Scraping Detail Page: https://eproc.punjab.gov.in/nicgep/app?component=%24DirectLink_0&page=FrontEndAdvancedSearchResult&service=direct&session=T&sp=SznIBhkmffq09%2FF7XQq8eYA%3D%3D
16:03:13 [DEBUG] (Scraper-REG-Punjab)     ➡️  Scraping Detail Page: https://eproc.punjab.gov.in/nicgep/app?component=%24DirectLink_0&page=FrontEndAdvancedSearchResult&service=direct&session=T&sp=SyyPYvqbF38cqjAGrOYOvDw%3D%3D
16:03:13 [DEBUG] (Scraper-REG-Punjab)     ➡️  Scraping Detail Page: https://eproc.punjab.gov.in/nicgep/app?component=%24DirectLink_0&page=FrontEndAdvancedSearchResult&service=direct&session=T&sp=SU8ID0ibozsWlFCg%2FS%2Fb0Ew%3D%3D
16:03:13 [DEBUG] (Scraper-REG-Punjab)     ➡️  Scraping Detail Page: https://eproc.punjab.gov.in/nicgep/app?component=%24DirectLink_0&page=FrontEndAdvancedSearchResult&service=direct&session=T&sp=SdGJSmNi%2BawlJkW3TfC5T2w%3D%3D
16:03:13 [DEBUG] (Scraper-REG-Punjab)     ➡️  Scraping Detail Page: https://eproc.punjab.gov.in/nicgep/app?component=%24DirectLink_0&page=FrontEndAdvancedSearchResult&service=direct&session=T&sp=SJCK5trdI%2BpvIbPKpsXoYMw%3D%3D
16:03:13 [DEBUG] (Scraper-REG-Punjab)     ➡️  Scraping Detail Page: https://eproc.punjab.gov.in/nicgep/app?component=%24DirectLink_0&page=FrontEndAdvancedSearchResult&service=direct&session=T&sp=Sp5umFv8oXX1tk3Hj7N9mGA%3D%3D
16:03:13 [DEBUG] (Scraper-REG-Punjab)     ➡️  Scraping Detail Page: https://eproc.punjab.gov.in/nicgep/app?component=%24DirectLink_0&page=FrontEndAdvancedSearchResult&service=direct&session=T&sp=SPdVN2C4RLYMQ6Zc4Dpof7A%3D%3D
16:03:14 [DEBUG] (Scraper-REG-Punjab)     ➡️  Scraping Detail Page: https://eproc.punjab.gov.in/nicgep/app?component=%24DirectLink_0&page=FrontEndAdvancedSearchResult&service=direct&session=T&sp=Sahemf6beWZqMtMeXkRjE1g%3D%3D
16:03:14 [DEBUG] (Scraper-REG-Punjab)     ➡️  Scraping Detail Page: https://eproc.punjab.gov.in/nicgep/app?component=%24DirectLink_0&page=FrontEndAdvancedSearchResult&service=direct&session=T&sp=SPZGUb09ASmOcqcOhLmnN%2Bg%3D%3D
16:03:14 [DEBUG] (Scraper-REG-Punjab)     ➡️  Scraping Detail Page: https://eproc.punjab.gov.in/nicgep/app?component=%24DirectLink_0&page=FrontEndAdvancedSearchResult&service=direct&session=T&sp=S3BRMMP6YTvYlGvQ1Q0fztw%3D%3D
16:03:14 [DEBUG] (Scraper-REG-Punjab)     ➡️  Scraping Detail Page: https://eproc.punjab.gov.in/nicgep/app?component=%24DirectLink_0&page=FrontEndAdvancedSearchResult&service=direct&session=T&sp=SXytKSnQXdBSl41cBMgoXWQ%3D%3D
16:03:14 [DEBUG] (Scraper-REG-Punjab)     ➡️  Scraping Detail Page: https://eproc.punjab.gov.in/nicgep/app?component=%24DirectLink_0&page=FrontEndAdvancedSearchResult&service=direct&session=T&sp=SadJz9DRXIGsmHt6F9yaR4w%3D%3D
16:03:14 [DEBUG] (Scraper-REG-Punjab)     ➡️  Scraping Detail Page: https://eproc.punjab.gov.in/nicgep/app?component=%24DirectLink_0&page=FrontEndAdvancedSearchResult&service=direct&session=T&sp=ST%2BHDJjRJ1h0YMQU5R48HYg%3D%3D
16:03:14 [DEBUG] (Scraper-REG-Punjab)     ➡️  Scraping Detail Page: https://eproc.punjab.gov.in/nicgep/app?component=%24DirectLink_0&page=FrontEndAdvancedSearchResult&service=direct&session=T&sp=Svc%2FcStd8NL4PQ%2FZHKth4Kw%3D%3D
16:03:14 [DEBUG] (Scraper-REG-Punjab)     ➡️  Scraping Detail Page: https://eproc.punjab.gov.in/nicgep/app?component=%24DirectLink_0&page=FrontEndAdvancedSearchResult&service=direct&session=T&sp=S1%2BJkjKlAbvbLu1WFmt%2F6xQ%3D%3D
16:03:14 [DEBUG] (Scraper-REG-Punjab)     ➡️  Scraping Detail Page: https://eproc.punjab.gov.in/nicgep/app?component=%24DirectLink_0&page=FrontEndAdvancedSearchResult&service=direct&session=T&sp=SOGWfqP5DBYk77vuLNvLWaQ%3D%3D
16:03:14 [DEBUG] (Scraper-REG-Punjab)     ➡️  Scraping Detail Page: https://eproc.punjab.gov.in/nicgep/app?component=%24DirectLink_0&page=FrontEndAdvancedSearchResult&service=direct&session=T&sp=S89w1YDAcg5XLXy9SePd77w%3D%3D
16:03:14 [DEBUG] (Scraper-REG-Punjab)     ➡️  Scraping Detail Page: https://eproc.punjab.gov.in/nicgep/app?component=%24DirectLink_0&page=FrontEndAdvancedSearchResult&service=direct&session=T&sp=SpM3nuPFvGJaHHstjMq7efA%3D%3D
16:03:14 [DEBUG] (Scraper-REG-Punjab)     ➡️  Scraping Detail Page: https://eproc.punjab.gov.in/nicgep/app?component=%24DirectLink_0&page=FrontEndAdvancedSearchResult&service=direct&session=T&sp=SQwq583qkBNqSMq3LjXigOw%3D%3D
16:03:14 [DEBUG] (Scraper-REG-Punjab)     ➡️  Scraping Detail Page: https://eproc.punjab.gov.in/nicgep/app?component=%24DirectLink_0&page=FrontEndAdvancedSearchResult&service=direct&session=T&sp=S1kaXFhXwOiyNBy1LLgwWZg%3D%3D
16:03:14 [DEBUG] (Scraper-REG-Punjab)     ➡️  Scraping Detail Page: https://eproc.punjab.gov.in/nicgep/app?component=%24DirectLink_0&page=FrontEndAdvancedSearchResult&service=direct&session=T&sp=SBvRo%2BbTf8eiCxP62rFt%2FIQ%3D%3D
16:03:14 [DEBUG] (Scraper-REG-Punjab)     ➡️  Scraping Detail Page: https://eproc.punjab.gov.in/nicgep/app?component=%24DirectLink_0&page=FrontEndAdvancedSearchResult&service=direct&session=T&sp=Sxsu03wDB0cX3RQwF%2Be13CA%3D%3D
16:03:14 [DEBUG] (Scraper-REG-Punjab)     ➡️  Scraping Detail Page: https://eproc.punjab.gov.in/nicgep/app?component=%24DirectLink_0&page=FrontEndAdvancedSearchResult&service=direct&session=T&sp=S9vQUwARfmzy0ceWHr1EaCg%3D%3D
16:03:14 [DEBUG] (Scraper-REG-Punjab)     ➡️  Scraping Detail Page: https://eproc.punjab.gov.in/nicgep/app?component=%24DirectLink_0&page=FrontEndAdvancedSearchResult&service=direct&session=T&sp=SKEmkb%2Fj83g%2Fk4ULozaIuZA%3D%3D
16:03:14 [DEBUG] (Scraper-REG-Punjab)     ➡️  Scraping Detail Page: https://eproc.punjab.gov.in/nicgep/app?component=%24DirectLink_0&page=FrontEndAdvancedSearchResult&service=direct&session=T&sp=SwwYcmUc2BZ%2FKbEclsZKt2A%3D%3D
16:03:14 [DEBUG] (Scraper-REG-Punjab)     ➡️  Scraping Detail Page: https://eproc.punjab.gov.in/nicgep/app?component=%24DirectLink_0&page=FrontEndAdvancedSearchResult&service=direct&session=T&sp=S7mzzFRbK0d1SZUP%2BTy6kWQ%3D%3D
16:03:14 [DEBUG] (Scraper-REG-Punjab)     ➡️  Scraping Detail Page: https://eproc.punjab.gov.in/nicgep/app?component=%24DirectLink_0&page=FrontEndAdvancedSearchResult&service=direct&session=T&sp=SBxwELpPwbxmwuw9NH4FfBw%3D%3D
16:03:14 [DEBUG] (Scraper-REG-Punjab)     ➡️  Scraping Detail Page: https://eproc.punjab.gov.in/nicgep/app?component=%24DirectLink_0&page=FrontEndAdvancedSearchResult&service=direct&session=T&sp=SNF2zBsTO15HTDO1a7YPoyA%3D%3D
16:03:14 [DEBUG] (Scraper-REG-Punjab)     ➡️  Scraping Detail Page: https://eproc.punjab.gov.in/nicgep/app?component=%24DirectLink_0&page=FrontEndAdvancedSearchResult&service=direct&session=T&sp=Ssuj9LgexXTEqUro6833bxw%3D%3D
16:03:14 [DEBUG] (Scraper-REG-Punjab)     ➡️  Scraping Detail Page: https://eproc.punjab.gov.in/nicgep/app?component=%24DirectLink_0&page=FrontEndAdvancedSearchResult&service=direct&session=T&sp=S4Oa1GOS9ujeM1enzsOqiSQ%3D%3D
16:03:14 [DEBUG] (Scraper-REG-Punjab)     ➡️  Scraping Detail Page: https://eproc.punjab.gov.in/nicgep/app?component=%24DirectLink_0&page=FrontEndAdvancedSearchResult&service=direct&session=T&sp=SwiZlRh%2FRb1qb7cqWefAVpg%3D%3D
16:03:14 [DEBUG] (Scraper-REG-Punjab)     ➡️  Scraping Detail Page: https://eproc.punjab.gov.in/nicgep/app?component=%24DirectLink_0&page=FrontEndAdvancedSearchResult&service=direct&session=T&sp=S9j8dNJHsHAHEqyfGus7JDA%3D%3D
16:03:14 [DEBUG] (Scraper-REG-Punjab)     ➡️  Scraping Detail Page: https://eproc.punjab.gov.in/nicgep/app?component=%24DirectLink_0&page=FrontEndAdvancedSearchResult&service=direct&session=T&sp=S6bStql9b9NFrcBOkHUbd3A%3D%3D
16:03:15 [DEBUG] (Scraper-REG-Punjab)     ➡️  Scraping Detail Page: https://eproc.punjab.gov.in/nicgep/app?component=%24DirectLink_0&page=FrontEndAdvancedSearchResult&service=direct&session=T&sp=SJ0Bp6uKAyEquaVxNVfq5Cw%3D%3D
16:03:15 [DEBUG] (Scraper-REG-Punjab)     ➡️  Scraping Detail Page: https://eproc.punjab.gov.in/nicgep/app?component=%24DirectLink_0&page=FrontEndAdvancedSearchResult&service=direct&session=T&sp=StMjZjTRc08e%2B11hEbwSoTA%3D%3D
16:03:15 [DEBUG] (Scraper-REG-Punjab)     ➡️  Scraping Detail Page: https://eproc.punjab.gov.in/nicgep/app?component=%24DirectLink_0&page=FrontEndAdvancedSearchResult&service=direct&session=T&sp=Sl1%2FBCSKOr4KKqqLuPj0lgA%3D%3D
16:03:15 [DEBUG] (Scraper-REG-Punjab)     ➡️  Scraping Detail Page: https://eproc.punjab.gov.in/nicgep/app?component=%24DirectLink_0&page=FrontEndAdvancedSearchResult&service=direct&session=T&sp=S%2BFxIEAW9%2FF4OaVfyyYHduQ%3D%3D
16:03:15 [DEBUG] (Scraper-REG-Punjab)     ➡️  Scraping Detail Page: https://eproc.punjab.gov.in/nicgep/app?component=%24DirectLink_0&page=FrontEndAdvancedSearchResult&service=direct&session=T&sp=SWlweKefWvVkDuzPL5jxBbw%3D%3D
16:03:15 [DEBUG] (Scraper-REG-Punjab)     ➡️  Scraping Detail Page: https://eproc.punjab.gov.in/nicgep/app?component=%24DirectLink_0&page=FrontEndAdvancedSearchResult&service=direct&session=T&sp=S1Ny%2FtJpZwZRqr5IFlGjIpg%3D%3D
16:03:15 [DEBUG] (Scraper-REG-Punjab)     ➡️  Scraping Detail Page: https://eproc.punjab.gov.in/nicgep/app?component=%24DirectLink_0&page=FrontEndAdvancedSearchResult&service=direct&session=T&sp=SqQnIFUK%2F5Rqxh19aas0SeQ%3D%3D
16:03:15 [DEBUG] (Scraper-REG-Punjab)     ➡️  Scraping Detail Page: https://eproc.punjab.gov.in/nicgep/app?component=%24DirectLink_0&page=FrontEndAdvancedSearchResult&service=direct&session=T&sp=SxsuYR3e5Ob8v4mZJa%2FFHGw%3D%3D
16:03:15 [DEBUG] (Scraper-REG-Punjab)     ➡️  Scraping Detail Page: https://eproc.punjab.gov.in/nicgep/app?component=%24DirectLink_0&page=FrontEndAdvancedSearchResult&service=direct&session=T&sp=SN%2FUheaE86Ley60tjuGKzIA%3D%3D
16:03:15 [DEBUG] (Scraper-REG-Punjab)     ➡️  Scraping Detail Page: https://eproc.punjab.gov.in/nicgep/app?component=%24DirectLink_0&page=FrontEndAdvancedSearchResult&service=direct&session=T&sp=S2B10kDpOKXohsh0r%2BCXYCg%3D%3D
16:03:15 [DEBUG] (Scraper-REG-Punjab)     ➡️  Scraping Detail Page: https://eproc.punjab.gov.in/nicgep/app?component=%24DirectLink_0&page=FrontEndAdvancedSearchResult&service=direct&session=T&sp=SR8ydeZa49q7p5kbdDX7A3A%3D%3D
16:03:15 [DEBUG] (Scraper-REG-Punjab)     ➡️  Scraping Detail Page: https://eproc.punjab.gov.in/nicgep/app?component=%24DirectLink_0&page=FrontEndAdvancedSearchResult&service=direct&session=T&sp=SSnC7%2B8wXlvDJQQF1MHSoSw%3D%3D
16:03:15 [DEBUG] (Scraper-REG-Punjab)     ➡️  Scraping Detail Page: https://eproc.punjab.gov.in/nicgep/app?component=%24DirectLink_0&page=FrontEndAdvancedSearchResult&service=direct&session=T&sp=S%2F29t%2Byybs2A1w%2B06cUZxGw%3D%3D
16:03:15 [DEBUG] (Scraper-REG-Punjab)     ➡️  Scraping Detail Page: https://eproc.punjab.gov.in/nicgep/app?component=%24DirectLink_0&page=FrontEndAdvancedSearchResult&service=direct&session=T&sp=SYMjSbg9rzWJA9WHw2UnEUQ%3D%3D
16:03:15 [DEBUG] (Scraper-REG-Punjab)     ➡️  Scraping Detail Page: https://eproc.punjab.gov.in/nicgep/app?component=%24DirectLink_0&page=FrontEndAdvancedSearchResult&service=direct&session=T&sp=SZiWqz1tB1nb4Klg06R63Cg%3D%3D
16:03:15 [DEBUG] (Scraper-REG-Punjab)     ➡️  Scraping Detail Page: https://eproc.punjab.gov.in/nicgep/app?component=%24DirectLink_0&page=FrontEndAdvancedSearchResult&service=direct&session=T&sp=SHFboLM2p7U05zQqZvYh6eQ%3D%3D
16:03:15 [DEBUG] (Scraper-REG-Punjab)     ➡️  Scraping Detail Page: https://eproc.punjab.gov.in/nicgep/app?component=%24DirectLink_0&page=FrontEndAdvancedSearchResult&service=direct&session=T&sp=SmxliLi2Dr1K41dP78uWXBA%3D%3D
16:03:15 [DEBUG] (Scraper-REG-Punjab)     ➡️  Scraping Detail Page: https://eproc.punjab.gov.in/nicgep/app?component=%24DirectLink_0&page=FrontEndAdvancedSearchResult&service=direct&session=T&sp=SzR6tnIl0DUTSbm2Kr1mLyg%3D%3D
16:03:15 [DEBUG] (Scraper-REG-Punjab)     ➡️  Scraping Detail Page: https://eproc.punjab.gov.in/nicgep/app?component=%24DirectLink_0&page=FrontEndAdvancedSearchResult&service=direct&session=T&sp=SrqxNQIH7LA2gRhqVp%2FQNyA%3D%3D
16:03:15 [DEBUG] (Scraper-REG-Punjab)     ➡️  Scraping Detail Page: https://eproc.punjab.gov.in/nicgep/app?component=%24DirectLink_0&page=FrontEndAdvancedSearchResult&service=direct&session=T&sp=SesZiqmYTQ0CnTaaIK1Wtpg%3D%3D
16:03:16 [DEBUG] (Scraper-REG-Punjab)     ➡️  Scraping Detail Page: https://eproc.punjab.gov.in/nicgep/app?component=%24DirectLink_0&page=FrontEndAdvancedSearchResult&service=direct&session=T&sp=So4pwsl%2FL7BP53DczV6mf1A%3D%3D
16:03:16 [DEBUG] (Scraper-REG-Punjab)     ➡️  Scraping Detail Page: https://eproc.punjab.gov.in/nicgep/app?component=%24DirectLink_0&page=FrontEndAdvancedSearchResult&service=direct&session=T&sp=SMdHeq8z7265ab6sXcmWlWQ%3D%3D
16:03:16 [DEBUG] (Scraper-REG-Punjab)     ➡️  Scraping Detail Page: https://eproc.punjab.gov.in/nicgep/app?component=%24DirectLink_0&page=FrontEndAdvancedSearchResult&service=direct&session=T&sp=S8uKXPP9jHijy11oQL7qrJg%3D%3D
16:03:16 [DEBUG] (Scraper-REG-Punjab)     ➡️  Scraping Detail Page: https://eproc.punjab.gov.in/nicgep/app?component=%24DirectLink_0&page=FrontEndAdvancedSearchResult&service=direct&session=T&sp=SrL89QjWYUYXr1TmoK8MZrQ%3D%3D
16:03:16 [DEBUG] (Scraper-REG-Punjab)     ➡️  Scraping Detail Page: https://eproc.punjab.gov.in/nicgep/app?component=%24DirectLink_0&page=FrontEndAdvancedSearchResult&service=direct&session=T&sp=SwwYcmUc2BZ%2FKbEclsZKt2A%3D%3D
16:03:16 [DEBUG] (Scraper-REG-Punjab)     ➡️  Scraping Detail Page: https://eproc.punjab.gov.in/nicgep/app?component=%24DirectLink_0&page=FrontEndAdvancedSearchResult&service=direct&session=T&sp=SGGC1rmhBsVj%2F968HEZo5Cg%3D%3D
16:03:16 [DEBUG] (Scraper-REG-Punjab)     ➡️  Scraping Detail Page: https://eproc.punjab.gov.in/nicgep/app?component=%24DirectLink_0&page=FrontEndAdvancedSearchResult&service=direct&session=T&sp=S9I1SanogC4voPrrYzLVP3g%3D%3D
16:03:16 [DEBUG] (Scraper-REG-Punjab)     ➡️  Scraping Detail Page: https://eproc.punjab.gov.in/nicgep/app?component=%24DirectLink_0&page=FrontEndAdvancedSearchResult&service=direct&session=T&sp=S4Oa1GOS9ujeM1enzsOqiSQ%3D%3D
16:03:16 [DEBUG] (Scraper-REG-Punjab)     ➡️  Scraping Detail Page: https://eproc.punjab.gov.in/nicgep/app?component=%24DirectLink_0&page=FrontEndAdvancedSearchResult&service=direct&session=T&sp=SmN4XuMl5MwwBLWcSHq6M4g%3D%3D
16:03:16 [DEBUG] (Scraper-REG-Punjab)     ➡️  Scraping Detail Page: https://eproc.punjab.gov.in/nicgep/app?component=%24DirectLink_0&page=FrontEndAdvancedSearchResult&service=direct&session=T&sp=SwiZlRh%2FRb1qb7cqWefAVpg%3D%3D
16:03:16 [DEBUG] (Scraper-REG-Punjab)     ➡️  Scraping Detail Page: https://eproc.punjab.gov.in/nicgep/app?component=%24DirectLink_0&page=FrontEndAdvancedSearchResult&service=direct&session=T&sp=SNF2zBsTO15HTDO1a7YPoyA%3D%3D
16:03:16 [DEBUG] (Scraper-REG-Punjab)     ➡️  Scraping Detail Page: https://eproc.punjab.gov.in/nicgep/app?component=%24DirectLink_0&page=FrontEndAdvancedSearchResult&service=direct&session=T&sp=SRFd%2F1FQu3CVGIVLbZSuAzw%3D%3D
16:03:16 [DEBUG] (Scraper-REG-Punjab)     ➡️  Scraping Detail Page: https://eproc.punjab.gov.in/nicgep/app?component=%24DirectLink_0&page=FrontEndAdvancedSearchResult&service=direct&session=T&sp=SjWAuKForxXEg9mBnXrRPmg%3D%3D
16:03:16 [DEBUG] (Scraper-REG-Punjab)     ➡️  Scraping Detail Page: https://eproc.punjab.gov.in/nicgep/app?component=%24DirectLink_0&page=FrontEndAdvancedSearchResult&service=direct&session=T&sp=Ss4qhPTbls5%2FpzcIXGvyhNw%3D%3D
16:03:16 [DEBUG] (Scraper-REG-Punjab)     ➡️  Scraping Detail Page: https://eproc.punjab.gov.in/nicgep/app?component=%24DirectLink_0&page=FrontEndAdvancedSearchResult&service=direct&session=T&sp=SOPb7quYe%2F37BWuxmJfAZEQ%3D%3D
16:03:16 [DEBUG] (Scraper-REG-Punjab)     ➡️  Scraping Detail Page: https://eproc.punjab.gov.in/nicgep/app?component=%24DirectLink_0&page=FrontEndAdvancedSearchResult&service=direct&session=T&sp=S3piArpyJL%2B3aIq1Ol%2FQ9%2Fg%3D%3D
16:03:17 [DEBUG] (Scraper-REG-Punjab)     ➡️  Scraping Detail Page: https://eproc.punjab.gov.in/nicgep/app?component=%24DirectLink_0&page=FrontEndAdvancedSearchResult&service=direct&session=T&sp=Skn%2FnOuUKQtjDPoCp4iSqYQ%3D%3D
16:03:17 [DEBUG] (Scraper-REG-Punjab)     ➡️  Scraping Detail Page: https://eproc.punjab.gov.in/nicgep/app?component=%24DirectLink_0&page=FrontEndAdvancedSearchResult&service=direct&session=T&sp=StAtjOsM8s%2FrJJk3LYlCXlw%3D%3D
16:03:17 [DEBUG] (Scraper-REG-Punjab)     ➡️  Scraping Detail Page: https://eproc.punjab.gov.in/nicgep/app?component=%24DirectLink_0&page=FrontEndAdvancedSearchResult&service=direct&session=T&sp=S5jL%2FeuvDvDzhZelKfw%2BpwQ%3D%3D
16:03:17 [DEBUG] (Scraper-REG-Punjab)     ➡️  Scraping Detail Page: https://eproc.punjab.gov.in/nicgep/app?component=%24DirectLink_0&page=FrontEndAdvancedSearchResult&service=direct&session=T&sp=SJauT8sP2bEuV1toZ1qbsHw%3D%3D
16:03:17 [DEBUG] (Scraper-REG-Punjab)     ➡️  Scraping Detail Page: https://eproc.punjab.gov.in/nicgep/app?component=%24DirectLink_0&page=FrontEndAdvancedSearchResult&service=direct&session=T&sp=S4evOEKXc9Kk9rpb61a99Yw%3D%3D
16:03:17 [DEBUG] (Scraper-REG-Punjab)     ➡️  Scraping Detail Page: https://eproc.punjab.gov.in/nicgep/app?component=%24DirectLink_0&page=FrontEndAdvancedSearchResult&service=direct&session=T&sp=SATk5zDcGFXZuR1LPUb4DPA%3D%3D
16:03:17 [DEBUG] (Scraper-REG-Punjab)     ➡️  Scraping Detail Page: https://eproc.punjab.gov.in/nicgep/app?component=%24DirectLink_0&page=FrontEndAdvancedSearchResult&service=direct&session=T&sp=SYk8KBiiiZX2Tj5xIHBDKNw%3D%3D
16:03:17 [DEBUG] (Scraper-REG-Punjab)     ➡️  Scraping Detail Page: https://eproc.punjab.gov.in/nicgep/app?component=%24DirectLink_0&page=FrontEndAdvancedSearchResult&service=direct&session=T&sp=S5KZbWmYEsSp1oY2oQkLShw%3D%3D
16:03:17 [DEBUG] (Scraper-REG-Punjab)     ➡️  Scraping Detail Page: https://eproc.punjab.gov.in/nicgep/app?component=%24DirectLink_0&page=FrontEndAdvancedSearchResult&service=direct&session=T&sp=ShetiGVglkjJ%2Fxw4u5jCJRA%3D%3D
16:03:17 [DEBUG] (Scraper-REG-Punjab)     ➡️  Scraping Detail Page: https://eproc.punjab.gov.in/nicgep/app?component=%24DirectLink_0&page=FrontEndAdvancedSearchResult&service=direct&session=T&sp=Sk%2FimxV1faEe5PZtvNisSFw%3D%3D
16:03:17 [DEBUG] (Scraper-REG-Punjab)     ➡️  Scraping Detail Page: https://eproc.punjab.gov.in/nicgep/app?component=%24DirectLink_0&page=FrontEndAdvancedSearchResult&service=direct&session=T&sp=S%2F2eBcovNu1576spCa9Vdmw%3D%3D
16:03:17 [DEBUG] (Scraper-REG-Punjab)     ➡️  Scraping Detail Page: https://eproc.punjab.gov.in/nicgep/app?component=%24DirectLink_0&page=FrontEndAdvancedSearchResult&service=direct&session=T&sp=SJwb1FHmzTtXLnOnlg1%2Bbnw%3D%3D
16:03:17 [DEBUG] (Scraper-REG-Punjab)     ➡️  Scraping Detail Page: https://eproc.punjab.gov.in/nicgep/app?component=%24DirectLink_0&page=FrontEndAdvancedSearchResult&service=direct&session=T&sp=SXMa%2FirC3o5EUeHYTn%2FxAHg%3D%3D
16:03:17 [DEBUG] (Scraper-REG-Punjab)     ➡️  Scraping Detail Page: https://eproc.punjab.gov.in/nicgep/app?component=%24DirectLink_0&page=FrontEndAdvancedSearchResult&service=direct&session=T&sp=S06mHBnqyqy0H%2FRInVOdP6A%3D%3D
16:03:17 [DEBUG] (Scraper-REG-Punjab)     ➡️  Scraping Detail Page: https://eproc.punjab.gov.in/nicgep/app?component=%24DirectLink_0&page=FrontEndAdvancedSearchResult&service=direct&session=T&sp=SXO98BjduBK6eTSYN8jgGsw%3D%3D
16:03:17 [DEBUG] (Scraper-REG-Punjab)     ➡️  Scraping Detail Page: https://eproc.punjab.gov.in/nicgep/app?component=%24DirectLink_0&page=FrontEndAdvancedSearchResult&service=direct&session=T&sp=S5XUxaxZ2MW%2B37o9ZDUJWWg%3D%3D
16:03:17 [DEBUG] (Scraper-REG-Punjab)     ➡️  Scraping Detail Page: https://eproc.punjab.gov.in/nicgep/app?component=%24DirectLink_0&page=FrontEndAdvancedSearchResult&service=direct&session=T&sp=SjWAuKForxXEg9mBnXrRPmg%3D%3D
16:03:17 [DEBUG] (Scraper-REG-Punjab)     ➡️  Scraping Detail Page: https://eproc.punjab.gov.in/nicgep/app?component=%24DirectLink_0&page=FrontEndAdvancedSearchResult&service=direct&session=T&sp=Sk%2FimxV1faEe5PZtvNisSFw%3D%3D
16:03:17 [DEBUG] (Scraper-REG-Punjab)     ➡️  Scraping Detail Page: https://eproc.punjab.gov.in/nicgep/app?component=%24DirectLink_0&page=FrontEndAdvancedSearchResult&service=direct&session=T&sp=SJauT8sP2bEuV1toZ1qbsHw%3D%3D
16:03:17 [DEBUG] (Scraper-REG-Punjab)     ➡️  Scraping Detail Page: https://eproc.punjab.gov.in/nicgep/app?component=%24DirectLink_0&page=FrontEndAdvancedSearchResult&service=direct&session=T&sp=SRFd%2F1FQu3CVGIVLbZSuAzw%3D%3D
16:03:17 [DEBUG] (Scraper-REG-Punjab)     ➡️  Scraping Detail Page: https://eproc.punjab.gov.in/nicgep/app?component=%24DirectLink_0&page=FrontEndAdvancedSearchResult&service=direct&session=T&sp=S%2F2eBcovNu1576spCa9Vdmw%3D%3D
16:03:18 [DEBUG] (Scraper-REG-Punjab)     ➡️  Scraping Detail Page: https://eproc.punjab.gov.in/nicgep/app?component=%24DirectLink_0&page=FrontEndAdvancedSearchResult&service=direct&session=T&sp=Ss4qhPTbls5%2FpzcIXGvyhNw%3D%3D
16:03:18 [DEBUG] (Scraper-REG-Punjab)     ➡️  Scraping Detail Page: https://eproc.punjab.gov.in/nicgep/app?component=%24DirectLink_0&page=FrontEndAdvancedSearchResult&service=direct&session=T&sp=SOPb7quYe%2F37BWuxmJfAZEQ%3D%3D
16:03:18 [DEBUG] (Scraper-REG-Punjab)     ➡️  Scraping Detail Page: https://eproc.punjab.gov.in/nicgep/app?component=%24DirectLink_0&page=FrontEndAdvancedSearchResult&service=direct&session=T&sp=S3piArpyJL%2B3aIq1Ol%2FQ9%2Fg%3D%3D
16:03:18 [DEBUG] (Scraper-REG-Punjab)     ➡️  Scraping Detail Page: https://eproc.punjab.gov.in/nicgep/app?component=%24DirectLink_0&page=FrontEndAdvancedSearchResult&service=direct&session=T&sp=Skn%2FnOuUKQtjDPoCp4iSqYQ%3D%3D
16:03:18 [DEBUG] (Scraper-REG-Punjab)     ➡️  Scraping Detail Page: https://eproc.punjab.gov.in/nicgep/app?component=%24DirectLink_0&page=FrontEndAdvancedSearchResult&service=direct&session=T&sp=StAtjOsM8s%2FrJJk3LYlCXlw%3D%3D
16:03:18 [DEBUG] (Scraper-REG-Punjab)     ➡️  Scraping Detail Page: https://eproc.punjab.gov.in/nicgep/app?component=%24DirectLink_0&page=FrontEndAdvancedSearchResult&service=direct&session=T&sp=S5jL%2FeuvDvDzhZelKfw%2BpwQ%3D%3D
16:03:18 [DEBUG] (Scraper-REG-Punjab)     ➡️  Scraping Detail Page: https://eproc.punjab.gov.in/nicgep/app?component=%24DirectLink_0&page=FrontEndAdvancedSearchResult&service=direct&session=T&sp=SATk5zDcGFXZuR1LPUb4DPA%3D%3D
16:03:18 [DEBUG] (Scraper-REG-Punjab)     ➡️  Scraping Detail Page: https://eproc.punjab.gov.in/nicgep/app?component=%24DirectLink_0&page=FrontEndAdvancedSearchResult&service=direct&session=T&sp=S4evOEKXc9Kk9rpb61a99Yw%3D%3D
16:03:18 [DEBUG] (Scraper-REG-Punjab)     ➡️  Scraping Detail Page: https://eproc.punjab.gov.in/nicgep/app?component=%24DirectLink_0&page=FrontEndAdvancedSearchResult&service=direct&session=T&sp=SYk8KBiiiZX2Tj5xIHBDKNw%3D%3D
16:03:18 [DEBUG] (Scraper-REG-Punjab)     ➡️  Scraping Detail Page: https://eproc.punjab.gov.in/nicgep/app?component=%24DirectLink_0&page=FrontEndAdvancedSearchResult&service=direct&session=T&sp=S5KZbWmYEsSp1oY2oQkLShw%3D%3D
16:03:18 [DEBUG] (Scraper-REG-Punjab)     ➡️  Scraping Detail Page: https://eproc.punjab.gov.in/nicgep/app?component=%24DirectLink_0&page=FrontEndAdvancedSearchResult&service=direct&session=T&sp=ShetiGVglkjJ%2Fxw4u5jCJRA%3D%3D
16:03:18 [DEBUG] (Scraper-REG-Punjab)     ➡️  Scraping Detail Page: https://eproc.punjab.gov.in/nicgep/app?component=%24DirectLink_0&page=FrontEndAdvancedSearchResult&service=direct&session=T&sp=SIDlaohOMpAujzoAXizVURw%3D%3D
16:03:18 [DEBUG] (Scraper-REG-Punjab)     ➡️  Scraping Detail Page: https://eproc.punjab.gov.in/nicgep/app?component=%24DirectLink_0&page=FrontEndAdvancedSearchResult&service=direct&session=T&sp=SNtQzGEdVdT2hA1Ocs%2BdIcg%3D%3D
16:03:18 [DEBUG] (Scraper-REG-Punjab)     ➡️  Scraping Detail Page: https://eproc.punjab.gov.in/nicgep/app?component=%24DirectLink_0&page=FrontEndAdvancedSearchResult&service=direct&session=T&sp=SX4OApGdhDQbpO74EQVToYA%3D%3D
16:03:19 [INFO] (Scraper-REG-Punjab) 🏁 Scrape run for site Punjab completed. Duration: 0:00:18.752631.
16:27:10 [INFO] (Scraper-REG-Punjab) 🚀 Starting DB-integrated scrape run for site: Punjab...
16:27:10 [INFO] (Scraper-REG-Punjab) Performing initial homepage visit to handle popups...
16:27:18 [INFO] (Scraper-REG-Punjab)   No initial popup found, or it closed quickly.
16:27:18 [INFO] (Scraper-REG-Punjab) 📄 Fetching List Page 1 (Attempt 1)...
16:27:18 [DEBUG] (Scraper-REG-Punjab)     ➡️  Scraping Detail Page: https://eproc.punjab.gov.in/nicgep/app?component=%24DirectLink_0&page=FrontEndAdvancedSearchResult&service=direct&session=T&sp=SBvRo%2BbTf8eiCxP62rFt%2FIQ%3D%3D
16:27:18 [DEBUG] (Scraper-REG-Punjab)     ➡️  Scraping Detail Page: https://eproc.punjab.gov.in/nicgep/app?component=%24DirectLink_0&page=FrontEndAdvancedSearchResult&service=direct&session=T&sp=SU09Mfqh1mPxGblGNq6p0RQ%3D%3D
16:27:18 [DEBUG] (Scraper-REG-Punjab)     ➡️  Scraping Detail Page: https://eproc.punjab.gov.in/nicgep/app?component=%24DirectLink_0&page=FrontEndAdvancedSearchResult&service=direct&session=T&sp=S89w1YDAcg5XLXy9SePd77w%3D%3D
16:27:18 [DEBUG] (Scraper-REG-Punjab)     ➡️  Scraping Detail Page: https://eproc.punjab.gov.in/nicgep/app?component=%24DirectLink_0&page=FrontEndAdvancedSearchResult&service=direct&session=T&sp=SXytKSnQXdBSl41cBMgoXWQ%3D%3D
16:27:18 [DEBUG] (Scraper-REG-Punjab)     ➡️  Scraping Detail Page: https://eproc.punjab.gov.in/nicgep/app?component=%24DirectLink_0&page=FrontEndAdvancedSearchResult&service=direct&session=T&sp=S3BRMMP6YTvYlGvQ1Q0fztw%3D%3D
16:27:18 [DEBUG] (Scraper-REG-Punjab)     ➡️  Scraping Detail Page: https://eproc.punjab.gov.in/nicgep/app?component=%24DirectLink_0&page=FrontEndAdvancedSearchResult&service=direct&session=T&sp=SwcPzQmkxq6vW8r%2Be93l7vw%3D%3D
16:27:18 [DEBUG] (Scraper-REG-Punjab)     ➡️  Scraping Detail Page: https://eproc.punjab.gov.in/nicgep/app?component=%24DirectLink_0&page=FrontEndAdvancedSearchResult&service=direct&session=T&sp=SKEmkb%2Fj83g%2Fk4ULozaIuZA%3D%3D
16:27:18 [DEBUG] (Scraper-REG-Punjab)     ➡️  Scraping Detail Page: https://eproc.punjab.gov.in/nicgep/app?component=%24DirectLink_0&page=FrontEndAdvancedSearchResult&service=direct&session=T&sp=SQwq583qkBNqSMq3LjXigOw%3D%3D
16:27:18 [DEBUG] (Scraper-REG-Punjab)     ➡️  Scraping Detail Page: https://eproc.punjab.gov.in/nicgep/app?component=%24DirectLink_0&page=FrontEndAdvancedSearchResult&service=direct&session=T&sp=S9vQUwARfmzy0ceWHr1EaCg%3D%3D
16:27:18 [DEBUG] (Scraper-REG-Punjab)     ➡️  Scraping Detail Page: https://eproc.punjab.gov.in/nicgep/app?component=%24DirectLink_0&page=FrontEndAdvancedSearchResult&service=direct&session=T&sp=SadJz9DRXIGsmHt6F9yaR4w%3D%3D
16:27:18 [DEBUG] (Scraper-REG-Punjab)     ➡️  Scraping Detail Page: https://eproc.punjab.gov.in/nicgep/app?component=%24DirectLink_0&page=FrontEndAdvancedSearchResult&service=direct&session=T&sp=Sp5umFv8oXX1tk3Hj7N9mGA%3D%3D
16:27:18 [DEBUG] (Scraper-REG-Punjab)     ➡️  Scraping Detail Page: https://eproc.punjab.gov.in/nicgep/app?component=%24DirectLink_0&page=FrontEndAdvancedSearchResult&service=direct&session=T&sp=S1%2BJkjKlAbvbLu1WFmt%2F6xQ%3D%3D
16:27:19 [DEBUG] (Scraper-REG-Punjab)     ➡️  Scraping Detail Page: https://eproc.punjab.gov.in/nicgep/app?component=%24DirectLink_0&page=FrontEndAdvancedSearchResult&service=direct&session=T&sp=Sahemf6beWZqMtMeXkRjE1g%3D%3D
16:27:19 [DEBUG] (Scraper-REG-Punjab)     ➡️  Scraping Detail Page: https://eproc.punjab.gov.in/nicgep/app?component=%24DirectLink_0&page=FrontEndAdvancedSearchResult&service=direct&session=T&sp=SpM3nuPFvGJaHHstjMq7efA%3D%3D
16:27:19 [DEBUG] (Scraper-REG-Punjab)     ➡️  Scraping Detail Page: https://eproc.punjab.gov.in/nicgep/app?component=%24DirectLink_0&page=FrontEndAdvancedSearchResult&service=direct&session=T&sp=Sxsu03wDB0cX3RQwF%2Be13CA%3D%3D
16:27:19 [DEBUG] (Scraper-REG-Punjab)     ➡️  Scraping Detail Page: https://eproc.punjab.gov.in/nicgep/app?component=%24DirectLink_0&page=FrontEndAdvancedSearchResult&service=direct&session=T&sp=SPdVN2C4RLYMQ6Zc4Dpof7A%3D%3D
16:27:19 [DEBUG] (Scraper-REG-Punjab)     ➡️  Scraping Detail Page: https://eproc.punjab.gov.in/nicgep/app?component=%24DirectLink_0&page=FrontEndAdvancedSearchResult&service=direct&session=T&sp=ST%2BHDJjRJ1h0YMQU5R48HYg%3D%3D
16:27:19 [DEBUG] (Scraper-REG-Punjab)     ➡️  Scraping Detail Page: https://eproc.punjab.gov.in/nicgep/app?component=%24DirectLink_0&page=FrontEndAdvancedSearchResult&service=direct&session=T&sp=S1kaXFhXwOiyNBy1LLgwWZg%3D%3D
16:27:19 [DEBUG] (Scraper-REG-Punjab)     ➡️  Scraping Detail Page: https://eproc.punjab.gov.in/nicgep/app?component=%24DirectLink_0&page=FrontEndAdvancedSearchResult&service=direct&session=T&sp=SJCK5trdI%2BpvIbPKpsXoYMw%3D%3D
16:27:19 [DEBUG] (Scraper-REG-Punjab)     ➡️  Scraping Detail Page: https://eproc.punjab.gov.in/nicgep/app?component=%24DirectLink_0&page=FrontEndAdvancedSearchResult&service=direct&session=T&sp=SPZGUb09ASmOcqcOhLmnN%2Bg%3D%3D
16:27:19 [INFO] (Scraper-REG-Punjab) 🏁 Scrape run for site Punjab completed. Duration: 0:00:09.523187.
16:29:35 [INFO] (Scraper-REG-Punjab) 🚀 Starting DB-integrated scrape run for site: Punjab...
16:29:35 [INFO] (Scraper-REG-Punjab) Performing initial homepage visit to handle popups...
16:29:43 [INFO] (Scraper-REG-Punjab)   No initial popup found, or it closed quickly.
16:29:43 [INFO] (Scraper-REG-Punjab) 📄 Fetching List Page 1 (Attempt 1)...
16:29:43 [DEBUG] (Scraper-REG-Punjab)     ➡️  Scraping Detail Page: https://eproc.punjab.gov.in/nicgep/app?component=%24DirectLink_0&page=FrontEndAdvancedSearchResult&service=direct&session=T&sp=SU09Mfqh1mPxGblGNq6p0RQ%3D%3D
16:29:43 [DEBUG] (Scraper-REG-Punjab)     ➡️  Scraping Detail Page: https://eproc.punjab.gov.in/nicgep/app?component=%24DirectLink_0&page=FrontEndAdvancedSearchResult&service=direct&session=T&sp=Sp5umFv8oXX1tk3Hj7N9mGA%3D%3D
16:29:43 [DEBUG] (Scraper-REG-Punjab)     ➡️  Scraping Detail Page: https://eproc.punjab.gov.in/nicgep/app?component=%24DirectLink_0&page=FrontEndAdvancedSearchResult&service=direct&session=T&sp=SQwq583qkBNqSMq3LjXigOw%3D%3D
16:29:43 [DEBUG] (Scraper-REG-Punjab)     ➡️  Scraping Detail Page: https://eproc.punjab.gov.in/nicgep/app?component=%24DirectLink_0&page=FrontEndAdvancedSearchResult&service=direct&session=T&sp=SadJz9DRXIGsmHt6F9yaR4w%3D%3D
16:29:43 [DEBUG] (Scraper-REG-Punjab)     ➡️  Scraping Detail Page: https://eproc.punjab.gov.in/nicgep/app?component=%24DirectLink_0&page=FrontEndAdvancedSearchResult&service=direct&session=T&sp=SXytKSnQXdBSl41cBMgoXWQ%3D%3D
16:29:43 [DEBUG] (Scraper-REG-Punjab)     ➡️  Scraping Detail Page: https://eproc.punjab.gov.in/nicgep/app?component=%24DirectLink_0&page=FrontEndAdvancedSearchResult&service=direct&session=T&sp=Sahemf6beWZqMtMeXkRjE1g%3D%3D
16:29:43 [DEBUG] (Scraper-REG-Punjab)     ➡️  Scraping Detail Page: https://eproc.punjab.gov.in/nicgep/app?component=%24DirectLink_0&page=FrontEndAdvancedSearchResult&service=direct&session=T&sp=Sxsu03wDB0cX3RQwF%2Be13CA%3D%3D
16:29:43 [DEBUG] (Scraper-REG-Punjab)     ➡️  Scraping Detail Page: https://eproc.punjab.gov.in/nicgep/app?component=%24DirectLink_0&page=FrontEndAdvancedSearchResult&service=direct&session=T&sp=SBvRo%2BbTf8eiCxP62rFt%2FIQ%3D%3D
16:29:43 [DEBUG] (Scraper-REG-Punjab)     ➡️  Scraping Detail Page: https://eproc.punjab.gov.in/nicgep/app?component=%24DirectLink_0&page=FrontEndAdvancedSearchResult&service=direct&session=T&sp=SpM3nuPFvGJaHHstjMq7efA%3D%3D
16:29:43 [DEBUG] (Scraper-REG-Punjab)     ➡️  Scraping Detail Page: https://eproc.punjab.gov.in/nicgep/app?component=%24DirectLink_0&page=FrontEndAdvancedSearchResult&service=direct&session=T&sp=S1%2BJkjKlAbvbLu1WFmt%2F6xQ%3D%3D
16:29:44 [DEBUG] (Scraper-REG-Punjab)     ➡️  Scraping Detail Page: https://eproc.punjab.gov.in/nicgep/app?component=%24DirectLink_0&page=FrontEndAdvancedSearchResult&service=direct&session=T&sp=S89w1YDAcg5XLXy9SePd77w%3D%3D
16:29:44 [DEBUG] (Scraper-REG-Punjab)     ➡️  Scraping Detail Page: https://eproc.punjab.gov.in/nicgep/app?component=%24DirectLink_0&page=FrontEndAdvancedSearchResult&service=direct&session=T&sp=SwcPzQmkxq6vW8r%2Be93l7vw%3D%3D
16:29:44 [DEBUG] (Scraper-REG-Punjab)     ➡️  Scraping Detail Page: https://eproc.punjab.gov.in/nicgep/app?component=%24DirectLink_0&page=FrontEndAdvancedSearchResult&service=direct&session=T&sp=SPZGUb09ASmOcqcOhLmnN%2Bg%3D%3D
16:29:44 [DEBUG] (Scraper-REG-Punjab)     ➡️  Scraping Detail Page: https://eproc.punjab.gov.in/nicgep/app?component=%24DirectLink_0&page=FrontEndAdvancedSearchResult&service=direct&session=T&sp=ST%2BHDJjRJ1h0YMQU5R48HYg%3D%3D
16:29:44 [DEBUG] (Scraper-REG-Punjab)     ➡️  Scraping Detail Page: https://eproc.punjab.gov.in/nicgep/app?component=%24DirectLink_0&page=FrontEndAdvancedSearchResult&service=direct&session=T&sp=S1kaXFhXwOiyNBy1LLgwWZg%3D%3D
16:29:44 [DEBUG] (Scraper-REG-Punjab)     ➡️  Scraping Detail Page: https://eproc.punjab.gov.in/nicgep/app?component=%24DirectLink_0&page=FrontEndAdvancedSearchResult&service=direct&session=T&sp=SPdVN2C4RLYMQ6Zc4Dpof7A%3D%3D
16:29:44 [DEBUG] (Scraper-REG-Punjab)     ➡️  Scraping Detail Page: https://eproc.punjab.gov.in/nicgep/app?component=%24DirectLink_0&page=FrontEndAdvancedSearchResult&service=direct&session=T&sp=SOGWfqP5DBYk77vuLNvLWaQ%3D%3D
16:29:44 [DEBUG] (Scraper-REG-Punjab)     ➡️  Scraping Detail Page: https://eproc.punjab.gov.in/nicgep/app?component=%24DirectLink_0&page=FrontEndAdvancedSearchResult&service=direct&session=T&sp=S3BRMMP6YTvYlGvQ1Q0fztw%3D%3D
16:29:44 [DEBUG] (Scraper-REG-Punjab)     ➡️  Scraping Detail Page: https://eproc.punjab.gov.in/nicgep/app?component=%24DirectLink_0&page=FrontEndAdvancedSearchResult&service=direct&session=T&sp=Svc%2FcStd8NL4PQ%2FZHKth4Kw%3D%3D
16:29:44 [DEBUG] (Scraper-REG-Punjab)     ➡️  Scraping Detail Page: https://eproc.punjab.gov.in/nicgep/app?component=%24DirectLink_0&page=FrontEndAdvancedSearchResult&service=direct&session=T&sp=SJCK5trdI%2BpvIbPKpsXoYMw%3D%3D
16:29:45 [INFO] (Scraper-REG-Punjab) 🏁 Scrape run for site Punjab completed. Duration: 0:00:09.569668.
16:34:21 [INFO] (Scraper-REG-Punjab) 🚀 Starting DB-integrated scrape run for site: Punjab...
16:34:21 [INFO] (Scraper-REG-Punjab) Performing initial homepage visit to handle popups...
16:34:29 [INFO] (Scraper-REG-Punjab)   No initial popup found, or it closed quickly.
16:34:29 [INFO] (Scraper-REG-Punjab) 📄 Fetching List Page 1 (Attempt 1)...
16:34:29 [DEBUG] (Scraper-REG-Punjab)     ➡️  Scraping Detail Page: https://eproc.punjab.gov.in/nicgep/app?component=%24DirectLink_0&page=FrontEndAdvancedSearchResult&service=direct&session=T&sp=S4gJbJqLzSmAzB2%2FpK3jKzw%3D%3D
16:34:29 [DEBUG] (Scraper-REG-Punjab)     ➡️  Scraping Detail Page: https://eproc.punjab.gov.in/nicgep/app?component=%24DirectLink_0&page=FrontEndAdvancedSearchResult&service=direct&session=T&sp=SU09Mfqh1mPxGblGNq6p0RQ%3D%3D
16:34:29 [DEBUG] (Scraper-REG-Punjab)     ➡️  Scraping Detail Page: https://eproc.punjab.gov.in/nicgep/app?component=%24DirectLink_0&page=FrontEndAdvancedSearchResult&service=direct&session=T&sp=Sxsu03wDB0cX3RQwF%2Be13CA%3D%3D
16:34:29 [DEBUG] (Scraper-REG-Punjab)     ➡️  Scraping Detail Page: https://eproc.punjab.gov.in/nicgep/app?component=%24DirectLink_0&page=FrontEndAdvancedSearchResult&service=direct&session=T&sp=SBvRo%2BbTf8eiCxP62rFt%2FIQ%3D%3D
16:34:29 [DEBUG] (Scraper-REG-Punjab)     ➡️  Scraping Detail Page: https://eproc.punjab.gov.in/nicgep/app?component=%24DirectLink_0&page=FrontEndAdvancedSearchResult&service=direct&session=T&sp=SXytKSnQXdBSl41cBMgoXWQ%3D%3D
16:34:29 [DEBUG] (Scraper-REG-Punjab)     ➡️  Scraping Detail Page: https://eproc.punjab.gov.in/nicgep/app?component=%24DirectLink_0&page=FrontEndAdvancedSearchResult&service=direct&session=T&sp=S89w1YDAcg5XLXy9SePd77w%3D%3D
16:34:29 [DEBUG] (Scraper-REG-Punjab)     ➡️  Scraping Detail Page: https://eproc.punjab.gov.in/nicgep/app?component=%24DirectLink_0&page=FrontEndAdvancedSearchResult&service=direct&session=T&sp=Sahemf6beWZqMtMeXkRjE1g%3D%3D
16:34:29 [DEBUG] (Scraper-REG-Punjab)     ➡️  Scraping Detail Page: https://eproc.punjab.gov.in/nicgep/app?component=%24DirectLink_0&page=FrontEndAdvancedSearchResult&service=direct&session=T&sp=S1%2BJkjKlAbvbLu1WFmt%2F6xQ%3D%3D
16:34:29 [DEBUG] (Scraper-REG-Punjab)     ➡️  Scraping Detail Page: https://eproc.punjab.gov.in/nicgep/app?component=%24DirectLink_0&page=FrontEndAdvancedSearchResult&service=direct&session=T&sp=ST%2BHDJjRJ1h0YMQU5R48HYg%3D%3D
16:34:29 [DEBUG] (Scraper-REG-Punjab)     ➡️  Scraping Detail Page: https://eproc.punjab.gov.in/nicgep/app?component=%24DirectLink_0&page=FrontEndAdvancedSearchResult&service=direct&session=T&sp=SpM3nuPFvGJaHHstjMq7efA%3D%3D
16:34:30 [DEBUG] (Scraper-REG-Punjab)     ➡️  Scraping Detail Page: https://eproc.punjab.gov.in/nicgep/app?component=%24DirectLink_0&page=FrontEndAdvancedSearchResult&service=direct&session=T&sp=SQwq583qkBNqSMq3LjXigOw%3D%3D
16:34:30 [DEBUG] (Scraper-REG-Punjab)     ➡️  Scraping Detail Page: https://eproc.punjab.gov.in/nicgep/app?component=%24DirectLink_0&page=FrontEndAdvancedSearchResult&service=direct&session=T&sp=Sp5umFv8oXX1tk3Hj7N9mGA%3D%3D
16:34:30 [DEBUG] (Scraper-REG-Punjab)     ➡️  Scraping Detail Page: https://eproc.punjab.gov.in/nicgep/app?component=%24DirectLink_0&page=FrontEndAdvancedSearchResult&service=direct&session=T&sp=SPZGUb09ASmOcqcOhLmnN%2Bg%3D%3D
16:34:30 [DEBUG] (Scraper-REG-Punjab)     ➡️  Scraping Detail Page: https://eproc.punjab.gov.in/nicgep/app?component=%24DirectLink_0&page=FrontEndAdvancedSearchResult&service=direct&session=T&sp=S1kaXFhXwOiyNBy1LLgwWZg%3D%3D
16:34:30 [DEBUG] (Scraper-REG-Punjab)     ➡️  Scraping Detail Page: https://eproc.punjab.gov.in/nicgep/app?component=%24DirectLink_0&page=FrontEndAdvancedSearchResult&service=direct&session=T&sp=SadJz9DRXIGsmHt6F9yaR4w%3D%3D
16:34:30 [DEBUG] (Scraper-REG-Punjab)     ➡️  Scraping Detail Page: https://eproc.punjab.gov.in/nicgep/app?component=%24DirectLink_0&page=FrontEndAdvancedSearchResult&service=direct&session=T&sp=SwcPzQmkxq6vW8r%2Be93l7vw%3D%3D
16:34:30 [DEBUG] (Scraper-REG-Punjab)     ➡️  Scraping Detail Page: https://eproc.punjab.gov.in/nicgep/app?component=%24DirectLink_0&page=FrontEndAdvancedSearchResult&service=direct&session=T&sp=S3BRMMP6YTvYlGvQ1Q0fztw%3D%3D
16:34:30 [DEBUG] (Scraper-REG-Punjab)     ➡️  Scraping Detail Page: https://eproc.punjab.gov.in/nicgep/app?component=%24DirectLink_0&page=FrontEndAdvancedSearchResult&service=direct&session=T&sp=S9vQUwARfmzy0ceWHr1EaCg%3D%3D
16:34:30 [DEBUG] (Scraper-REG-Punjab)     ➡️  Scraping Detail Page: https://eproc.punjab.gov.in/nicgep/app?component=%24DirectLink_0&page=FrontEndAdvancedSearchResult&service=direct&session=T&sp=SKEmkb%2Fj83g%2Fk4ULozaIuZA%3D%3D
16:34:30 [DEBUG] (Scraper-REG-Punjab)     ➡️  Scraping Detail Page: https://eproc.punjab.gov.in/nicgep/app?component=%24DirectLink_0&page=FrontEndAdvancedSearchResult&service=direct&session=T&sp=SPdVN2C4RLYMQ6Zc4Dpof7A%3D%3D
16:34:31 [INFO] (Scraper-REG-Punjab) 🏁 Scrape run for site Punjab completed. Duration: 0:00:09.682159.
16:35:17 [INFO] (Scraper-REG-Punjab) 🚀 Starting DB-integrated scrape run for site: Punjab...
16:35:17 [INFO] (Scraper-REG-Punjab) Performing initial homepage visit to handle popups...
16:35:25 [INFO] (Scraper-REG-Punjab)   No initial popup found, or it closed quickly.
16:35:25 [INFO] (Scraper-REG-Punjab) 📄 Fetching List Page 1 (Attempt 1)...
16:35:25 [DEBUG] (Scraper-REG-Punjab)     ➡️  Scraping Detail Page: https://eproc.punjab.gov.in/nicgep/app?component=%24DirectLink_0&page=FrontEndAdvancedSearchResult&service=direct&session=T&sp=S4gJbJqLzSmAzB2%2FpK3jKzw%3D%3D
16:35:25 [DEBUG] (Scraper-REG-Punjab)     ➡️  Scraping Detail Page: https://eproc.punjab.gov.in/nicgep/app?component=%24DirectLink_0&page=FrontEndAdvancedSearchResult&service=direct&session=T&sp=SU09Mfqh1mPxGblGNq6p0RQ%3D%3D
16:35:25 [DEBUG] (Scraper-REG-Punjab)     ➡️  Scraping Detail Page: https://eproc.punjab.gov.in/nicgep/app?component=%24DirectLink_0&page=FrontEndAdvancedSearchResult&service=direct&session=T&sp=SpM3nuPFvGJaHHstjMq7efA%3D%3D
16:35:25 [DEBUG] (Scraper-REG-Punjab)     ➡️  Scraping Detail Page: https://eproc.punjab.gov.in/nicgep/app?component=%24DirectLink_0&page=FrontEndAdvancedSearchResult&service=direct&session=T&sp=S1%2BJkjKlAbvbLu1WFmt%2F6xQ%3D%3D
16:35:25 [DEBUG] (Scraper-REG-Punjab)     ➡️  Scraping Detail Page: https://eproc.punjab.gov.in/nicgep/app?component=%24DirectLink_0&page=FrontEndAdvancedSearchResult&service=direct&session=T&sp=Sahemf6beWZqMtMeXkRjE1g%3D%3D
16:35:25 [DEBUG] (Scraper-REG-Punjab)     ➡️  Scraping Detail Page: https://eproc.punjab.gov.in/nicgep/app?component=%24DirectLink_0&page=FrontEndAdvancedSearchResult&service=direct&session=T&sp=SQwq583qkBNqSMq3LjXigOw%3D%3D
16:35:25 [DEBUG] (Scraper-REG-Punjab)     ➡️  Scraping Detail Page: https://eproc.punjab.gov.in/nicgep/app?component=%24DirectLink_0&page=FrontEndAdvancedSearchResult&service=direct&session=T&sp=SBvRo%2BbTf8eiCxP62rFt%2FIQ%3D%3D
16:35:25 [DEBUG] (Scraper-REG-Punjab)     ➡️  Scraping Detail Page: https://eproc.punjab.gov.in/nicgep/app?component=%24DirectLink_0&page=FrontEndAdvancedSearchResult&service=direct&session=T&sp=S89w1YDAcg5XLXy9SePd77w%3D%3D
16:35:25 [DEBUG] (Scraper-REG-Punjab)     ➡️  Scraping Detail Page: https://eproc.punjab.gov.in/nicgep/app?component=%24DirectLink_0&page=FrontEndAdvancedSearchResult&service=direct&session=T&sp=S3BRMMP6YTvYlGvQ1Q0fztw%3D%3D
16:35:25 [DEBUG] (Scraper-REG-Punjab)     ➡️  Scraping Detail Page: https://eproc.punjab.gov.in/nicgep/app?component=%24DirectLink_0&page=FrontEndAdvancedSearchResult&service=direct&session=T&sp=SKEmkb%2Fj83g%2Fk4ULozaIuZA%3D%3D
16:35:26 [DEBUG] (Scraper-REG-Punjab)     ➡️  Scraping Detail Page: https://eproc.punjab.gov.in/nicgep/app?component=%24DirectLink_0&page=FrontEndAdvancedSearchResult&service=direct&session=T&sp=Sp5umFv8oXX1tk3Hj7N9mGA%3D%3D
16:35:26 [DEBUG] (Scraper-REG-Punjab)     ➡️  Scraping Detail Page: https://eproc.punjab.gov.in/nicgep/app?component=%24DirectLink_0&page=FrontEndAdvancedSearchResult&service=direct&session=T&sp=S9vQUwARfmzy0ceWHr1EaCg%3D%3D
16:35:26 [DEBUG] (Scraper-REG-Punjab)     ➡️  Scraping Detail Page: https://eproc.punjab.gov.in/nicgep/app?component=%24DirectLink_0&page=FrontEndAdvancedSearchResult&service=direct&session=T&sp=SwcPzQmkxq6vW8r%2Be93l7vw%3D%3D
16:35:26 [DEBUG] (Scraper-REG-Punjab)     ➡️  Scraping Detail Page: https://eproc.punjab.gov.in/nicgep/app?component=%24DirectLink_0&page=FrontEndAdvancedSearchResult&service=direct&session=T&sp=SadJz9DRXIGsmHt6F9yaR4w%3D%3D
16:35:26 [DEBUG] (Scraper-REG-Punjab)     ➡️  Scraping Detail Page: https://eproc.punjab.gov.in/nicgep/app?component=%24DirectLink_0&page=FrontEndAdvancedSearchResult&service=direct&session=T&sp=SXytKSnQXdBSl41cBMgoXWQ%3D%3D
16:35:26 [DEBUG] (Scraper-REG-Punjab)     ➡️  Scraping Detail Page: https://eproc.punjab.gov.in/nicgep/app?component=%24DirectLink_0&page=FrontEndAdvancedSearchResult&service=direct&session=T&sp=Sxsu03wDB0cX3RQwF%2Be13CA%3D%3D
16:35:26 [DEBUG] (Scraper-REG-Punjab)     ➡️  Scraping Detail Page: https://eproc.punjab.gov.in/nicgep/app?component=%24DirectLink_0&page=FrontEndAdvancedSearchResult&service=direct&session=T&sp=ST%2BHDJjRJ1h0YMQU5R48HYg%3D%3D
16:35:26 [DEBUG] (Scraper-REG-Punjab)     ➡️  Scraping Detail Page: https://eproc.punjab.gov.in/nicgep/app?component=%24DirectLink_0&page=FrontEndAdvancedSearchResult&service=direct&session=T&sp=Svc%2FcStd8NL4PQ%2FZHKth4Kw%3D%3D
16:35:26 [DEBUG] (Scraper-REG-Punjab)     ➡️  Scraping Detail Page: https://eproc.punjab.gov.in/nicgep/app?component=%24DirectLink_0&page=FrontEndAdvancedSearchResult&service=direct&session=T&sp=S1kaXFhXwOiyNBy1LLgwWZg%3D%3D
16:35:26 [DEBUG] (Scraper-REG-Punjab)     ➡️  Scraping Detail Page: https://eproc.punjab.gov.in/nicgep/app?component=%24DirectLink_0&page=FrontEndAdvancedSearchResult&service=direct&session=T&sp=SOGWfqP5DBYk77vuLNvLWaQ%3D%3D
16:35:27 [INFO] (Scraper-REG-Punjab) 🏁 Scrape run for site Punjab completed. Duration: 0:00:09.638808.
16:41:35 [INFO] (Scraper-REG-Punjab) 🚀 Starting DB-integrated scrape run for site: Punjab...
16:41:35 [INFO] (Scraper-REG-Punjab) Performing initial homepage visit to handle popups...
16:41:43 [INFO] (Scraper-REG-Punjab)   No initial popup found, or it closed quickly.
16:41:43 [INFO] (Scraper-REG-Punjab) 📄 Fetching List Page 1 (Attempt 1)...
16:41:43 [DEBUG] (Scraper-REG-Punjab)     ➡️  Scraping Detail Page: https://eproc.punjab.gov.in/nicgep/app?component=%24DirectLink_0&page=FrontEndAdvancedSearchResult&service=direct&session=T&sp=SoJ7MjuKPf1t93rYqWFBdzQ%3D%3D
16:41:43 [DEBUG] (Scraper-REG-Punjab)     ➡️  Scraping Detail Page: https://eproc.punjab.gov.in/nicgep/app?component=%24DirectLink_0&page=FrontEndAdvancedSearchResult&service=direct&session=T&sp=S4gJbJqLzSmAzB2%2FpK3jKzw%3D%3D
16:41:43 [DEBUG] (Scraper-REG-Punjab)     ➡️  Scraping Detail Page: https://eproc.punjab.gov.in/nicgep/app?component=%24DirectLink_0&page=FrontEndAdvancedSearchResult&service=direct&session=T&sp=SU09Mfqh1mPxGblGNq6p0RQ%3D%3D
16:41:43 [DEBUG] (Scraper-REG-Punjab)     ➡️  Scraping Detail Page: https://eproc.punjab.gov.in/nicgep/app?component=%24DirectLink_0&page=FrontEndAdvancedSearchResult&service=direct&session=T&sp=S1%2BJkjKlAbvbLu1WFmt%2F6xQ%3D%3D
16:41:43 [DEBUG] (Scraper-REG-Punjab)     ➡️  Scraping Detail Page: https://eproc.punjab.gov.in/nicgep/app?component=%24DirectLink_0&page=FrontEndAdvancedSearchResult&service=direct&session=T&sp=Sp5umFv8oXX1tk3Hj7N9mGA%3D%3D
16:41:43 [DEBUG] (Scraper-REG-Punjab)     ➡️  Scraping Detail Page: https://eproc.punjab.gov.in/nicgep/app?component=%24DirectLink_0&page=FrontEndAdvancedSearchResult&service=direct&session=T&sp=SpM3nuPFvGJaHHstjMq7efA%3D%3D
16:41:43 [DEBUG] (Scraper-REG-Punjab)     ➡️  Scraping Detail Page: https://eproc.punjab.gov.in/nicgep/app?component=%24DirectLink_0&page=FrontEndAdvancedSearchResult&service=direct&session=T&sp=SQwq583qkBNqSMq3LjXigOw%3D%3D
16:41:43 [DEBUG] (Scraper-REG-Punjab)     ➡️  Scraping Detail Page: https://eproc.punjab.gov.in/nicgep/app?component=%24DirectLink_0&page=FrontEndAdvancedSearchResult&service=direct&session=T&sp=SXytKSnQXdBSl41cBMgoXWQ%3D%3D
16:41:43 [DEBUG] (Scraper-REG-Punjab)     ➡️  Scraping Detail Page: https://eproc.punjab.gov.in/nicgep/app?component=%24DirectLink_0&page=FrontEndAdvancedSearchResult&service=direct&session=T&sp=SBvRo%2BbTf8eiCxP62rFt%2FIQ%3D%3D
16:41:43 [DEBUG] (Scraper-REG-Punjab)     ➡️  Scraping Detail Page: https://eproc.punjab.gov.in/nicgep/app?component=%24DirectLink_0&page=FrontEndAdvancedSearchResult&service=direct&session=T&sp=S89w1YDAcg5XLXy9SePd77w%3D%3D
16:41:44 [DEBUG] (Scraper-REG-Punjab)     ➡️  Scraping Detail Page: https://eproc.punjab.gov.in/nicgep/app?component=%24DirectLink_0&page=FrontEndAdvancedSearchResult&service=direct&session=T&sp=SwcPzQmkxq6vW8r%2Be93l7vw%3D%3D
16:41:44 [DEBUG] (Scraper-REG-Punjab)     ➡️  Scraping Detail Page: https://eproc.punjab.gov.in/nicgep/app?component=%24DirectLink_0&page=FrontEndAdvancedSearchResult&service=direct&session=T&sp=SadJz9DRXIGsmHt6F9yaR4w%3D%3D
16:41:44 [DEBUG] (Scraper-REG-Punjab)     ➡️  Scraping Detail Page: https://eproc.punjab.gov.in/nicgep/app?component=%24DirectLink_0&page=FrontEndAdvancedSearchResult&service=direct&session=T&sp=Sahemf6beWZqMtMeXkRjE1g%3D%3D
16:41:44 [DEBUG] (Scraper-REG-Punjab)     ➡️  Scraping Detail Page: https://eproc.punjab.gov.in/nicgep/app?component=%24DirectLink_0&page=FrontEndAdvancedSearchResult&service=direct&session=T&sp=SKEmkb%2Fj83g%2Fk4ULozaIuZA%3D%3D
16:41:44 [DEBUG] (Scraper-REG-Punjab)     ➡️  Scraping Detail Page: https://eproc.punjab.gov.in/nicgep/app?component=%24DirectLink_0&page=FrontEndAdvancedSearchResult&service=direct&session=T&sp=S3BRMMP6YTvYlGvQ1Q0fztw%3D%3D
16:41:44 [DEBUG] (Scraper-REG-Punjab)     ➡️  Scraping Detail Page: https://eproc.punjab.gov.in/nicgep/app?component=%24DirectLink_0&page=FrontEndAdvancedSearchResult&service=direct&session=T&sp=SJCK5trdI%2BpvIbPKpsXoYMw%3D%3D
16:41:44 [DEBUG] (Scraper-REG-Punjab)     ➡️  Scraping Detail Page: https://eproc.punjab.gov.in/nicgep/app?component=%24DirectLink_0&page=FrontEndAdvancedSearchResult&service=direct&session=T&sp=Svc%2FcStd8NL4PQ%2FZHKth4Kw%3D%3D
16:41:44 [DEBUG] (Scraper-REG-Punjab)     ➡️  Scraping Detail Page: https://eproc.punjab.gov.in/nicgep/app?component=%24DirectLink_0&page=FrontEndAdvancedSearchResult&service=direct&session=T&sp=SOGWfqP5DBYk77vuLNvLWaQ%3D%3D
16:41:44 [DEBUG] (Scraper-REG-Punjab)     ➡️  Scraping Detail Page: https://eproc.punjab.gov.in/nicgep/app?component=%24DirectLink_0&page=FrontEndAdvancedSearchResult&service=direct&session=T&sp=SPdVN2C4RLYMQ6Zc4Dpof7A%3D%3D
16:41:44 [DEBUG] (Scraper-REG-Punjab)     ➡️  Scraping Detail Page: https://eproc.punjab.gov.in/nicgep/app?component=%24DirectLink_0&page=FrontEndAdvancedSearchResult&service=direct&session=T&sp=ST%2BHDJjRJ1h0YMQU5R48HYg%3D%3D
16:41:45 [INFO] (Scraper-REG-Punjab) 🏁 Scrape run for site Punjab completed. Duration: 0:00:09.875248.
16:48:46 [INFO] (Scraper-REG-Punjab) 🚀 Starting DB-integrated scrape run for site: Punjab...
16:48:46 [INFO] (Scraper-REG-Punjab) Performing initial homepage visit to handle popups...
16:48:54 [INFO] (Scraper-REG-Punjab)   No initial popup found, or it closed quickly.
16:48:54 [INFO] (Scraper-REG-Punjab) 📄 Fetching List Page 1 (Attempt 1)...
16:48:55 [DEBUG] (Scraper-REG-Punjab)     ➡️  Scraping Detail Page: https://eproc.punjab.gov.in/nicgep/app?component=%24DirectLink_0&page=FrontEndAdvancedSearchResult&service=direct&session=T&sp=SU09Mfqh1mPxGblGNq6p0RQ%3D%3D
16:48:55 [DEBUG] (Scraper-REG-Punjab)     ➡️  Scraping Detail Page: https://eproc.punjab.gov.in/nicgep/app?component=%24DirectLink_0&page=FrontEndAdvancedSearchResult&service=direct&session=T&sp=S4gJbJqLzSmAzB2%2FpK3jKzw%3D%3D
16:48:55 [DEBUG] (Scraper-REG-Punjab)     ➡️  Scraping Detail Page: https://eproc.punjab.gov.in/nicgep/app?component=%24DirectLink_0&page=FrontEndAdvancedSearchResult&service=direct&session=T&sp=SoJ7MjuKPf1t93rYqWFBdzQ%3D%3D
16:48:55 [DEBUG] (Scraper-REG-Punjab)     ➡️  Scraping Detail Page: https://eproc.punjab.gov.in/nicgep/app?component=%24DirectLink_0&page=FrontEndAdvancedSearchResult&service=direct&session=T&sp=Sahemf6beWZqMtMeXkRjE1g%3D%3D
16:48:55 [DEBUG] (Scraper-REG-Punjab)     ➡️  Scraping Detail Page: https://eproc.punjab.gov.in/nicgep/app?component=%24DirectLink_0&page=FrontEndAdvancedSearchResult&service=direct&session=T&sp=S89w1YDAcg5XLXy9SePd77w%3D%3D
16:48:55 [DEBUG] (Scraper-REG-Punjab)     ➡️  Scraping Detail Page: https://eproc.punjab.gov.in/nicgep/app?component=%24DirectLink_0&page=FrontEndAdvancedSearchResult&service=direct&session=T&sp=SXytKSnQXdBSl41cBMgoXWQ%3D%3D
16:48:55 [DEBUG] (Scraper-REG-Punjab)     ➡️  Scraping Detail Page: https://eproc.punjab.gov.in/nicgep/app?component=%24DirectLink_0&page=FrontEndAdvancedSearchResult&service=direct&session=T&sp=Sxsu03wDB0cX3RQwF%2Be13CA%3D%3D
16:48:55 [DEBUG] (Scraper-REG-Punjab)     ➡️  Scraping Detail Page: https://eproc.punjab.gov.in/nicgep/app?component=%24DirectLink_0&page=FrontEndAdvancedSearchResult&service=direct&session=T&sp=S1%2BJkjKlAbvbLu1WFmt%2F6xQ%3D%3D
16:48:55 [DEBUG] (Scraper-REG-Punjab)     ➡️  Scraping Detail Page: https://eproc.punjab.gov.in/nicgep/app?component=%24DirectLink_0&page=FrontEndAdvancedSearchResult&service=direct&session=T&sp=SwcPzQmkxq6vW8r%2Be93l7vw%3D%3D
16:48:55 [DEBUG] (Scraper-REG-Punjab)     ➡️  Scraping Detail Page: https://eproc.punjab.gov.in/nicgep/app?component=%24DirectLink_0&page=FrontEndAdvancedSearchResult&service=direct&session=T&sp=SadJz9DRXIGsmHt6F9yaR4w%3D%3D
16:48:55 [DEBUG] (Scraper-REG-Punjab)     ➡️  Scraping Detail Page: https://eproc.punjab.gov.in/nicgep/app?component=%24DirectLink_0&page=FrontEndAdvancedSearchResult&service=direct&session=T&sp=SpM3nuPFvGJaHHstjMq7efA%3D%3D
16:48:55 [DEBUG] (Scraper-REG-Punjab)     ➡️  Scraping Detail Page: https://eproc.punjab.gov.in/nicgep/app?component=%24DirectLink_0&page=FrontEndAdvancedSearchResult&service=direct&session=T&sp=SQwq583qkBNqSMq3LjXigOw%3D%3D
16:48:55 [DEBUG] (Scraper-REG-Punjab)     ➡️  Scraping Detail Page: https://eproc.punjab.gov.in/nicgep/app?component=%24DirectLink_0&page=FrontEndAdvancedSearchResult&service=direct&session=T&sp=Sp5umFv8oXX1tk3Hj7N9mGA%3D%3D
16:48:55 [DEBUG] (Scraper-REG-Punjab)     ➡️  Scraping Detail Page: https://eproc.punjab.gov.in/nicgep/app?component=%24DirectLink_0&page=FrontEndAdvancedSearchResult&service=direct&session=T&sp=SBvRo%2BbTf8eiCxP62rFt%2FIQ%3D%3D
16:48:55 [DEBUG] (Scraper-REG-Punjab)     ➡️  Scraping Detail Page: https://eproc.punjab.gov.in/nicgep/app?component=%24DirectLink_0&page=FrontEndAdvancedSearchResult&service=direct&session=T&sp=SPdVN2C4RLYMQ6Zc4Dpof7A%3D%3D
16:48:55 [DEBUG] (Scraper-REG-Punjab)     ➡️  Scraping Detail Page: https://eproc.punjab.gov.in/nicgep/app?component=%24DirectLink_0&page=FrontEndAdvancedSearchResult&service=direct&session=T&sp=S1kaXFhXwOiyNBy1LLgwWZg%3D%3D
16:48:55 [DEBUG] (Scraper-REG-Punjab)     ➡️  Scraping Detail Page: https://eproc.punjab.gov.in/nicgep/app?component=%24DirectLink_0&page=FrontEndAdvancedSearchResult&service=direct&session=T&sp=SPZGUb09ASmOcqcOhLmnN%2Bg%3D%3D
16:48:55 [DEBUG] (Scraper-REG-Punjab)     ➡️  Scraping Detail Page: https://eproc.punjab.gov.in/nicgep/app?component=%24DirectLink_0&page=FrontEndAdvancedSearchResult&service=direct&session=T&sp=SJCK5trdI%2BpvIbPKpsXoYMw%3D%3D
16:48:55 [DEBUG] (Scraper-REG-Punjab)     ➡️  Scraping Detail Page: https://eproc.punjab.gov.in/nicgep/app?component=%24DirectLink_0&page=FrontEndAdvancedSearchResult&service=direct&session=T&sp=SOGWfqP5DBYk77vuLNvLWaQ%3D%3D
16:48:55 [DEBUG] (Scraper-REG-Punjab)     ➡️  Scraping Detail Page: https://eproc.punjab.gov.in/nicgep/app?component=%24DirectLink_0&page=FrontEndAdvancedSearchResult&service=direct&session=T&sp=Svc%2FcStd8NL4PQ%2FZHKth4Kw%3D%3D
16:48:56 [INFO] (Scraper-REG-Punjab) 🏁 Scrape run for site Punjab completed. Duration: 0:00:09.788701.
16:50:17 [INFO] (Scraper-REG-Punjab) 🚀 Starting DB-integrated scrape run for site: Punjab...
16:50:18 [INFO] (Scraper-REG-Punjab) Performing initial homepage visit to handle popups...
16:50:25 [INFO] (Scraper-REG-Punjab)   No initial popup found, or it closed quickly.
16:50:25 [INFO] (Scraper-REG-Punjab) 📄 Fetching List Page 1 (Attempt 1)...
16:50:26 [DEBUG] (Scraper-REG-Punjab)     ➡️  Scraping Detail Page: https://eproc.punjab.gov.in/nicgep/app?component=%24DirectLink_0&page=FrontEndAdvancedSearchResult&service=direct&session=T&sp=SoJ7MjuKPf1t93rYqWFBdzQ%3D%3D
16:50:26 [DEBUG] (Scraper-REG-Punjab)     ➡️  Scraping Detail Page: https://eproc.punjab.gov.in/nicgep/app?component=%24DirectLink_0&page=FrontEndAdvancedSearchResult&service=direct&session=T&sp=S4gJbJqLzSmAzB2%2FpK3jKzw%3D%3D
16:50:26 [DEBUG] (Scraper-REG-Punjab)     ➡️  Scraping Detail Page: https://eproc.punjab.gov.in/nicgep/app?component=%24DirectLink_0&page=FrontEndAdvancedSearchResult&service=direct&session=T&sp=SU09Mfqh1mPxGblGNq6p0RQ%3D%3D
16:50:26 [DEBUG] (Scraper-REG-Punjab)     ➡️  Scraping Detail Page: https://eproc.punjab.gov.in/nicgep/app?component=%24DirectLink_0&page=FrontEndAdvancedSearchResult&service=direct&session=T&sp=SOGWfqP5DBYk77vuLNvLWaQ%3D%3D
16:50:26 [DEBUG] (Scraper-REG-Punjab)     ➡️  Scraping Detail Page: https://eproc.punjab.gov.in/nicgep/app?component=%24DirectLink_0&page=FrontEndAdvancedSearchResult&service=direct&session=T&sp=SpM3nuPFvGJaHHstjMq7efA%3D%3D
16:50:26 [DEBUG] (Scraper-REG-Punjab)     ➡️  Scraping Detail Page: https://eproc.punjab.gov.in/nicgep/app?component=%24DirectLink_0&page=FrontEndAdvancedSearchResult&service=direct&session=T&sp=SXytKSnQXdBSl41cBMgoXWQ%3D%3D
16:50:26 [DEBUG] (Scraper-REG-Punjab)     ➡️  Scraping Detail Page: https://eproc.punjab.gov.in/nicgep/app?component=%24DirectLink_0&page=FrontEndAdvancedSearchResult&service=direct&session=T&sp=S1%2BJkjKlAbvbLu1WFmt%2F6xQ%3D%3D
16:50:26 [DEBUG] (Scraper-REG-Punjab)     ➡️  Scraping Detail Page: https://eproc.punjab.gov.in/nicgep/app?component=%24DirectLink_0&page=FrontEndAdvancedSearchResult&service=direct&session=T&sp=SadJz9DRXIGsmHt6F9yaR4w%3D%3D
16:50:26 [DEBUG] (Scraper-REG-Punjab)     ➡️  Scraping Detail Page: https://eproc.punjab.gov.in/nicgep/app?component=%24DirectLink_0&page=FrontEndAdvancedSearchResult&service=direct&session=T&sp=SwcPzQmkxq6vW8r%2Be93l7vw%3D%3D
16:50:26 [DEBUG] (Scraper-REG-Punjab)     ➡️  Scraping Detail Page: https://eproc.punjab.gov.in/nicgep/app?component=%24DirectLink_0&page=FrontEndAdvancedSearchResult&service=direct&session=T&sp=Sp5umFv8oXX1tk3Hj7N9mGA%3D%3D
16:50:26 [DEBUG] (Scraper-REG-Punjab)     ➡️  Scraping Detail Page: https://eproc.punjab.gov.in/nicgep/app?component=%24DirectLink_0&page=FrontEndAdvancedSearchResult&service=direct&session=T&sp=S89w1YDAcg5XLXy9SePd77w%3D%3D
16:50:26 [DEBUG] (Scraper-REG-Punjab)     ➡️  Scraping Detail Page: https://eproc.punjab.gov.in/nicgep/app?component=%24DirectLink_0&page=FrontEndAdvancedSearchResult&service=direct&session=T&sp=SBvRo%2BbTf8eiCxP62rFt%2FIQ%3D%3D
16:50:26 [DEBUG] (Scraper-REG-Punjab)     ➡️  Scraping Detail Page: https://eproc.punjab.gov.in/nicgep/app?component=%24DirectLink_0&page=FrontEndAdvancedSearchResult&service=direct&session=T&sp=SQwq583qkBNqSMq3LjXigOw%3D%3D
16:50:26 [DEBUG] (Scraper-REG-Punjab)     ➡️  Scraping Detail Page: https://eproc.punjab.gov.in/nicgep/app?component=%24DirectLink_0&page=FrontEndAdvancedSearchResult&service=direct&session=T&sp=SPdVN2C4RLYMQ6Zc4Dpof7A%3D%3D
16:50:26 [DEBUG] (Scraper-REG-Punjab)     ➡️  Scraping Detail Page: https://eproc.punjab.gov.in/nicgep/app?component=%24DirectLink_0&page=FrontEndAdvancedSearchResult&service=direct&session=T&sp=S9vQUwARfmzy0ceWHr1EaCg%3D%3D
16:50:27 [DEBUG] (Scraper-REG-Punjab)     ➡️  Scraping Detail Page: https://eproc.punjab.gov.in/nicgep/app?component=%24DirectLink_0&page=FrontEndAdvancedSearchResult&service=direct&session=T&sp=S3BRMMP6YTvYlGvQ1Q0fztw%3D%3D
16:50:27 [DEBUG] (Scraper-REG-Punjab)     ➡️  Scraping Detail Page: https://eproc.punjab.gov.in/nicgep/app?component=%24DirectLink_0&page=FrontEndAdvancedSearchResult&service=direct&session=T&sp=SKEmkb%2Fj83g%2Fk4ULozaIuZA%3D%3D
16:50:27 [DEBUG] (Scraper-REG-Punjab)     ➡️  Scraping Detail Page: https://eproc.punjab.gov.in/nicgep/app?component=%24DirectLink_0&page=FrontEndAdvancedSearchResult&service=direct&session=T&sp=SJCK5trdI%2BpvIbPKpsXoYMw%3D%3D
16:50:27 [DEBUG] (Scraper-REG-Punjab)     ➡️  Scraping Detail Page: https://eproc.punjab.gov.in/nicgep/app?component=%24DirectLink_0&page=FrontEndAdvancedSearchResult&service=direct&session=T&sp=Sahemf6beWZqMtMeXkRjE1g%3D%3D
16:50:27 [DEBUG] (Scraper-REG-Punjab)     ➡️  Scraping Detail Page: https://eproc.punjab.gov.in/nicgep/app?component=%24DirectLink_0&page=FrontEndAdvancedSearchResult&service=direct&session=T&sp=Svc%2FcStd8NL4PQ%2FZHKth4Kw%3D%3D
16:50:27 [INFO] (Scraper-REG-Punjab) 🏁 Scrape run for site Punjab completed. Duration: 0:00:09.692480.
16:55:37 [INFO] (Scraper-REG-Punjab) 🚀 Starting DB-integrated scrape run for site: Punjab...
16:55:37 [INFO] (Scraper-REG-Punjab) Performing initial homepage visit to handle popups...
16:55:45 [INFO] (Scraper-REG-Punjab)   No initial popup found, or it closed quickly.
16:55:45 [INFO] (Scraper-REG-Punjab) 📄 Fetching List Page 1 (Attempt 1)...
16:55:45 [DEBUG] (Scraper-REG-Punjab)     ➡️  Scraping Detail Page: https://eproc.punjab.gov.in/nicgep/app?component=%24DirectLink_0&page=FrontEndAdvancedSearchResult&service=direct&session=T&sp=SoJ7MjuKPf1t93rYqWFBdzQ%3D%3D
16:55:45 [DEBUG] (Scraper-REG-Punjab)     ➡️  Scraping Detail Page: https://eproc.punjab.gov.in/nicgep/app?component=%24DirectLink_0&page=FrontEndAdvancedSearchResult&service=direct&session=T&sp=S4gJbJqLzSmAzB2%2FpK3jKzw%3D%3D
16:55:45 [DEBUG] (Scraper-REG-Punjab)     ➡️  Scraping Detail Page: https://eproc.punjab.gov.in/nicgep/app?component=%24DirectLink_0&page=FrontEndAdvancedSearchResult&service=direct&session=T&sp=SQwq583qkBNqSMq3LjXigOw%3D%3D
16:55:45 [DEBUG] (Scraper-REG-Punjab)     ➡️  Scraping Detail Page: https://eproc.punjab.gov.in/nicgep/app?component=%24DirectLink_0&page=FrontEndAdvancedSearchResult&service=direct&session=T&sp=SU09Mfqh1mPxGblGNq6p0RQ%3D%3D
16:55:45 [DEBUG] (Scraper-REG-Punjab)     ➡️  Scraping Detail Page: https://eproc.punjab.gov.in/nicgep/app?component=%24DirectLink_0&page=FrontEndAdvancedSearchResult&service=direct&session=T&sp=SBvRo%2BbTf8eiCxP62rFt%2FIQ%3D%3D
16:55:45 [DEBUG] (Scraper-REG-Punjab)     ➡️  Scraping Detail Page: https://eproc.punjab.gov.in/nicgep/app?component=%24DirectLink_0&page=FrontEndAdvancedSearchResult&service=direct&session=T&sp=S1%2BJkjKlAbvbLu1WFmt%2F6xQ%3D%3D
16:55:45 [DEBUG] (Scraper-REG-Punjab)     ➡️  Scraping Detail Page: https://eproc.punjab.gov.in/nicgep/app?component=%24DirectLink_0&page=FrontEndAdvancedSearchResult&service=direct&session=T&sp=ST%2BHDJjRJ1h0YMQU5R48HYg%3D%3D
16:55:45 [DEBUG] (Scraper-REG-Punjab)     ➡️  Scraping Detail Page: https://eproc.punjab.gov.in/nicgep/app?component=%24DirectLink_0&page=FrontEndAdvancedSearchResult&service=direct&session=T&sp=SpM3nuPFvGJaHHstjMq7efA%3D%3D
16:55:45 [DEBUG] (Scraper-REG-Punjab)     ➡️  Scraping Detail Page: https://eproc.punjab.gov.in/nicgep/app?component=%24DirectLink_0&page=FrontEndAdvancedSearchResult&service=direct&session=T&sp=SXytKSnQXdBSl41cBMgoXWQ%3D%3D
16:55:45 [DEBUG] (Scraper-REG-Punjab)     ➡️  Scraping Detail Page: https://eproc.punjab.gov.in/nicgep/app?component=%24DirectLink_0&page=FrontEndAdvancedSearchResult&service=direct&session=T&sp=SPZGUb09ASmOcqcOhLmnN%2Bg%3D%3D
16:55:46 [DEBUG] (Scraper-REG-Punjab)     ➡️  Scraping Detail Page: https://eproc.punjab.gov.in/nicgep/app?component=%24DirectLink_0&page=FrontEndAdvancedSearchResult&service=direct&session=T&sp=S1kaXFhXwOiyNBy1LLgwWZg%3D%3D
16:55:46 [DEBUG] (Scraper-REG-Punjab)     ➡️  Scraping Detail Page: https://eproc.punjab.gov.in/nicgep/app?component=%24DirectLink_0&page=FrontEndAdvancedSearchResult&service=direct&session=T&sp=Sahemf6beWZqMtMeXkRjE1g%3D%3D
16:55:46 [DEBUG] (Scraper-REG-Punjab)     ➡️  Scraping Detail Page: https://eproc.punjab.gov.in/nicgep/app?component=%24DirectLink_0&page=FrontEndAdvancedSearchResult&service=direct&session=T&sp=Sp5umFv8oXX1tk3Hj7N9mGA%3D%3D
16:55:46 [DEBUG] (Scraper-REG-Punjab)     ➡️  Scraping Detail Page: https://eproc.punjab.gov.in/nicgep/app?component=%24DirectLink_0&page=FrontEndAdvancedSearchResult&service=direct&session=T&sp=SwcPzQmkxq6vW8r%2Be93l7vw%3D%3D
16:55:46 [DEBUG] (Scraper-REG-Punjab)     ➡️  Scraping Detail Page: https://eproc.punjab.gov.in/nicgep/app?component=%24DirectLink_0&page=FrontEndAdvancedSearchResult&service=direct&session=T&sp=SadJz9DRXIGsmHt6F9yaR4w%3D%3D
16:55:46 [DEBUG] (Scraper-REG-Punjab)     ➡️  Scraping Detail Page: https://eproc.punjab.gov.in/nicgep/app?component=%24DirectLink_0&page=FrontEndAdvancedSearchResult&service=direct&session=T&sp=S89w1YDAcg5XLXy9SePd77w%3D%3D
16:55:46 [DEBUG] (Scraper-REG-Punjab)     ➡️  Scraping Detail Page: https://eproc.punjab.gov.in/nicgep/app?component=%24DirectLink_0&page=FrontEndAdvancedSearchResult&service=direct&session=T&sp=Sxsu03wDB0cX3RQwF%2Be13CA%3D%3D
16:55:46 [DEBUG] (Scraper-REG-Punjab)     ➡️  Scraping Detail Page: https://eproc.punjab.gov.in/nicgep/app?component=%24DirectLink_0&page=FrontEndAdvancedSearchResult&service=direct&session=T&sp=S3BRMMP6YTvYlGvQ1Q0fztw%3D%3D
16:55:46 [DEBUG] (Scraper-REG-Punjab)     ➡️  Scraping Detail Page: https://eproc.punjab.gov.in/nicgep/app?component=%24DirectLink_0&page=FrontEndAdvancedSearchResult&service=direct&session=T&sp=SKEmkb%2Fj83g%2Fk4ULozaIuZA%3D%3D
16:55:46 [DEBUG] (Scraper-REG-Punjab)     ➡️  Scraping Detail Page: https://eproc.punjab.gov.in/nicgep/app?component=%24DirectLink_0&page=FrontEndAdvancedSearchResult&service=direct&session=T&sp=S9vQUwARfmzy0ceWHr1EaCg%3D%3D
16:55:47 [INFO] (Scraper-REG-Punjab) 🏁 Scrape run for site Punjab completed. Duration: 0:00:09.986812.
