

======== 2025-06-04 / Site: Haryana (Regular Scrape) ========
15:47:53 [INFO] (Scraper-REG-Haryana) 🚀 Starting scrape run for site: Haryana...
15:47:53 [INFO] (Scraper-REG-Haryana) Using settings: MaxPages=1, Retries=3, ListConc=10, DetailConc=2, PageTimeout=75000, DetailTimeout=75000
15:47:54 [INFO] (Scraper-REG-Haryana) Launched browser context. Max list page concurrency: 10
15:47:54 [INFO] (Scraper-REG-Haryana) 🚀 Preparing batch for List Pages: 1 to 1
15:47:54 [INFO] (Scraper-REG-Haryana) 📄 Fetching List Page 1 (Attempt 1/4)
15:47:56 [INFO] (Scraper-REG-Haryana)   ⏯️ Gathering 20 detail scrape tasks for page 1 (Semaphore limit: 2)...
15:47:57 [INFO] (Scraper-REG-Haryana)     ➡️  Scraping Detail Page: https://etenders.hry.nic.in/nicgep/app?component=%24DirectLink_0&page=FrontEndAdvancedSearchResult&service=direct&session=T&sp=SWpFVxKJB5MG5%2Be5FTWmA%2Fw%3D%3D
15:47:57 [INFO] (Scraper-REG-Haryana)     ➡️  Scraping Detail Page: https://etenders.hry.nic.in/nicgep/app?component=%24DirectLink_0&page=FrontEndAdvancedSearchResult&service=direct&session=T&sp=SeHsHNoP%2F33Ozyqg2jc0DSA%3D%3D
15:47:58 [INFO] (Scraper-REG-Haryana)     ➡️  Scraping Detail Page: https://etenders.hry.nic.in/nicgep/app?component=%24DirectLink_0&page=FrontEndAdvancedSearchResult&service=direct&session=T&sp=SBEvG1I9ml94Vb0xwVFY2lA%3D%3D
15:47:58 [INFO] (Scraper-REG-Haryana)     ➡️  Scraping Detail Page: https://etenders.hry.nic.in/nicgep/app?component=%24DirectLink_0&page=FrontEndAdvancedSearchResult&service=direct&session=T&sp=S8n9TNjOEn1GhkolcGinTiw%3D%3D
15:47:59 [INFO] (Scraper-REG-Haryana)     ➡️  Scraping Detail Page: https://etenders.hry.nic.in/nicgep/app?component=%24DirectLink_0&page=FrontEndAdvancedSearchResult&service=direct&session=T&sp=SrH6efTVN5592hQvnbZB84A%3D%3D
15:47:59 [INFO] (Scraper-REG-Haryana)     ➡️  Scraping Detail Page: https://etenders.hry.nic.in/nicgep/app?component=%24DirectLink_0&page=FrontEndAdvancedSearchResult&service=direct&session=T&sp=SW3ji01KFCyU7g7Z%2FGctFOw%3D%3D
15:47:59 [INFO] (Scraper-REG-Haryana)     ➡️  Scraping Detail Page: https://etenders.hry.nic.in/nicgep/app?component=%24DirectLink_0&page=FrontEndAdvancedSearchResult&service=direct&session=T&sp=SC9R8bwiYcl1FaxSUdeecwQ%3D%3D
15:48:00 [INFO] (Scraper-REG-Haryana)     ➡️  Scraping Detail Page: https://etenders.hry.nic.in/nicgep/app?component=%24DirectLink_0&page=FrontEndAdvancedSearchResult&service=direct&session=T&sp=SIBi42A%2BOYcsiDtdG8uXJmw%3D%3D
15:48:00 [INFO] (Scraper-REG-Haryana)     ➡️  Scraping Detail Page: https://etenders.hry.nic.in/nicgep/app?component=%24DirectLink_0&page=FrontEndAdvancedSearchResult&service=direct&session=T&sp=SrHPUu5DyVk8AuTzHxf673A%3D%3D
15:48:00 [INFO] (Scraper-REG-Haryana)     ➡️  Scraping Detail Page: https://etenders.hry.nic.in/nicgep/app?component=%24DirectLink_0&page=FrontEndAdvancedSearchResult&service=direct&session=T&sp=SQuuXBizgiF8MdHMF5wkXEg%3D%3D
15:48:01 [INFO] (Scraper-REG-Haryana)     ➡️  Scraping Detail Page: https://etenders.hry.nic.in/nicgep/app?component=%24DirectLink_0&page=FrontEndAdvancedSearchResult&service=direct&session=T&sp=Ss9SZeusoGL2GVdGJrBCAVA%3D%3D
15:48:01 [INFO] (Scraper-REG-Haryana)     ➡️  Scraping Detail Page: https://etenders.hry.nic.in/nicgep/app?component=%24DirectLink_0&page=FrontEndAdvancedSearchResult&service=direct&session=T&sp=SH%2BohtVcyrBooRIWqq%2BAWkw%3D%3D
15:48:01 [INFO] (Scraper-REG-Haryana)     ➡️  Scraping Detail Page: https://etenders.hry.nic.in/nicgep/app?component=%24DirectLink_0&page=FrontEndAdvancedSearchResult&service=direct&session=T&sp=STsqOxPcaGZo12QZg27heiQ%3D%3D
15:48:02 [INFO] (Scraper-REG-Haryana)     ➡️  Scraping Detail Page: https://etenders.hry.nic.in/nicgep/app?component=%24DirectLink_0&page=FrontEndAdvancedSearchResult&service=direct&session=T&sp=SrkZA4%2F85JzyJA6hLk6MreA%3D%3D
15:48:02 [INFO] (Scraper-REG-Haryana)     ➡️  Scraping Detail Page: https://etenders.hry.nic.in/nicgep/app?component=%24DirectLink_0&page=FrontEndAdvancedSearchResult&service=direct&session=T&sp=SiQv5hLNtrrErr%2BWXmYVlVQ%3D%3D
15:48:03 [INFO] (Scraper-REG-Haryana)     ➡️  Scraping Detail Page: https://etenders.hry.nic.in/nicgep/app?component=%24DirectLink_0&page=FrontEndAdvancedSearchResult&service=direct&session=T&sp=StnvhY2CwCOEuOI4VftF8uw%3D%3D
15:48:04 [INFO] (Scraper-REG-Haryana)     ➡️  Scraping Detail Page: https://etenders.hry.nic.in/nicgep/app?component=%24DirectLink_0&page=FrontEndAdvancedSearchResult&service=direct&session=T&sp=SzKqwlUNt16DM8vF5iZyyKw%3D%3D
15:48:04 [INFO] (Scraper-REG-Haryana)     ➡️  Scraping Detail Page: https://etenders.hry.nic.in/nicgep/app?component=%24DirectLink_0&page=FrontEndAdvancedSearchResult&service=direct&session=T&sp=SVN5SKz6dA3bNxa2mErU%2Bmw%3D%3D
15:48:05 [INFO] (Scraper-REG-Haryana)     ➡️  Scraping Detail Page: https://etenders.hry.nic.in/nicgep/app?component=%24DirectLink_0&page=FrontEndAdvancedSearchResult&service=direct&session=T&sp=S%2FfpQe3TjvM3Kfnm5td6aPQ%3D%3D
15:48:05 [INFO] (Scraper-REG-Haryana)     ➡️  Scraping Detail Page: https://etenders.hry.nic.in/nicgep/app?component=%24DirectLink_0&page=FrontEndAdvancedSearchResult&service=direct&session=T&sp=SiHPi%2FyF%2FISywePG8a8%2BrzQ%3D%3D
15:48:07 [INFO] (Scraper-REG-Haryana)   ✅ Finished gathering detail scrape results for page 1.
15:48:07 [INFO] (Scraper-REG-Haryana)   ✅ List Page 1 processed successfully (20 valid items found on list).
15:48:07 [INFO] (Scraper-REG-Haryana) Reached maximum page limit for site: 1.
15:48:07 [INFO] (Scraper-REG-Haryana) Attempting to close browser context and browser...
15:48:07 [INFO] (Scraper-REG-Haryana) Browser closed.
15:48:07 [INFO] (Scraper-REG-Haryana) Fetching complete for site Haryana. Processed up to list page: 1. Saved 1 intermediate files.
15:48:07 [INFO] (Scraper-REG-Haryana) Merge and cleanup phase for site Haryana...
15:48:07 [INFO] (Scraper-REG-Haryana) Merging raw files for site 'Haryana' into: /root/TenFin/site_data/REG/MergedSiteSpecific/Merged_Haryana_2025-06-04.txt, from: /root/TenFin/site_data/REG/RawPages/Haryana
15:48:07 [INFO] (Scraper-REG-Haryana) Found 1 raw page files for site 'Haryana'.
15:48:07 [INFO] (Scraper-REG-Haryana) ✅ Merged 20 unique tender blocks for site 'Haryana' into: /root/TenFin/site_data/REG/MergedSiteSpecific/Merged_Haryana_2025-06-04.txt
15:48:07 [INFO] (Scraper-REG-Haryana) Successfully removed empty raw directory for site 'Haryana': /root/TenFin/site_data/REG/RawPages/Haryana
15:48:07 [INFO] (Scraper-REG-Haryana) 🏁 Scrape run for site Haryana completed. Duration: 0:00:13.077494. Merged unique tender blocks: 20.
15:48:07 [INFO] (Scraper-REG-Haryana)    Final site-specific merged file for Haryana: /root/TenFin/site_data/REG/MergedSiteSpecific/Merged_Haryana_2025-06-04.txt
