15:31:41 [INFO] (Scraper-REG-Assam) 🚀 Starting DB-integrated scrape run for site: Assam...
15:31:41 [INFO] (Scraper-REG-Assam) 📄 Fetching List Page 1 (Attempt 1/4)
15:31:42 [INFO] (Scraper-REG-Assam)   ⏯️ Gathering 20 detail scrape tasks for page 1.
15:31:42 [INFO] (Scraper-REG-Assam)     ➡️  Scraping Detail Page: https://assamtenders.gov.in/nicgep/app?component=%24DirectLink_0&page=FrontEndAdvancedSearchResult&service=direct&session=T&sp=SZiFRYXGr7Kqxy%2FRjf00R3Q%3D%3D
15:31:42 [INFO] (Scraper-REG-Assam)     ➡️  Scraping Detail Page: https://assamtenders.gov.in/nicgep/app?component=%24DirectLink_0&page=FrontEndAdvancedSearchResult&service=direct&session=T&sp=SJidYmlbPUQAtA4B6LBW9MQ%3D%3D
15:31:43 [INFO] (Scraper-REG-Assam)     ➡️  Scraping Detail Page: https://assamtenders.gov.in/nicgep/app?component=%24DirectLink_0&page=FrontEndAdvancedSearchResult&service=direct&session=T&sp=Sxk8pnyQwEyM2EShz93tDxQ%3D%3D
15:31:43 [INFO] (Scraper-REG-Assam)     ➡️  Scraping Detail Page: https://assamtenders.gov.in/nicgep/app?component=%24DirectLink_0&page=FrontEndAdvancedSearchResult&service=direct&session=T&sp=S7twaTHnqgoRKnzUPZOgoLA%3D%3D
15:31:43 [INFO] (Scraper-REG-Assam)     ➡️  Scraping Detail Page: https://assamtenders.gov.in/nicgep/app?component=%24DirectLink_0&page=FrontEndAdvancedSearchResult&service=direct&session=T&sp=S1ppC3PVZg%2F4nCx6bIhAdIg%3D%3D
15:31:44 [INFO] (Scraper-REG-Assam)     ➡️  Scraping Detail Page: https://assamtenders.gov.in/nicgep/app?component=%24DirectLink_0&page=FrontEndAdvancedSearchResult&service=direct&session=T&sp=S386Bth%2FJAfBOCCFkxF0Zsw%3D%3D
15:31:44 [INFO] (Scraper-REG-Assam)     ➡️  Scraping Detail Page: https://assamtenders.gov.in/nicgep/app?component=%24DirectLink_0&page=FrontEndAdvancedSearchResult&service=direct&session=T&sp=S%2FFsExSn%2Fv9hRD%2F%2Ffp6loeQ%3D%3D
15:31:44 [INFO] (Scraper-REG-Assam)     ➡️  Scraping Detail Page: https://assamtenders.gov.in/nicgep/app?component=%24DirectLink_0&page=FrontEndAdvancedSearchResult&service=direct&session=T&sp=SrhZbnglxffNUzw6bXyqFiQ%3D%3D
15:31:44 [INFO] (Scraper-REG-Assam)     ➡️  Scraping Detail Page: https://assamtenders.gov.in/nicgep/app?component=%24DirectLink_0&page=FrontEndAdvancedSearchResult&service=direct&session=T&sp=SAHJwDH5DDL1fUxxj44polA%3D%3D
15:31:45 [INFO] (Scraper-REG-Assam)     ➡️  Scraping Detail Page: https://assamtenders.gov.in/nicgep/app?component=%24DirectLink_0&page=FrontEndAdvancedSearchResult&service=direct&session=T&sp=StZg7TnRTlQNlYSphc8lChQ%3D%3D
15:31:45 [INFO] (Scraper-REG-Assam)     ➡️  Scraping Detail Page: https://assamtenders.gov.in/nicgep/app?component=%24DirectLink_0&page=FrontEndAdvancedSearchResult&service=direct&session=T&sp=SRAsHb%2Fos%2FiXUFOuSsgPLZQ%3D%3D
15:31:45 [INFO] (Scraper-REG-Assam)     ➡️  Scraping Detail Page: https://assamtenders.gov.in/nicgep/app?component=%24DirectLink_0&page=FrontEndAdvancedSearchResult&service=direct&session=T&sp=SVX33ILOnU2dHPZPgpyQLsg%3D%3D
15:31:46 [INFO] (Scraper-REG-Assam)     ➡️  Scraping Detail Page: https://assamtenders.gov.in/nicgep/app?component=%24DirectLink_0&page=FrontEndAdvancedSearchResult&service=direct&session=T&sp=SAgDVyM7Hm8auNSZ3RL56tg%3D%3D
15:31:46 [INFO] (Scraper-REG-Assam)     ➡️  Scraping Detail Page: https://assamtenders.gov.in/nicgep/app?component=%24DirectLink_0&page=FrontEndAdvancedSearchResult&service=direct&session=T&sp=S9QF0uUIYA7gJpGToewTZxg%3D%3D
15:31:46 [INFO] (Scraper-REG-Assam)     ➡️  Scraping Detail Page: https://assamtenders.gov.in/nicgep/app?component=%24DirectLink_0&page=FrontEndAdvancedSearchResult&service=direct&session=T&sp=S3xkJlci%2FrKsoLsjOwS1jjA%3D%3D
15:31:46 [INFO] (Scraper-REG-Assam)     ➡️  Scraping Detail Page: https://assamtenders.gov.in/nicgep/app?component=%24DirectLink_0&page=FrontEndAdvancedSearchResult&service=direct&session=T&sp=SBNZ7nhFL7sTHQEZZabPbmw%3D%3D
15:31:47 [INFO] (Scraper-REG-Assam)     ➡️  Scraping Detail Page: https://assamtenders.gov.in/nicgep/app?component=%24DirectLink_0&page=FrontEndAdvancedSearchResult&service=direct&session=T&sp=SBOgQGu1H%2BJ6%2BC47LsrFemA%3D%3D
15:31:47 [INFO] (Scraper-REG-Assam)     ➡️  Scraping Detail Page: https://assamtenders.gov.in/nicgep/app?component=%24DirectLink_0&page=FrontEndAdvancedSearchResult&service=direct&session=T&sp=Sh0zP8ATv2dh9uHrprDxX9w%3D%3D
15:31:47 [INFO] (Scraper-REG-Assam)     ➡️  Scraping Detail Page: https://assamtenders.gov.in/nicgep/app?component=%24DirectLink_0&page=FrontEndAdvancedSearchResult&service=direct&session=T&sp=SiKfVL3BvKyn0dwmtSbqUpA%3D%3D
15:31:48 [INFO] (Scraper-REG-Assam)     ➡️  Scraping Detail Page: https://assamtenders.gov.in/nicgep/app?component=%24DirectLink_0&page=FrontEndAdvancedSearchResult&service=direct&session=T&sp=SXMSdOL8HnPp01sgNDHo%2FhQ%3D%3D
15:31:48 [INFO] (Scraper-REG-Assam)   ✅ List Page 1 processed successfully (20 items).
15:31:48 [INFO] (Scraper-REG-Assam) 📄 Fetching List Page 2 (Attempt 1/4)
15:31:49 [INFO] (Scraper-REG-Assam)   ⏯️ Gathering 20 detail scrape tasks for page 2.
15:31:50 [INFO] (Scraper-REG-Assam)     ➡️  Scraping Detail Page: https://assamtenders.gov.in/nicgep/app?component=%24DirectLink_0&page=FrontEndAdvancedSearchResult&service=direct&session=T&sp=SJhRJVEn7%2Bk0hok9%2FaTjSfw%3D%3D
15:31:50 [INFO] (Scraper-REG-Assam)     ➡️  Scraping Detail Page: https://assamtenders.gov.in/nicgep/app?component=%24DirectLink_0&page=FrontEndAdvancedSearchResult&service=direct&session=T&sp=SRUmYBtYpe%2Bs%2FeI9pIQe8ZA%3D%3D
15:31:50 [INFO] (Scraper-REG-Assam)     ➡️  Scraping Detail Page: https://assamtenders.gov.in/nicgep/app?component=%24DirectLink_0&page=FrontEndAdvancedSearchResult&service=direct&session=T&sp=SUKBRTNhZSCRJkw9ssojtmg%3D%3D
15:31:50 [INFO] (Scraper-REG-Assam)     ➡️  Scraping Detail Page: https://assamtenders.gov.in/nicgep/app?component=%24DirectLink_0&page=FrontEndAdvancedSearchResult&service=direct&session=T&sp=SIooSR%2Fll5mcbbz%2Fpej1q6A%3D%3D
15:31:51 [INFO] (Scraper-REG-Assam)     ➡️  Scraping Detail Page: https://assamtenders.gov.in/nicgep/app?component=%24DirectLink_0&page=FrontEndAdvancedSearchResult&service=direct&session=T&sp=SBnSSVQgB01xi%2BY291%2BBCpQ%3D%3D
15:31:51 [INFO] (Scraper-REG-Assam)     ➡️  Scraping Detail Page: https://assamtenders.gov.in/nicgep/app?component=%24DirectLink_0&page=FrontEndAdvancedSearchResult&service=direct&session=T&sp=S8wkhZmgVuyGIsWqtLFx%2Bsw%3D%3D
15:31:51 [INFO] (Scraper-REG-Assam)     ➡️  Scraping Detail Page: https://assamtenders.gov.in/nicgep/app?component=%24DirectLink_0&page=FrontEndAdvancedSearchResult&service=direct&session=T&sp=SuMToytnwk97tqB4Ld4zJDw%3D%3D
15:31:51 [INFO] (Scraper-REG-Assam)     ➡️  Scraping Detail Page: https://assamtenders.gov.in/nicgep/app?component=%24DirectLink_0&page=FrontEndAdvancedSearchResult&service=direct&session=T&sp=STXnC9a7pO67P1nmJb2ENjw%3D%3D
15:31:52 [INFO] (Scraper-REG-Assam)     ➡️  Scraping Detail Page: https://assamtenders.gov.in/nicgep/app?component=%24DirectLink_0&page=FrontEndAdvancedSearchResult&service=direct&session=T&sp=SL51xjict9J%2Bk%2B4kvbAEOeg%3D%3D
15:31:52 [INFO] (Scraper-REG-Assam)     ➡️  Scraping Detail Page: https://assamtenders.gov.in/nicgep/app?component=%24DirectLink_0&page=FrontEndAdvancedSearchResult&service=direct&session=T&sp=SZfw2hnbaEjpVc%2Bc%2BqjB9gg%3D%3D
15:31:52 [INFO] (Scraper-REG-Assam)     ➡️  Scraping Detail Page: https://assamtenders.gov.in/nicgep/app?component=%24DirectLink_0&page=FrontEndAdvancedSearchResult&service=direct&session=T&sp=Sa%2BJmd2uxo0IfxzmbBYq6Ww%3D%3D
15:31:52 [INFO] (Scraper-REG-Assam)     ➡️  Scraping Detail Page: https://assamtenders.gov.in/nicgep/app?component=%24DirectLink_0&page=FrontEndAdvancedSearchResult&service=direct&session=T&sp=SzUO%2FhilwlzYz7B6FiubZVQ%3D%3D
15:31:53 [INFO] (Scraper-REG-Assam)     ➡️  Scraping Detail Page: https://assamtenders.gov.in/nicgep/app?component=%24DirectLink_0&page=FrontEndAdvancedSearchResult&service=direct&session=T&sp=SFmGWkImnfU7rwCdJkYgBmA%3D%3D
15:31:53 [INFO] (Scraper-REG-Assam)     ➡️  Scraping Detail Page: https://assamtenders.gov.in/nicgep/app?component=%24DirectLink_0&page=FrontEndAdvancedSearchResult&service=direct&session=T&sp=SqoOJ9seXms0ADc0XEADzHg%3D%3D
15:31:53 [INFO] (Scraper-REG-Assam)     ➡️  Scraping Detail Page: https://assamtenders.gov.in/nicgep/app?component=%24DirectLink_0&page=FrontEndAdvancedSearchResult&service=direct&session=T&sp=SP7cOYSdgwl9lBOi89NTNug%3D%3D
15:31:53 [INFO] (Scraper-REG-Assam)     ➡️  Scraping Detail Page: https://assamtenders.gov.in/nicgep/app?component=%24DirectLink_0&page=FrontEndAdvancedSearchResult&service=direct&session=T&sp=S4rbf1%2BrDrBz%2Bna1KO%2BIZUA%3D%3D
15:31:54 [INFO] (Scraper-REG-Assam)     ➡️  Scraping Detail Page: https://assamtenders.gov.in/nicgep/app?component=%24DirectLink_0&page=FrontEndAdvancedSearchResult&service=direct&session=T&sp=Sl%2BnIu2pouxQA4SBpr5WoCg%3D%3D
15:31:54 [INFO] (Scraper-REG-Assam)     ➡️  Scraping Detail Page: https://assamtenders.gov.in/nicgep/app?component=%24DirectLink_0&page=FrontEndAdvancedSearchResult&service=direct&session=T&sp=SGdffGBEJMtqjju%2BJnjQi1Q%3D%3D
15:31:55 [INFO] (Scraper-REG-Assam)     ➡️  Scraping Detail Page: https://assamtenders.gov.in/nicgep/app?component=%24DirectLink_0&page=FrontEndAdvancedSearchResult&service=direct&session=T&sp=SqN7b9KSNb9AUODwD%2Fh2KYA%3D%3D
15:31:55 [INFO] (Scraper-REG-Assam)     ➡️  Scraping Detail Page: https://assamtenders.gov.in/nicgep/app?component=%24DirectLink_0&page=FrontEndAdvancedSearchResult&service=direct&session=T&sp=ST%2F2L7Ik%2BTqplhCiM9SXsbQ%3D%3D
15:31:55 [INFO] (Scraper-REG-Assam)   ✅ List Page 2 processed successfully (20 items).
15:31:55 [INFO] (Scraper-REG-Assam) 📄 Fetching List Page 3 (Attempt 1/4)
15:31:56 [INFO] (Scraper-REG-Assam)   ⏯️ Gathering 20 detail scrape tasks for page 3.
15:31:56 [INFO] (Scraper-REG-Assam)     ➡️  Scraping Detail Page: https://assamtenders.gov.in/nicgep/app?component=%24DirectLink_0&page=FrontEndAdvancedSearchResult&service=direct&session=T&sp=SOZ3NoHGEqgTuC4Ztiq14vQ%3D%3D
15:31:56 [INFO] (Scraper-REG-Assam)     ➡️  Scraping Detail Page: https://assamtenders.gov.in/nicgep/app?component=%24DirectLink_0&page=FrontEndAdvancedSearchResult&service=direct&session=T&sp=Suk4eXMSPGJONlkFQvN5ADA%3D%3D
15:31:57 [INFO] (Scraper-REG-Assam)     ➡️  Scraping Detail Page: https://assamtenders.gov.in/nicgep/app?component=%24DirectLink_0&page=FrontEndAdvancedSearchResult&service=direct&session=T&sp=SQLwS1OcF7wtbRmcjhEWBbQ%3D%3D
15:31:57 [INFO] (Scraper-REG-Assam)     ➡️  Scraping Detail Page: https://assamtenders.gov.in/nicgep/app?component=%24DirectLink_0&page=FrontEndAdvancedSearchResult&service=direct&session=T&sp=SnUEFub1%2BLcyTtrhim23hGw%3D%3D
15:31:57 [INFO] (Scraper-REG-Assam)     ➡️  Scraping Detail Page: https://assamtenders.gov.in/nicgep/app?component=%24DirectLink_0&page=FrontEndAdvancedSearchResult&service=direct&session=T&sp=SU8JhRGGdDSzLf5CrP5J1XA%3D%3D
15:31:57 [INFO] (Scraper-REG-Assam)     ➡️  Scraping Detail Page: https://assamtenders.gov.in/nicgep/app?component=%24DirectLink_0&page=FrontEndAdvancedSearchResult&service=direct&session=T&sp=ScJ6l2nMZMCD3yTeuOsxMeA%3D%3D
15:31:58 [INFO] (Scraper-REG-Assam)     ➡️  Scraping Detail Page: https://assamtenders.gov.in/nicgep/app?component=%24DirectLink_0&page=FrontEndAdvancedSearchResult&service=direct&session=T&sp=S3WyJR9x8DtU077hz5G91Lw%3D%3D
15:31:58 [INFO] (Scraper-REG-Assam)     ➡️  Scraping Detail Page: https://assamtenders.gov.in/nicgep/app?component=%24DirectLink_0&page=FrontEndAdvancedSearchResult&service=direct&session=T&sp=ShtfRX37J%2FB4M9XmQyc9fqw%3D%3D
15:31:58 [INFO] (Scraper-REG-Assam)     ➡️  Scraping Detail Page: https://assamtenders.gov.in/nicgep/app?component=%24DirectLink_0&page=FrontEndAdvancedSearchResult&service=direct&session=T&sp=S6TAFLPbI82bOqZ5sqkyCgQ%3D%3D
15:31:58 [INFO] (Scraper-REG-Assam)     ➡️  Scraping Detail Page: https://assamtenders.gov.in/nicgep/app?component=%24DirectLink_0&page=FrontEndAdvancedSearchResult&service=direct&session=T&sp=SgBxM7Qgv80%2B456kHxT1qyA%3D%3D
15:31:59 [INFO] (Scraper-REG-Assam)     ➡️  Scraping Detail Page: https://assamtenders.gov.in/nicgep/app?component=%24DirectLink_0&page=FrontEndAdvancedSearchResult&service=direct&session=T&sp=SQBSAObeoRXX3ULZXKDu41g%3D%3D
15:31:59 [INFO] (Scraper-REG-Assam)     ➡️  Scraping Detail Page: https://assamtenders.gov.in/nicgep/app?component=%24DirectLink_0&page=FrontEndAdvancedSearchResult&service=direct&session=T&sp=S1XaE6tCAteIjptjSeRa8Tw%3D%3D
15:31:59 [INFO] (Scraper-REG-Assam)     ➡️  Scraping Detail Page: https://assamtenders.gov.in/nicgep/app?component=%24DirectLink_0&page=FrontEndAdvancedSearchResult&service=direct&session=T&sp=SUT8b2n4ryagPgc18yYL2Gw%3D%3D
15:31:59 [INFO] (Scraper-REG-Assam)     ➡️  Scraping Detail Page: https://assamtenders.gov.in/nicgep/app?component=%24DirectLink_0&page=FrontEndAdvancedSearchResult&service=direct&session=T&sp=SrGleMYoypuY2p2z8wE%2Fogg%3D%3D
15:32:00 [INFO] (Scraper-REG-Assam)     ➡️  Scraping Detail Page: https://assamtenders.gov.in/nicgep/app?component=%24DirectLink_0&page=FrontEndAdvancedSearchResult&service=direct&session=T&sp=Sg2l8bLiD0T4e%2BTo8MwVlaQ%3D%3D
15:32:00 [INFO] (Scraper-REG-Assam)     ➡️  Scraping Detail Page: https://assamtenders.gov.in/nicgep/app?component=%24DirectLink_0&page=FrontEndAdvancedSearchResult&service=direct&session=T&sp=S%2BPvjuWh4P1SPpP1tCUMN7Q%3D%3D
15:32:00 [INFO] (Scraper-REG-Assam)     ➡️  Scraping Detail Page: https://assamtenders.gov.in/nicgep/app?component=%24DirectLink_0&page=FrontEndAdvancedSearchResult&service=direct&session=T&sp=SowQg6unFQapGQjgKwxIjkw%3D%3D
15:32:00 [INFO] (Scraper-REG-Assam)     ➡️  Scraping Detail Page: https://assamtenders.gov.in/nicgep/app?component=%24DirectLink_0&page=FrontEndAdvancedSearchResult&service=direct&session=T&sp=SbTGou%2FGl%2BLj4L1rB7XCMMA%3D%3D
15:32:01 [INFO] (Scraper-REG-Assam)     ➡️  Scraping Detail Page: https://assamtenders.gov.in/nicgep/app?component=%24DirectLink_0&page=FrontEndAdvancedSearchResult&service=direct&session=T&sp=SUq78rqrvTbBXKk4cFxJTDQ%3D%3D
15:32:01 [INFO] (Scraper-REG-Assam)     ➡️  Scraping Detail Page: https://assamtenders.gov.in/nicgep/app?component=%24DirectLink_0&page=FrontEndAdvancedSearchResult&service=direct&session=T&sp=SnfJY0NB2R3GgL%2BEdr7LQBQ%3D%3D
15:32:01 [INFO] (Scraper-REG-Assam)   ✅ List Page 3 processed successfully (20 items).
15:32:01 [INFO] (Scraper-REG-Assam) 📄 Fetching List Page 4 (Attempt 1/4)
15:32:02 [INFO] (Scraper-REG-Assam)   ⏯️ Gathering 20 detail scrape tasks for page 4.
15:32:02 [INFO] (Scraper-REG-Assam)     ➡️  Scraping Detail Page: https://assamtenders.gov.in/nicgep/app?component=%24DirectLink_0&page=FrontEndAdvancedSearchResult&service=direct&session=T&sp=SCNCByfuEDGuk6Yj%2BohPTSQ%3D%3D
15:32:02 [INFO] (Scraper-REG-Assam)     ➡️  Scraping Detail Page: https://assamtenders.gov.in/nicgep/app?component=%24DirectLink_0&page=FrontEndAdvancedSearchResult&service=direct&session=T&sp=Sdub189usalBfYZf5SwJ3YA%3D%3D
15:32:03 [INFO] (Scraper-REG-Assam)     ➡️  Scraping Detail Page: https://assamtenders.gov.in/nicgep/app?component=%24DirectLink_0&page=FrontEndAdvancedSearchResult&service=direct&session=T&sp=S4fnpvIE4PlPwexJvmAZaeQ%3D%3D
15:32:03 [INFO] (Scraper-REG-Assam)     ➡️  Scraping Detail Page: https://assamtenders.gov.in/nicgep/app?component=%24DirectLink_0&page=FrontEndAdvancedSearchResult&service=direct&session=T&sp=S4j6PK53sSfMK8Wzre4QGuQ%3D%3D
15:32:03 [INFO] (Scraper-REG-Assam)     ➡️  Scraping Detail Page: https://assamtenders.gov.in/nicgep/app?component=%24DirectLink_0&page=FrontEndAdvancedSearchResult&service=direct&session=T&sp=SH2HATpZ1DGxkMyuLnWh4aA%3D%3D
15:32:03 [INFO] (Scraper-REG-Assam)     ➡️  Scraping Detail Page: https://assamtenders.gov.in/nicgep/app?component=%24DirectLink_0&page=FrontEndAdvancedSearchResult&service=direct&session=T&sp=SIMxdbxxuXrk%2BpFiPCAXFFQ%3D%3D
15:32:04 [INFO] (Scraper-REG-Assam)     ➡️  Scraping Detail Page: https://assamtenders.gov.in/nicgep/app?component=%24DirectLink_0&page=FrontEndAdvancedSearchResult&service=direct&session=T&sp=S0Q7KlHu2qiD9tXwJ1Q7eWg%3D%3D
15:32:04 [INFO] (Scraper-REG-Assam)     ➡️  Scraping Detail Page: https://assamtenders.gov.in/nicgep/app?component=%24DirectLink_0&page=FrontEndAdvancedSearchResult&service=direct&session=T&sp=Sbr27m3p9jC%2FbPEGyMdVwuw%3D%3D
15:32:04 [INFO] (Scraper-REG-Assam)     ➡️  Scraping Detail Page: https://assamtenders.gov.in/nicgep/app?component=%24DirectLink_0&page=FrontEndAdvancedSearchResult&service=direct&session=T&sp=S9VII0SCXQCwASCp9TJLiDw%3D%3D
15:32:05 [INFO] (Scraper-REG-Assam)     ➡️  Scraping Detail Page: https://assamtenders.gov.in/nicgep/app?component=%24DirectLink_0&page=FrontEndAdvancedSearchResult&service=direct&session=T&sp=Sh3mBn%2BsjGTb%2FO4coRfdFJw%3D%3D
15:32:05 [INFO] (Scraper-REG-Assam)     ➡️  Scraping Detail Page: https://assamtenders.gov.in/nicgep/app?component=%24DirectLink_0&page=FrontEndAdvancedSearchResult&service=direct&session=T&sp=SPyqbkR4A13QR5ziczJTQOA%3D%3D
15:32:06 [INFO] (Scraper-REG-Assam)     ➡️  Scraping Detail Page: https://assamtenders.gov.in/nicgep/app?component=%24DirectLink_0&page=FrontEndAdvancedSearchResult&service=direct&session=T&sp=SjB%2Bnag6NRUI6dCm8CFhygA%3D%3D
15:32:06 [INFO] (Scraper-REG-Assam)     ➡️  Scraping Detail Page: https://assamtenders.gov.in/nicgep/app?component=%24DirectLink_0&page=FrontEndAdvancedSearchResult&service=direct&session=T&sp=S4aCV72Wa1A0qY2ZtN%2Baivg%3D%3D
15:32:06 [INFO] (Scraper-REG-Assam)     ➡️  Scraping Detail Page: https://assamtenders.gov.in/nicgep/app?component=%24DirectLink_0&page=FrontEndAdvancedSearchResult&service=direct&session=T&sp=SvOTJVK92WRNiLEbGpqFP%2FQ%3D%3D
15:32:06 [INFO] (Scraper-REG-Assam)     ➡️  Scraping Detail Page: https://assamtenders.gov.in/nicgep/app?component=%24DirectLink_0&page=FrontEndAdvancedSearchResult&service=direct&session=T&sp=SorVB7iCoycaBz6RBABKpQQ%3D%3D
15:32:07 [INFO] (Scraper-REG-Assam)     ➡️  Scraping Detail Page: https://assamtenders.gov.in/nicgep/app?component=%24DirectLink_0&page=FrontEndAdvancedSearchResult&service=direct&session=T&sp=SCAdjwwjcaXR%2Ft%2Bfdaf7ScQ%3D%3D
15:32:07 [INFO] (Scraper-REG-Assam)     ➡️  Scraping Detail Page: https://assamtenders.gov.in/nicgep/app?component=%24DirectLink_0&page=FrontEndAdvancedSearchResult&service=direct&session=T&sp=SHUVj4XnqMIzqLMQJAPjcYw%3D%3D
15:32:07 [INFO] (Scraper-REG-Assam)     ➡️  Scraping Detail Page: https://assamtenders.gov.in/nicgep/app?component=%24DirectLink_0&page=FrontEndAdvancedSearchResult&service=direct&session=T&sp=Sql6324GgokhjQiQT%2FODK9g%3D%3D
15:32:07 [INFO] (Scraper-REG-Assam)     ➡️  Scraping Detail Page: https://assamtenders.gov.in/nicgep/app?component=%24DirectLink_0&page=FrontEndAdvancedSearchResult&service=direct&session=T&sp=S3E2CNEGgaxOLj5WPr631tA%3D%3D
15:32:08 [INFO] (Scraper-REG-Assam)     ➡️  Scraping Detail Page: https://assamtenders.gov.in/nicgep/app?component=%24DirectLink_0&page=FrontEndAdvancedSearchResult&service=direct&session=T&sp=S1ipEcX%2F0E2hMGC3%2BEC6jjg%3D%3D
15:32:08 [INFO] (Scraper-REG-Assam)   ✅ List Page 4 processed successfully (20 items).
15:32:08 [INFO] (Scraper-REG-Assam) 📄 Fetching List Page 5 (Attempt 1/4)
15:32:09 [INFO] (Scraper-REG-Assam)   ⏯️ Gathering 20 detail scrape tasks for page 5.
15:32:09 [INFO] (Scraper-REG-Assam)     ➡️  Scraping Detail Page: https://assamtenders.gov.in/nicgep/app?component=%24DirectLink_0&page=FrontEndAdvancedSearchResult&service=direct&session=T&sp=S6Fx56nwkl7HYg71ohbSdsw%3D%3D
15:32:09 [INFO] (Scraper-REG-Assam)     ➡️  Scraping Detail Page: https://assamtenders.gov.in/nicgep/app?component=%24DirectLink_0&page=FrontEndAdvancedSearchResult&service=direct&session=T&sp=SPzpjpNOEQLnG4UU1idPsDA%3D%3D
15:32:10 [INFO] (Scraper-REG-Assam)     ➡️  Scraping Detail Page: https://assamtenders.gov.in/nicgep/app?component=%24DirectLink_0&page=FrontEndAdvancedSearchResult&service=direct&session=T&sp=Szd6q%2BiMSRY9eBLAWE%2B76YQ%3D%3D
15:32:10 [INFO] (Scraper-REG-Assam)     ➡️  Scraping Detail Page: https://assamtenders.gov.in/nicgep/app?component=%24DirectLink_0&page=FrontEndAdvancedSearchResult&service=direct&session=T&sp=SmXnIf2TgxzNUeAYlgumCcg%3D%3D
15:32:10 [INFO] (Scraper-REG-Assam)     ➡️  Scraping Detail Page: https://assamtenders.gov.in/nicgep/app?component=%24DirectLink_0&page=FrontEndAdvancedSearchResult&service=direct&session=T&sp=So4EdZvThedUtglgK9CEQbA%3D%3D
15:32:10 [INFO] (Scraper-REG-Assam)     ➡️  Scraping Detail Page: https://assamtenders.gov.in/nicgep/app?component=%24DirectLink_0&page=FrontEndAdvancedSearchResult&service=direct&session=T&sp=SuE4dH6SygrLyd%2BdWm9%2Fhbw%3D%3D
15:32:11 [INFO] (Scraper-REG-Assam)     ➡️  Scraping Detail Page: https://assamtenders.gov.in/nicgep/app?component=%24DirectLink_0&page=FrontEndAdvancedSearchResult&service=direct&session=T&sp=Sm5Rco%2F0t4xiZEywYiwlBKg%3D%3D
15:32:11 [INFO] (Scraper-REG-Assam)     ➡️  Scraping Detail Page: https://assamtenders.gov.in/nicgep/app?component=%24DirectLink_0&page=FrontEndAdvancedSearchResult&service=direct&session=T&sp=SOdWTA7H4kbzS7ukVzPxz8Q%3D%3D
15:32:11 [INFO] (Scraper-REG-Assam)     ➡️  Scraping Detail Page: https://assamtenders.gov.in/nicgep/app?component=%24DirectLink_0&page=FrontEndAdvancedSearchResult&service=direct&session=T&sp=S97Hikh5jhqIQ6feSbgscew%3D%3D
15:32:11 [INFO] (Scraper-REG-Assam)     ➡️  Scraping Detail Page: https://assamtenders.gov.in/nicgep/app?component=%24DirectLink_0&page=FrontEndAdvancedSearchResult&service=direct&session=T&sp=SYTHPjoNdxNiSUv%2B%2FBscWyg%3D%3D
15:32:12 [INFO] (Scraper-REG-Assam)     ➡️  Scraping Detail Page: https://assamtenders.gov.in/nicgep/app?component=%24DirectLink_0&page=FrontEndAdvancedSearchResult&service=direct&session=T&sp=SVzMJswLDpx2yg5I9SALnzA%3D%3D
15:32:12 [INFO] (Scraper-REG-Assam)     ➡️  Scraping Detail Page: https://assamtenders.gov.in/nicgep/app?component=%24DirectLink_0&page=FrontEndAdvancedSearchResult&service=direct&session=T&sp=SLcxFqxHU4kEPrEXpeKA0mA%3D%3D
15:32:13 [INFO] (Scraper-REG-Assam)     ➡️  Scraping Detail Page: https://assamtenders.gov.in/nicgep/app?component=%24DirectLink_0&page=FrontEndAdvancedSearchResult&service=direct&session=T&sp=SM5Q6k6rji2uS3aJDbmMZ4A%3D%3D
15:32:13 [INFO] (Scraper-REG-Assam)     ➡️  Scraping Detail Page: https://assamtenders.gov.in/nicgep/app?component=%24DirectLink_0&page=FrontEndAdvancedSearchResult&service=direct&session=T&sp=Sv1cS5a679lHuQzwsjbd5yg%3D%3D
15:32:13 [INFO] (Scraper-REG-Assam)     ➡️  Scraping Detail Page: https://assamtenders.gov.in/nicgep/app?component=%24DirectLink_0&page=FrontEndAdvancedSearchResult&service=direct&session=T&sp=SDwHD8iQ3fwxwkyFnUsVBTg%3D%3D
15:32:13 [INFO] (Scraper-REG-Assam)     ➡️  Scraping Detail Page: https://assamtenders.gov.in/nicgep/app?component=%24DirectLink_0&page=FrontEndAdvancedSearchResult&service=direct&session=T&sp=SrRqko6RxMnAF95vGnOrhGw%3D%3D
15:32:14 [INFO] (Scraper-REG-Assam)     ➡️  Scraping Detail Page: https://assamtenders.gov.in/nicgep/app?component=%24DirectLink_0&page=FrontEndAdvancedSearchResult&service=direct&session=T&sp=SbIO1K7Xqh%2BsRJjY6kQhAfQ%3D%3D
15:32:14 [INFO] (Scraper-REG-Assam)     ➡️  Scraping Detail Page: https://assamtenders.gov.in/nicgep/app?component=%24DirectLink_0&page=FrontEndAdvancedSearchResult&service=direct&session=T&sp=StQ46LmeuVWnezcgxfu5Vrw%3D%3D
15:32:14 [INFO] (Scraper-REG-Assam)     ➡️  Scraping Detail Page: https://assamtenders.gov.in/nicgep/app?component=%24DirectLink_0&page=FrontEndAdvancedSearchResult&service=direct&session=T&sp=S5ne35xLIq%2FqsTRs9ZqE1CQ%3D%3D
15:32:14 [INFO] (Scraper-REG-Assam)     ➡️  Scraping Detail Page: https://assamtenders.gov.in/nicgep/app?component=%24DirectLink_0&page=FrontEndAdvancedSearchResult&service=direct&session=T&sp=SEwK2bEbQLcPF0d4sr2WwjA%3D%3D
15:32:14 [INFO] (Scraper-REG-Assam)   ✅ List Page 5 processed successfully (20 items).
15:32:14 [INFO] (Scraper-REG-Assam) 📄 Fetching List Page 6 (Attempt 1/4)
15:32:15 [INFO] (Scraper-REG-Assam)   ⏯️ Gathering 20 detail scrape tasks for page 6.
15:32:16 [INFO] (Scraper-REG-Assam)     ➡️  Scraping Detail Page: https://assamtenders.gov.in/nicgep/app?component=%24DirectLink_0&page=FrontEndAdvancedSearchResult&service=direct&session=T&sp=SrFNNGs5IjM%2FRNN9XCEi8LA%3D%3D
15:32:16 [INFO] (Scraper-REG-Assam)     ➡️  Scraping Detail Page: https://assamtenders.gov.in/nicgep/app?component=%24DirectLink_0&page=FrontEndAdvancedSearchResult&service=direct&session=T&sp=SY%2BT50VrEQ%2FgkWBKawA6qgA%3D%3D
15:32:16 [INFO] (Scraper-REG-Assam)     ➡️  Scraping Detail Page: https://assamtenders.gov.in/nicgep/app?component=%24DirectLink_0&page=FrontEndAdvancedSearchResult&service=direct&session=T&sp=SOnzsEbEwuoiD%2B5%2Bvj8nSpg%3D%3D
15:32:16 [INFO] (Scraper-REG-Assam)     ➡️  Scraping Detail Page: https://assamtenders.gov.in/nicgep/app?component=%24DirectLink_0&page=FrontEndAdvancedSearchResult&service=direct&session=T&sp=SXaFGQB5%2FNLGnQyPHotJaEA%3D%3D
15:32:17 [INFO] (Scraper-REG-Assam)     ➡️  Scraping Detail Page: https://assamtenders.gov.in/nicgep/app?component=%24DirectLink_0&page=FrontEndAdvancedSearchResult&service=direct&session=T&sp=Sj0pFzwW3qy0tyr4snECD9g%3D%3D
15:32:17 [INFO] (Scraper-REG-Assam)     ➡️  Scraping Detail Page: https://assamtenders.gov.in/nicgep/app?component=%24DirectLink_0&page=FrontEndAdvancedSearchResult&service=direct&session=T&sp=Sn1HkwSfWuiZHshr2wLlOFA%3D%3D
15:32:18 [INFO] (Scraper-REG-Assam)     ➡️  Scraping Detail Page: https://assamtenders.gov.in/nicgep/app?component=%24DirectLink_0&page=FrontEndAdvancedSearchResult&service=direct&session=T&sp=S8gCskZ6iWgt3pM%2Bv6kJ4Wg%3D%3D
15:32:18 [INFO] (Scraper-REG-Assam)     ➡️  Scraping Detail Page: https://assamtenders.gov.in/nicgep/app?component=%24DirectLink_0&page=FrontEndAdvancedSearchResult&service=direct&session=T&sp=SDnbnvYXffwrs%2FvuYfy8g4Q%3D%3D
15:32:18 [INFO] (Scraper-REG-Assam)     ➡️  Scraping Detail Page: https://assamtenders.gov.in/nicgep/app?component=%24DirectLink_0&page=FrontEndAdvancedSearchResult&service=direct&session=T&sp=ShBgNJ2hGciLJfA8T1BHZ8g%3D%3D
15:32:18 [INFO] (Scraper-REG-Assam)     ➡️  Scraping Detail Page: https://assamtenders.gov.in/nicgep/app?component=%24DirectLink_0&page=FrontEndAdvancedSearchResult&service=direct&session=T&sp=SWHYtlz%2BfzHuiAEnIonwrCA%3D%3D
15:32:19 [INFO] (Scraper-REG-Assam)     ➡️  Scraping Detail Page: https://assamtenders.gov.in/nicgep/app?component=%24DirectLink_0&page=FrontEndAdvancedSearchResult&service=direct&session=T&sp=S%2BH%2FeAQ6rfEtkBkTiuOs%2Bsg%3D%3D
15:32:19 [INFO] (Scraper-REG-Assam)     ➡️  Scraping Detail Page: https://assamtenders.gov.in/nicgep/app?component=%24DirectLink_0&page=FrontEndAdvancedSearchResult&service=direct&session=T&sp=Sy4oCWyJ1S0qIGgZaWOzC3A%3D%3D
15:32:19 [INFO] (Scraper-REG-Assam)     ➡️  Scraping Detail Page: https://assamtenders.gov.in/nicgep/app?component=%24DirectLink_0&page=FrontEndAdvancedSearchResult&service=direct&session=T&sp=SDI5dZjzY%2BWXw9yNimmXLbQ%3D%3D
15:32:19 [INFO] (Scraper-REG-Assam)     ➡️  Scraping Detail Page: https://assamtenders.gov.in/nicgep/app?component=%24DirectLink_0&page=FrontEndAdvancedSearchResult&service=direct&session=T&sp=SnUf5fwIoENh3FyRvHuxIwg%3D%3D
15:32:20 [INFO] (Scraper-REG-Assam)     ➡️  Scraping Detail Page: https://assamtenders.gov.in/nicgep/app?component=%24DirectLink_0&page=FrontEndAdvancedSearchResult&service=direct&session=T&sp=SAE72X%2FK68G%2BdkrDM9lIXuw%3D%3D
15:32:20 [INFO] (Scraper-REG-Assam)     ➡️  Scraping Detail Page: https://assamtenders.gov.in/nicgep/app?component=%24DirectLink_0&page=FrontEndAdvancedSearchResult&service=direct&session=T&sp=SVpl%2FTlwxzOQoaz4RKSffwA%3D%3D
15:32:20 [INFO] (Scraper-REG-Assam)     ➡️  Scraping Detail Page: https://assamtenders.gov.in/nicgep/app?component=%24DirectLink_0&page=FrontEndAdvancedSearchResult&service=direct&session=T&sp=SD3pJB9WihQ5u4s7XhMjRdA%3D%3D
15:32:21 [INFO] (Scraper-REG-Assam)     ➡️  Scraping Detail Page: https://assamtenders.gov.in/nicgep/app?component=%24DirectLink_0&page=FrontEndAdvancedSearchResult&service=direct&session=T&sp=Sr%2BdSMDNT1vXKmdHSJhlM6g%3D%3D
15:32:21 [INFO] (Scraper-REG-Assam)     ➡️  Scraping Detail Page: https://assamtenders.gov.in/nicgep/app?component=%24DirectLink_0&page=FrontEndAdvancedSearchResult&service=direct&session=T&sp=SEPcVi4HSwS5qOZNcqbRUcA%3D%3D
15:32:21 [INFO] (Scraper-REG-Assam)     ➡️  Scraping Detail Page: https://assamtenders.gov.in/nicgep/app?component=%24DirectLink_0&page=FrontEndAdvancedSearchResult&service=direct&session=T&sp=SowJrrTt85MB4Nfmh0C5OvQ%3D%3D
15:32:21 [INFO] (Scraper-REG-Assam)   ✅ List Page 6 processed successfully (20 items).
15:32:21 [INFO] (Scraper-REG-Assam) 📄 Fetching List Page 7 (Attempt 1/4)
15:32:22 [INFO] (Scraper-REG-Assam)   ⏯️ Gathering 20 detail scrape tasks for page 7.
15:32:23 [INFO] (Scraper-REG-Assam)     ➡️  Scraping Detail Page: https://assamtenders.gov.in/nicgep/app?component=%24DirectLink_0&page=FrontEndAdvancedSearchResult&service=direct&session=T&sp=Sf6WfLjvUEmwc6oFyjuawfg%3D%3D
15:32:23 [INFO] (Scraper-REG-Assam)     ➡️  Scraping Detail Page: https://assamtenders.gov.in/nicgep/app?component=%24DirectLink_0&page=FrontEndAdvancedSearchResult&service=direct&session=T&sp=S0XchQKKAWKgNRZQ9mg42pQ%3D%3D
15:32:23 [INFO] (Scraper-REG-Assam)     ➡️  Scraping Detail Page: https://assamtenders.gov.in/nicgep/app?component=%24DirectLink_0&page=FrontEndAdvancedSearchResult&service=direct&session=T&sp=Sb6kFih8i85EzCBhlhyCGfg%3D%3D
15:32:23 [INFO] (Scraper-REG-Assam)     ➡️  Scraping Detail Page: https://assamtenders.gov.in/nicgep/app?component=%24DirectLink_0&page=FrontEndAdvancedSearchResult&service=direct&session=T&sp=Skix9BIOET08IrR%2Fasn%2FLLg%3D%3D
15:32:24 [INFO] (Scraper-REG-Assam)     ➡️  Scraping Detail Page: https://assamtenders.gov.in/nicgep/app?component=%24DirectLink_0&page=FrontEndAdvancedSearchResult&service=direct&session=T&sp=SP2I01toFdeLcvKwvp7gbRg%3D%3D
15:32:24 [INFO] (Scraper-REG-Assam)     ➡️  Scraping Detail Page: https://assamtenders.gov.in/nicgep/app?component=%24DirectLink_0&page=FrontEndAdvancedSearchResult&service=direct&session=T&sp=SN%2FKrrl2oXbqPy%2F%2B8PLDJTA%3D%3D
15:32:24 [INFO] (Scraper-REG-Assam)     ➡️  Scraping Detail Page: https://assamtenders.gov.in/nicgep/app?component=%24DirectLink_0&page=FrontEndAdvancedSearchResult&service=direct&session=T&sp=SFeDf3eBv1sVyIPvIZqCAPg%3D%3D
15:32:24 [INFO] (Scraper-REG-Assam)     ➡️  Scraping Detail Page: https://assamtenders.gov.in/nicgep/app?component=%24DirectLink_0&page=FrontEndAdvancedSearchResult&service=direct&session=T&sp=S2fpjro9mmnEasx3TKQZGJQ%3D%3D
15:32:25 [INFO] (Scraper-REG-Assam)     ➡️  Scraping Detail Page: https://assamtenders.gov.in/nicgep/app?component=%24DirectLink_0&page=FrontEndAdvancedSearchResult&service=direct&session=T&sp=SXH66zi%2BUgbDzXXLzOBVCmQ%3D%3D
15:32:25 [INFO] (Scraper-REG-Assam)     ➡️  Scraping Detail Page: https://assamtenders.gov.in/nicgep/app?component=%24DirectLink_0&page=FrontEndAdvancedSearchResult&service=direct&session=T&sp=SaS3flvBNa4C1ZwaGJHDQiw%3D%3D
15:32:25 [INFO] (Scraper-REG-Assam)     ➡️  Scraping Detail Page: https://assamtenders.gov.in/nicgep/app?component=%24DirectLink_0&page=FrontEndAdvancedSearchResult&service=direct&session=T&sp=SxpUEDn9a8xTyIfoJdamNew%3D%3D
15:32:26 [INFO] (Scraper-REG-Assam)     ➡️  Scraping Detail Page: https://assamtenders.gov.in/nicgep/app?component=%24DirectLink_0&page=FrontEndAdvancedSearchResult&service=direct&session=T&sp=SAIJfg4uNtQBiIIpDbOseUA%3D%3D
15:32:26 [INFO] (Scraper-REG-Assam)     ➡️  Scraping Detail Page: https://assamtenders.gov.in/nicgep/app?component=%24DirectLink_0&page=FrontEndAdvancedSearchResult&service=direct&session=T&sp=SogQLEfeAcetpMeHheZT70A%3D%3D
15:32:26 [INFO] (Scraper-REG-Assam)     ➡️  Scraping Detail Page: https://assamtenders.gov.in/nicgep/app?component=%24DirectLink_0&page=FrontEndAdvancedSearchResult&service=direct&session=T&sp=ShBPq54Kiqs0pbS7%2BGWhyjg%3D%3D
15:32:26 [INFO] (Scraper-REG-Assam)     ➡️  Scraping Detail Page: https://assamtenders.gov.in/nicgep/app?component=%24DirectLink_0&page=FrontEndAdvancedSearchResult&service=direct&session=T&sp=SH5Vqh%2FAwtL%2B9YqqWVC865g%3D%3D
15:32:27 [INFO] (Scraper-REG-Assam)     ➡️  Scraping Detail Page: https://assamtenders.gov.in/nicgep/app?component=%24DirectLink_0&page=FrontEndAdvancedSearchResult&service=direct&session=T&sp=S8XPrwZzlSELnRdknWS%2FTAA%3D%3D
15:32:27 [INFO] (Scraper-REG-Assam)     ➡️  Scraping Detail Page: https://assamtenders.gov.in/nicgep/app?component=%24DirectLink_0&page=FrontEndAdvancedSearchResult&service=direct&session=T&sp=S0Zo2X7IaXYuBsxR%2F45QKlw%3D%3D
15:32:27 [INFO] (Scraper-REG-Assam)     ➡️  Scraping Detail Page: https://assamtenders.gov.in/nicgep/app?component=%24DirectLink_0&page=FrontEndAdvancedSearchResult&service=direct&session=T&sp=SkdcxLApi8n95FpDbHQ7BiA%3D%3D
15:32:28 [INFO] (Scraper-REG-Assam)     ➡️  Scraping Detail Page: https://assamtenders.gov.in/nicgep/app?component=%24DirectLink_0&page=FrontEndAdvancedSearchResult&service=direct&session=T&sp=Su59roKE37ilwBSG7Obw9aQ%3D%3D
15:32:28 [INFO] (Scraper-REG-Assam)     ➡️  Scraping Detail Page: https://assamtenders.gov.in/nicgep/app?component=%24DirectLink_0&page=FrontEndAdvancedSearchResult&service=direct&session=T&sp=S2u8co3oBXh4vJYZhHyabLA%3D%3D
15:32:28 [INFO] (Scraper-REG-Assam)   ✅ List Page 7 processed successfully (20 items).
15:32:28 [INFO] (Scraper-REG-Assam) 📄 Fetching List Page 8 (Attempt 1/4)
15:32:29 [INFO] (Scraper-REG-Assam)   ⏯️ Gathering 20 detail scrape tasks for page 8.
15:32:29 [INFO] (Scraper-REG-Assam)     ➡️  Scraping Detail Page: https://assamtenders.gov.in/nicgep/app?component=%24DirectLink_0&page=FrontEndAdvancedSearchResult&service=direct&session=T&sp=Sv3qu1bqTN6uMPAdxpWZRYw%3D%3D
15:32:29 [INFO] (Scraper-REG-Assam)     ➡️  Scraping Detail Page: https://assamtenders.gov.in/nicgep/app?component=%24DirectLink_0&page=FrontEndAdvancedSearchResult&service=direct&session=T&sp=SzzZpf8%2BF5Ya9HAflfLNeIw%3D%3D
15:32:30 [INFO] (Scraper-REG-Assam)     ➡️  Scraping Detail Page: https://assamtenders.gov.in/nicgep/app?component=%24DirectLink_0&page=FrontEndAdvancedSearchResult&service=direct&session=T&sp=SiVM729BLVlW0J2YiQ1Wiiw%3D%3D
15:32:30 [INFO] (Scraper-REG-Assam)     ➡️  Scraping Detail Page: https://assamtenders.gov.in/nicgep/app?component=%24DirectLink_0&page=FrontEndAdvancedSearchResult&service=direct&session=T&sp=StfDtPIXXH8Ekdk33CtaURw%3D%3D
15:32:30 [INFO] (Scraper-REG-Assam)     ➡️  Scraping Detail Page: https://assamtenders.gov.in/nicgep/app?component=%24DirectLink_0&page=FrontEndAdvancedSearchResult&service=direct&session=T&sp=S7%2BaMKHAOg4FQPJFhrApkuA%3D%3D
15:32:30 [INFO] (Scraper-REG-Assam)     ➡️  Scraping Detail Page: https://assamtenders.gov.in/nicgep/app?component=%24DirectLink_0&page=FrontEndAdvancedSearchResult&service=direct&session=T&sp=SKJPBZHaloYZp1pT2j4EegA%3D%3D
15:32:31 [INFO] (Scraper-REG-Assam)     ➡️  Scraping Detail Page: https://assamtenders.gov.in/nicgep/app?component=%24DirectLink_0&page=FrontEndAdvancedSearchResult&service=direct&session=T&sp=SFeDOUwtuk5KQQYweDRzfNA%3D%3D
15:32:31 [INFO] (Scraper-REG-Assam)     ➡️  Scraping Detail Page: https://assamtenders.gov.in/nicgep/app?component=%24DirectLink_0&page=FrontEndAdvancedSearchResult&service=direct&session=T&sp=Sdfro3LRW7CX7bomcyIwFog%3D%3D
15:32:31 [INFO] (Scraper-REG-Assam)     ➡️  Scraping Detail Page: https://assamtenders.gov.in/nicgep/app?component=%24DirectLink_0&page=FrontEndAdvancedSearchResult&service=direct&session=T&sp=SAQ96EH6NyqaHkE4F4H1JLA%3D%3D
15:32:32 [INFO] (Scraper-REG-Assam)     ➡️  Scraping Detail Page: https://assamtenders.gov.in/nicgep/app?component=%24DirectLink_0&page=FrontEndAdvancedSearchResult&service=direct&session=T&sp=SD0ns%2FY2%2FE%2F2kSofQbD0iQg%3D%3D
15:32:32 [INFO] (Scraper-REG-Assam)     ➡️  Scraping Detail Page: https://assamtenders.gov.in/nicgep/app?component=%24DirectLink_0&page=FrontEndAdvancedSearchResult&service=direct&session=T&sp=SOJJHjOGsmLl2tnwi2wM1Gg%3D%3D
15:32:32 [INFO] (Scraper-REG-Assam)     ➡️  Scraping Detail Page: https://assamtenders.gov.in/nicgep/app?component=%24DirectLink_0&page=FrontEndAdvancedSearchResult&service=direct&session=T&sp=SejW17HYfiW5jAnnK73ti9A%3D%3D
15:32:33 [INFO] (Scraper-REG-Assam)     ➡️  Scraping Detail Page: https://assamtenders.gov.in/nicgep/app?component=%24DirectLink_0&page=FrontEndAdvancedSearchResult&service=direct&session=T&sp=SJ%2FStM%2FwjEieIhSieNwisjA%3D%3D
15:32:33 [INFO] (Scraper-REG-Assam)     ➡️  Scraping Detail Page: https://assamtenders.gov.in/nicgep/app?component=%24DirectLink_0&page=FrontEndAdvancedSearchResult&service=direct&session=T&sp=SwrV%2FZ%2FjaNozaDcqCXCefvg%3D%3D
15:32:33 [INFO] (Scraper-REG-Assam)     ➡️  Scraping Detail Page: https://assamtenders.gov.in/nicgep/app?component=%24DirectLink_0&page=FrontEndAdvancedSearchResult&service=direct&session=T&sp=SPhdKz6%2BhZgDp7Uw3bKPVZg%3D%3D
15:32:33 [INFO] (Scraper-REG-Assam)     ➡️  Scraping Detail Page: https://assamtenders.gov.in/nicgep/app?component=%24DirectLink_0&page=FrontEndAdvancedSearchResult&service=direct&session=T&sp=SzPb1LQv1dA1DW%2Bc5YT%2FaEg%3D%3D
15:32:34 [INFO] (Scraper-REG-Assam)     ➡️  Scraping Detail Page: https://assamtenders.gov.in/nicgep/app?component=%24DirectLink_0&page=FrontEndAdvancedSearchResult&service=direct&session=T&sp=SX6LFWoc2E6%2Bux2MEDvurKQ%3D%3D
15:32:34 [INFO] (Scraper-REG-Assam)     ➡️  Scraping Detail Page: https://assamtenders.gov.in/nicgep/app?component=%24DirectLink_0&page=FrontEndAdvancedSearchResult&service=direct&session=T&sp=ShBo2v9DxaXJAos08nkuVVw%3D%3D
15:32:34 [INFO] (Scraper-REG-Assam)     ➡️  Scraping Detail Page: https://assamtenders.gov.in/nicgep/app?component=%24DirectLink_0&page=FrontEndAdvancedSearchResult&service=direct&session=T&sp=SXeqx2akgyKZpNJZwFAQuuQ%3D%3D
15:32:34 [INFO] (Scraper-REG-Assam)     ➡️  Scraping Detail Page: https://assamtenders.gov.in/nicgep/app?component=%24DirectLink_0&page=FrontEndAdvancedSearchResult&service=direct&session=T&sp=S%2BBhqZo9a03l3xA1iYavhqw%3D%3D
15:32:35 [INFO] (Scraper-REG-Assam)   ✅ List Page 8 processed successfully (20 items).
15:32:35 [INFO] (Scraper-REG-Assam) 📄 Fetching List Page 9 (Attempt 1/4)
15:32:36 [INFO] (Scraper-REG-Assam)   ⏯️ Gathering 20 detail scrape tasks for page 9.
15:32:36 [INFO] (Scraper-REG-Assam)     ➡️  Scraping Detail Page: https://assamtenders.gov.in/nicgep/app?component=%24DirectLink_0&page=FrontEndAdvancedSearchResult&service=direct&session=T&sp=SIRG8GaKyNIEGFVPwla3g5A%3D%3D
15:32:36 [INFO] (Scraper-REG-Assam)     ➡️  Scraping Detail Page: https://assamtenders.gov.in/nicgep/app?component=%24DirectLink_0&page=FrontEndAdvancedSearchResult&service=direct&session=T&sp=SkwqXOuyvpwg5SpbI0gCYPw%3D%3D
15:32:36 [INFO] (Scraper-REG-Assam)     ➡️  Scraping Detail Page: https://assamtenders.gov.in/nicgep/app?component=%24DirectLink_0&page=FrontEndAdvancedSearchResult&service=direct&session=T&sp=S0F%2FQwS%2F5x0EyQ%2FOq7EcvJg%3D%3D
15:32:36 [INFO] (Scraper-REG-Assam)     ➡️  Scraping Detail Page: https://assamtenders.gov.in/nicgep/app?component=%24DirectLink_0&page=FrontEndAdvancedSearchResult&service=direct&session=T&sp=S1J6xS2pgDCTp54Uw6nbolQ%3D%3D
15:32:37 [INFO] (Scraper-REG-Assam)     ➡️  Scraping Detail Page: https://assamtenders.gov.in/nicgep/app?component=%24DirectLink_0&page=FrontEndAdvancedSearchResult&service=direct&session=T&sp=SuCduu4TJar7agmSAwjBUpQ%3D%3D
15:32:37 [INFO] (Scraper-REG-Assam)     ➡️  Scraping Detail Page: https://assamtenders.gov.in/nicgep/app?component=%24DirectLink_0&page=FrontEndAdvancedSearchResult&service=direct&session=T&sp=SHal9uhiYMqHI2kUIUvf8uw%3D%3D
15:32:38 [INFO] (Scraper-REG-Assam)     ➡️  Scraping Detail Page: https://assamtenders.gov.in/nicgep/app?component=%24DirectLink_0&page=FrontEndAdvancedSearchResult&service=direct&session=T&sp=S%2FH1k9AX%2FRJM6bqFbwLAihw%3D%3D
15:32:38 [INFO] (Scraper-REG-Assam)     ➡️  Scraping Detail Page: https://assamtenders.gov.in/nicgep/app?component=%24DirectLink_0&page=FrontEndAdvancedSearchResult&service=direct&session=T&sp=S496wz1%2FCVkAWKACCuKW7Lg%3D%3D
15:32:38 [INFO] (Scraper-REG-Assam)     ➡️  Scraping Detail Page: https://assamtenders.gov.in/nicgep/app?component=%24DirectLink_0&page=FrontEndAdvancedSearchResult&service=direct&session=T&sp=SvYvgiNucEKHkFw%2BGU8TvZg%3D%3D
15:32:38 [INFO] (Scraper-REG-Assam)     ➡️  Scraping Detail Page: https://assamtenders.gov.in/nicgep/app?component=%24DirectLink_0&page=FrontEndAdvancedSearchResult&service=direct&session=T&sp=S4yf6dLNoERdSw6dH8%2BbBpA%3D%3D
15:32:39 [INFO] (Scraper-REG-Assam)     ➡️  Scraping Detail Page: https://assamtenders.gov.in/nicgep/app?component=%24DirectLink_0&page=FrontEndAdvancedSearchResult&service=direct&session=T&sp=SSTItX14efIHB45p1twzkqg%3D%3D
15:32:39 [INFO] (Scraper-REG-Assam)     ➡️  Scraping Detail Page: https://assamtenders.gov.in/nicgep/app?component=%24DirectLink_0&page=FrontEndAdvancedSearchResult&service=direct&session=T&sp=SX1AyJsfVsKz2kaYC5Mmk2g%3D%3D
15:32:39 [INFO] (Scraper-REG-Assam)     ➡️  Scraping Detail Page: https://assamtenders.gov.in/nicgep/app?component=%24DirectLink_0&page=FrontEndAdvancedSearchResult&service=direct&session=T&sp=SDis7IcqdwS2elzZTeT4vEg%3D%3D
15:32:39 [INFO] (Scraper-REG-Assam)     ➡️  Scraping Detail Page: https://assamtenders.gov.in/nicgep/app?component=%24DirectLink_0&page=FrontEndAdvancedSearchResult&service=direct&session=T&sp=SPH7DK1AkGEal7g%2BAJmiTYQ%3D%3D
15:32:40 [INFO] (Scraper-REG-Assam)     ➡️  Scraping Detail Page: https://assamtenders.gov.in/nicgep/app?component=%24DirectLink_0&page=FrontEndAdvancedSearchResult&service=direct&session=T&sp=SMLC0WxpjqSS6V6MQHTXctQ%3D%3D
15:32:40 [INFO] (Scraper-REG-Assam)     ➡️  Scraping Detail Page: https://assamtenders.gov.in/nicgep/app?component=%24DirectLink_0&page=FrontEndAdvancedSearchResult&service=direct&session=T&sp=SziYgR4k2mPMGaOBJiUpRUQ%3D%3D
15:32:40 [INFO] (Scraper-REG-Assam)     ➡️  Scraping Detail Page: https://assamtenders.gov.in/nicgep/app?component=%24DirectLink_0&page=FrontEndAdvancedSearchResult&service=direct&session=T&sp=S%2FpKFHRipbtWed2bc9VMjWA%3D%3D
15:32:40 [INFO] (Scraper-REG-Assam)     ➡️  Scraping Detail Page: https://assamtenders.gov.in/nicgep/app?component=%24DirectLink_0&page=FrontEndAdvancedSearchResult&service=direct&session=T&sp=S95kV3DnC%2B1BXK0nT2RoChw%3D%3D
15:32:41 [INFO] (Scraper-REG-Assam)     ➡️  Scraping Detail Page: https://assamtenders.gov.in/nicgep/app?component=%24DirectLink_0&page=FrontEndAdvancedSearchResult&service=direct&session=T&sp=SbmWd4PI2%2BL%2FvgqeQ30zo%2FA%3D%3D
15:32:41 [INFO] (Scraper-REG-Assam)     ➡️  Scraping Detail Page: https://assamtenders.gov.in/nicgep/app?component=%24DirectLink_0&page=FrontEndAdvancedSearchResult&service=direct&session=T&sp=Sdis%2FhwRaG3lTr5xqqfMjEA%3D%3D
15:32:41 [INFO] (Scraper-REG-Assam)   ✅ List Page 9 processed successfully (20 items).
15:32:41 [INFO] (Scraper-REG-Assam) 📄 Fetching List Page 10 (Attempt 1/4)
15:32:42 [INFO] (Scraper-REG-Assam)   ⏯️ Gathering 20 detail scrape tasks for page 10.
15:32:43 [INFO] (Scraper-REG-Assam)     ➡️  Scraping Detail Page: https://assamtenders.gov.in/nicgep/app?component=%24DirectLink_0&page=FrontEndAdvancedSearchResult&service=direct&session=T&sp=ScgEHren%2FQQpj3Q9hBvKNMQ%3D%3D
15:32:43 [INFO] (Scraper-REG-Assam)     ➡️  Scraping Detail Page: https://assamtenders.gov.in/nicgep/app?component=%24DirectLink_0&page=FrontEndAdvancedSearchResult&service=direct&session=T&sp=SYzPoLx%2B5zjdhZ3Q6FCzn5Q%3D%3D
15:32:43 [INFO] (Scraper-REG-Assam)     ➡️  Scraping Detail Page: https://assamtenders.gov.in/nicgep/app?component=%24DirectLink_0&page=FrontEndAdvancedSearchResult&service=direct&session=T&sp=SqsQL%2B5CTWRzfgGiub%2BZyGg%3D%3D
15:32:43 [INFO] (Scraper-REG-Assam)     ➡️  Scraping Detail Page: https://assamtenders.gov.in/nicgep/app?component=%24DirectLink_0&page=FrontEndAdvancedSearchResult&service=direct&session=T&sp=SdJZg3jlTiLvwSP6YZ267pg%3D%3D
15:32:44 [INFO] (Scraper-REG-Assam)     ➡️  Scraping Detail Page: https://assamtenders.gov.in/nicgep/app?component=%24DirectLink_0&page=FrontEndAdvancedSearchResult&service=direct&session=T&sp=SqhQsqA%2BweWf7KHYWtOoWUw%3D%3D
15:32:44 [INFO] (Scraper-REG-Assam)     ➡️  Scraping Detail Page: https://assamtenders.gov.in/nicgep/app?component=%24DirectLink_0&page=FrontEndAdvancedSearchResult&service=direct&session=T&sp=Sic%2FVf6srayDi2PcYjqgxfg%3D%3D
15:32:44 [INFO] (Scraper-REG-Assam)     ➡️  Scraping Detail Page: https://assamtenders.gov.in/nicgep/app?component=%24DirectLink_0&page=FrontEndAdvancedSearchResult&service=direct&session=T&sp=StjfbWPea7NLm4qFUX2%2Frag%3D%3D
15:32:44 [INFO] (Scraper-REG-Assam)     ➡️  Scraping Detail Page: https://assamtenders.gov.in/nicgep/app?component=%24DirectLink_0&page=FrontEndAdvancedSearchResult&service=direct&session=T&sp=SksOLyXtP7SryFwngmSejXQ%3D%3D
15:32:45 [INFO] (Scraper-REG-Assam)     ➡️  Scraping Detail Page: https://assamtenders.gov.in/nicgep/app?component=%24DirectLink_0&page=FrontEndAdvancedSearchResult&service=direct&session=T&sp=Sfy9HrxTO9PRhTBNSCB4ALA%3D%3D
15:32:45 [INFO] (Scraper-REG-Assam)     ➡️  Scraping Detail Page: https://assamtenders.gov.in/nicgep/app?component=%24DirectLink_0&page=FrontEndAdvancedSearchResult&service=direct&session=T&sp=SEDu2MvcDPPKk8t1KGAkTWg%3D%3D
15:32:45 [INFO] (Scraper-REG-Assam)     ➡️  Scraping Detail Page: https://assamtenders.gov.in/nicgep/app?component=%24DirectLink_0&page=FrontEndAdvancedSearchResult&service=direct&session=T&sp=SMM4Kl1bx3ExRgCunNJ7GYA%3D%3D
15:32:45 [INFO] (Scraper-REG-Assam)     ➡️  Scraping Detail Page: https://assamtenders.gov.in/nicgep/app?component=%24DirectLink_0&page=FrontEndAdvancedSearchResult&service=direct&session=T&sp=S%2Ff%2F8gwxCQennPQP4Gy7W%2FA%3D%3D
15:32:46 [INFO] (Scraper-REG-Assam)     ➡️  Scraping Detail Page: https://assamtenders.gov.in/nicgep/app?component=%24DirectLink_0&page=FrontEndAdvancedSearchResult&service=direct&session=T&sp=SL9U4oV3jvkkPNc8mNACvyw%3D%3D
15:32:46 [INFO] (Scraper-REG-Assam)     ➡️  Scraping Detail Page: https://assamtenders.gov.in/nicgep/app?component=%24DirectLink_0&page=FrontEndAdvancedSearchResult&service=direct&session=T&sp=Sr3KkF21t2LXzvtT3mAMwAA%3D%3D
15:32:46 [INFO] (Scraper-REG-Assam)     ➡️  Scraping Detail Page: https://assamtenders.gov.in/nicgep/app?component=%24DirectLink_0&page=FrontEndAdvancedSearchResult&service=direct&session=T&sp=SGX2%2BVBSyV8VSSU9lGGzdSg%3D%3D
15:32:47 [INFO] (Scraper-REG-Assam)     ➡️  Scraping Detail Page: https://assamtenders.gov.in/nicgep/app?component=%24DirectLink_0&page=FrontEndAdvancedSearchResult&service=direct&session=T&sp=SCgcJvF%2BMYhEnKjduKWzCWQ%3D%3D
15:32:47 [INFO] (Scraper-REG-Assam)     ➡️  Scraping Detail Page: https://assamtenders.gov.in/nicgep/app?component=%24DirectLink_0&page=FrontEndAdvancedSearchResult&service=direct&session=T&sp=SLJI3VLgZKBFt%2F0N%2F1awzUw%3D%3D
15:32:47 [INFO] (Scraper-REG-Assam)     ➡️  Scraping Detail Page: https://assamtenders.gov.in/nicgep/app?component=%24DirectLink_0&page=FrontEndAdvancedSearchResult&service=direct&session=T&sp=S7SbF2OqlykNQ%2BVzpyE%2BCmQ%3D%3D
15:32:47 [INFO] (Scraper-REG-Assam)     ➡️  Scraping Detail Page: https://assamtenders.gov.in/nicgep/app?component=%24DirectLink_0&page=FrontEndAdvancedSearchResult&service=direct&session=T&sp=SmgIsRT5yREMBH%2BstzP8dpQ%3D%3D
15:32:48 [INFO] (Scraper-REG-Assam)     ➡️  Scraping Detail Page: https://assamtenders.gov.in/nicgep/app?component=%24DirectLink_0&page=FrontEndAdvancedSearchResult&service=direct&session=T&sp=Sr2LLpvfNwtnq0KRG3%2FTWTg%3D%3D
15:32:48 [INFO] (Scraper-REG-Assam)   ✅ List Page 10 processed successfully (20 items).
15:32:48 [INFO] (Scraper-REG-Assam) Scrape run for site Assam finished. Saved: 200, Failed to save: 0.
15:32:48 [INFO] (Scraper-REG-Assam) 🏁 Scrape run for site Assam completed. Duration: 0:01:07.452323.
