

======== 2025-06-04 / Site: Himachal Pradesh (Regular Scrape) ========
15:48:07 [INFO] (Scraper-REG-Himachal Pradesh) 🚀 Starting scrape run for site: Himachal Pradesh...
15:48:07 [INFO] (Scraper-REG-Himachal Pradesh) Using settings: MaxPages=1, Retries=3, ListConc=10, DetailConc=2, PageTimeout=75000, DetailTimeout=75000
15:48:07 [INFO] (Scraper-REG-Himachal Pradesh) Launched browser context. Max list page concurrency: 10
15:48:07 [INFO] (Scraper-REG-Himachal Pradesh) 🚀 Preparing batch for List Pages: 1 to 1
15:48:07 [INFO] (Scraper-REG-Himachal Pradesh) 📄 Fetching List Page 1 (Attempt 1/4)
15:48:08 [INFO] (Scraper-REG-Himachal Pradesh)   ⏯️ Gathering 20 detail scrape tasks for page 1 (Semaphore limit: 2)...
15:48:09 [INFO] (Scraper-REG-Himachal Pradesh)     ➡️  Scraping Detail Page: https://hptenders.gov.in/nicgep/app?component=%24DirectLink_0&page=FrontEndAdvancedSearchResult&service=direct&session=T&sp=SRHg%2B%2BLIk3WeZXS3QJ4q4gw%3D%3D
15:48:09 [INFO] (Scraper-REG-Himachal Pradesh)     ➡️  Scraping Detail Page: https://hptenders.gov.in/nicgep/app?component=%24DirectLink_0&page=FrontEndAdvancedSearchResult&service=direct&session=T&sp=SnC3hOkeUKa5udqj6dBHsGA%3D%3D
15:48:09 [INFO] (Scraper-REG-Himachal Pradesh)     ➡️  Scraping Detail Page: https://hptenders.gov.in/nicgep/app?component=%24DirectLink_0&page=FrontEndAdvancedSearchResult&service=direct&session=T&sp=SbENIcliTxKTqMS6YRXB5dw%3D%3D
15:48:09 [INFO] (Scraper-REG-Himachal Pradesh)     ➡️  Scraping Detail Page: https://hptenders.gov.in/nicgep/app?component=%24DirectLink_0&page=FrontEndAdvancedSearchResult&service=direct&session=T&sp=SbKzj07id%2FKfAOIq9eoMI4Q%3D%3D
15:48:10 [INFO] (Scraper-REG-Himachal Pradesh)     ➡️  Scraping Detail Page: https://hptenders.gov.in/nicgep/app?component=%24DirectLink_0&page=FrontEndAdvancedSearchResult&service=direct&session=T&sp=SWfJprkmzPRhjHctvzZ%2B0WQ%3D%3D
15:48:10 [INFO] (Scraper-REG-Himachal Pradesh)     ➡️  Scraping Detail Page: https://hptenders.gov.in/nicgep/app?component=%24DirectLink_0&page=FrontEndAdvancedSearchResult&service=direct&session=T&sp=SkFviM14yPKOTAOLI3qb3ug%3D%3D
15:48:10 [INFO] (Scraper-REG-Himachal Pradesh)     ➡️  Scraping Detail Page: https://hptenders.gov.in/nicgep/app?component=%24DirectLink_0&page=FrontEndAdvancedSearchResult&service=direct&session=T&sp=Sz47JPixU4O%2Fch5qcBw0Mtw%3D%3D
15:48:10 [INFO] (Scraper-REG-Himachal Pradesh)     ➡️  Scraping Detail Page: https://hptenders.gov.in/nicgep/app?component=%24DirectLink_0&page=FrontEndAdvancedSearchResult&service=direct&session=T&sp=S6EJ83HDd3h4fG1wSbYy8vA%3D%3D
15:48:11 [INFO] (Scraper-REG-Himachal Pradesh)     ➡️  Scraping Detail Page: https://hptenders.gov.in/nicgep/app?component=%24DirectLink_0&page=FrontEndAdvancedSearchResult&service=direct&session=T&sp=SgtaznbydBb7l9SXBLR8amg%3D%3D
15:48:11 [INFO] (Scraper-REG-Himachal Pradesh)     ➡️  Scraping Detail Page: https://hptenders.gov.in/nicgep/app?component=%24DirectLink_0&page=FrontEndAdvancedSearchResult&service=direct&session=T&sp=SPjfsjB1u94EWOG2D8kKiFg%3D%3D
15:48:11 [INFO] (Scraper-REG-Himachal Pradesh)     ➡️  Scraping Detail Page: https://hptenders.gov.in/nicgep/app?component=%24DirectLink_0&page=FrontEndAdvancedSearchResult&service=direct&session=T&sp=S5iNy%2Ft0%2BOmhrG1Cj3oREZQ%3D%3D
15:48:12 [INFO] (Scraper-REG-Himachal Pradesh)     ➡️  Scraping Detail Page: https://hptenders.gov.in/nicgep/app?component=%24DirectLink_0&page=FrontEndAdvancedSearchResult&service=direct&session=T&sp=S4Ty8ue2AZALTWp6OzGpa4w%3D%3D
15:48:12 [INFO] (Scraper-REG-Himachal Pradesh)     ➡️  Scraping Detail Page: https://hptenders.gov.in/nicgep/app?component=%24DirectLink_0&page=FrontEndAdvancedSearchResult&service=direct&session=T&sp=SL%2FPuPdRkxjnmFl2DzCzwpA%3D%3D
15:48:12 [INFO] (Scraper-REG-Himachal Pradesh)     ➡️  Scraping Detail Page: https://hptenders.gov.in/nicgep/app?component=%24DirectLink_0&page=FrontEndAdvancedSearchResult&service=direct&session=T&sp=SEEe0zFLJXoEq9NDkpU0Vzw%3D%3D
15:48:12 [INFO] (Scraper-REG-Himachal Pradesh)     ➡️  Scraping Detail Page: https://hptenders.gov.in/nicgep/app?component=%24DirectLink_0&page=FrontEndAdvancedSearchResult&service=direct&session=T&sp=ShN%2Bf5bgXeZz%2BmksUK%2BJ%2Bfg%3D%3D
15:48:13 [INFO] (Scraper-REG-Himachal Pradesh)     ➡️  Scraping Detail Page: https://hptenders.gov.in/nicgep/app?component=%24DirectLink_0&page=FrontEndAdvancedSearchResult&service=direct&session=T&sp=Sd%2BKQwPkeU9U2fR3GTnrGqQ%3D%3D
15:48:13 [INFO] (Scraper-REG-Himachal Pradesh)     ➡️  Scraping Detail Page: https://hptenders.gov.in/nicgep/app?component=%24DirectLink_0&page=FrontEndAdvancedSearchResult&service=direct&session=T&sp=Se0l9vIBIh73BhImu%2F1G4eA%3D%3D
15:48:13 [INFO] (Scraper-REG-Himachal Pradesh)     ➡️  Scraping Detail Page: https://hptenders.gov.in/nicgep/app?component=%24DirectLink_0&page=FrontEndAdvancedSearchResult&service=direct&session=T&sp=SAJbQmNlCPvfjiGXhWvgLCQ%3D%3D
15:48:14 [INFO] (Scraper-REG-Himachal Pradesh)     ➡️  Scraping Detail Page: https://hptenders.gov.in/nicgep/app?component=%24DirectLink_0&page=FrontEndAdvancedSearchResult&service=direct&session=T&sp=S%2FiAzPD0BSFHpa5BbRNxWEw%3D%3D
15:48:14 [INFO] (Scraper-REG-Himachal Pradesh)     ➡️  Scraping Detail Page: https://hptenders.gov.in/nicgep/app?component=%24DirectLink_0&page=FrontEndAdvancedSearchResult&service=direct&session=T&sp=SzCZAAAFOko%2Fw3kpELkLNoA%3D%3D
15:48:14 [INFO] (Scraper-REG-Himachal Pradesh)   ✅ Finished gathering detail scrape results for page 1.
15:48:14 [INFO] (Scraper-REG-Himachal Pradesh)   ✅ List Page 1 processed successfully (20 valid items found on list).
15:48:14 [INFO] (Scraper-REG-Himachal Pradesh) Reached maximum page limit for site: 1.
15:48:14 [INFO] (Scraper-REG-Himachal Pradesh) Attempting to close browser context and browser...
15:48:14 [INFO] (Scraper-REG-Himachal Pradesh) Browser closed.
15:48:14 [INFO] (Scraper-REG-Himachal Pradesh) Fetching complete for site Himachal Pradesh. Processed up to list page: 1. Saved 1 intermediate files.
15:48:14 [INFO] (Scraper-REG-Himachal Pradesh) Merge and cleanup phase for site Himachal Pradesh...
15:48:14 [INFO] (Scraper-REG-Himachal Pradesh) Merging raw files for site 'Himachal Pradesh' into: /root/TenFin/site_data/REG/MergedSiteSpecific/Merged_Himachal_Pradesh_2025-06-04.txt, from: /root/TenFin/site_data/REG/RawPages/Himachal_Pradesh
15:48:14 [INFO] (Scraper-REG-Himachal Pradesh) Found 1 raw page files for site 'Himachal Pradesh'.
15:48:14 [INFO] (Scraper-REG-Himachal Pradesh) ✅ Merged 20 unique tender blocks for site 'Himachal Pradesh' into: /root/TenFin/site_data/REG/MergedSiteSpecific/Merged_Himachal_Pradesh_2025-06-04.txt
15:48:14 [INFO] (Scraper-REG-Himachal Pradesh) Successfully removed empty raw directory for site 'Himachal Pradesh': /root/TenFin/site_data/REG/RawPages/Himachal_Pradesh
15:48:14 [INFO] (Scraper-REG-Himachal Pradesh) 🏁 Scrape run for site Himachal Pradesh completed. Duration: 0:00:07.432786. Merged unique tender blocks: 20.
15:48:14 [INFO] (Scraper-REG-Himachal Pradesh)    Final site-specific merged file for Himachal Pradesh: /root/TenFin/site_data/REG/MergedSiteSpecific/Merged_Himachal_Pradesh_2025-06-04.txt
