15:28:29 [INFO] (Scraper-REG-Goa) 🚀 Starting DB-integrated scrape run for site: Goa...
15:28:30 [INFO] (Scraper-REG-Goa) 📄 Fetching List Page 1 (Attempt 1/4)
15:29:01 [WARNING] (Scraper-REG-Goa)   ⚠️ Network/Timeout on List Page 1, attempt 1/4: TimeoutError
15:29:04 [INFO] (Scraper-REG-Goa) 📄 Fetching List Page 1 (Attempt 2/4)
15:29:34 [WARNING] (Scraper-REG-Goa)   ⚠️ Network/Timeout on List Page 1, attempt 2/4: TimeoutError
15:29:50 [INFO] (Scraper-REG-Goa) 🚀 Starting DB-integrated scrape run for site: Goa...
15:29:50 [INFO] (Scraper-REG-Goa) 📄 Fetching List Page 1 (Attempt 1/4)
15:29:51 [INFO] (Scraper-REG-Goa)   ⏯️ Gathering 20 detail scrape tasks for page 1.
15:29:51 [INFO] (Scraper-REG-Goa)     ➡️  Scraping Detail Page: https://eprocure.goa.gov.in/nicgep/app?component=%24DirectLink_0&page=FrontEndAdvancedSearchResult&service=direct&session=T&sp=SnuJ1NurfIex%2FCt977SxCNw%3D%3D
15:29:51 [INFO] (Scraper-REG-Goa)     ➡️  Scraping Detail Page: https://eprocure.goa.gov.in/nicgep/app?component=%24DirectLink_0&page=FrontEndAdvancedSearchResult&service=direct&session=T&sp=Sm5aCsheMnpjK3HmiUr2z1w%3D%3D
15:29:52 [INFO] (Scraper-REG-Goa)     ➡️  Scraping Detail Page: https://eprocure.goa.gov.in/nicgep/app?component=%24DirectLink_0&page=FrontEndAdvancedSearchResult&service=direct&session=T&sp=SeKaRECicAf6MLwJKdSQTQg%3D%3D
15:29:52 [INFO] (Scraper-REG-Goa)     ➡️  Scraping Detail Page: https://eprocure.goa.gov.in/nicgep/app?component=%24DirectLink_0&page=FrontEndAdvancedSearchResult&service=direct&session=T&sp=SB%2BfInwMZ71J0xRI09bDrXQ%3D%3D
15:29:52 [INFO] (Scraper-REG-Goa)     ➡️  Scraping Detail Page: https://eprocure.goa.gov.in/nicgep/app?component=%24DirectLink_0&page=FrontEndAdvancedSearchResult&service=direct&session=T&sp=Shd5wkjyh8rjuwWisPTuBYg%3D%3D
15:29:52 [INFO] (Scraper-REG-Goa)     ➡️  Scraping Detail Page: https://eprocure.goa.gov.in/nicgep/app?component=%24DirectLink_0&page=FrontEndAdvancedSearchResult&service=direct&session=T&sp=SPkEb9TacfEDKAMOZaKBRCw%3D%3D
15:29:53 [INFO] (Scraper-REG-Goa)     ➡️  Scraping Detail Page: https://eprocure.goa.gov.in/nicgep/app?component=%24DirectLink_0&page=FrontEndAdvancedSearchResult&service=direct&session=T&sp=ScAIKgdxeSD3psXu5z%2F25Ig%3D%3D
15:29:53 [INFO] (Scraper-REG-Goa)     ➡️  Scraping Detail Page: https://eprocure.goa.gov.in/nicgep/app?component=%24DirectLink_0&page=FrontEndAdvancedSearchResult&service=direct&session=T&sp=STp8JmvxvJP9xM7ijBY%2BmHw%3D%3D
15:29:53 [INFO] (Scraper-REG-Goa)     ➡️  Scraping Detail Page: https://eprocure.goa.gov.in/nicgep/app?component=%24DirectLink_0&page=FrontEndAdvancedSearchResult&service=direct&session=T&sp=SgwfafDQ4x%2BJ0jMsOtTcOtw%3D%3D
15:29:53 [INFO] (Scraper-REG-Goa)     ➡️  Scraping Detail Page: https://eprocure.goa.gov.in/nicgep/app?component=%24DirectLink_0&page=FrontEndAdvancedSearchResult&service=direct&session=T&sp=SAhkJFer8xy3p6mU4Niqllg%3D%3D
15:29:54 [INFO] (Scraper-REG-Goa)     ➡️  Scraping Detail Page: https://eprocure.goa.gov.in/nicgep/app?component=%24DirectLink_0&page=FrontEndAdvancedSearchResult&service=direct&session=T&sp=SwcaOvZtk%2BoQgGw5NnU6hew%3D%3D
15:29:54 [INFO] (Scraper-REG-Goa)     ➡️  Scraping Detail Page: https://eprocure.goa.gov.in/nicgep/app?component=%24DirectLink_0&page=FrontEndAdvancedSearchResult&service=direct&session=T&sp=SxGUy0xGEn89NOmEUDy%2FrYg%3D%3D
15:29:54 [INFO] (Scraper-REG-Goa)     ➡️  Scraping Detail Page: https://eprocure.goa.gov.in/nicgep/app?component=%24DirectLink_0&page=FrontEndAdvancedSearchResult&service=direct&session=T&sp=SWhEem6%2F04rQevYMnU2YLRA%3D%3D
15:29:54 [INFO] (Scraper-REG-Goa)     ➡️  Scraping Detail Page: https://eprocure.goa.gov.in/nicgep/app?component=%24DirectLink_0&page=FrontEndAdvancedSearchResult&service=direct&session=T&sp=SPJLbRhaamLp8fsPHwfkvCw%3D%3D
15:29:55 [INFO] (Scraper-REG-Goa)     ➡️  Scraping Detail Page: https://eprocure.goa.gov.in/nicgep/app?component=%24DirectLink_0&page=FrontEndAdvancedSearchResult&service=direct&session=T&sp=SH9OYo4MQyMTBPOEhJKKb%2BA%3D%3D
15:29:55 [INFO] (Scraper-REG-Goa)     ➡️  Scraping Detail Page: https://eprocure.goa.gov.in/nicgep/app?component=%24DirectLink_0&page=FrontEndAdvancedSearchResult&service=direct&session=T&sp=S9EJoWbAZEfG%2BJBu0RD8Vvg%3D%3D
15:29:55 [INFO] (Scraper-REG-Goa)     ➡️  Scraping Detail Page: https://eprocure.goa.gov.in/nicgep/app?component=%24DirectLink_0&page=FrontEndAdvancedSearchResult&service=direct&session=T&sp=SkTqRCFJBHH3VJebO5T%2B49g%3D%3D
15:29:55 [INFO] (Scraper-REG-Goa)     ➡️  Scraping Detail Page: https://eprocure.goa.gov.in/nicgep/app?component=%24DirectLink_0&page=FrontEndAdvancedSearchResult&service=direct&session=T&sp=SNltVphW83seDyrdj%2F8DsnQ%3D%3D
15:29:56 [INFO] (Scraper-REG-Goa)     ➡️  Scraping Detail Page: https://eprocure.goa.gov.in/nicgep/app?component=%24DirectLink_0&page=FrontEndAdvancedSearchResult&service=direct&session=T&sp=S5icoeCfV3qSTSnLh67FHcA%3D%3D
15:29:56 [INFO] (Scraper-REG-Goa)     ➡️  Scraping Detail Page: https://eprocure.goa.gov.in/nicgep/app?component=%24DirectLink_0&page=FrontEndAdvancedSearchResult&service=direct&session=T&sp=S3aA4T7Dj5j%2B9cuF19QWnSA%3D%3D
15:29:56 [INFO] (Scraper-REG-Goa)   ✅ List Page 1 processed successfully (20 items).
15:29:56 [INFO] (Scraper-REG-Goa) 📄 Fetching List Page 2 (Attempt 1/4)
15:29:57 [INFO] (Scraper-REG-Goa)   ⏯️ Gathering 20 detail scrape tasks for page 2.
15:29:58 [INFO] (Scraper-REG-Goa)     ➡️  Scraping Detail Page: https://eprocure.goa.gov.in/nicgep/app?component=%24DirectLink_0&page=FrontEndAdvancedSearchResult&service=direct&session=T&sp=SIKqvRsd2oJfuotdMTao0mQ%3D%3D
15:29:58 [INFO] (Scraper-REG-Goa)     ➡️  Scraping Detail Page: https://eprocure.goa.gov.in/nicgep/app?component=%24DirectLink_0&page=FrontEndAdvancedSearchResult&service=direct&session=T&sp=SBf%2FB1e6LB5ys7AG6h6Q5oA%3D%3D
15:29:58 [INFO] (Scraper-REG-Goa)     ➡️  Scraping Detail Page: https://eprocure.goa.gov.in/nicgep/app?component=%24DirectLink_0&page=FrontEndAdvancedSearchResult&service=direct&session=T&sp=SIkMYp0s7YYU%2BJUHzvQ%2FCmw%3D%3D
15:29:58 [INFO] (Scraper-REG-Goa)     ➡️  Scraping Detail Page: https://eprocure.goa.gov.in/nicgep/app?component=%24DirectLink_0&page=FrontEndAdvancedSearchResult&service=direct&session=T&sp=S%2FfJ56v0t9rjSFEXhCJztBw%3D%3D
15:29:59 [INFO] (Scraper-REG-Goa)     ➡️  Scraping Detail Page: https://eprocure.goa.gov.in/nicgep/app?component=%24DirectLink_0&page=FrontEndAdvancedSearchResult&service=direct&session=T&sp=SQDWclzeF17er80746RCeKg%3D%3D
15:29:59 [INFO] (Scraper-REG-Goa)     ➡️  Scraping Detail Page: https://eprocure.goa.gov.in/nicgep/app?component=%24DirectLink_0&page=FrontEndAdvancedSearchResult&service=direct&session=T&sp=SoIgSsd%2BL7e0enBCzhobfJg%3D%3D
15:29:59 [INFO] (Scraper-REG-Goa)     ➡️  Scraping Detail Page: https://eprocure.goa.gov.in/nicgep/app?component=%24DirectLink_0&page=FrontEndAdvancedSearchResult&service=direct&session=T&sp=SyyU86KtTYxFEjxrE%2FNJDlw%3D%3D
15:29:59 [INFO] (Scraper-REG-Goa)     ➡️  Scraping Detail Page: https://eprocure.goa.gov.in/nicgep/app?component=%24DirectLink_0&page=FrontEndAdvancedSearchResult&service=direct&session=T&sp=S1ASEtKixbGMad%2F1ow1NSzg%3D%3D
15:30:00 [INFO] (Scraper-REG-Goa)     ➡️  Scraping Detail Page: https://eprocure.goa.gov.in/nicgep/app?component=%24DirectLink_0&page=FrontEndAdvancedSearchResult&service=direct&session=T&sp=S5YfgobG2M%2FcKT4KdGXxlAw%3D%3D
15:30:00 [INFO] (Scraper-REG-Goa)     ➡️  Scraping Detail Page: https://eprocure.goa.gov.in/nicgep/app?component=%24DirectLink_0&page=FrontEndAdvancedSearchResult&service=direct&session=T&sp=SII3BNuHUcGOcr5bgJUoVXQ%3D%3D
15:30:00 [INFO] (Scraper-REG-Goa)     ➡️  Scraping Detail Page: https://eprocure.goa.gov.in/nicgep/app?component=%24DirectLink_0&page=FrontEndAdvancedSearchResult&service=direct&session=T&sp=Sa1hcKHRYstZsqrWkcpabdA%3D%3D
15:30:00 [INFO] (Scraper-REG-Goa)     ➡️  Scraping Detail Page: https://eprocure.goa.gov.in/nicgep/app?component=%24DirectLink_0&page=FrontEndAdvancedSearchResult&service=direct&session=T&sp=SL18rg9B0nA56DBuoA4CvjQ%3D%3D
15:30:01 [INFO] (Scraper-REG-Goa)     ➡️  Scraping Detail Page: https://eprocure.goa.gov.in/nicgep/app?component=%24DirectLink_0&page=FrontEndAdvancedSearchResult&service=direct&session=T&sp=S5JzKqbk005jU3S%2B%2FuVUXYQ%3D%3D
15:30:01 [INFO] (Scraper-REG-Goa)     ➡️  Scraping Detail Page: https://eprocure.goa.gov.in/nicgep/app?component=%24DirectLink_0&page=FrontEndAdvancedSearchResult&service=direct&session=T&sp=SXY1NBn%2BWwCI1k2TIcqCJpg%3D%3D
15:30:01 [INFO] (Scraper-REG-Goa)     ➡️  Scraping Detail Page: https://eprocure.goa.gov.in/nicgep/app?component=%24DirectLink_0&page=FrontEndAdvancedSearchResult&service=direct&session=T&sp=S9LecyVijxq9dijlp95jvWw%3D%3D
15:30:01 [INFO] (Scraper-REG-Goa)     ➡️  Scraping Detail Page: https://eprocure.goa.gov.in/nicgep/app?component=%24DirectLink_0&page=FrontEndAdvancedSearchResult&service=direct&session=T&sp=SmpoL6MpI6AVOgejGH%2BzY3A%3D%3D
15:30:02 [INFO] (Scraper-REG-Goa)     ➡️  Scraping Detail Page: https://eprocure.goa.gov.in/nicgep/app?component=%24DirectLink_0&page=FrontEndAdvancedSearchResult&service=direct&session=T&sp=SXu7a3j6bMNWtQkK5maWX3Q%3D%3D
15:30:02 [INFO] (Scraper-REG-Goa)     ➡️  Scraping Detail Page: https://eprocure.goa.gov.in/nicgep/app?component=%24DirectLink_0&page=FrontEndAdvancedSearchResult&service=direct&session=T&sp=S5HtsJtOwKKRppTp2R6LIyw%3D%3D
15:30:02 [INFO] (Scraper-REG-Goa)     ➡️  Scraping Detail Page: https://eprocure.goa.gov.in/nicgep/app?component=%24DirectLink_0&page=FrontEndAdvancedSearchResult&service=direct&session=T&sp=SUpwVNOxo5bo4lqc6zAimKQ%3D%3D
15:30:02 [INFO] (Scraper-REG-Goa)     ➡️  Scraping Detail Page: https://eprocure.goa.gov.in/nicgep/app?component=%24DirectLink_0&page=FrontEndAdvancedSearchResult&service=direct&session=T&sp=SOraY1gJ2%2FU7OxesBRP%2Fgkg%3D%3D
15:30:03 [INFO] (Scraper-REG-Goa)   ✅ List Page 2 processed successfully (20 items).
15:30:03 [INFO] (Scraper-REG-Goa) 📄 Fetching List Page 3 (Attempt 1/4)
15:30:04 [INFO] (Scraper-REG-Goa)   ⏯️ Gathering 20 detail scrape tasks for page 3.
15:30:04 [INFO] (Scraper-REG-Goa)     ➡️  Scraping Detail Page: https://eprocure.goa.gov.in/nicgep/app?component=%24DirectLink_0&page=FrontEndAdvancedSearchResult&service=direct&session=T&sp=SfD1jrf6qVP7hOmC%2B0jh6HA%3D%3D
15:30:04 [INFO] (Scraper-REG-Goa)     ➡️  Scraping Detail Page: https://eprocure.goa.gov.in/nicgep/app?component=%24DirectLink_0&page=FrontEndAdvancedSearchResult&service=direct&session=T&sp=SoWaGCWOupBkqnyM4xH4jiQ%3D%3D
15:30:04 [INFO] (Scraper-REG-Goa)     ➡️  Scraping Detail Page: https://eprocure.goa.gov.in/nicgep/app?component=%24DirectLink_0&page=FrontEndAdvancedSearchResult&service=direct&session=T&sp=S0ne0Naj%2Fnfn6k3OSmkle%2FA%3D%3D
15:30:04 [INFO] (Scraper-REG-Goa)     ➡️  Scraping Detail Page: https://eprocure.goa.gov.in/nicgep/app?component=%24DirectLink_0&page=FrontEndAdvancedSearchResult&service=direct&session=T&sp=Sl90vp5iis6gwL%2F394AkxWw%3D%3D
15:30:05 [INFO] (Scraper-REG-Goa)     ➡️  Scraping Detail Page: https://eprocure.goa.gov.in/nicgep/app?component=%24DirectLink_0&page=FrontEndAdvancedSearchResult&service=direct&session=T&sp=SUpwVNOxo5bo4lqc6zAimKQ%3D%3D
15:30:05 [INFO] (Scraper-REG-Goa)     ➡️  Scraping Detail Page: https://eprocure.goa.gov.in/nicgep/app?component=%24DirectLink_0&page=FrontEndAdvancedSearchResult&service=direct&session=T&sp=SOraY1gJ2%2FU7OxesBRP%2Fgkg%3D%3D
15:30:05 [INFO] (Scraper-REG-Goa)     ➡️  Scraping Detail Page: https://eprocure.goa.gov.in/nicgep/app?component=%24DirectLink_0&page=FrontEndAdvancedSearchResult&service=direct&session=T&sp=SDjHl%2Bp7oB0OkrtbpQmynUg%3D%3D
15:30:05 [INFO] (Scraper-REG-Goa)     ➡️  Scraping Detail Page: https://eprocure.goa.gov.in/nicgep/app?component=%24DirectLink_0&page=FrontEndAdvancedSearchResult&service=direct&session=T&sp=S9LecyVijxq9dijlp95jvWw%3D%3D
15:30:06 [INFO] (Scraper-REG-Goa)     ➡️  Scraping Detail Page: https://eprocure.goa.gov.in/nicgep/app?component=%24DirectLink_0&page=FrontEndAdvancedSearchResult&service=direct&session=T&sp=S5HtsJtOwKKRppTp2R6LIyw%3D%3D
15:30:06 [INFO] (Scraper-REG-Goa)     ➡️  Scraping Detail Page: https://eprocure.goa.gov.in/nicgep/app?component=%24DirectLink_0&page=FrontEndAdvancedSearchResult&service=direct&session=T&sp=SapUq4iD%2BL61MlRVxV3ICfQ%3D%3D
15:30:06 [INFO] (Scraper-REG-Goa)     ➡️  Scraping Detail Page: https://eprocure.goa.gov.in/nicgep/app?component=%24DirectLink_0&page=FrontEndAdvancedSearchResult&service=direct&session=T&sp=SToxXtxXzbWP2GSTzvP2QVg%3D%3D
15:30:07 [INFO] (Scraper-REG-Goa)     ➡️  Scraping Detail Page: https://eprocure.goa.gov.in/nicgep/app?component=%24DirectLink_0&page=FrontEndAdvancedSearchResult&service=direct&session=T&sp=SK2Clh9XcDN5NMbm9Ddz2mA%3D%3D
15:30:07 [INFO] (Scraper-REG-Goa)     ➡️  Scraping Detail Page: https://eprocure.goa.gov.in/nicgep/app?component=%24DirectLink_0&page=FrontEndAdvancedSearchResult&service=direct&session=T&sp=SZr0rqnZmjbzNqnX6OfL9Qw%3D%3D
15:30:07 [INFO] (Scraper-REG-Goa)     ➡️  Scraping Detail Page: https://eprocure.goa.gov.in/nicgep/app?component=%24DirectLink_0&page=FrontEndAdvancedSearchResult&service=direct&session=T&sp=SaqCf6mQi5OtMAWrKKutVHw%3D%3D
15:30:07 [INFO] (Scraper-REG-Goa)     ➡️  Scraping Detail Page: https://eprocure.goa.gov.in/nicgep/app?component=%24DirectLink_0&page=FrontEndAdvancedSearchResult&service=direct&session=T&sp=SRZLnJ9598XupqGsOO%2FRz%2BQ%3D%3D
15:30:08 [INFO] (Scraper-REG-Goa)     ➡️  Scraping Detail Page: https://eprocure.goa.gov.in/nicgep/app?component=%24DirectLink_0&page=FrontEndAdvancedSearchResult&service=direct&session=T&sp=Sc%2BUDPwL8MziHq%2BH0fLIyuQ%3D%3D
15:30:08 [INFO] (Scraper-REG-Goa)     ➡️  Scraping Detail Page: https://eprocure.goa.gov.in/nicgep/app?component=%24DirectLink_0&page=FrontEndAdvancedSearchResult&service=direct&session=T&sp=SQZBSktpc1i7LAO0oLDu2Sw%3D%3D
15:30:08 [INFO] (Scraper-REG-Goa)     ➡️  Scraping Detail Page: https://eprocure.goa.gov.in/nicgep/app?component=%24DirectLink_0&page=FrontEndAdvancedSearchResult&service=direct&session=T&sp=SWkDqrmL0kIE2UB%2ByQRThHA%3D%3D
15:30:08 [INFO] (Scraper-REG-Goa)     ➡️  Scraping Detail Page: https://eprocure.goa.gov.in/nicgep/app?component=%24DirectLink_0&page=FrontEndAdvancedSearchResult&service=direct&session=T&sp=SaM68QKfEGcfOYy2h61T7OA%3D%3D
15:30:09 [INFO] (Scraper-REG-Goa)     ➡️  Scraping Detail Page: https://eprocure.goa.gov.in/nicgep/app?component=%24DirectLink_0&page=FrontEndAdvancedSearchResult&service=direct&session=T&sp=SjbgcKiRH%2F9RblNYgzUaSfQ%3D%3D
15:30:09 [INFO] (Scraper-REG-Goa)   ✅ List Page 3 processed successfully (20 items).
15:30:09 [INFO] (Scraper-REG-Goa) 📄 Fetching List Page 4 (Attempt 1/4)
15:30:10 [INFO] (Scraper-REG-Goa)   ⏯️ Gathering 20 detail scrape tasks for page 4.
15:30:10 [INFO] (Scraper-REG-Goa)     ➡️  Scraping Detail Page: https://eprocure.goa.gov.in/nicgep/app?component=%24DirectLink_0&page=FrontEndAdvancedSearchResult&service=direct&session=T&sp=SekjfhUT37iaXNGB6PuB8BA%3D%3D
15:30:10 [INFO] (Scraper-REG-Goa)     ➡️  Scraping Detail Page: https://eprocure.goa.gov.in/nicgep/app?component=%24DirectLink_0&page=FrontEndAdvancedSearchResult&service=direct&session=T&sp=SJR9hh0Cr2BsTXJ53y%2FkTjw%3D%3D
15:30:11 [INFO] (Scraper-REG-Goa)     ➡️  Scraping Detail Page: https://eprocure.goa.gov.in/nicgep/app?component=%24DirectLink_0&page=FrontEndAdvancedSearchResult&service=direct&session=T&sp=S8lz4wIjEySE9cpJNmRdvgw%3D%3D
15:30:11 [INFO] (Scraper-REG-Goa)     ➡️  Scraping Detail Page: https://eprocure.goa.gov.in/nicgep/app?component=%24DirectLink_0&page=FrontEndAdvancedSearchResult&service=direct&session=T&sp=SiBJduYOxe5uy5w5oaWVghg%3D%3D
15:30:12 [INFO] (Scraper-REG-Goa)     ➡️  Scraping Detail Page: https://eprocure.goa.gov.in/nicgep/app?component=%24DirectLink_0&page=FrontEndAdvancedSearchResult&service=direct&session=T&sp=SkDXEiuBn5j00gecS9p15vw%3D%3D
15:30:12 [INFO] (Scraper-REG-Goa)     ➡️  Scraping Detail Page: https://eprocure.goa.gov.in/nicgep/app?component=%24DirectLink_0&page=FrontEndAdvancedSearchResult&service=direct&session=T&sp=SqaJy6T7RJ%2Bz3cYC5rc0TKQ%3D%3D
15:30:12 [INFO] (Scraper-REG-Goa)     ➡️  Scraping Detail Page: https://eprocure.goa.gov.in/nicgep/app?component=%24DirectLink_0&page=FrontEndAdvancedSearchResult&service=direct&session=T&sp=SPtHK%2Fuyd0dWNt7KsqANbjg%3D%3D
15:30:12 [INFO] (Scraper-REG-Goa)     ➡️  Scraping Detail Page: https://eprocure.goa.gov.in/nicgep/app?component=%24DirectLink_0&page=FrontEndAdvancedSearchResult&service=direct&session=T&sp=SfLAnhAdvETXQ46gY4E29yw%3D%3D
15:30:13 [INFO] (Scraper-REG-Goa)     ➡️  Scraping Detail Page: https://eprocure.goa.gov.in/nicgep/app?component=%24DirectLink_0&page=FrontEndAdvancedSearchResult&service=direct&session=T&sp=SsB1kwmMWXteHjJY850pJ6g%3D%3D
15:30:13 [INFO] (Scraper-REG-Goa)     ➡️  Scraping Detail Page: https://eprocure.goa.gov.in/nicgep/app?component=%24DirectLink_0&page=FrontEndAdvancedSearchResult&service=direct&session=T&sp=Sm%2Fs7mIOTk6%2FvpyspUF2KFg%3D%3D
15:30:13 [INFO] (Scraper-REG-Goa)     ➡️  Scraping Detail Page: https://eprocure.goa.gov.in/nicgep/app?component=%24DirectLink_0&page=FrontEndAdvancedSearchResult&service=direct&session=T&sp=SJ07wFYfRNKsSpkuXR8US3Q%3D%3D
15:30:13 [INFO] (Scraper-REG-Goa)     ➡️  Scraping Detail Page: https://eprocure.goa.gov.in/nicgep/app?component=%24DirectLink_0&page=FrontEndAdvancedSearchResult&service=direct&session=T&sp=SlLCI0oxN4PkHO0%2FJ6oxMgg%3D%3D
15:30:14 [INFO] (Scraper-REG-Goa)     ➡️  Scraping Detail Page: https://eprocure.goa.gov.in/nicgep/app?component=%24DirectLink_0&page=FrontEndAdvancedSearchResult&service=direct&session=T&sp=Sd0YrkuXYZ6EueWSJWAsE4w%3D%3D
15:30:14 [INFO] (Scraper-REG-Goa)     ➡️  Scraping Detail Page: https://eprocure.goa.gov.in/nicgep/app?component=%24DirectLink_0&page=FrontEndAdvancedSearchResult&service=direct&session=T&sp=SPkWENZ6tNqV1jCqK7X5Avg%3D%3D
15:30:14 [INFO] (Scraper-REG-Goa)     ➡️  Scraping Detail Page: https://eprocure.goa.gov.in/nicgep/app?component=%24DirectLink_0&page=FrontEndAdvancedSearchResult&service=direct&session=T&sp=Sgn14r3iUeZj5rbwAYq%2FJFA%3D%3D
15:30:14 [INFO] (Scraper-REG-Goa)     ➡️  Scraping Detail Page: https://eprocure.goa.gov.in/nicgep/app?component=%24DirectLink_0&page=FrontEndAdvancedSearchResult&service=direct&session=T&sp=Sm8Lra5lK4%2BwYuzfAdm4PIw%3D%3D
15:30:15 [INFO] (Scraper-REG-Goa)     ➡️  Scraping Detail Page: https://eprocure.goa.gov.in/nicgep/app?component=%24DirectLink_0&page=FrontEndAdvancedSearchResult&service=direct&session=T&sp=SZbaw0jDEbNTF0tkYNsDc2w%3D%3D
15:30:15 [INFO] (Scraper-REG-Goa)     ➡️  Scraping Detail Page: https://eprocure.goa.gov.in/nicgep/app?component=%24DirectLink_0&page=FrontEndAdvancedSearchResult&service=direct&session=T&sp=SmydSh3wMdOK50rOSKVJoCw%3D%3D
15:30:15 [INFO] (Scraper-REG-Goa)     ➡️  Scraping Detail Page: https://eprocure.goa.gov.in/nicgep/app?component=%24DirectLink_0&page=FrontEndAdvancedSearchResult&service=direct&session=T&sp=SFVJtxMFoIj1X4e7EYtyBuw%3D%3D
15:30:15 [INFO] (Scraper-REG-Goa)     ➡️  Scraping Detail Page: https://eprocure.goa.gov.in/nicgep/app?component=%24DirectLink_0&page=FrontEndAdvancedSearchResult&service=direct&session=T&sp=S2Xc20TpKmd116Y2gp4PxPg%3D%3D
15:30:16 [INFO] (Scraper-REG-Goa)   ✅ List Page 4 processed successfully (20 items).
15:30:16 [INFO] (Scraper-REG-Goa) 📄 Fetching List Page 5 (Attempt 1/4)
15:30:17 [INFO] (Scraper-REG-Goa)   ⏯️ Gathering 20 detail scrape tasks for page 5.
15:30:17 [INFO] (Scraper-REG-Goa)     ➡️  Scraping Detail Page: https://eprocure.goa.gov.in/nicgep/app?component=%24DirectLink_0&page=FrontEndAdvancedSearchResult&service=direct&session=T&sp=STDzB72LnAXp%2BeYCUSlY3Kw%3D%3D
15:30:17 [INFO] (Scraper-REG-Goa)     ➡️  Scraping Detail Page: https://eprocure.goa.gov.in/nicgep/app?component=%24DirectLink_0&page=FrontEndAdvancedSearchResult&service=direct&session=T&sp=SxdESpz7gEPaLzfKm0rs7TQ%3D%3D
15:30:17 [INFO] (Scraper-REG-Goa)     ➡️  Scraping Detail Page: https://eprocure.goa.gov.in/nicgep/app?component=%24DirectLink_0&page=FrontEndAdvancedSearchResult&service=direct&session=T&sp=SzfvjN0DZXxiyPQOK9JuXIw%3D%3D
15:30:17 [INFO] (Scraper-REG-Goa)     ➡️  Scraping Detail Page: https://eprocure.goa.gov.in/nicgep/app?component=%24DirectLink_0&page=FrontEndAdvancedSearchResult&service=direct&session=T&sp=SeyyEwL0W9CjQ9e36H4LCXg%3D%3D
15:30:18 [INFO] (Scraper-REG-Goa)     ➡️  Scraping Detail Page: https://eprocure.goa.gov.in/nicgep/app?component=%24DirectLink_0&page=FrontEndAdvancedSearchResult&service=direct&session=T&sp=S4A%2BxRJKKJK%2BWAYMlhzj7FQ%3D%3D
15:30:18 [INFO] (Scraper-REG-Goa)     ➡️  Scraping Detail Page: https://eprocure.goa.gov.in/nicgep/app?component=%24DirectLink_0&page=FrontEndAdvancedSearchResult&service=direct&session=T&sp=SHvavxLlkfLObR%2BvBAg3Tmw%3D%3D
15:30:19 [INFO] (Scraper-REG-Goa)     ➡️  Scraping Detail Page: https://eprocure.goa.gov.in/nicgep/app?component=%24DirectLink_0&page=FrontEndAdvancedSearchResult&service=direct&session=T&sp=S1KkGRJyZWFaOJphylukE1A%3D%3D
15:30:19 [INFO] (Scraper-REG-Goa)     ➡️  Scraping Detail Page: https://eprocure.goa.gov.in/nicgep/app?component=%24DirectLink_0&page=FrontEndAdvancedSearchResult&service=direct&session=T&sp=SktVTEyGF%2Bd%2FWlt9LySjNhg%3D%3D
15:30:19 [INFO] (Scraper-REG-Goa)     ➡️  Scraping Detail Page: https://eprocure.goa.gov.in/nicgep/app?component=%24DirectLink_0&page=FrontEndAdvancedSearchResult&service=direct&session=T&sp=S1xS%2B2W57N8fHKoJRhL6KRQ%3D%3D
15:30:19 [INFO] (Scraper-REG-Goa)     ➡️  Scraping Detail Page: https://eprocure.goa.gov.in/nicgep/app?component=%24DirectLink_0&page=FrontEndAdvancedSearchResult&service=direct&session=T&sp=SIAnZmISp1fC4FN%2FjgPc4Ag%3D%3D
15:30:20 [INFO] (Scraper-REG-Goa)     ➡️  Scraping Detail Page: https://eprocure.goa.gov.in/nicgep/app?component=%24DirectLink_0&page=FrontEndAdvancedSearchResult&service=direct&session=T&sp=SUuFu%2BS3eQHYm2xwTM0cSEQ%3D%3D
15:30:20 [INFO] (Scraper-REG-Goa)     ➡️  Scraping Detail Page: https://eprocure.goa.gov.in/nicgep/app?component=%24DirectLink_0&page=FrontEndAdvancedSearchResult&service=direct&session=T&sp=S8lyoz4el6pVxT%2ByYvAUfsA%3D%3D
15:30:20 [INFO] (Scraper-REG-Goa)     ➡️  Scraping Detail Page: https://eprocure.goa.gov.in/nicgep/app?component=%24DirectLink_0&page=FrontEndAdvancedSearchResult&service=direct&session=T&sp=S2rRZ%2F%2Bn1URqMaXg8bSS%2BnQ%3D%3D
15:30:20 [INFO] (Scraper-REG-Goa)     ➡️  Scraping Detail Page: https://eprocure.goa.gov.in/nicgep/app?component=%24DirectLink_0&page=FrontEndAdvancedSearchResult&service=direct&session=T&sp=SECHKgbQ06AR1CW2HbRuztg%3D%3D
15:30:21 [INFO] (Scraper-REG-Goa)     ➡️  Scraping Detail Page: https://eprocure.goa.gov.in/nicgep/app?component=%24DirectLink_0&page=FrontEndAdvancedSearchResult&service=direct&session=T&sp=SZZTh6gF8Qm17uyPSlgDVJg%3D%3D
15:30:21 [INFO] (Scraper-REG-Goa)     ➡️  Scraping Detail Page: https://eprocure.goa.gov.in/nicgep/app?component=%24DirectLink_0&page=FrontEndAdvancedSearchResult&service=direct&session=T&sp=SVtiweZYR5FN11pTj%2BNQlfw%3D%3D
15:30:21 [INFO] (Scraper-REG-Goa)     ➡️  Scraping Detail Page: https://eprocure.goa.gov.in/nicgep/app?component=%24DirectLink_0&page=FrontEndAdvancedSearchResult&service=direct&session=T&sp=SQMXMEQC7IbsVMXPwEWyVRA%3D%3D
15:30:21 [INFO] (Scraper-REG-Goa)     ➡️  Scraping Detail Page: https://eprocure.goa.gov.in/nicgep/app?component=%24DirectLink_0&page=FrontEndAdvancedSearchResult&service=direct&session=T&sp=S0kD08bU2DwfWeXW27FKKFw%3D%3D
15:30:22 [INFO] (Scraper-REG-Goa)     ➡️  Scraping Detail Page: https://eprocure.goa.gov.in/nicgep/app?component=%24DirectLink_0&page=FrontEndAdvancedSearchResult&service=direct&session=T&sp=SvpsK5UTjW0u5yBlbBBOuww%3D%3D
15:30:22 [INFO] (Scraper-REG-Goa)     ➡️  Scraping Detail Page: https://eprocure.goa.gov.in/nicgep/app?component=%24DirectLink_0&page=FrontEndAdvancedSearchResult&service=direct&session=T&sp=SjDqvP8oFhnLTPw91aCoZ3g%3D%3D
15:30:22 [INFO] (Scraper-REG-Goa)   ✅ List Page 5 processed successfully (20 items).
15:30:22 [INFO] (Scraper-REG-Goa) 📄 Fetching List Page 6 (Attempt 1/4)
15:30:23 [INFO] (Scraper-REG-Goa)   ⏯️ Gathering 20 detail scrape tasks for page 6.
15:30:23 [INFO] (Scraper-REG-Goa)     ➡️  Scraping Detail Page: https://eprocure.goa.gov.in/nicgep/app?component=%24DirectLink_0&page=FrontEndAdvancedSearchResult&service=direct&session=T&sp=SCZa1wEgqJvM6eNuSiZBTMQ%3D%3D
15:30:23 [INFO] (Scraper-REG-Goa)     ➡️  Scraping Detail Page: https://eprocure.goa.gov.in/nicgep/app?component=%24DirectLink_0&page=FrontEndAdvancedSearchResult&service=direct&session=T&sp=Sb7tZ8URP7Tqzml2vkyEWKw%3D%3D
15:30:24 [INFO] (Scraper-REG-Goa)     ➡️  Scraping Detail Page: https://eprocure.goa.gov.in/nicgep/app?component=%24DirectLink_0&page=FrontEndAdvancedSearchResult&service=direct&session=T&sp=S22FMBMl0%2BQPsEMW99Pou9A%3D%3D
15:30:24 [INFO] (Scraper-REG-Goa)     ➡️  Scraping Detail Page: https://eprocure.goa.gov.in/nicgep/app?component=%24DirectLink_0&page=FrontEndAdvancedSearchResult&service=direct&session=T&sp=SnEOU92uF5kzPouM41IlAhQ%3D%3D
15:30:24 [INFO] (Scraper-REG-Goa)     ➡️  Scraping Detail Page: https://eprocure.goa.gov.in/nicgep/app?component=%24DirectLink_0&page=FrontEndAdvancedSearchResult&service=direct&session=T&sp=Sa9myZgTsiCFkAh%2F75ykJxQ%3D%3D
15:30:24 [INFO] (Scraper-REG-Goa)     ➡️  Scraping Detail Page: https://eprocure.goa.gov.in/nicgep/app?component=%24DirectLink_0&page=FrontEndAdvancedSearchResult&service=direct&session=T&sp=SXlSNjWvbWrtAM2u8Bih97g%3D%3D
15:30:25 [INFO] (Scraper-REG-Goa)     ➡️  Scraping Detail Page: https://eprocure.goa.gov.in/nicgep/app?component=%24DirectLink_0&page=FrontEndAdvancedSearchResult&service=direct&session=T&sp=SMlJzTGx56%2BjMz8BFwzu4mQ%3D%3D
15:30:25 [INFO] (Scraper-REG-Goa)     ➡️  Scraping Detail Page: https://eprocure.goa.gov.in/nicgep/app?component=%24DirectLink_0&page=FrontEndAdvancedSearchResult&service=direct&session=T&sp=Sbzb%2FQPyzsclsfsF4eewpyg%3D%3D
15:30:25 [INFO] (Scraper-REG-Goa)     ➡️  Scraping Detail Page: https://eprocure.goa.gov.in/nicgep/app?component=%24DirectLink_0&page=FrontEndAdvancedSearchResult&service=direct&session=T&sp=SkkEtYKd7usQbXJki9Axw5A%3D%3D
15:30:25 [INFO] (Scraper-REG-Goa)     ➡️  Scraping Detail Page: https://eprocure.goa.gov.in/nicgep/app?component=%24DirectLink_0&page=FrontEndAdvancedSearchResult&service=direct&session=T&sp=ScxikoQJQ8tyTH9LgAhophw%3D%3D
15:30:26 [INFO] (Scraper-REG-Goa)     ➡️  Scraping Detail Page: https://eprocure.goa.gov.in/nicgep/app?component=%24DirectLink_0&page=FrontEndAdvancedSearchResult&service=direct&session=T&sp=S2kRBrlZ%2FfFtteIuSjijhIw%3D%3D
15:30:26 [INFO] (Scraper-REG-Goa)     ➡️  Scraping Detail Page: https://eprocure.goa.gov.in/nicgep/app?component=%24DirectLink_0&page=FrontEndAdvancedSearchResult&service=direct&session=T&sp=SYGFL%2BnFkJTzjKLmuc7ZGjg%3D%3D
15:30:26 [INFO] (Scraper-REG-Goa)     ➡️  Scraping Detail Page: https://eprocure.goa.gov.in/nicgep/app?component=%24DirectLink_0&page=FrontEndAdvancedSearchResult&service=direct&session=T&sp=SOB74VbFafpcD93z7lG0Ytw%3D%3D
15:30:26 [INFO] (Scraper-REG-Goa)     ➡️  Scraping Detail Page: https://eprocure.goa.gov.in/nicgep/app?component=%24DirectLink_0&page=FrontEndAdvancedSearchResult&service=direct&session=T&sp=S889DX2TSNkNjbd%2FWsjvKIw%3D%3D
15:30:27 [INFO] (Scraper-REG-Goa)     ➡️  Scraping Detail Page: https://eprocure.goa.gov.in/nicgep/app?component=%24DirectLink_0&page=FrontEndAdvancedSearchResult&service=direct&session=T&sp=S5%2FyFLWzMK4ifuhh%2FOYQrZQ%3D%3D
15:30:27 [INFO] (Scraper-REG-Goa)     ➡️  Scraping Detail Page: https://eprocure.goa.gov.in/nicgep/app?component=%24DirectLink_0&page=FrontEndAdvancedSearchResult&service=direct&session=T&sp=SVA6NyxpUS9V56A5jzBywCw%3D%3D
15:30:27 [INFO] (Scraper-REG-Goa)     ➡️  Scraping Detail Page: https://eprocure.goa.gov.in/nicgep/app?component=%24DirectLink_0&page=FrontEndAdvancedSearchResult&service=direct&session=T&sp=SEjzvmM0T6Kde46k0jhEi4Q%3D%3D
15:30:27 [INFO] (Scraper-REG-Goa)     ➡️  Scraping Detail Page: https://eprocure.goa.gov.in/nicgep/app?component=%24DirectLink_0&page=FrontEndAdvancedSearchResult&service=direct&session=T&sp=SlZXQzcFp%2FHbumdqz%2BLnTTQ%3D%3D
15:30:28 [INFO] (Scraper-REG-Goa)     ➡️  Scraping Detail Page: https://eprocure.goa.gov.in/nicgep/app?component=%24DirectLink_0&page=FrontEndAdvancedSearchResult&service=direct&session=T&sp=SPleOUQ33DAiMb%2FTRN%2BGPUA%3D%3D
15:30:28 [INFO] (Scraper-REG-Goa)     ➡️  Scraping Detail Page: https://eprocure.goa.gov.in/nicgep/app?component=%24DirectLink_0&page=FrontEndAdvancedSearchResult&service=direct&session=T&sp=SW5E4qWJ%2B1WJuNBiDmP1ysQ%3D%3D
15:30:28 [INFO] (Scraper-REG-Goa)   ✅ List Page 6 processed successfully (20 items).
15:30:28 [INFO] (Scraper-REG-Goa) 📄 Fetching List Page 7 (Attempt 1/4)
15:30:29 [INFO] (Scraper-REG-Goa)   ⏯️ Gathering 20 detail scrape tasks for page 7.
15:30:29 [INFO] (Scraper-REG-Goa)     ➡️  Scraping Detail Page: https://eprocure.goa.gov.in/nicgep/app?component=%24DirectLink_0&page=FrontEndAdvancedSearchResult&service=direct&session=T&sp=SGyVBPiQpepTapq0tlmuZDQ%3D%3D
15:30:29 [INFO] (Scraper-REG-Goa)     ➡️  Scraping Detail Page: https://eprocure.goa.gov.in/nicgep/app?component=%24DirectLink_0&page=FrontEndAdvancedSearchResult&service=direct&session=T&sp=SZyIBjBABTunZ5%2FXNwHRf%2Fw%3D%3D
15:30:30 [INFO] (Scraper-REG-Goa)     ➡️  Scraping Detail Page: https://eprocure.goa.gov.in/nicgep/app?component=%24DirectLink_0&page=FrontEndAdvancedSearchResult&service=direct&session=T&sp=Se6EiRitlg054LJz8Nys8nQ%3D%3D
15:30:30 [INFO] (Scraper-REG-Goa)     ➡️  Scraping Detail Page: https://eprocure.goa.gov.in/nicgep/app?component=%24DirectLink_0&page=FrontEndAdvancedSearchResult&service=direct&session=T&sp=SK59bIppXIvATIsPhDex4Kg%3D%3D
15:30:30 [INFO] (Scraper-REG-Goa)     ➡️  Scraping Detail Page: https://eprocure.goa.gov.in/nicgep/app?component=%24DirectLink_0&page=FrontEndAdvancedSearchResult&service=direct&session=T&sp=S2q78AAHFo4YyqwL1k3gCjg%3D%3D
15:30:30 [INFO] (Scraper-REG-Goa)     ➡️  Scraping Detail Page: https://eprocure.goa.gov.in/nicgep/app?component=%24DirectLink_0&page=FrontEndAdvancedSearchResult&service=direct&session=T&sp=SnH5FiOYmA52OGIyZ30WwfA%3D%3D
15:30:31 [INFO] (Scraper-REG-Goa)     ➡️  Scraping Detail Page: https://eprocure.goa.gov.in/nicgep/app?component=%24DirectLink_0&page=FrontEndAdvancedSearchResult&service=direct&session=T&sp=SpIViLSyonuYmpqUYDxeBug%3D%3D
15:30:31 [INFO] (Scraper-REG-Goa)     ➡️  Scraping Detail Page: https://eprocure.goa.gov.in/nicgep/app?component=%24DirectLink_0&page=FrontEndAdvancedSearchResult&service=direct&session=T&sp=Se5o7FNJLI4DYpnqmwLkbwQ%3D%3D
15:30:31 [INFO] (Scraper-REG-Goa)     ➡️  Scraping Detail Page: https://eprocure.goa.gov.in/nicgep/app?component=%24DirectLink_0&page=FrontEndAdvancedSearchResult&service=direct&session=T&sp=SCNl9PV5iwJsoZ%2Be%2FIFgdkg%3D%3D
15:30:31 [INFO] (Scraper-REG-Goa)     ➡️  Scraping Detail Page: https://eprocure.goa.gov.in/nicgep/app?component=%24DirectLink_0&page=FrontEndAdvancedSearchResult&service=direct&session=T&sp=SJOIBjFgBhGRqRLprzIdS9g%3D%3D
15:30:32 [INFO] (Scraper-REG-Goa)     ➡️  Scraping Detail Page: https://eprocure.goa.gov.in/nicgep/app?component=%24DirectLink_0&page=FrontEndAdvancedSearchResult&service=direct&session=T&sp=SWoEBWyydpgA1wUM9e4kDuw%3D%3D
15:30:32 [INFO] (Scraper-REG-Goa)     ➡️  Scraping Detail Page: https://eprocure.goa.gov.in/nicgep/app?component=%24DirectLink_0&page=FrontEndAdvancedSearchResult&service=direct&session=T&sp=S0JroRBFmkp1MhVJRQKOecw%3D%3D
15:30:32 [INFO] (Scraper-REG-Goa)     ➡️  Scraping Detail Page: https://eprocure.goa.gov.in/nicgep/app?component=%24DirectLink_0&page=FrontEndAdvancedSearchResult&service=direct&session=T&sp=SA6sGdkoC5p1MJzBs%2BFQF1g%3D%3D
15:30:32 [INFO] (Scraper-REG-Goa)     ➡️  Scraping Detail Page: https://eprocure.goa.gov.in/nicgep/app?component=%24DirectLink_0&page=FrontEndAdvancedSearchResult&service=direct&session=T&sp=SF5IV5PzbNOL3c8girhXbvg%3D%3D
15:30:33 [INFO] (Scraper-REG-Goa)     ➡️  Scraping Detail Page: https://eprocure.goa.gov.in/nicgep/app?component=%24DirectLink_0&page=FrontEndAdvancedSearchResult&service=direct&session=T&sp=Slu20F2hMxwOIjIrBIYI1bg%3D%3D
15:30:33 [INFO] (Scraper-REG-Goa)     ➡️  Scraping Detail Page: https://eprocure.goa.gov.in/nicgep/app?component=%24DirectLink_0&page=FrontEndAdvancedSearchResult&service=direct&session=T&sp=SX%2BNsILWQ7jwlmiuUSeJYwQ%3D%3D
15:30:34 [INFO] (Scraper-REG-Goa)     ➡️  Scraping Detail Page: https://eprocure.goa.gov.in/nicgep/app?component=%24DirectLink_0&page=FrontEndAdvancedSearchResult&service=direct&session=T&sp=SBL3pEdvyDHVa7zQqK6DnDA%3D%3D
15:30:34 [INFO] (Scraper-REG-Goa)     ➡️  Scraping Detail Page: https://eprocure.goa.gov.in/nicgep/app?component=%24DirectLink_0&page=FrontEndAdvancedSearchResult&service=direct&session=T&sp=SFYUedQ5yu6pZ1Ex3w1F1KQ%3D%3D
15:30:34 [INFO] (Scraper-REG-Goa)     ➡️  Scraping Detail Page: https://eprocure.goa.gov.in/nicgep/app?component=%24DirectLink_0&page=FrontEndAdvancedSearchResult&service=direct&session=T&sp=SnClroyFulXUrIGN93%2BHvdA%3D%3D
15:30:34 [INFO] (Scraper-REG-Goa)     ➡️  Scraping Detail Page: https://eprocure.goa.gov.in/nicgep/app?component=%24DirectLink_0&page=FrontEndAdvancedSearchResult&service=direct&session=T&sp=SQkY2M18Ysd9sG%2FpNR0HTqQ%3D%3D
15:30:34 [INFO] (Scraper-REG-Goa)   ✅ List Page 7 processed successfully (20 items).
15:30:34 [INFO] (Scraper-REG-Goa) 📄 Fetching List Page 8 (Attempt 1/4)
15:30:35 [INFO] (Scraper-REG-Goa)   ⏯️ Gathering 20 detail scrape tasks for page 8.
15:30:35 [INFO] (Scraper-REG-Goa)     ➡️  Scraping Detail Page: https://eprocure.goa.gov.in/nicgep/app?component=%24DirectLink_0&page=FrontEndAdvancedSearchResult&service=direct&session=T&sp=SWs3HExyjbIprJ6Mt7JDiDw%3D%3D
15:30:35 [INFO] (Scraper-REG-Goa)     ➡️  Scraping Detail Page: https://eprocure.goa.gov.in/nicgep/app?component=%24DirectLink_0&page=FrontEndAdvancedSearchResult&service=direct&session=T&sp=SbDkifa9wb0xnln3N3rMiEg%3D%3D
15:30:36 [INFO] (Scraper-REG-Goa)     ➡️  Scraping Detail Page: https://eprocure.goa.gov.in/nicgep/app?component=%24DirectLink_0&page=FrontEndAdvancedSearchResult&service=direct&session=T&sp=SNkjY8vrStj3DVH2T0QtGPA%3D%3D
15:30:36 [INFO] (Scraper-REG-Goa)     ➡️  Scraping Detail Page: https://eprocure.goa.gov.in/nicgep/app?component=%24DirectLink_0&page=FrontEndAdvancedSearchResult&service=direct&session=T&sp=SshGlHnOYDE0DY%2FgyWUZRPQ%3D%3D
15:30:36 [INFO] (Scraper-REG-Goa)     ➡️  Scraping Detail Page: https://eprocure.goa.gov.in/nicgep/app?component=%24DirectLink_0&page=FrontEndAdvancedSearchResult&service=direct&session=T&sp=SvQxVp1JdjLHINIUdJg4ZCA%3D%3D
15:30:37 [INFO] (Scraper-REG-Goa)     ➡️  Scraping Detail Page: https://eprocure.goa.gov.in/nicgep/app?component=%24DirectLink_0&page=FrontEndAdvancedSearchResult&service=direct&session=T&sp=S8b5KSLCMBn0wg99utH9kYA%3D%3D
15:30:37 [INFO] (Scraper-REG-Goa)     ➡️  Scraping Detail Page: https://eprocure.goa.gov.in/nicgep/app?component=%24DirectLink_0&page=FrontEndAdvancedSearchResult&service=direct&session=T&sp=SgHhE3%2BEBC0oU1%2BYrrxHnsw%3D%3D
15:30:37 [INFO] (Scraper-REG-Goa)     ➡️  Scraping Detail Page: https://eprocure.goa.gov.in/nicgep/app?component=%24DirectLink_0&page=FrontEndAdvancedSearchResult&service=direct&session=T&sp=SOwDvThMAdZRHh6PtiWlBmQ%3D%3D
15:30:37 [INFO] (Scraper-REG-Goa)     ➡️  Scraping Detail Page: https://eprocure.goa.gov.in/nicgep/app?component=%24DirectLink_0&page=FrontEndAdvancedSearchResult&service=direct&session=T&sp=SQ%2FJKZ54YNhY6kTnXo9ZkxQ%3D%3D
15:30:38 [INFO] (Scraper-REG-Goa)     ➡️  Scraping Detail Page: https://eprocure.goa.gov.in/nicgep/app?component=%24DirectLink_0&page=FrontEndAdvancedSearchResult&service=direct&session=T&sp=SdQ0EH5S6gimoAjCPFMqO6Q%3D%3D
15:30:38 [INFO] (Scraper-REG-Goa)     ➡️  Scraping Detail Page: https://eprocure.goa.gov.in/nicgep/app?component=%24DirectLink_0&page=FrontEndAdvancedSearchResult&service=direct&session=T&sp=SWI2Q%2F%2F2wlqq6qOXChByt3Q%3D%3D
15:30:38 [INFO] (Scraper-REG-Goa)     ➡️  Scraping Detail Page: https://eprocure.goa.gov.in/nicgep/app?component=%24DirectLink_0&page=FrontEndAdvancedSearchResult&service=direct&session=T&sp=S2aZNEWtXiSPmRe3N%2F8tWfw%3D%3D
15:30:38 [INFO] (Scraper-REG-Goa)     ➡️  Scraping Detail Page: https://eprocure.goa.gov.in/nicgep/app?component=%24DirectLink_0&page=FrontEndAdvancedSearchResult&service=direct&session=T&sp=SK9%2Bjwgwm84FQ6DG0mNuy6Q%3D%3D
15:30:39 [INFO] (Scraper-REG-Goa)     ➡️  Scraping Detail Page: https://eprocure.goa.gov.in/nicgep/app?component=%24DirectLink_0&page=FrontEndAdvancedSearchResult&service=direct&session=T&sp=SanCF0kih6afnWDkSHuzHeA%3D%3D
15:30:39 [INFO] (Scraper-REG-Goa)     ➡️  Scraping Detail Page: https://eprocure.goa.gov.in/nicgep/app?component=%24DirectLink_0&page=FrontEndAdvancedSearchResult&service=direct&session=T&sp=Spm7IdVqx%2FogJjKCEEJ7rTA%3D%3D
15:30:39 [INFO] (Scraper-REG-Goa)     ➡️  Scraping Detail Page: https://eprocure.goa.gov.in/nicgep/app?component=%24DirectLink_0&page=FrontEndAdvancedSearchResult&service=direct&session=T&sp=S5iZlGyFHGjWBOo7M%2FbapaQ%3D%3D
15:30:39 [INFO] (Scraper-REG-Goa)     ➡️  Scraping Detail Page: https://eprocure.goa.gov.in/nicgep/app?component=%24DirectLink_0&page=FrontEndAdvancedSearchResult&service=direct&session=T&sp=SUlEBf38Rx2xMvXgCau9YAA%3D%3D
15:30:40 [INFO] (Scraper-REG-Goa)     ➡️  Scraping Detail Page: https://eprocure.goa.gov.in/nicgep/app?component=%24DirectLink_0&page=FrontEndAdvancedSearchResult&service=direct&session=T&sp=SRO4QuWT3anL2QDXX0LuY6g%3D%3D
15:30:40 [INFO] (Scraper-REG-Goa)     ➡️  Scraping Detail Page: https://eprocure.goa.gov.in/nicgep/app?component=%24DirectLink_0&page=FrontEndAdvancedSearchResult&service=direct&session=T&sp=SVad9TIDKgHoqq%2BwJeZ7OXQ%3D%3D
15:30:40 [INFO] (Scraper-REG-Goa)     ➡️  Scraping Detail Page: https://eprocure.goa.gov.in/nicgep/app?component=%24DirectLink_0&page=FrontEndAdvancedSearchResult&service=direct&session=T&sp=S07mZUX4VpqTbySP0LqhoOg%3D%3D
15:30:40 [INFO] (Scraper-REG-Goa)   ✅ List Page 8 processed successfully (20 items).
15:30:40 [INFO] (Scraper-REG-Goa) 📄 Fetching List Page 9 (Attempt 1/4)
15:30:41 [INFO] (Scraper-REG-Goa)   ⏯️ Gathering 20 detail scrape tasks for page 9.
15:30:42 [INFO] (Scraper-REG-Goa)     ➡️  Scraping Detail Page: https://eprocure.goa.gov.in/nicgep/app?component=%24DirectLink_0&page=FrontEndAdvancedSearchResult&service=direct&session=T&sp=SuORKpFXwDZSlTNtNcdhK3g%3D%3D
15:30:42 [INFO] (Scraper-REG-Goa)     ➡️  Scraping Detail Page: https://eprocure.goa.gov.in/nicgep/app?component=%24DirectLink_0&page=FrontEndAdvancedSearchResult&service=direct&session=T&sp=SgcffVsPbGNOYu%2Bgoki863g%3D%3D
15:30:42 [INFO] (Scraper-REG-Goa)     ➡️  Scraping Detail Page: https://eprocure.goa.gov.in/nicgep/app?component=%24DirectLink_0&page=FrontEndAdvancedSearchResult&service=direct&session=T&sp=Sa4GLJp8TRZm0VHrFmay88A%3D%3D
15:30:42 [INFO] (Scraper-REG-Goa)     ➡️  Scraping Detail Page: https://eprocure.goa.gov.in/nicgep/app?component=%24DirectLink_0&page=FrontEndAdvancedSearchResult&service=direct&session=T&sp=Sl58G%2Fpb%2BrCfrklcTsFsU2g%3D%3D
15:30:43 [INFO] (Scraper-REG-Goa)     ➡️  Scraping Detail Page: https://eprocure.goa.gov.in/nicgep/app?component=%24DirectLink_0&page=FrontEndAdvancedSearchResult&service=direct&session=T&sp=S1dver2lX3KnGeaA3s7KJpg%3D%3D
15:30:43 [INFO] (Scraper-REG-Goa)     ➡️  Scraping Detail Page: https://eprocure.goa.gov.in/nicgep/app?component=%24DirectLink_0&page=FrontEndAdvancedSearchResult&service=direct&session=T&sp=SmT2Yld7xTQSt8qWzPlS8lw%3D%3D
15:30:43 [INFO] (Scraper-REG-Goa)     ➡️  Scraping Detail Page: https://eprocure.goa.gov.in/nicgep/app?component=%24DirectLink_0&page=FrontEndAdvancedSearchResult&service=direct&session=T&sp=SQbm7oKdDbSK4FClcd6wiyA%3D%3D
15:30:43 [INFO] (Scraper-REG-Goa)     ➡️  Scraping Detail Page: https://eprocure.goa.gov.in/nicgep/app?component=%24DirectLink_0&page=FrontEndAdvancedSearchResult&service=direct&session=T&sp=S4XeF72pajaC%2FtnVm1uXm1A%3D%3D
15:30:44 [INFO] (Scraper-REG-Goa)     ➡️  Scraping Detail Page: https://eprocure.goa.gov.in/nicgep/app?component=%24DirectLink_0&page=FrontEndAdvancedSearchResult&service=direct&session=T&sp=SIBrkKh21w4Mud6Bn%2Bq9ruA%3D%3D
15:30:44 [INFO] (Scraper-REG-Goa)     ➡️  Scraping Detail Page: https://eprocure.goa.gov.in/nicgep/app?component=%24DirectLink_0&page=FrontEndAdvancedSearchResult&service=direct&session=T&sp=Sh9WDBOKg5QrkI%2FQ7goW4VA%3D%3D
15:30:44 [INFO] (Scraper-REG-Goa)     ➡️  Scraping Detail Page: https://eprocure.goa.gov.in/nicgep/app?component=%24DirectLink_0&page=FrontEndAdvancedSearchResult&service=direct&session=T&sp=SoM2%2B5md3Xx1MGhRY7nxAeQ%3D%3D
15:30:44 [INFO] (Scraper-REG-Goa)     ➡️  Scraping Detail Page: https://eprocure.goa.gov.in/nicgep/app?component=%24DirectLink_0&page=FrontEndAdvancedSearchResult&service=direct&session=T&sp=S1lX7wqVTOOpLqt4Quci3ow%3D%3D
15:30:45 [INFO] (Scraper-REG-Goa)     ➡️  Scraping Detail Page: https://eprocure.goa.gov.in/nicgep/app?component=%24DirectLink_0&page=FrontEndAdvancedSearchResult&service=direct&session=T&sp=Sa2grl4%2BZCoNO5sNQa9D1sQ%3D%3D
15:30:45 [INFO] (Scraper-REG-Goa)     ➡️  Scraping Detail Page: https://eprocure.goa.gov.in/nicgep/app?component=%24DirectLink_0&page=FrontEndAdvancedSearchResult&service=direct&session=T&sp=S95gcFApuOMczGY1IeeAf6g%3D%3D
15:30:45 [INFO] (Scraper-REG-Goa)     ➡️  Scraping Detail Page: https://eprocure.goa.gov.in/nicgep/app?component=%24DirectLink_0&page=FrontEndAdvancedSearchResult&service=direct&session=T&sp=Sekz86EJBcrF4zpEN9wJYfg%3D%3D
15:30:45 [INFO] (Scraper-REG-Goa)     ➡️  Scraping Detail Page: https://eprocure.goa.gov.in/nicgep/app?component=%24DirectLink_0&page=FrontEndAdvancedSearchResult&service=direct&session=T&sp=SY%2FTxLVzpFyDHb%2B4dNxwCmA%3D%3D
15:30:46 [INFO] (Scraper-REG-Goa)     ➡️  Scraping Detail Page: https://eprocure.goa.gov.in/nicgep/app?component=%24DirectLink_0&page=FrontEndAdvancedSearchResult&service=direct&session=T&sp=SJd3dx362nHoizLRIqNGEIQ%3D%3D
15:30:46 [INFO] (Scraper-REG-Goa)     ➡️  Scraping Detail Page: https://eprocure.goa.gov.in/nicgep/app?component=%24DirectLink_0&page=FrontEndAdvancedSearchResult&service=direct&session=T&sp=S4g1%2Fp8f6GiBBCjpiAu1ffw%3D%3D
15:30:46 [INFO] (Scraper-REG-Goa)     ➡️  Scraping Detail Page: https://eprocure.goa.gov.in/nicgep/app?component=%24DirectLink_0&page=FrontEndAdvancedSearchResult&service=direct&session=T&sp=SS94DTLtGyTaQq9tQ9izlvw%3D%3D
15:30:46 [INFO] (Scraper-REG-Goa)     ➡️  Scraping Detail Page: https://eprocure.goa.gov.in/nicgep/app?component=%24DirectLink_0&page=FrontEndAdvancedSearchResult&service=direct&session=T&sp=SiNTNfYxbGKQkEIzdv0TL7A%3D%3D
15:30:47 [INFO] (Scraper-REG-Goa)   ✅ List Page 9 processed successfully (20 items).
15:30:47 [INFO] (Scraper-REG-Goa) 📄 Fetching List Page 10 (Attempt 1/4)
15:30:47 [INFO] (Scraper-REG-Goa)   ⏯️ Gathering 20 detail scrape tasks for page 10.
15:30:48 [INFO] (Scraper-REG-Goa)     ➡️  Scraping Detail Page: https://eprocure.goa.gov.in/nicgep/app?component=%24DirectLink_0&page=FrontEndAdvancedSearchResult&service=direct&session=T&sp=Si%2FRtC0IweWYzHTtWXqThNQ%3D%3D
15:30:48 [INFO] (Scraper-REG-Goa)     ➡️  Scraping Detail Page: https://eprocure.goa.gov.in/nicgep/app?component=%24DirectLink_0&page=FrontEndAdvancedSearchResult&service=direct&session=T&sp=S%2Bchgylat%2BD944cjomTZdqg%3D%3D
15:30:48 [INFO] (Scraper-REG-Goa)     ➡️  Scraping Detail Page: https://eprocure.goa.gov.in/nicgep/app?component=%24DirectLink_0&page=FrontEndAdvancedSearchResult&service=direct&session=T&sp=Sm8pVUSB8fMMeHEwZPv0DOw%3D%3D
15:30:48 [INFO] (Scraper-REG-Goa)     ➡️  Scraping Detail Page: https://eprocure.goa.gov.in/nicgep/app?component=%24DirectLink_0&page=FrontEndAdvancedSearchResult&service=direct&session=T&sp=Se%2FBfEn4m3ecIeQvbn544ng%3D%3D
15:30:49 [INFO] (Scraper-REG-Goa)     ➡️  Scraping Detail Page: https://eprocure.goa.gov.in/nicgep/app?component=%24DirectLink_0&page=FrontEndAdvancedSearchResult&service=direct&session=T&sp=SvPiP3CtZP%2BN%2F%2FE4o4KsyLA%3D%3D
15:30:49 [INFO] (Scraper-REG-Goa)     ➡️  Scraping Detail Page: https://eprocure.goa.gov.in/nicgep/app?component=%24DirectLink_0&page=FrontEndAdvancedSearchResult&service=direct&session=T&sp=SGCt9HLkeawTrhCU6JZiVhA%3D%3D
15:30:49 [INFO] (Scraper-REG-Goa)     ➡️  Scraping Detail Page: https://eprocure.goa.gov.in/nicgep/app?component=%24DirectLink_0&page=FrontEndAdvancedSearchResult&service=direct&session=T&sp=S3vjJDeBH4HZSLybnVaggOg%3D%3D
15:30:50 [INFO] (Scraper-REG-Goa)     ➡️  Scraping Detail Page: https://eprocure.goa.gov.in/nicgep/app?component=%24DirectLink_0&page=FrontEndAdvancedSearchResult&service=direct&session=T&sp=SqRA82NWqNix4%2F18TjnrtAg%3D%3D
15:30:50 [INFO] (Scraper-REG-Goa)     ➡️  Scraping Detail Page: https://eprocure.goa.gov.in/nicgep/app?component=%24DirectLink_0&page=FrontEndAdvancedSearchResult&service=direct&session=T&sp=SalHC93zvpRVjfEqdGuyMUQ%3D%3D
15:30:50 [INFO] (Scraper-REG-Goa)     ➡️  Scraping Detail Page: https://eprocure.goa.gov.in/nicgep/app?component=%24DirectLink_0&page=FrontEndAdvancedSearchResult&service=direct&session=T&sp=SNNgheGXTr9tTXow2TDckhQ%3D%3D
15:30:50 [INFO] (Scraper-REG-Goa)     ➡️  Scraping Detail Page: https://eprocure.goa.gov.in/nicgep/app?component=%24DirectLink_0&page=FrontEndAdvancedSearchResult&service=direct&session=T&sp=SFEqLkv0DIJ%2BFiG2cQ%2BbZhw%3D%3D
15:30:51 [INFO] (Scraper-REG-Goa)     ➡️  Scraping Detail Page: https://eprocure.goa.gov.in/nicgep/app?component=%24DirectLink_0&page=FrontEndAdvancedSearchResult&service=direct&session=T&sp=Sngqzeh2shcx8GgymBW1JCw%3D%3D
15:30:51 [INFO] (Scraper-REG-Goa)     ➡️  Scraping Detail Page: https://eprocure.goa.gov.in/nicgep/app?component=%24DirectLink_0&page=FrontEndAdvancedSearchResult&service=direct&session=T&sp=SOzbkVdDrwem2Plh4KMoODQ%3D%3D
15:30:51 [INFO] (Scraper-REG-Goa)     ➡️  Scraping Detail Page: https://eprocure.goa.gov.in/nicgep/app?component=%24DirectLink_0&page=FrontEndAdvancedSearchResult&service=direct&session=T&sp=Sh0ZX12PhiFB%2FPjp9xxPHqg%3D%3D
15:30:51 [INFO] (Scraper-REG-Goa)     ➡️  Scraping Detail Page: https://eprocure.goa.gov.in/nicgep/app?component=%24DirectLink_0&page=FrontEndAdvancedSearchResult&service=direct&session=T&sp=S0StEbjB0Z19N3lJMuCmXcg%3D%3D
15:30:52 [INFO] (Scraper-REG-Goa)     ➡️  Scraping Detail Page: https://eprocure.goa.gov.in/nicgep/app?component=%24DirectLink_0&page=FrontEndAdvancedSearchResult&service=direct&session=T&sp=SJwjRGCsy2R7OkwWY91xwKA%3D%3D
15:30:52 [INFO] (Scraper-REG-Goa)     ➡️  Scraping Detail Page: https://eprocure.goa.gov.in/nicgep/app?component=%24DirectLink_0&page=FrontEndAdvancedSearchResult&service=direct&session=T&sp=SvZBd5oC5kW2Nwtf0qOIIlw%3D%3D
15:30:52 [INFO] (Scraper-REG-Goa)     ➡️  Scraping Detail Page: https://eprocure.goa.gov.in/nicgep/app?component=%24DirectLink_0&page=FrontEndAdvancedSearchResult&service=direct&session=T&sp=SwJsHZmTKPO2%2Fp2246PVkqw%3D%3D
15:30:52 [INFO] (Scraper-REG-Goa)     ➡️  Scraping Detail Page: https://eprocure.goa.gov.in/nicgep/app?component=%24DirectLink_0&page=FrontEndAdvancedSearchResult&service=direct&session=T&sp=SvbthrgjeIQ218vZLwXH5kg%3D%3D
15:30:53 [INFO] (Scraper-REG-Goa)     ➡️  Scraping Detail Page: https://eprocure.goa.gov.in/nicgep/app?component=%24DirectLink_0&page=FrontEndAdvancedSearchResult&service=direct&session=T&sp=Sye1cF8%2FmayEQBDr25RQGBw%3D%3D
15:30:53 [INFO] (Scraper-REG-Goa)   ✅ List Page 10 processed successfully (20 items).
15:30:53 [INFO] (Scraper-REG-Goa) Scrape run for site Goa finished. Saved: 200, Failed to save: 0.
15:30:53 [INFO] (Scraper-REG-Goa) 🏁 Scrape run for site Goa completed. Duration: 0:01:02.955438.
