16:46:01 [INFO] (ROTWorker-Sikkim Run-582706) Worker logging initialized. Log file: /root/TenFin/LOGS/rot_worker/Sikkim/worker_rot_worker_Sikkim_20250604164601582706_2025-06-04.log
16:46:01 [INFO] (ROTWorker-Sikkim Run-582706) --- Starting Headless ROT Worker for Site: Sikkim, Run ID: rot_worker_Sikkim_20250604164601582706 ---
16:46:01 [INFO] (ROTWorker-Sikkim Run-582706) Target Search URL: https://sikkimtender.gov.in/nicgep/app?page=WebTenderStatusLists&service=page
16:46:01 [INFO] (ROTWorker-Sikkim Run-582706) Target Base URL for links: https://sikkimtender.gov.in/nicgep/app/
16:46:01 [INFO] (ROTWorker-Sikkim Run-582706) Tender Status to Select: 5
16:46:01 [INFO] (ROTWorker-Sikkim Run-582706) Worker Settings: {'max_list_pages': 1, 'detail_concurrency': 2, 'pagination_wait': 7000, 'page_load_timeout': 75000, 'detail_page_timeout': 60000, 'popup_page_timeout': 60000, 'element_timeout': 20000, 'post_submit_timeout': 30000}
16:46:01 [INFO] (ROTWorker-Sikkim Run-582706) Worker status updated to: WORKER_STARTED
16:46:01 [INFO] (ROTWorker-Sikkim Run-582706) Worker status updated to: FETCHING_CAPTCHA
16:46:01 [INFO] (ROTWorker-Sikkim Run-582706) Navigating to: https://sikkimtender.gov.in/nicgep/app?page=WebTenderStatusLists&service=page
16:46:02 [INFO] (ROTWorker-Sikkim Run-582706) Selecting tender status '5'.
16:46:05 [INFO] (ROTWorker-Sikkim Run-582706) CAPTCHA base64 data saved to: /root/TenFin/site_data/TEMP/WorkerRuns/rot_worker_Sikkim_20250604164601582706/captcha.b64
16:46:05 [INFO] (ROTWorker-Sikkim Run-582706) Worker status updated to: WAITING_CAPTCHA
16:46:05 [INFO] (ROTWorker-Sikkim Run-582706) Waiting for CAPTCHA solution in /root/TenFin/site_data/TEMP/WorkerRuns/rot_worker_Sikkim_20250604164601582706/answer.txt (max 300s)...
16:46:14 [INFO] (ROTWorker-Sikkim Run-582706) CAPTCHA solution received.
16:46:14 [INFO] (ROTWorker-Sikkim Run-582706) Worker status updated to: PROCESSING_WITH_CAPTCHA
16:46:14 [INFO] (ROTWorker-Sikkim Run-582706) CAPTCHA solution received (Site: Sikkim, Run: rot_worker_Sikkim_20250604164601582706). Submitting form...
16:46:14 [INFO] (ROTWorker-Sikkim Run-582706) Waiting for initial results ('#tabList') OR error (Site: Sikkim, Run: rot_worker_Sikkim_20250604164601582706).
16:46:14 [INFO] (ROTWorker-Sikkim Run-582706) ✅ Initial results table detected after CAPTCHA (Site: Sikkim, Run: rot_worker_Sikkim_20250604164601582706). Proceeding with scrape.
16:46:14 [INFO] (ROTWorker-Sikkim Run-582706) Worker status updated to: SCRAPING_RESULTS
16:46:14 [INFO] (ROTWorker-Sikkim Run-582706) --- Processing List Page: 1 (Site: Sikkim, Run: rot_worker_Sikkim_20250604164601582706) ---
16:46:14 [INFO] (ROTWorker-Sikkim Run-582706) Worker status updated to: PROCESSING_LIST_PAGE_1
16:46:14 [INFO] (ROTWorker-Sikkim Run-582706) [ListPage1] Extracting table data...
16:46:14 [INFO] (ROTWorker-Sikkim Run-582706) [ListPage1] Extracted 10 items.
16:46:14 [INFO] (ROTWorker-Sikkim Run-582706) Gathering 10 detail tasks for list page 1 (Site: Sikkim, Run: rot_worker_Sikkim_20250604164601582706)...
16:46:14 [INFO] (ROTWorker-Sikkim Run-582706) [ListPage1_2025_TCAD_768_1] Starting detail processing for URL: https://sikkimtender.gov.in/nicgep/app?component=view&page=WebTenderStatusLists&service=direct&session=T&sp=SWfVLp48q%2Fugl5FuW3qaLQw%3D%3D
16:46:14 [INFO] (ROTWorker-Sikkim Run-582706) [ListPage1_2025_HCHSF_782_1] Starting detail processing for URL: https://sikkimtender.gov.in/nicgep/app?component=view&page=WebTenderStatusLists&service=direct&session=T&sp=S8siAn9hqVyPdrLPl%2BQiJdA%3D%3D
16:46:14 [INFO] (ROTWorker-Sikkim Run-582706) [ListPage1_2025_HCHSF_781_2] Starting detail processing for URL: https://sikkimtender.gov.in/nicgep/app?component=view&page=WebTenderStatusLists&service=direct&session=T&sp=SRZ9w84nlEN21qJOF8%2FXhvw%3D%3D
16:46:14 [INFO] (ROTWorker-Sikkim Run-582706) [ListPage1_2025_EWD_775_1] Starting detail processing for URL: https://sikkimtender.gov.in/nicgep/app?component=view&page=WebTenderStatusLists&service=direct&session=T&sp=S6CWpxtg%2B3PUH7Vsc%2B%2Bb9Mw%3D%3D
16:46:14 [INFO] (ROTWorker-Sikkim Run-582706) [ListPage1_2025_EWD_770_1] Starting detail processing for URL: https://sikkimtender.gov.in/nicgep/app?component=view&page=WebTenderStatusLists&service=direct&session=T&sp=Sewk0lSwTsOxcESA2tyFojg%3D%3D
16:46:14 [INFO] (ROTWorker-Sikkim Run-582706) [ListPage1_2025_BHD_773_1] Starting detail processing for URL: https://sikkimtender.gov.in/nicgep/app?component=view&page=WebTenderStatusLists&service=direct&session=T&sp=SXbFl58A9O7he677%2BKEbsVw%3D%3D
16:46:14 [INFO] (ROTWorker-Sikkim Run-582706) [ListPage1_2024_TCAD_732_1] Starting detail processing for URL: https://sikkimtender.gov.in/nicgep/app?component=view&page=WebTenderStatusLists&service=direct&session=T&sp=SYmccip8E7983spkDYZj6Ug%3D%3D
16:46:14 [INFO] (ROTWorker-Sikkim Run-582706) [ListPage1_2024_TCAD_722_1] Starting detail processing for URL: https://sikkimtender.gov.in/nicgep/app?component=view&page=WebTenderStatusLists&service=direct&session=T&sp=SPe84Eik2E54H22mIZ4NfcA%3D%3D
16:46:14 [INFO] (ROTWorker-Sikkim Run-582706) [ListPage1_2024_TCAD_721_1] Starting detail processing for URL: https://sikkimtender.gov.in/nicgep/app?component=view&page=WebTenderStatusLists&service=direct&session=T&sp=SDFLCdlry%2FFygJ6p%2FqN3JjQ%3D%3D
16:46:14 [INFO] (ROTWorker-Sikkim Run-582706) [ListPage1_2024_BHD_745_1] Starting detail processing for URL: https://sikkimtender.gov.in/nicgep/app?component=view&page=WebTenderStatusLists&service=direct&session=T&sp=SJ4hfAVN%2BAlefh5FgtwnH3A%3D%3D
16:46:14 [INFO] (ROTWorker-Sikkim Run-582706) [ListPage1_2025_HCHSF_782_1] Navigated to detail page: https://sikkimtender.gov.in/nicgep/app?component=view&page=WebTenderStatusLists&service=direct&session=T&sp=S8siAn9hqVyPdrLPl%2BQiJdA%3D%3D
16:46:14 [INFO] (ROTWorker-Sikkim Run-582706) [ListPage1_2025_TCAD_768_1] Navigated to detail page: https://sikkimtender.gov.in/nicgep/app?component=view&page=WebTenderStatusLists&service=direct&session=T&sp=SWfVLp48q%2Fugl5FuW3qaLQw%3D%3D
16:46:14 [INFO] (ROTWorker-Sikkim Run-582706) [ListPage1_2025_HCHSF_782_1] Final summary link found. Clicking...
16:46:14 [INFO] (ROTWorker-Sikkim Run-582706) [ListPage1_2025_TCAD_768_1] Final summary link found. Clicking...
16:46:14 [INFO] (ROTWorker-Sikkim Run-582706) [2025_TCAD_768_1 Popup] Processing final popup page: https://sikkimtender.gov.in/nicgep/app?component=%24DirectLink_0&page=WebTenderStatus&service=direct&session=T
16:46:14 [INFO] (ROTWorker-Sikkim Run-582706) [2025_TCAD_768_1 Popup] ✅ CLEANED & SAVED HTML: ROT_2025_TCAD_768_1_20250604_164614_StageSummary.html to /root/TenFin/site_data/ROT/DetailHtmls/Sikkim
16:46:14 [INFO] (ROTWorker-Sikkim Run-582706) [ListPage1_2025_TCAD_768_1] Successfully processed detail and popup. File: ROT_2025_TCAD_768_1_20250604_164614_StageSummary.html
16:46:14 [INFO] (ROTWorker-Sikkim Run-582706) [2025_HCHSF_782_1 Popup] Processing final popup page: https://sikkimtender.gov.in/nicgep/app?component=%24DirectLink_0&page=WebTenderStatus&service=direct&session=T
16:46:14 [INFO] (ROTWorker-Sikkim Run-582706) [2025_HCHSF_782_1 Popup] ✅ CLEANED & SAVED HTML: ROT_2025_HCHSF_782_1_20250604_164614_StageSummary.html to /root/TenFin/site_data/ROT/DetailHtmls/Sikkim
16:46:14 [INFO] (ROTWorker-Sikkim Run-582706) [ListPage1_2025_HCHSF_782_1] Successfully processed detail and popup. File: ROT_2025_HCHSF_782_1_20250604_164614_StageSummary.html
16:46:14 [INFO] (ROTWorker-Sikkim Run-582706) [ListPage1_2025_HCHSF_781_2] Navigated to detail page: https://sikkimtender.gov.in/nicgep/app?component=view&page=WebTenderStatusLists&service=direct&session=T&sp=SRZ9w84nlEN21qJOF8%2FXhvw%3D%3D
16:46:14 [INFO] (ROTWorker-Sikkim Run-582706) [ListPage1_2025_EWD_775_1] Navigated to detail page: https://sikkimtender.gov.in/nicgep/app?component=view&page=WebTenderStatusLists&service=direct&session=T&sp=S6CWpxtg%2B3PUH7Vsc%2B%2Bb9Mw%3D%3D
16:46:14 [INFO] (ROTWorker-Sikkim Run-582706) [ListPage1_2025_HCHSF_781_2] Final summary link found. Clicking...
16:46:14 [INFO] (ROTWorker-Sikkim Run-582706) [ListPage1_2025_EWD_775_1] Final summary link found. Clicking...
16:46:15 [INFO] (ROTWorker-Sikkim Run-582706) [2025_HCHSF_781_2 Popup] Processing final popup page: https://sikkimtender.gov.in/nicgep/app?component=%24DirectLink_0&page=WebTenderStatus&service=direct&session=T
16:46:15 [INFO] (ROTWorker-Sikkim Run-582706) [2025_HCHSF_781_2 Popup] ✅ CLEANED & SAVED HTML: ROT_2025_HCHSF_781_2_20250604_164615_StageSummary.html to /root/TenFin/site_data/ROT/DetailHtmls/Sikkim
16:46:15 [INFO] (ROTWorker-Sikkim Run-582706) [ListPage1_2025_HCHSF_781_2] Successfully processed detail and popup. File: ROT_2025_HCHSF_781_2_20250604_164615_StageSummary.html
16:46:15 [INFO] (ROTWorker-Sikkim Run-582706) [2025_EWD_775_1 Popup] Processing final popup page: https://sikkimtender.gov.in/nicgep/app?component=%24DirectLink_0&page=WebTenderStatus&service=direct&session=T
16:46:15 [INFO] (ROTWorker-Sikkim Run-582706) [2025_EWD_775_1 Popup] ✅ CLEANED & SAVED HTML: ROT_2025_EWD_775_1_20250604_164615_StageSummary.html to /root/TenFin/site_data/ROT/DetailHtmls/Sikkim
16:46:15 [INFO] (ROTWorker-Sikkim Run-582706) [ListPage1_2025_EWD_775_1] Successfully processed detail and popup. File: ROT_2025_EWD_775_1_20250604_164615_StageSummary.html
16:46:15 [INFO] (ROTWorker-Sikkim Run-582706) [ListPage1_2025_EWD_770_1] Navigated to detail page: https://sikkimtender.gov.in/nicgep/app?component=view&page=WebTenderStatusLists&service=direct&session=T&sp=Sewk0lSwTsOxcESA2tyFojg%3D%3D
16:46:15 [INFO] (ROTWorker-Sikkim Run-582706) [ListPage1_2025_BHD_773_1] Navigated to detail page: https://sikkimtender.gov.in/nicgep/app?component=view&page=WebTenderStatusLists&service=direct&session=T&sp=SXbFl58A9O7he677%2BKEbsVw%3D%3D
16:46:15 [INFO] (ROTWorker-Sikkim Run-582706) [ListPage1_2025_EWD_770_1] Final summary link found. Clicking...
16:46:15 [INFO] (ROTWorker-Sikkim Run-582706) [ListPage1_2025_BHD_773_1] Final summary link found. Clicking...
16:46:15 [INFO] (ROTWorker-Sikkim Run-582706) [2025_EWD_770_1 Popup] Processing final popup page: https://sikkimtender.gov.in/nicgep/app?component=%24DirectLink_0&page=WebTenderStatus&service=direct&session=T
16:46:15 [INFO] (ROTWorker-Sikkim Run-582706) [2025_EWD_770_1 Popup] ✅ CLEANED & SAVED HTML: ROT_2025_EWD_770_1_20250604_164615_StageSummary.html to /root/TenFin/site_data/ROT/DetailHtmls/Sikkim
16:46:15 [INFO] (ROTWorker-Sikkim Run-582706) [ListPage1_2025_EWD_770_1] Successfully processed detail and popup. File: ROT_2025_EWD_770_1_20250604_164615_StageSummary.html
16:46:15 [INFO] (ROTWorker-Sikkim Run-582706) [2025_BHD_773_1 Popup] Processing final popup page: https://sikkimtender.gov.in/nicgep/app?component=%24DirectLink_0&page=WebTenderStatus&service=direct&session=T
16:46:15 [INFO] (ROTWorker-Sikkim Run-582706) [2025_BHD_773_1 Popup] ✅ CLEANED & SAVED HTML: ROT_2025_BHD_773_1_20250604_164615_StageSummary.html to /root/TenFin/site_data/ROT/DetailHtmls/Sikkim
16:46:15 [INFO] (ROTWorker-Sikkim Run-582706) [ListPage1_2025_BHD_773_1] Successfully processed detail and popup. File: ROT_2025_BHD_773_1_20250604_164615_StageSummary.html
16:46:15 [INFO] (ROTWorker-Sikkim Run-582706) [ListPage1_2024_TCAD_732_1] Navigated to detail page: https://sikkimtender.gov.in/nicgep/app?component=view&page=WebTenderStatusLists&service=direct&session=T&sp=SYmccip8E7983spkDYZj6Ug%3D%3D
16:46:15 [INFO] (ROTWorker-Sikkim Run-582706) [ListPage1_2024_TCAD_722_1] Navigated to detail page: https://sikkimtender.gov.in/nicgep/app?component=view&page=WebTenderStatusLists&service=direct&session=T&sp=SPe84Eik2E54H22mIZ4NfcA%3D%3D
16:46:15 [INFO] (ROTWorker-Sikkim Run-582706) [ListPage1_2024_TCAD_732_1] Final summary link found. Clicking...
16:46:15 [INFO] (ROTWorker-Sikkim Run-582706) [ListPage1_2024_TCAD_722_1] Final summary link found. Clicking...
16:46:15 [INFO] (ROTWorker-Sikkim Run-582706) [2024_TCAD_732_1 Popup] Processing final popup page: https://sikkimtender.gov.in/nicgep/app?component=%24DirectLink_0&page=WebTenderStatus&service=direct&session=T
16:46:15 [INFO] (ROTWorker-Sikkim Run-582706) [2024_TCAD_732_1 Popup] ✅ CLEANED & SAVED HTML: ROT_2024_TCAD_732_1_20250604_164615_StageSummary.html to /root/TenFin/site_data/ROT/DetailHtmls/Sikkim
16:46:15 [INFO] (ROTWorker-Sikkim Run-582706) [ListPage1_2024_TCAD_732_1] Successfully processed detail and popup. File: ROT_2024_TCAD_732_1_20250604_164615_StageSummary.html
16:46:15 [INFO] (ROTWorker-Sikkim Run-582706) [2024_TCAD_722_1 Popup] Processing final popup page: https://sikkimtender.gov.in/nicgep/app?component=%24DirectLink_0&page=WebTenderStatus&service=direct&session=T
16:46:15 [INFO] (ROTWorker-Sikkim Run-582706) [2024_TCAD_722_1 Popup] ✅ CLEANED & SAVED HTML: ROT_2024_TCAD_722_1_20250604_164615_StageSummary.html to /root/TenFin/site_data/ROT/DetailHtmls/Sikkim
16:46:15 [INFO] (ROTWorker-Sikkim Run-582706) [ListPage1_2024_TCAD_722_1] Successfully processed detail and popup. File: ROT_2024_TCAD_722_1_20250604_164615_StageSummary.html
16:46:15 [INFO] (ROTWorker-Sikkim Run-582706) [ListPage1_2024_TCAD_721_1] Navigated to detail page: https://sikkimtender.gov.in/nicgep/app?component=view&page=WebTenderStatusLists&service=direct&session=T&sp=SDFLCdlry%2FFygJ6p%2FqN3JjQ%3D%3D
16:46:15 [INFO] (ROTWorker-Sikkim Run-582706) [ListPage1_2024_BHD_745_1] Navigated to detail page: https://sikkimtender.gov.in/nicgep/app?component=view&page=WebTenderStatusLists&service=direct&session=T&sp=SJ4hfAVN%2BAlefh5FgtwnH3A%3D%3D
16:46:15 [INFO] (ROTWorker-Sikkim Run-582706) [ListPage1_2024_TCAD_721_1] Final summary link found. Clicking...
16:46:15 [INFO] (ROTWorker-Sikkim Run-582706) [ListPage1_2024_BHD_745_1] Final summary link found. Clicking...
16:46:15 [INFO] (ROTWorker-Sikkim Run-582706) [2024_TCAD_721_1 Popup] Processing final popup page: https://sikkimtender.gov.in/nicgep/app?component=%24DirectLink_0&page=WebTenderStatus&service=direct&session=T
16:46:15 [INFO] (ROTWorker-Sikkim Run-582706) [2024_TCAD_721_1 Popup] ✅ CLEANED & SAVED HTML: ROT_2024_TCAD_721_1_20250604_164615_StageSummary.html to /root/TenFin/site_data/ROT/DetailHtmls/Sikkim
16:46:15 [INFO] (ROTWorker-Sikkim Run-582706) [ListPage1_2024_TCAD_721_1] Successfully processed detail and popup. File: ROT_2024_TCAD_721_1_20250604_164615_StageSummary.html
16:46:15 [INFO] (ROTWorker-Sikkim Run-582706) [2024_BHD_745_1 Popup] Processing final popup page: https://sikkimtender.gov.in/nicgep/app?component=%24DirectLink_0&page=WebTenderStatus&service=direct&session=T
16:46:15 [INFO] (ROTWorker-Sikkim Run-582706) [2024_BHD_745_1 Popup] ✅ CLEANED & SAVED HTML: ROT_2024_BHD_745_1_20250604_164615_StageSummary.html to /root/TenFin/site_data/ROT/DetailHtmls/Sikkim
16:46:15 [INFO] (ROTWorker-Sikkim Run-582706) [ListPage1_2024_BHD_745_1] Successfully processed detail and popup. File: ROT_2024_BHD_745_1_20250604_164615_StageSummary.html
16:46:15 [INFO] (ROTWorker-Sikkim Run-582706) All detail tasks for list page 1 finished (Site: Sikkim, Run: rot_worker_Sikkim_20250604164601582706).
16:46:15 [INFO] (ROTWorker-Sikkim Run-582706) Reached max list pages (1) (Site: Sikkim, Run: rot_worker_Sikkim_20250604164601582706). Stopping.
16:46:15 [INFO] (ROTWorker-Sikkim Run-582706) Worker status updated to: FINISHED_MAX_PAGES_REACHED
16:46:15 [INFO] (ROTWorker-Sikkim Run-582706) ROT scrape processing finished for site Sikkim, Run ID rot_worker_Sikkim_20250604164601582706. Successfully processed HTML summaries for 10 tenders.
16:46:15 [INFO] (ROTWorker-Sikkim Run-582706) Final site-specific merged ROT data for Sikkim is in: /root/TenFin/site_data/ROT/MergedSiteSpecific/Merged_ROT_Sikkim_2025-06-04.txt
16:46:15 [INFO] (ROTWorker-Sikkim Run-582706) Playwright resources for ROT worker (Site: Sikkim, Run: rot_worker_Sikkim_20250604164601582706) closed.
16:46:15 [INFO] (ROTWorker-Sikkim Run-582706) Worker for Sikkim (Run: rot_worker_Sikkim_20250604164601582706) terminated with status: FINISHED_MAX_PAGES_REACHED
16:46:15 [INFO] (ROTWorker-Sikkim Run-582706) Attempting to trigger ROT consolidation at dashboard: http://localhost:8081/trigger-rot-consolidation-from-worker (Site: Sikkim, Run: rot_worker_Sikkim_20250604164601582706)
16:46:15 [INFO] (ROTWorker-Sikkim Run-582706) Successfully triggered ROT consolidation via dashboard: {"message":"ROT data consolidation triggered by worker completed. 40 blocks merged to Final_ROT_Tender_List_2025-06-04_164615.txt.","file":"/root/TenFin/site_data/ROT/FinalGlobalMerged/Final_ROT_Tender_List_2025-06-04_164615.txt"} (Site: Sikkim, Run: rot_worker_Sikkim_20250604164601582706)
