16:36:39 [INFO] (ROTWorker-Punjab Run-322120) Worker logging initialized. Log file: /root/Tender-Aggregator/LOGS/rot_worker/Punjab/worker_rot_worker_Punjab_20250618163639322120_2025-06-18.log
16:36:39 [INFO] (ROTWorker-Punjab Run-322120) --- Starting Headless ROT Worker for Site: Punjab, Run ID: rot_worker_Punjab_20250618163639322120 ---
16:36:39 [INFO] (ROTWorker-Punjab Run-322120) Settings from dashboard: {'max_list_pages': 100, 'detail_concurrency': 2, 'pagination_wait': 7000, 'page_load_timeout': 75000, 'detail_page_timeout': 60000, 'popup_page_timeout': 60000, 'element_timeout': 20000, 'post_submit_timeout': 30000}
16:36:39 [INFO] (ROTWorker-Punjab Run-322120) Worker status updated to: WORKER_STARTED
16:36:39 [INFO] (ROTWorker-Punjab Run-322120) Effective settings - PageLoadTO:75000, DetailPageTO:60000, PopupPageTO:60000, ElementTO:20000, PostSubmitTO:30000, PagWait:7000, DetailConc:2, MaxListPgs:100
16:36:39 [INFO] (ROTWorker-Punjab Run-322120) Worker status updated to: FETCHING_CAPTCHA
16:36:39 [INFO] (ROTWorker-Punjab Run-322120) Selecting tender status '5'.
16:36:43 [INFO] (ROTWorker-Punjab Run-322120) CAPTCHA base64 data saved to: /root/Tender-Aggregator/site_data/TEMP/WorkerRuns/rot_worker_Punjab_20250618163639322120/captcha.b64
16:36:43 [INFO] (ROTWorker-Punjab Run-322120) Worker status updated to: WAITING_CAPTCHA
16:36:43 [INFO] (ROTWorker-Punjab Run-322120) Waiting for CAPTCHA solution in /root/Tender-Aggregator/site_data/TEMP/WorkerRuns/rot_worker_Punjab_20250618163639322120/answer.txt (max 300s)...
16:36:50 [INFO] (ROTWorker-Punjab Run-322120) CAPTCHA solution received.
16:36:50 [INFO] (ROTWorker-Punjab Run-322120) Worker status updated to: PROCESSING_WITH_CAPTCHA
16:36:50 [INFO] (ROTWorker-Punjab Run-322120) Worker status updated to: SCRAPING_RESULTS
16:36:50 [INFO] (ROTWorker-Punjab Run-322120) --- Processing List Page: 1/100 (Site: Punjab) ---
16:36:50 [INFO] (ROTWorker-Punjab Run-322120) Worker status updated to: PROCESSING_LIST_PAGE_1
16:36:50 [INFO] (ROTWorker-Punjab Run-322120) [ListPage1] Extracting table data...
16:36:50 [INFO] (ROTWorker-Punjab Run-322120) [ListPage1] Extracted 10 items.
16:36:50 [INFO] (ROTWorker-Punjab Run-322120) [ListPage1_2025_WSS_138819_1] Starting detail processing for URL: https://eproc.punjab.gov.in/nicgep/app?component=view&page=WebTenderStatusLists&service=direct&session=T&sp=SqBKvpPv3U8pHLQiKCzcr5g%3D%3D
16:36:50 [INFO] (ROTWorker-Punjab Run-322120) [ListPage1_2025_WSS_138793_1] Starting detail processing for URL: https://eproc.punjab.gov.in/nicgep/app?component=view&page=WebTenderStatusLists&service=direct&session=T&sp=ShQVGUhth891IV0XmNWaqHg%3D%3D
16:36:50 [INFO] (ROTWorker-Punjab Run-322120) [ListPage1_2025_WSS_138464_1] Starting detail processing for URL: https://eproc.punjab.gov.in/nicgep/app?component=view&page=WebTenderStatusLists&service=direct&session=T&sp=SApY%2FlfE3N4dAoszmRyXxdw%3D%3D
16:36:50 [INFO] (ROTWorker-Punjab Run-322120) [ListPage1_2025_WSS_138430_1] Starting detail processing for URL: https://eproc.punjab.gov.in/nicgep/app?component=view&page=WebTenderStatusLists&service=direct&session=T&sp=SW%2BO8f6Vp0TBFBhLdRuqnqA%3D%3D
16:36:50 [INFO] (ROTWorker-Punjab Run-322120) [ListPage1_2025_WSS_138334_1] Starting detail processing for URL: https://eproc.punjab.gov.in/nicgep/app?component=view&page=WebTenderStatusLists&service=direct&session=T&sp=Sa88ooB5cZXbfqip%2Fu5mg4w%3D%3D
16:36:50 [INFO] (ROTWorker-Punjab Run-322120) [ListPage1_2025_WSS_132360_1] Starting detail processing for URL: https://eproc.punjab.gov.in/nicgep/app?component=view&page=WebTenderStatusLists&service=direct&session=T&sp=Sd6VdcbajhWJv%2Ft2oW7%2Bv3Q%3D%3D
16:36:50 [INFO] (ROTWorker-Punjab Run-322120) [ListPage1_2025_WSS_132263_1] Starting detail processing for URL: https://eproc.punjab.gov.in/nicgep/app?component=view&page=WebTenderStatusLists&service=direct&session=T&sp=SIAEfgOqVjEPxJUoJgf6%2BjQ%3D%3D
16:36:50 [INFO] (ROTWorker-Punjab Run-322120) [ListPage1_2025_WR_141362_1] Starting detail processing for URL: https://eproc.punjab.gov.in/nicgep/app?component=view&page=WebTenderStatusLists&service=direct&session=T&sp=SJx8EAm8%2Fs7R%2BLQcLn%2BEK8Q%3D%3D
16:36:50 [INFO] (ROTWorker-Punjab Run-322120) [ListPage1_2025_WR_141032_1] Starting detail processing for URL: https://eproc.punjab.gov.in/nicgep/app?component=view&page=WebTenderStatusLists&service=direct&session=T&sp=Sisuzrepv%2BapxEKmvZHF4gQ%3D%3D
16:36:50 [INFO] (ROTWorker-Punjab Run-322120) [ListPage1_2025_WR_140948_1] Starting detail processing for URL: https://eproc.punjab.gov.in/nicgep/app?component=view&page=WebTenderStatusLists&service=direct&session=T&sp=S2Tics0bJ1QrxHBbiPaqm7A%3D%3D
16:36:50 [INFO] (ROTWorker-Punjab Run-322120) [ListPage1_2025_WSS_138793_1] Navigated to detail page: https://eproc.punjab.gov.in/nicgep/app?component=view&page=WebTenderStatusLists&service=direct&session=T&sp=ShQVGUhth891IV0XmNWaqHg%3D%3D
16:36:50 [INFO] (ROTWorker-Punjab Run-322120) [ListPage1_2025_WSS_138819_1] Navigated to detail page: https://eproc.punjab.gov.in/nicgep/app?component=view&page=WebTenderStatusLists&service=direct&session=T&sp=SqBKvpPv3U8pHLQiKCzcr5g%3D%3D
16:36:50 [INFO] (ROTWorker-Punjab Run-322120) [ListPage1_2025_WSS_138793_1] Final summary link found. Clicking...
16:36:50 [INFO] (ROTWorker-Punjab Run-322120) [ListPage1_2025_WSS_138819_1] Final summary link found. Clicking...
16:36:50 [INFO] (ROTWorker-Punjab Run-322120) [2025_WSS_138793_1 Popup] Processing final popup page: https://eproc.punjab.gov.in/nicgep/app?component=%24DirectLink_0&page=WebTenderStatus&service=direct&session=T
16:36:50 [INFO] (ROTWorker-Punjab Run-322120) [2025_WSS_138793_1 Popup] ✅ CLEANED & SAVED HTML: ROT_2025_WSS_138793_1_20250618_163650_StageSummary.html to /root/Tender-Aggregator/site_data/ROT/DetailHtmls/Punjab
16:36:50 [INFO] (ROTWorker-Punjab Run-322120) [2025_WSS_138793_1 Popup] Attempting to extract structured JSON: /usr/bin/python3 /root/Tender-Aggregator/utils/extract_structured_rot.py /root/Tender-Aggregator/site_data/ROT/DetailHtmls/Punjab/ROT_2025_WSS_138793_1_20250618_163650_StageSummary.html --output-dir /root/Tender-Aggregator/site_data/AI/StructuredROTData/Punjab --site-key Punjab
16:36:51 [INFO] (ROTWorker-Punjab Run-322120) [2025_WSS_138819_1 Popup] Processing final popup page: https://eproc.punjab.gov.in/nicgep/app?component=%24DirectLink_0&page=WebTenderStatus&service=direct&session=T
16:36:51 [INFO] (ROTWorker-Punjab Run-322120) [2025_WSS_138819_1 Popup] ✅ CLEANED & SAVED HTML: ROT_2025_WSS_138819_1_20250618_163651_StageSummary.html to /root/Tender-Aggregator/site_data/ROT/DetailHtmls/Punjab
16:36:51 [INFO] (ROTWorker-Punjab Run-322120) [2025_WSS_138819_1 Popup] Attempting to extract structured JSON: /usr/bin/python3 /root/Tender-Aggregator/utils/extract_structured_rot.py /root/Tender-Aggregator/site_data/ROT/DetailHtmls/Punjab/ROT_2025_WSS_138819_1_20250618_163651_StageSummary.html --output-dir /root/Tender-Aggregator/site_data/AI/StructuredROTData/Punjab --site-key Punjab
16:36:51 [INFO] (ROTWorker-Punjab Run-322120) [2025_WSS_138793_1 Popup] Successfully extracted structured JSON for ROT_2025_WSS_138793_1_20250618_163650_StageSummary.html.
16:36:51 [INFO] (ROTWorker-Punjab Run-322120) [ListPage1_2025_WSS_138793_1] Successfully processed detail and popup. File: ROT_2025_WSS_138793_1_20250618_163650_StageSummary.html
16:36:51 [INFO] (ROTWorker-Punjab Run-322120) [2025_WSS_138819_1 Popup] Successfully extracted structured JSON for ROT_2025_WSS_138819_1_20250618_163651_StageSummary.html.
16:36:51 [INFO] (ROTWorker-Punjab Run-322120) [ListPage1_2025_WSS_138819_1] Successfully processed detail and popup. File: ROT_2025_WSS_138819_1_20250618_163651_StageSummary.html
16:36:51 [INFO] (ROTWorker-Punjab Run-322120) [ListPage1_2025_WSS_138464_1] Navigated to detail page: https://eproc.punjab.gov.in/nicgep/app?component=view&page=WebTenderStatusLists&service=direct&session=T&sp=SApY%2FlfE3N4dAoszmRyXxdw%3D%3D
16:36:51 [INFO] (ROTWorker-Punjab Run-322120) [ListPage1_2025_WSS_138464_1] Final summary link found. Clicking...
16:36:51 [INFO] (ROTWorker-Punjab Run-322120) [ListPage1_2025_WSS_138430_1] Navigated to detail page: https://eproc.punjab.gov.in/nicgep/app?component=view&page=WebTenderStatusLists&service=direct&session=T&sp=SW%2BO8f6Vp0TBFBhLdRuqnqA%3D%3D
16:36:51 [INFO] (ROTWorker-Punjab Run-322120) [ListPage1_2025_WSS_138430_1] Final summary link found. Clicking...
16:36:51 [INFO] (ROTWorker-Punjab Run-322120) [2025_WSS_138464_1 Popup] Processing final popup page: https://eproc.punjab.gov.in/nicgep/app?component=%24DirectLink_0&page=WebTenderStatus&service=direct&session=T
16:36:51 [INFO] (ROTWorker-Punjab Run-322120) [2025_WSS_138464_1 Popup] ✅ CLEANED & SAVED HTML: ROT_2025_WSS_138464_1_20250618_163651_StageSummary.html to /root/Tender-Aggregator/site_data/ROT/DetailHtmls/Punjab
16:36:51 [INFO] (ROTWorker-Punjab Run-322120) [2025_WSS_138464_1 Popup] Attempting to extract structured JSON: /usr/bin/python3 /root/Tender-Aggregator/utils/extract_structured_rot.py /root/Tender-Aggregator/site_data/ROT/DetailHtmls/Punjab/ROT_2025_WSS_138464_1_20250618_163651_StageSummary.html --output-dir /root/Tender-Aggregator/site_data/AI/StructuredROTData/Punjab --site-key Punjab
16:36:51 [INFO] (ROTWorker-Punjab Run-322120) [2025_WSS_138430_1 Popup] Processing final popup page: https://eproc.punjab.gov.in/nicgep/app?component=%24DirectLink_0&page=WebTenderStatus&service=direct&session=T
16:36:51 [INFO] (ROTWorker-Punjab Run-322120) [2025_WSS_138430_1 Popup] ✅ CLEANED & SAVED HTML: ROT_2025_WSS_138430_1_20250618_163651_StageSummary.html to /root/Tender-Aggregator/site_data/ROT/DetailHtmls/Punjab
16:36:51 [INFO] (ROTWorker-Punjab Run-322120) [2025_WSS_138430_1 Popup] Attempting to extract structured JSON: /usr/bin/python3 /root/Tender-Aggregator/utils/extract_structured_rot.py /root/Tender-Aggregator/site_data/ROT/DetailHtmls/Punjab/ROT_2025_WSS_138430_1_20250618_163651_StageSummary.html --output-dir /root/Tender-Aggregator/site_data/AI/StructuredROTData/Punjab --site-key Punjab
16:36:51 [INFO] (ROTWorker-Punjab Run-322120) [2025_WSS_138464_1 Popup] Successfully extracted structured JSON for ROT_2025_WSS_138464_1_20250618_163651_StageSummary.html.
16:36:51 [INFO] (ROTWorker-Punjab Run-322120) [ListPage1_2025_WSS_138464_1] Successfully processed detail and popup. File: ROT_2025_WSS_138464_1_20250618_163651_StageSummary.html
16:36:51 [INFO] (ROTWorker-Punjab Run-322120) [2025_WSS_138430_1 Popup] Successfully extracted structured JSON for ROT_2025_WSS_138430_1_20250618_163651_StageSummary.html.
16:36:51 [INFO] (ROTWorker-Punjab Run-322120) [ListPage1_2025_WSS_138430_1] Successfully processed detail and popup. File: ROT_2025_WSS_138430_1_20250618_163651_StageSummary.html
16:36:51 [INFO] (ROTWorker-Punjab Run-322120) [ListPage1_2025_WSS_138334_1] Navigated to detail page: https://eproc.punjab.gov.in/nicgep/app?component=view&page=WebTenderStatusLists&service=direct&session=T&sp=Sa88ooB5cZXbfqip%2Fu5mg4w%3D%3D
16:36:51 [INFO] (ROTWorker-Punjab Run-322120) [ListPage1_2025_WSS_138334_1] Final summary link found. Clicking...
16:36:51 [INFO] (ROTWorker-Punjab Run-322120) [ListPage1_2025_WSS_132360_1] Navigated to detail page: https://eproc.punjab.gov.in/nicgep/app?component=view&page=WebTenderStatusLists&service=direct&session=T&sp=Sd6VdcbajhWJv%2Ft2oW7%2Bv3Q%3D%3D
16:36:51 [INFO] (ROTWorker-Punjab Run-322120) [ListPage1_2025_WSS_132360_1] Final summary link found. Clicking...
16:36:51 [INFO] (ROTWorker-Punjab Run-322120) [2025_WSS_138334_1 Popup] Processing final popup page: https://eproc.punjab.gov.in/nicgep/app?component=%24DirectLink_0&page=WebTenderStatus&service=direct&session=T
16:36:51 [INFO] (ROTWorker-Punjab Run-322120) [2025_WSS_138334_1 Popup] ✅ CLEANED & SAVED HTML: ROT_2025_WSS_138334_1_20250618_163651_StageSummary.html to /root/Tender-Aggregator/site_data/ROT/DetailHtmls/Punjab
16:36:51 [INFO] (ROTWorker-Punjab Run-322120) [2025_WSS_138334_1 Popup] Attempting to extract structured JSON: /usr/bin/python3 /root/Tender-Aggregator/utils/extract_structured_rot.py /root/Tender-Aggregator/site_data/ROT/DetailHtmls/Punjab/ROT_2025_WSS_138334_1_20250618_163651_StageSummary.html --output-dir /root/Tender-Aggregator/site_data/AI/StructuredROTData/Punjab --site-key Punjab
16:36:51 [INFO] (ROTWorker-Punjab Run-322120) [2025_WSS_132360_1 Popup] Processing final popup page: https://eproc.punjab.gov.in/nicgep/app?component=%24DirectLink_0&page=WebTenderStatus&service=direct&session=T
16:36:51 [INFO] (ROTWorker-Punjab Run-322120) [2025_WSS_138334_1 Popup] Successfully extracted structured JSON for ROT_2025_WSS_138334_1_20250618_163651_StageSummary.html.
16:36:51 [INFO] (ROTWorker-Punjab Run-322120) [ListPage1_2025_WSS_138334_1] Successfully processed detail and popup. File: ROT_2025_WSS_138334_1_20250618_163651_StageSummary.html
16:36:51 [INFO] (ROTWorker-Punjab Run-322120) [2025_WSS_132360_1 Popup] ✅ CLEANED & SAVED HTML: ROT_2025_WSS_132360_1_20250618_163651_StageSummary.html to /root/Tender-Aggregator/site_data/ROT/DetailHtmls/Punjab
16:36:51 [INFO] (ROTWorker-Punjab Run-322120) [2025_WSS_132360_1 Popup] Attempting to extract structured JSON: /usr/bin/python3 /root/Tender-Aggregator/utils/extract_structured_rot.py /root/Tender-Aggregator/site_data/ROT/DetailHtmls/Punjab/ROT_2025_WSS_132360_1_20250618_163651_StageSummary.html --output-dir /root/Tender-Aggregator/site_data/AI/StructuredROTData/Punjab --site-key Punjab
16:36:51 [INFO] (ROTWorker-Punjab Run-322120) [2025_WSS_132360_1 Popup] Successfully extracted structured JSON for ROT_2025_WSS_132360_1_20250618_163651_StageSummary.html.
16:36:51 [INFO] (ROTWorker-Punjab Run-322120) [ListPage1_2025_WSS_132360_1] Successfully processed detail and popup. File: ROT_2025_WSS_132360_1_20250618_163651_StageSummary.html
16:36:51 [INFO] (ROTWorker-Punjab Run-322120) [ListPage1_2025_WSS_132263_1] Navigated to detail page: https://eproc.punjab.gov.in/nicgep/app?component=view&page=WebTenderStatusLists&service=direct&session=T&sp=SIAEfgOqVjEPxJUoJgf6%2BjQ%3D%3D
16:36:51 [INFO] (ROTWorker-Punjab Run-322120) [ListPage1_2025_WSS_132263_1] Final summary link found. Clicking...
16:36:51 [INFO] (ROTWorker-Punjab Run-322120) [ListPage1_2025_WR_141362_1] Navigated to detail page: https://eproc.punjab.gov.in/nicgep/app?component=view&page=WebTenderStatusLists&service=direct&session=T&sp=SJx8EAm8%2Fs7R%2BLQcLn%2BEK8Q%3D%3D
16:36:51 [INFO] (ROTWorker-Punjab Run-322120) [ListPage1_2025_WR_141362_1] Final summary link found. Clicking...
16:36:52 [INFO] (ROTWorker-Punjab Run-322120) [2025_WSS_132263_1 Popup] Processing final popup page: https://eproc.punjab.gov.in/nicgep/app?component=%24DirectLink_0&page=WebTenderStatus&service=direct&session=T
16:36:52 [INFO] (ROTWorker-Punjab Run-322120) [2025_WSS_132263_1 Popup] ✅ CLEANED & SAVED HTML: ROT_2025_WSS_132263_1_20250618_163652_StageSummary.html to /root/Tender-Aggregator/site_data/ROT/DetailHtmls/Punjab
16:36:52 [INFO] (ROTWorker-Punjab Run-322120) [2025_WSS_132263_1 Popup] Attempting to extract structured JSON: /usr/bin/python3 /root/Tender-Aggregator/utils/extract_structured_rot.py /root/Tender-Aggregator/site_data/ROT/DetailHtmls/Punjab/ROT_2025_WSS_132263_1_20250618_163652_StageSummary.html --output-dir /root/Tender-Aggregator/site_data/AI/StructuredROTData/Punjab --site-key Punjab
16:36:52 [INFO] (ROTWorker-Punjab Run-322120) [2025_WR_141362_1 Popup] Processing final popup page: https://eproc.punjab.gov.in/nicgep/app?component=%24DirectLink_0&page=WebTenderStatus&service=direct&session=T
16:36:52 [INFO] (ROTWorker-Punjab Run-322120) [2025_WR_141362_1 Popup] ✅ CLEANED & SAVED HTML: ROT_2025_WR_141362_1_20250618_163652_StageSummary.html to /root/Tender-Aggregator/site_data/ROT/DetailHtmls/Punjab
16:36:52 [INFO] (ROTWorker-Punjab Run-322120) [2025_WR_141362_1 Popup] Attempting to extract structured JSON: /usr/bin/python3 /root/Tender-Aggregator/utils/extract_structured_rot.py /root/Tender-Aggregator/site_data/ROT/DetailHtmls/Punjab/ROT_2025_WR_141362_1_20250618_163652_StageSummary.html --output-dir /root/Tender-Aggregator/site_data/AI/StructuredROTData/Punjab --site-key Punjab
16:36:52 [INFO] (ROTWorker-Punjab Run-322120) [2025_WSS_132263_1 Popup] Successfully extracted structured JSON for ROT_2025_WSS_132263_1_20250618_163652_StageSummary.html.
16:36:52 [INFO] (ROTWorker-Punjab Run-322120) [ListPage1_2025_WSS_132263_1] Successfully processed detail and popup. File: ROT_2025_WSS_132263_1_20250618_163652_StageSummary.html
16:36:52 [INFO] (ROTWorker-Punjab Run-322120) [2025_WR_141362_1 Popup] Successfully extracted structured JSON for ROT_2025_WR_141362_1_20250618_163652_StageSummary.html.
16:36:52 [INFO] (ROTWorker-Punjab Run-322120) [ListPage1_2025_WR_141362_1] Successfully processed detail and popup. File: ROT_2025_WR_141362_1_20250618_163652_StageSummary.html
16:36:52 [INFO] (ROTWorker-Punjab Run-322120) [ListPage1_2025_WR_141032_1] Navigated to detail page: https://eproc.punjab.gov.in/nicgep/app?component=view&page=WebTenderStatusLists&service=direct&session=T&sp=Sisuzrepv%2BapxEKmvZHF4gQ%3D%3D
16:36:52 [INFO] (ROTWorker-Punjab Run-322120) [ListPage1_2025_WR_141032_1] Final summary link found. Clicking...
16:36:52 [INFO] (ROTWorker-Punjab Run-322120) [ListPage1_2025_WR_140948_1] Navigated to detail page: https://eproc.punjab.gov.in/nicgep/app?component=view&page=WebTenderStatusLists&service=direct&session=T&sp=S2Tics0bJ1QrxHBbiPaqm7A%3D%3D
16:36:52 [INFO] (ROTWorker-Punjab Run-322120) [ListPage1_2025_WR_140948_1] Final summary link found. Clicking...
16:36:52 [INFO] (ROTWorker-Punjab Run-322120) [2025_WR_141032_1 Popup] Processing final popup page: https://eproc.punjab.gov.in/nicgep/app?component=%24DirectLink_0&page=WebTenderStatus&service=direct&session=T
16:36:52 [INFO] (ROTWorker-Punjab Run-322120) [2025_WR_141032_1 Popup] ✅ CLEANED & SAVED HTML: ROT_2025_WR_141032_1_20250618_163652_StageSummary.html to /root/Tender-Aggregator/site_data/ROT/DetailHtmls/Punjab
16:36:52 [INFO] (ROTWorker-Punjab Run-322120) [2025_WR_141032_1 Popup] Attempting to extract structured JSON: /usr/bin/python3 /root/Tender-Aggregator/utils/extract_structured_rot.py /root/Tender-Aggregator/site_data/ROT/DetailHtmls/Punjab/ROT_2025_WR_141032_1_20250618_163652_StageSummary.html --output-dir /root/Tender-Aggregator/site_data/AI/StructuredROTData/Punjab --site-key Punjab
16:36:52 [INFO] (ROTWorker-Punjab Run-322120) [2025_WR_140948_1 Popup] Processing final popup page: https://eproc.punjab.gov.in/nicgep/app?component=%24DirectLink_0&page=WebTenderStatus&service=direct&session=T
16:36:52 [INFO] (ROTWorker-Punjab Run-322120) [2025_WR_141032_1 Popup] Successfully extracted structured JSON for ROT_2025_WR_141032_1_20250618_163652_StageSummary.html.
16:36:52 [INFO] (ROTWorker-Punjab Run-322120) [ListPage1_2025_WR_141032_1] Successfully processed detail and popup. File: ROT_2025_WR_141032_1_20250618_163652_StageSummary.html
16:36:52 [INFO] (ROTWorker-Punjab Run-322120) [2025_WR_140948_1 Popup] ✅ CLEANED & SAVED HTML: ROT_2025_WR_140948_1_20250618_163652_StageSummary.html to /root/Tender-Aggregator/site_data/ROT/DetailHtmls/Punjab
16:36:52 [INFO] (ROTWorker-Punjab Run-322120) [2025_WR_140948_1 Popup] Attempting to extract structured JSON: /usr/bin/python3 /root/Tender-Aggregator/utils/extract_structured_rot.py /root/Tender-Aggregator/site_data/ROT/DetailHtmls/Punjab/ROT_2025_WR_140948_1_20250618_163652_StageSummary.html --output-dir /root/Tender-Aggregator/site_data/AI/StructuredROTData/Punjab --site-key Punjab
16:36:52 [INFO] (ROTWorker-Punjab Run-322120) [2025_WR_140948_1 Popup] Successfully extracted structured JSON for ROT_2025_WR_140948_1_20250618_163652_StageSummary.html.
16:36:52 [INFO] (ROTWorker-Punjab Run-322120) [ListPage1_2025_WR_140948_1] Successfully processed detail and popup. File: ROT_2025_WR_140948_1_20250618_163652_StageSummary.html
16:36:59 [INFO] (ROTWorker-Punjab Run-322120) --- Processing List Page: 2/100 (Site: Punjab) ---
16:36:59 [INFO] (ROTWorker-Punjab Run-322120) Worker status updated to: PROCESSING_LIST_PAGE_2
16:36:59 [INFO] (ROTWorker-Punjab Run-322120) [ListPage2] Extracting table data...
16:36:59 [INFO] (ROTWorker-Punjab Run-322120) [ListPage2] Extracted 10 items.
16:36:59 [INFO] (ROTWorker-Punjab Run-322120) [ListPage2_2025_WR_140623_1] Starting detail processing for URL: https://eproc.punjab.gov.in/nicgep/app?component=view&page=WebTenderStatusLists&service=direct&session=T&sp=SbL4d5TFC%2BzXLtnykg8dXFA%3D%3D
16:36:59 [INFO] (ROTWorker-Punjab Run-322120) [ListPage2_2025_WR_140617_1] Starting detail processing for URL: https://eproc.punjab.gov.in/nicgep/app?component=view&page=WebTenderStatusLists&service=direct&session=T&sp=SCXlNS44TcTsL4FiiHyMBZQ%3D%3D
16:36:59 [INFO] (ROTWorker-Punjab Run-322120) [ListPage2_2025_WR_140043_1] Starting detail processing for URL: https://eproc.punjab.gov.in/nicgep/app?component=view&page=WebTenderStatusLists&service=direct&session=T&sp=SdXkFfpjYMiJcWVrQWibJ2g%3D%3D
16:36:59 [INFO] (ROTWorker-Punjab Run-322120) [ListPage2_2025_WR_139889_1] Starting detail processing for URL: https://eproc.punjab.gov.in/nicgep/app?component=view&page=WebTenderStatusLists&service=direct&session=T&sp=SHcSq1TYkh6vMqrvw%2BL4ovQ%3D%3D
16:36:59 [INFO] (ROTWorker-Punjab Run-322120) [ListPage2_2025_WR_139881_3] Starting detail processing for URL: https://eproc.punjab.gov.in/nicgep/app?component=view&page=WebTenderStatusLists&service=direct&session=T&sp=Sdw6KE06k4VCEvNBALIPj%2BA%3D%3D
16:36:59 [INFO] (ROTWorker-Punjab Run-322120) [ListPage2_2025_WR_139881_2] Starting detail processing for URL: https://eproc.punjab.gov.in/nicgep/app?component=view&page=WebTenderStatusLists&service=direct&session=T&sp=SZzVlP7B6%2Fs%2BxKXLgq966tw%3D%3D
16:36:59 [INFO] (ROTWorker-Punjab Run-322120) [ListPage2_2025_WR_139881_1] Starting detail processing for URL: https://eproc.punjab.gov.in/nicgep/app?component=view&page=WebTenderStatusLists&service=direct&session=T&sp=SiVTQKgBAofpR%2FOWDDo8%2BYQ%3D%3D
16:36:59 [INFO] (ROTWorker-Punjab Run-322120) [ListPage2_2025_WR_139686_1] Starting detail processing for URL: https://eproc.punjab.gov.in/nicgep/app?component=view&page=WebTenderStatusLists&service=direct&session=T&sp=S1gW9AjAxRWkaLB%2Fr%2FLf03Q%3D%3D
16:36:59 [INFO] (ROTWorker-Punjab Run-322120) [ListPage2_2025_WR_139679_1] Starting detail processing for URL: https://eproc.punjab.gov.in/nicgep/app?component=view&page=WebTenderStatusLists&service=direct&session=T&sp=SkzNW4Wxh%2F4VmStlHhcNDyA%3D%3D
16:36:59 [INFO] (ROTWorker-Punjab Run-322120) [ListPage2_2025_WR_139375_1] Starting detail processing for URL: https://eproc.punjab.gov.in/nicgep/app?component=view&page=WebTenderStatusLists&service=direct&session=T&sp=SeRsIERx7FopGlQHI7JmrJw%3D%3D
16:36:59 [INFO] (ROTWorker-Punjab Run-322120) [ListPage2_2025_WR_140617_1] Navigated to detail page: https://eproc.punjab.gov.in/nicgep/app?component=view&page=WebTenderStatusLists&service=direct&session=T&sp=SCXlNS44TcTsL4FiiHyMBZQ%3D%3D
16:36:59 [INFO] (ROTWorker-Punjab Run-322120) [ListPage2_2025_WR_140623_1] Navigated to detail page: https://eproc.punjab.gov.in/nicgep/app?component=view&page=WebTenderStatusLists&service=direct&session=T&sp=SbL4d5TFC%2BzXLtnykg8dXFA%3D%3D
16:36:59 [INFO] (ROTWorker-Punjab Run-322120) [ListPage2_2025_WR_140623_1] Final summary link found. Clicking...
16:36:59 [INFO] (ROTWorker-Punjab Run-322120) [ListPage2_2025_WR_140617_1] Final summary link found. Clicking...
16:37:00 [INFO] (ROTWorker-Punjab Run-322120) [2025_WR_140617_1 Popup] Processing final popup page: https://eproc.punjab.gov.in/nicgep/app?component=%24DirectLink_0&page=WebTenderStatus&service=direct&session=T
16:37:00 [INFO] (ROTWorker-Punjab Run-322120) [2025_WR_140617_1 Popup] ✅ CLEANED & SAVED HTML: ROT_2025_WR_140617_1_20250618_163700_StageSummary.html to /root/Tender-Aggregator/site_data/ROT/DetailHtmls/Punjab
16:37:00 [INFO] (ROTWorker-Punjab Run-322120) [2025_WR_140617_1 Popup] Attempting to extract structured JSON: /usr/bin/python3 /root/Tender-Aggregator/utils/extract_structured_rot.py /root/Tender-Aggregator/site_data/ROT/DetailHtmls/Punjab/ROT_2025_WR_140617_1_20250618_163700_StageSummary.html --output-dir /root/Tender-Aggregator/site_data/AI/StructuredROTData/Punjab --site-key Punjab
16:37:00 [INFO] (ROTWorker-Punjab Run-322120) [2025_WR_140623_1 Popup] Processing final popup page: https://eproc.punjab.gov.in/nicgep/app?component=%24DirectLink_0&page=WebTenderStatus&service=direct&session=T
16:37:00 [INFO] (ROTWorker-Punjab Run-322120) [2025_WR_140623_1 Popup] ✅ CLEANED & SAVED HTML: ROT_2025_WR_140623_1_20250618_163700_StageSummary.html to /root/Tender-Aggregator/site_data/ROT/DetailHtmls/Punjab
16:37:00 [INFO] (ROTWorker-Punjab Run-322120) [2025_WR_140623_1 Popup] Attempting to extract structured JSON: /usr/bin/python3 /root/Tender-Aggregator/utils/extract_structured_rot.py /root/Tender-Aggregator/site_data/ROT/DetailHtmls/Punjab/ROT_2025_WR_140623_1_20250618_163700_StageSummary.html --output-dir /root/Tender-Aggregator/site_data/AI/StructuredROTData/Punjab --site-key Punjab
16:37:00 [INFO] (ROTWorker-Punjab Run-322120) [2025_WR_140617_1 Popup] Successfully extracted structured JSON for ROT_2025_WR_140617_1_20250618_163700_StageSummary.html.
16:37:00 [INFO] (ROTWorker-Punjab Run-322120) [ListPage2_2025_WR_140617_1] Successfully processed detail and popup. File: ROT_2025_WR_140617_1_20250618_163700_StageSummary.html
16:37:00 [INFO] (ROTWorker-Punjab Run-322120) [2025_WR_140623_1 Popup] Successfully extracted structured JSON for ROT_2025_WR_140623_1_20250618_163700_StageSummary.html.
16:37:00 [INFO] (ROTWorker-Punjab Run-322120) [ListPage2_2025_WR_140623_1] Successfully processed detail and popup. File: ROT_2025_WR_140623_1_20250618_163700_StageSummary.html
16:37:00 [INFO] (ROTWorker-Punjab Run-322120) [ListPage2_2025_WR_140043_1] Navigated to detail page: https://eproc.punjab.gov.in/nicgep/app?component=view&page=WebTenderStatusLists&service=direct&session=T&sp=SdXkFfpjYMiJcWVrQWibJ2g%3D%3D
16:37:00 [INFO] (ROTWorker-Punjab Run-322120) [ListPage2_2025_WR_139889_1] Navigated to detail page: https://eproc.punjab.gov.in/nicgep/app?component=view&page=WebTenderStatusLists&service=direct&session=T&sp=SHcSq1TYkh6vMqrvw%2BL4ovQ%3D%3D
16:37:00 [INFO] (ROTWorker-Punjab Run-322120) [ListPage2_2025_WR_140043_1] Final summary link found. Clicking...
16:37:00 [INFO] (ROTWorker-Punjab Run-322120) [ListPage2_2025_WR_139889_1] Final summary link found. Clicking...
16:37:00 [INFO] (ROTWorker-Punjab Run-322120) [2025_WR_140043_1 Popup] Processing final popup page: https://eproc.punjab.gov.in/nicgep/app?component=%24DirectLink_0&page=WebTenderStatus&service=direct&session=T
16:37:00 [INFO] (ROTWorker-Punjab Run-322120) [2025_WR_140043_1 Popup] ✅ CLEANED & SAVED HTML: ROT_2025_WR_140043_1_20250618_163700_StageSummary.html to /root/Tender-Aggregator/site_data/ROT/DetailHtmls/Punjab
16:37:00 [INFO] (ROTWorker-Punjab Run-322120) [2025_WR_140043_1 Popup] Attempting to extract structured JSON: /usr/bin/python3 /root/Tender-Aggregator/utils/extract_structured_rot.py /root/Tender-Aggregator/site_data/ROT/DetailHtmls/Punjab/ROT_2025_WR_140043_1_20250618_163700_StageSummary.html --output-dir /root/Tender-Aggregator/site_data/AI/StructuredROTData/Punjab --site-key Punjab
16:37:00 [INFO] (ROTWorker-Punjab Run-322120) [2025_WR_139889_1 Popup] Processing final popup page: https://eproc.punjab.gov.in/nicgep/app?component=%24DirectLink_0&page=WebTenderStatus&service=direct&session=T
16:37:00 [INFO] (ROTWorker-Punjab Run-322120) [2025_WR_139889_1 Popup] ✅ CLEANED & SAVED HTML: ROT_2025_WR_139889_1_20250618_163700_StageSummary.html to /root/Tender-Aggregator/site_data/ROT/DetailHtmls/Punjab
16:37:00 [INFO] (ROTWorker-Punjab Run-322120) [2025_WR_139889_1 Popup] Attempting to extract structured JSON: /usr/bin/python3 /root/Tender-Aggregator/utils/extract_structured_rot.py /root/Tender-Aggregator/site_data/ROT/DetailHtmls/Punjab/ROT_2025_WR_139889_1_20250618_163700_StageSummary.html --output-dir /root/Tender-Aggregator/site_data/AI/StructuredROTData/Punjab --site-key Punjab
16:37:00 [INFO] (ROTWorker-Punjab Run-322120) [2025_WR_140043_1 Popup] Successfully extracted structured JSON for ROT_2025_WR_140043_1_20250618_163700_StageSummary.html.
16:37:00 [INFO] (ROTWorker-Punjab Run-322120) [ListPage2_2025_WR_140043_1] Successfully processed detail and popup. File: ROT_2025_WR_140043_1_20250618_163700_StageSummary.html
16:37:00 [INFO] (ROTWorker-Punjab Run-322120) [2025_WR_139889_1 Popup] Successfully extracted structured JSON for ROT_2025_WR_139889_1_20250618_163700_StageSummary.html.
16:37:00 [INFO] (ROTWorker-Punjab Run-322120) [ListPage2_2025_WR_139889_1] Successfully processed detail and popup. File: ROT_2025_WR_139889_1_20250618_163700_StageSummary.html
16:37:00 [INFO] (ROTWorker-Punjab Run-322120) [ListPage2_2025_WR_139881_3] Navigated to detail page: https://eproc.punjab.gov.in/nicgep/app?component=view&page=WebTenderStatusLists&service=direct&session=T&sp=Sdw6KE06k4VCEvNBALIPj%2BA%3D%3D
16:37:00 [INFO] (ROTWorker-Punjab Run-322120) [ListPage2_2025_WR_139881_3] Final summary link found. Clicking...
16:37:00 [INFO] (ROTWorker-Punjab Run-322120) [ListPage2_2025_WR_139881_2] Navigated to detail page: https://eproc.punjab.gov.in/nicgep/app?component=view&page=WebTenderStatusLists&service=direct&session=T&sp=SZzVlP7B6%2Fs%2BxKXLgq966tw%3D%3D
16:37:00 [INFO] (ROTWorker-Punjab Run-322120) [ListPage2_2025_WR_139881_2] Final summary link found. Clicking...
16:37:00 [INFO] (ROTWorker-Punjab Run-322120) [2025_WR_139881_3 Popup] Processing final popup page: https://eproc.punjab.gov.in/nicgep/app?component=%24DirectLink_0&page=WebTenderStatus&service=direct&session=T
16:37:00 [INFO] (ROTWorker-Punjab Run-322120) [2025_WR_139881_3 Popup] ✅ CLEANED & SAVED HTML: ROT_2025_WR_139881_3_20250618_163700_StageSummary.html to /root/Tender-Aggregator/site_data/ROT/DetailHtmls/Punjab
16:37:00 [INFO] (ROTWorker-Punjab Run-322120) [2025_WR_139881_3 Popup] Attempting to extract structured JSON: /usr/bin/python3 /root/Tender-Aggregator/utils/extract_structured_rot.py /root/Tender-Aggregator/site_data/ROT/DetailHtmls/Punjab/ROT_2025_WR_139881_3_20250618_163700_StageSummary.html --output-dir /root/Tender-Aggregator/site_data/AI/StructuredROTData/Punjab --site-key Punjab
16:37:00 [INFO] (ROTWorker-Punjab Run-322120) [2025_WR_139881_2 Popup] Processing final popup page: https://eproc.punjab.gov.in/nicgep/app?component=%24DirectLink_0&page=WebTenderStatus&service=direct&session=T
16:37:00 [INFO] (ROTWorker-Punjab Run-322120) [2025_WR_139881_3 Popup] Successfully extracted structured JSON for ROT_2025_WR_139881_3_20250618_163700_StageSummary.html.
16:37:00 [INFO] (ROTWorker-Punjab Run-322120) [ListPage2_2025_WR_139881_3] Successfully processed detail and popup. File: ROT_2025_WR_139881_3_20250618_163700_StageSummary.html
16:37:00 [INFO] (ROTWorker-Punjab Run-322120) [2025_WR_139881_2 Popup] ✅ CLEANED & SAVED HTML: ROT_2025_WR_139881_2_20250618_163700_StageSummary.html to /root/Tender-Aggregator/site_data/ROT/DetailHtmls/Punjab
16:37:00 [INFO] (ROTWorker-Punjab Run-322120) [2025_WR_139881_2 Popup] Attempting to extract structured JSON: /usr/bin/python3 /root/Tender-Aggregator/utils/extract_structured_rot.py /root/Tender-Aggregator/site_data/ROT/DetailHtmls/Punjab/ROT_2025_WR_139881_2_20250618_163700_StageSummary.html --output-dir /root/Tender-Aggregator/site_data/AI/StructuredROTData/Punjab --site-key Punjab
16:37:00 [INFO] (ROTWorker-Punjab Run-322120) [2025_WR_139881_2 Popup] Successfully extracted structured JSON for ROT_2025_WR_139881_2_20250618_163700_StageSummary.html.
16:37:00 [INFO] (ROTWorker-Punjab Run-322120) [ListPage2_2025_WR_139881_2] Successfully processed detail and popup. File: ROT_2025_WR_139881_2_20250618_163700_StageSummary.html
16:37:00 [INFO] (ROTWorker-Punjab Run-322120) [ListPage2_2025_WR_139881_1] Navigated to detail page: https://eproc.punjab.gov.in/nicgep/app?component=view&page=WebTenderStatusLists&service=direct&session=T&sp=SiVTQKgBAofpR%2FOWDDo8%2BYQ%3D%3D
16:37:00 [INFO] (ROTWorker-Punjab Run-322120) [ListPage2_2025_WR_139686_1] Navigated to detail page: https://eproc.punjab.gov.in/nicgep/app?component=view&page=WebTenderStatusLists&service=direct&session=T&sp=S1gW9AjAxRWkaLB%2Fr%2FLf03Q%3D%3D
16:37:00 [INFO] (ROTWorker-Punjab Run-322120) [ListPage2_2025_WR_139881_1] Final summary link found. Clicking...
16:37:00 [INFO] (ROTWorker-Punjab Run-322120) [ListPage2_2025_WR_139686_1] Final summary link found. Clicking...
16:37:01 [INFO] (ROTWorker-Punjab Run-322120) [2025_WR_139686_1 Popup] Processing final popup page: https://eproc.punjab.gov.in/nicgep/app?component=%24DirectLink_0&page=WebTenderStatus&service=direct&session=T
16:37:01 [INFO] (ROTWorker-Punjab Run-322120) [2025_WR_139686_1 Popup] ✅ CLEANED & SAVED HTML: ROT_2025_WR_139686_1_20250618_163701_StageSummary.html to /root/Tender-Aggregator/site_data/ROT/DetailHtmls/Punjab
16:37:01 [INFO] (ROTWorker-Punjab Run-322120) [2025_WR_139686_1 Popup] Attempting to extract structured JSON: /usr/bin/python3 /root/Tender-Aggregator/utils/extract_structured_rot.py /root/Tender-Aggregator/site_data/ROT/DetailHtmls/Punjab/ROT_2025_WR_139686_1_20250618_163701_StageSummary.html --output-dir /root/Tender-Aggregator/site_data/AI/StructuredROTData/Punjab --site-key Punjab
16:37:01 [INFO] (ROTWorker-Punjab Run-322120) [2025_WR_139881_1 Popup] Processing final popup page: https://eproc.punjab.gov.in/nicgep/app?component=%24DirectLink_0&page=WebTenderStatus&service=direct&session=T
16:37:01 [INFO] (ROTWorker-Punjab Run-322120) [2025_WR_139881_1 Popup] ✅ CLEANED & SAVED HTML: ROT_2025_WR_139881_1_20250618_163701_StageSummary.html to /root/Tender-Aggregator/site_data/ROT/DetailHtmls/Punjab
16:37:01 [INFO] (ROTWorker-Punjab Run-322120) [2025_WR_139881_1 Popup] Attempting to extract structured JSON: /usr/bin/python3 /root/Tender-Aggregator/utils/extract_structured_rot.py /root/Tender-Aggregator/site_data/ROT/DetailHtmls/Punjab/ROT_2025_WR_139881_1_20250618_163701_StageSummary.html --output-dir /root/Tender-Aggregator/site_data/AI/StructuredROTData/Punjab --site-key Punjab
16:37:01 [INFO] (ROTWorker-Punjab Run-322120) [2025_WR_139686_1 Popup] Successfully extracted structured JSON for ROT_2025_WR_139686_1_20250618_163701_StageSummary.html.
16:37:01 [INFO] (ROTWorker-Punjab Run-322120) [ListPage2_2025_WR_139686_1] Successfully processed detail and popup. File: ROT_2025_WR_139686_1_20250618_163701_StageSummary.html
16:37:01 [INFO] (ROTWorker-Punjab Run-322120) [2025_WR_139881_1 Popup] Successfully extracted structured JSON for ROT_2025_WR_139881_1_20250618_163701_StageSummary.html.
16:37:01 [INFO] (ROTWorker-Punjab Run-322120) [ListPage2_2025_WR_139881_1] Successfully processed detail and popup. File: ROT_2025_WR_139881_1_20250618_163701_StageSummary.html
16:37:01 [INFO] (ROTWorker-Punjab Run-322120) [ListPage2_2025_WR_139679_1] Navigated to detail page: https://eproc.punjab.gov.in/nicgep/app?component=view&page=WebTenderStatusLists&service=direct&session=T&sp=SkzNW4Wxh%2F4VmStlHhcNDyA%3D%3D
16:37:01 [INFO] (ROTWorker-Punjab Run-322120) [ListPage2_2025_WR_139679_1] Final summary link found. Clicking...
16:37:01 [INFO] (ROTWorker-Punjab Run-322120) [ListPage2_2025_WR_139375_1] Navigated to detail page: https://eproc.punjab.gov.in/nicgep/app?component=view&page=WebTenderStatusLists&service=direct&session=T&sp=SeRsIERx7FopGlQHI7JmrJw%3D%3D
16:37:01 [INFO] (ROTWorker-Punjab Run-322120) [ListPage2_2025_WR_139375_1] Final summary link found. Clicking...
16:37:01 [INFO] (ROTWorker-Punjab Run-322120) [2025_WR_139679_1 Popup] Processing final popup page: https://eproc.punjab.gov.in/nicgep/app?component=%24DirectLink_0&page=WebTenderStatus&service=direct&session=T
16:37:01 [INFO] (ROTWorker-Punjab Run-322120) [2025_WR_139679_1 Popup] ✅ CLEANED & SAVED HTML: ROT_2025_WR_139679_1_20250618_163701_StageSummary.html to /root/Tender-Aggregator/site_data/ROT/DetailHtmls/Punjab
16:37:01 [INFO] (ROTWorker-Punjab Run-322120) [2025_WR_139679_1 Popup] Attempting to extract structured JSON: /usr/bin/python3 /root/Tender-Aggregator/utils/extract_structured_rot.py /root/Tender-Aggregator/site_data/ROT/DetailHtmls/Punjab/ROT_2025_WR_139679_1_20250618_163701_StageSummary.html --output-dir /root/Tender-Aggregator/site_data/AI/StructuredROTData/Punjab --site-key Punjab
16:37:01 [INFO] (ROTWorker-Punjab Run-322120) [2025_WR_139375_1 Popup] Processing final popup page: https://eproc.punjab.gov.in/nicgep/app?component=%24DirectLink_0&page=WebTenderStatus&service=direct&session=T
16:37:01 [INFO] (ROTWorker-Punjab Run-322120) [2025_WR_139375_1 Popup] ✅ CLEANED & SAVED HTML: ROT_2025_WR_139375_1_20250618_163701_StageSummary.html to /root/Tender-Aggregator/site_data/ROT/DetailHtmls/Punjab
16:37:01 [INFO] (ROTWorker-Punjab Run-322120) [2025_WR_139375_1 Popup] Attempting to extract structured JSON: /usr/bin/python3 /root/Tender-Aggregator/utils/extract_structured_rot.py /root/Tender-Aggregator/site_data/ROT/DetailHtmls/Punjab/ROT_2025_WR_139375_1_20250618_163701_StageSummary.html --output-dir /root/Tender-Aggregator/site_data/AI/StructuredROTData/Punjab --site-key Punjab
16:37:01 [INFO] (ROTWorker-Punjab Run-322120) [2025_WR_139679_1 Popup] Successfully extracted structured JSON for ROT_2025_WR_139679_1_20250618_163701_StageSummary.html.
16:37:01 [INFO] (ROTWorker-Punjab Run-322120) [ListPage2_2025_WR_139679_1] Successfully processed detail and popup. File: ROT_2025_WR_139679_1_20250618_163701_StageSummary.html
16:37:01 [INFO] (ROTWorker-Punjab Run-322120) [2025_WR_139375_1 Popup] Successfully extracted structured JSON for ROT_2025_WR_139375_1_20250618_163701_StageSummary.html.
16:37:01 [INFO] (ROTWorker-Punjab Run-322120) [ListPage2_2025_WR_139375_1] Successfully processed detail and popup. File: ROT_2025_WR_139375_1_20250618_163701_StageSummary.html
16:37:08 [INFO] (ROTWorker-Punjab Run-322120) --- Processing List Page: 3/100 (Site: Punjab) ---
16:37:08 [INFO] (ROTWorker-Punjab Run-322120) Worker status updated to: PROCESSING_LIST_PAGE_3
16:37:08 [INFO] (ROTWorker-Punjab Run-322120) [ListPage3] Extracting table data...
16:37:08 [INFO] (ROTWorker-Punjab Run-322120) [ListPage3] Extracted 10 items.
16:37:08 [INFO] (ROTWorker-Punjab Run-322120) [ListPage3_2025_WR_139374_1] Starting detail processing for URL: https://eproc.punjab.gov.in/nicgep/app?component=view&page=WebTenderStatusLists&service=direct&session=T&sp=SrwuNVxnOLrKhKHJnTAmwRw%3D%3D
16:37:08 [INFO] (ROTWorker-Punjab Run-322120) [ListPage3_2025_WR_139373_1] Starting detail processing for URL: https://eproc.punjab.gov.in/nicgep/app?component=view&page=WebTenderStatusLists&service=direct&session=T&sp=S6nthygT7%2FbD9XgBxZ8gI9A%3D%3D
16:37:08 [INFO] (ROTWorker-Punjab Run-322120) [ListPage3_2025_WR_139372_1] Starting detail processing for URL: https://eproc.punjab.gov.in/nicgep/app?component=view&page=WebTenderStatusLists&service=direct&session=T&sp=SI3tfVNxV38ppYpiMmiW2rQ%3D%3D
16:37:08 [INFO] (ROTWorker-Punjab Run-322120) [ListPage3_2025_WR_139371_1] Starting detail processing for URL: https://eproc.punjab.gov.in/nicgep/app?component=view&page=WebTenderStatusLists&service=direct&session=T&sp=SktPSQzRtmzauO2T7TtHdBw%3D%3D
16:37:08 [INFO] (ROTWorker-Punjab Run-322120) [ListPage3_2025_WR_139211_1] Starting detail processing for URL: https://eproc.punjab.gov.in/nicgep/app?component=view&page=WebTenderStatusLists&service=direct&session=T&sp=S7XxG9Zs2e59MtUC86fmFGA%3D%3D
16:37:08 [INFO] (ROTWorker-Punjab Run-322120) [ListPage3_2025_WR_139198_7] Starting detail processing for URL: https://eproc.punjab.gov.in/nicgep/app?component=view&page=WebTenderStatusLists&service=direct&session=T&sp=S35XURReBwEW%2BLa%2FEAGBc%2BQ%3D%3D
16:37:08 [INFO] (ROTWorker-Punjab Run-322120) [ListPage3_2025_WR_139178_1] Starting detail processing for URL: https://eproc.punjab.gov.in/nicgep/app?component=view&page=WebTenderStatusLists&service=direct&session=T&sp=SKhHZ1BucrAWoaPsW9JIJyA%3D%3D
16:37:08 [INFO] (ROTWorker-Punjab Run-322120) [ListPage3_2025_WR_139126_2] Starting detail processing for URL: https://eproc.punjab.gov.in/nicgep/app?component=view&page=WebTenderStatusLists&service=direct&session=T&sp=SoCSMQNSC%2FfwpQ5jWEXsmTA%3D%3D
16:37:08 [INFO] (ROTWorker-Punjab Run-322120) [ListPage3_2025_WR_139122_2] Starting detail processing for URL: https://eproc.punjab.gov.in/nicgep/app?component=view&page=WebTenderStatusLists&service=direct&session=T&sp=ScjhfPaUGOcbY3dHPvmDe7Q%3D%3D
16:37:08 [INFO] (ROTWorker-Punjab Run-322120) [ListPage3_2025_WR_139121_2] Starting detail processing for URL: https://eproc.punjab.gov.in/nicgep/app?component=view&page=WebTenderStatusLists&service=direct&session=T&sp=SVr09IYYr%2Bx1B9n8pr5%2FeJg%3D%3D
16:37:08 [INFO] (ROTWorker-Punjab Run-322120) [ListPage3_2025_WR_139374_1] Navigated to detail page: https://eproc.punjab.gov.in/nicgep/app?component=view&page=WebTenderStatusLists&service=direct&session=T&sp=SrwuNVxnOLrKhKHJnTAmwRw%3D%3D
16:37:08 [INFO] (ROTWorker-Punjab Run-322120) [ListPage3_2025_WR_139373_1] Navigated to detail page: https://eproc.punjab.gov.in/nicgep/app?component=view&page=WebTenderStatusLists&service=direct&session=T&sp=S6nthygT7%2FbD9XgBxZ8gI9A%3D%3D
16:37:08 [INFO] (ROTWorker-Punjab Run-322120) [ListPage3_2025_WR_139374_1] Final summary link found. Clicking...
16:37:09 [INFO] (ROTWorker-Punjab Run-322120) [ListPage3_2025_WR_139373_1] Final summary link found. Clicking...
16:37:09 [INFO] (ROTWorker-Punjab Run-322120) [2025_WR_139374_1 Popup] Processing final popup page: https://eproc.punjab.gov.in/nicgep/app?component=%24DirectLink_0&page=WebTenderStatus&service=direct&session=T
16:37:09 [INFO] (ROTWorker-Punjab Run-322120) [2025_WR_139374_1 Popup] ✅ CLEANED & SAVED HTML: ROT_2025_WR_139374_1_20250618_163709_StageSummary.html to /root/Tender-Aggregator/site_data/ROT/DetailHtmls/Punjab
16:37:09 [INFO] (ROTWorker-Punjab Run-322120) [2025_WR_139374_1 Popup] Attempting to extract structured JSON: /usr/bin/python3 /root/Tender-Aggregator/utils/extract_structured_rot.py /root/Tender-Aggregator/site_data/ROT/DetailHtmls/Punjab/ROT_2025_WR_139374_1_20250618_163709_StageSummary.html --output-dir /root/Tender-Aggregator/site_data/AI/StructuredROTData/Punjab --site-key Punjab
16:37:09 [INFO] (ROTWorker-Punjab Run-322120) [2025_WR_139373_1 Popup] Processing final popup page: https://eproc.punjab.gov.in/nicgep/app?component=%24DirectLink_0&page=WebTenderStatus&service=direct&session=T
16:37:09 [INFO] (ROTWorker-Punjab Run-322120) [2025_WR_139373_1 Popup] ✅ CLEANED & SAVED HTML: ROT_2025_WR_139373_1_20250618_163709_StageSummary.html to /root/Tender-Aggregator/site_data/ROT/DetailHtmls/Punjab
16:37:09 [INFO] (ROTWorker-Punjab Run-322120) [2025_WR_139373_1 Popup] Attempting to extract structured JSON: /usr/bin/python3 /root/Tender-Aggregator/utils/extract_structured_rot.py /root/Tender-Aggregator/site_data/ROT/DetailHtmls/Punjab/ROT_2025_WR_139373_1_20250618_163709_StageSummary.html --output-dir /root/Tender-Aggregator/site_data/AI/StructuredROTData/Punjab --site-key Punjab
16:37:09 [INFO] (ROTWorker-Punjab Run-322120) [2025_WR_139374_1 Popup] Successfully extracted structured JSON for ROT_2025_WR_139374_1_20250618_163709_StageSummary.html.
16:37:09 [INFO] (ROTWorker-Punjab Run-322120) [ListPage3_2025_WR_139374_1] Successfully processed detail and popup. File: ROT_2025_WR_139374_1_20250618_163709_StageSummary.html
16:37:09 [INFO] (ROTWorker-Punjab Run-322120) [2025_WR_139373_1 Popup] Successfully extracted structured JSON for ROT_2025_WR_139373_1_20250618_163709_StageSummary.html.
16:37:09 [INFO] (ROTWorker-Punjab Run-322120) [ListPage3_2025_WR_139373_1] Successfully processed detail and popup. File: ROT_2025_WR_139373_1_20250618_163709_StageSummary.html
16:37:09 [INFO] (ROTWorker-Punjab Run-322120) [ListPage3_2025_WR_139372_1] Navigated to detail page: https://eproc.punjab.gov.in/nicgep/app?component=view&page=WebTenderStatusLists&service=direct&session=T&sp=SI3tfVNxV38ppYpiMmiW2rQ%3D%3D
16:37:09 [INFO] (ROTWorker-Punjab Run-322120) [ListPage3_2025_WR_139372_1] Final summary link found. Clicking...
16:37:09 [INFO] (ROTWorker-Punjab Run-322120) [ListPage3_2025_WR_139371_1] Navigated to detail page: https://eproc.punjab.gov.in/nicgep/app?component=view&page=WebTenderStatusLists&service=direct&session=T&sp=SktPSQzRtmzauO2T7TtHdBw%3D%3D
16:37:09 [INFO] (ROTWorker-Punjab Run-322120) [ListPage3_2025_WR_139371_1] Final summary link found. Clicking...
16:37:09 [INFO] (ROTWorker-Punjab Run-322120) [2025_WR_139372_1 Popup] Processing final popup page: https://eproc.punjab.gov.in/nicgep/app?component=%24DirectLink_0&page=WebTenderStatus&service=direct&session=T
16:37:09 [INFO] (ROTWorker-Punjab Run-322120) [2025_WR_139372_1 Popup] ✅ CLEANED & SAVED HTML: ROT_2025_WR_139372_1_20250618_163709_StageSummary.html to /root/Tender-Aggregator/site_data/ROT/DetailHtmls/Punjab
16:37:09 [INFO] (ROTWorker-Punjab Run-322120) [2025_WR_139372_1 Popup] Attempting to extract structured JSON: /usr/bin/python3 /root/Tender-Aggregator/utils/extract_structured_rot.py /root/Tender-Aggregator/site_data/ROT/DetailHtmls/Punjab/ROT_2025_WR_139372_1_20250618_163709_StageSummary.html --output-dir /root/Tender-Aggregator/site_data/AI/StructuredROTData/Punjab --site-key Punjab
16:37:09 [INFO] (ROTWorker-Punjab Run-322120) [2025_WR_139371_1 Popup] Processing final popup page: https://eproc.punjab.gov.in/nicgep/app?component=%24DirectLink_0&page=WebTenderStatus&service=direct&session=T
16:37:09 [INFO] (ROTWorker-Punjab Run-322120) [2025_WR_139372_1 Popup] Successfully extracted structured JSON for ROT_2025_WR_139372_1_20250618_163709_StageSummary.html.
16:37:09 [INFO] (ROTWorker-Punjab Run-322120) [ListPage3_2025_WR_139372_1] Successfully processed detail and popup. File: ROT_2025_WR_139372_1_20250618_163709_StageSummary.html
16:37:09 [INFO] (ROTWorker-Punjab Run-322120) [2025_WR_139371_1 Popup] ✅ CLEANED & SAVED HTML: ROT_2025_WR_139371_1_20250618_163709_StageSummary.html to /root/Tender-Aggregator/site_data/ROT/DetailHtmls/Punjab
16:37:09 [INFO] (ROTWorker-Punjab Run-322120) [2025_WR_139371_1 Popup] Attempting to extract structured JSON: /usr/bin/python3 /root/Tender-Aggregator/utils/extract_structured_rot.py /root/Tender-Aggregator/site_data/ROT/DetailHtmls/Punjab/ROT_2025_WR_139371_1_20250618_163709_StageSummary.html --output-dir /root/Tender-Aggregator/site_data/AI/StructuredROTData/Punjab --site-key Punjab
16:37:09 [INFO] (ROTWorker-Punjab Run-322120) [2025_WR_139371_1 Popup] Successfully extracted structured JSON for ROT_2025_WR_139371_1_20250618_163709_StageSummary.html.
16:37:09 [INFO] (ROTWorker-Punjab Run-322120) [ListPage3_2025_WR_139371_1] Successfully processed detail and popup. File: ROT_2025_WR_139371_1_20250618_163709_StageSummary.html
16:37:09 [INFO] (ROTWorker-Punjab Run-322120) [ListPage3_2025_WR_139211_1] Navigated to detail page: https://eproc.punjab.gov.in/nicgep/app?component=view&page=WebTenderStatusLists&service=direct&session=T&sp=S7XxG9Zs2e59MtUC86fmFGA%3D%3D
16:37:09 [INFO] (ROTWorker-Punjab Run-322120) [ListPage3_2025_WR_139198_7] Navigated to detail page: https://eproc.punjab.gov.in/nicgep/app?component=view&page=WebTenderStatusLists&service=direct&session=T&sp=S35XURReBwEW%2BLa%2FEAGBc%2BQ%3D%3D
16:37:09 [INFO] (ROTWorker-Punjab Run-322120) [ListPage3_2025_WR_139211_1] Final summary link found. Clicking...
16:37:09 [INFO] (ROTWorker-Punjab Run-322120) [ListPage3_2025_WR_139198_7] Final summary link found. Clicking...
16:37:09 [INFO] (ROTWorker-Punjab Run-322120) [2025_WR_139211_1 Popup] Processing final popup page: https://eproc.punjab.gov.in/nicgep/app?component=%24DirectLink_0&page=WebTenderStatus&service=direct&session=T
16:37:09 [INFO] (ROTWorker-Punjab Run-322120) [2025_WR_139211_1 Popup] ✅ CLEANED & SAVED HTML: ROT_2025_WR_139211_1_20250618_163709_StageSummary.html to /root/Tender-Aggregator/site_data/ROT/DetailHtmls/Punjab
16:37:09 [INFO] (ROTWorker-Punjab Run-322120) [2025_WR_139211_1 Popup] Attempting to extract structured JSON: /usr/bin/python3 /root/Tender-Aggregator/utils/extract_structured_rot.py /root/Tender-Aggregator/site_data/ROT/DetailHtmls/Punjab/ROT_2025_WR_139211_1_20250618_163709_StageSummary.html --output-dir /root/Tender-Aggregator/site_data/AI/StructuredROTData/Punjab --site-key Punjab
16:37:09 [INFO] (ROTWorker-Punjab Run-322120) [2025_WR_139198_7 Popup] Processing final popup page: https://eproc.punjab.gov.in/nicgep/app?component=%24DirectLink_0&page=WebTenderStatus&service=direct&session=T
16:37:09 [INFO] (ROTWorker-Punjab Run-322120) [2025_WR_139211_1 Popup] Successfully extracted structured JSON for ROT_2025_WR_139211_1_20250618_163709_StageSummary.html.
16:37:09 [INFO] (ROTWorker-Punjab Run-322120) [ListPage3_2025_WR_139211_1] Successfully processed detail and popup. File: ROT_2025_WR_139211_1_20250618_163709_StageSummary.html
16:37:09 [INFO] (ROTWorker-Punjab Run-322120) [2025_WR_139198_7 Popup] ✅ CLEANED & SAVED HTML: ROT_2025_WR_139198_7_20250618_163709_StageSummary.html to /root/Tender-Aggregator/site_data/ROT/DetailHtmls/Punjab
16:37:09 [INFO] (ROTWorker-Punjab Run-322120) [2025_WR_139198_7 Popup] Attempting to extract structured JSON: /usr/bin/python3 /root/Tender-Aggregator/utils/extract_structured_rot.py /root/Tender-Aggregator/site_data/ROT/DetailHtmls/Punjab/ROT_2025_WR_139198_7_20250618_163709_StageSummary.html --output-dir /root/Tender-Aggregator/site_data/AI/StructuredROTData/Punjab --site-key Punjab
16:37:09 [INFO] (ROTWorker-Punjab Run-322120) [2025_WR_139198_7 Popup] Successfully extracted structured JSON for ROT_2025_WR_139198_7_20250618_163709_StageSummary.html.
16:37:09 [INFO] (ROTWorker-Punjab Run-322120) [ListPage3_2025_WR_139198_7] Successfully processed detail and popup. File: ROT_2025_WR_139198_7_20250618_163709_StageSummary.html
16:37:10 [INFO] (ROTWorker-Punjab Run-322120) [ListPage3_2025_WR_139178_1] Navigated to detail page: https://eproc.punjab.gov.in/nicgep/app?component=view&page=WebTenderStatusLists&service=direct&session=T&sp=SKhHZ1BucrAWoaPsW9JIJyA%3D%3D
16:37:10 [INFO] (ROTWorker-Punjab Run-322120) [ListPage3_2025_WR_139178_1] Final summary link found. Clicking...
16:37:10 [INFO] (ROTWorker-Punjab Run-322120) [ListPage3_2025_WR_139126_2] Navigated to detail page: https://eproc.punjab.gov.in/nicgep/app?component=view&page=WebTenderStatusLists&service=direct&session=T&sp=SoCSMQNSC%2FfwpQ5jWEXsmTA%3D%3D
16:37:10 [INFO] (ROTWorker-Punjab Run-322120) [ListPage3_2025_WR_139126_2] Final summary link found. Clicking...
16:37:10 [INFO] (ROTWorker-Punjab Run-322120) [2025_WR_139178_1 Popup] Processing final popup page: https://eproc.punjab.gov.in/nicgep/app?component=%24DirectLink_0&page=WebTenderStatus&service=direct&session=T
16:37:10 [INFO] (ROTWorker-Punjab Run-322120) [2025_WR_139178_1 Popup] ✅ CLEANED & SAVED HTML: ROT_2025_WR_139178_1_20250618_163710_StageSummary.html to /root/Tender-Aggregator/site_data/ROT/DetailHtmls/Punjab
16:37:10 [INFO] (ROTWorker-Punjab Run-322120) [2025_WR_139178_1 Popup] Attempting to extract structured JSON: /usr/bin/python3 /root/Tender-Aggregator/utils/extract_structured_rot.py /root/Tender-Aggregator/site_data/ROT/DetailHtmls/Punjab/ROT_2025_WR_139178_1_20250618_163710_StageSummary.html --output-dir /root/Tender-Aggregator/site_data/AI/StructuredROTData/Punjab --site-key Punjab
16:37:10 [INFO] (ROTWorker-Punjab Run-322120) [2025_WR_139126_2 Popup] Processing final popup page: https://eproc.punjab.gov.in/nicgep/app?component=%24DirectLink_0&page=WebTenderStatus&service=direct&session=T
16:37:10 [INFO] (ROTWorker-Punjab Run-322120) [2025_WR_139126_2 Popup] ✅ CLEANED & SAVED HTML: ROT_2025_WR_139126_2_20250618_163710_StageSummary.html to /root/Tender-Aggregator/site_data/ROT/DetailHtmls/Punjab
16:37:10 [INFO] (ROTWorker-Punjab Run-322120) [2025_WR_139126_2 Popup] Attempting to extract structured JSON: /usr/bin/python3 /root/Tender-Aggregator/utils/extract_structured_rot.py /root/Tender-Aggregator/site_data/ROT/DetailHtmls/Punjab/ROT_2025_WR_139126_2_20250618_163710_StageSummary.html --output-dir /root/Tender-Aggregator/site_data/AI/StructuredROTData/Punjab --site-key Punjab
16:37:10 [INFO] (ROTWorker-Punjab Run-322120) [2025_WR_139178_1 Popup] Successfully extracted structured JSON for ROT_2025_WR_139178_1_20250618_163710_StageSummary.html.
16:37:10 [INFO] (ROTWorker-Punjab Run-322120) [ListPage3_2025_WR_139178_1] Successfully processed detail and popup. File: ROT_2025_WR_139178_1_20250618_163710_StageSummary.html
16:37:10 [INFO] (ROTWorker-Punjab Run-322120) [2025_WR_139126_2 Popup] Successfully extracted structured JSON for ROT_2025_WR_139126_2_20250618_163710_StageSummary.html.
16:37:10 [INFO] (ROTWorker-Punjab Run-322120) [ListPage3_2025_WR_139126_2] Successfully processed detail and popup. File: ROT_2025_WR_139126_2_20250618_163710_StageSummary.html
16:37:10 [INFO] (ROTWorker-Punjab Run-322120) [ListPage3_2025_WR_139122_2] Navigated to detail page: https://eproc.punjab.gov.in/nicgep/app?component=view&page=WebTenderStatusLists&service=direct&session=T&sp=ScjhfPaUGOcbY3dHPvmDe7Q%3D%3D
16:37:10 [INFO] (ROTWorker-Punjab Run-322120) [ListPage3_2025_WR_139122_2] Final summary link found. Clicking...
16:37:10 [INFO] (ROTWorker-Punjab Run-322120) [ListPage3_2025_WR_139121_2] Navigated to detail page: https://eproc.punjab.gov.in/nicgep/app?component=view&page=WebTenderStatusLists&service=direct&session=T&sp=SVr09IYYr%2Bx1B9n8pr5%2FeJg%3D%3D
16:37:10 [INFO] (ROTWorker-Punjab Run-322120) [ListPage3_2025_WR_139121_2] Final summary link found. Clicking...
16:37:10 [INFO] (ROTWorker-Punjab Run-322120) [2025_WR_139122_2 Popup] Processing final popup page: https://eproc.punjab.gov.in/nicgep/app?component=%24DirectLink_0&page=WebTenderStatus&service=direct&session=T
16:37:10 [INFO] (ROTWorker-Punjab Run-322120) [2025_WR_139122_2 Popup] ✅ CLEANED & SAVED HTML: ROT_2025_WR_139122_2_20250618_163710_StageSummary.html to /root/Tender-Aggregator/site_data/ROT/DetailHtmls/Punjab
16:37:10 [INFO] (ROTWorker-Punjab Run-322120) [2025_WR_139122_2 Popup] Attempting to extract structured JSON: /usr/bin/python3 /root/Tender-Aggregator/utils/extract_structured_rot.py /root/Tender-Aggregator/site_data/ROT/DetailHtmls/Punjab/ROT_2025_WR_139122_2_20250618_163710_StageSummary.html --output-dir /root/Tender-Aggregator/site_data/AI/StructuredROTData/Punjab --site-key Punjab
16:37:10 [INFO] (ROTWorker-Punjab Run-322120) [2025_WR_139121_2 Popup] Processing final popup page: https://eproc.punjab.gov.in/nicgep/app?component=%24DirectLink_0&page=WebTenderStatus&service=direct&session=T
16:37:10 [INFO] (ROTWorker-Punjab Run-322120) [2025_WR_139122_2 Popup] Successfully extracted structured JSON for ROT_2025_WR_139122_2_20250618_163710_StageSummary.html.
16:37:10 [INFO] (ROTWorker-Punjab Run-322120) [ListPage3_2025_WR_139122_2] Successfully processed detail and popup. File: ROT_2025_WR_139122_2_20250618_163710_StageSummary.html
16:37:10 [INFO] (ROTWorker-Punjab Run-322120) [2025_WR_139121_2 Popup] ✅ CLEANED & SAVED HTML: ROT_2025_WR_139121_2_20250618_163710_StageSummary.html to /root/Tender-Aggregator/site_data/ROT/DetailHtmls/Punjab
16:37:10 [INFO] (ROTWorker-Punjab Run-322120) [2025_WR_139121_2 Popup] Attempting to extract structured JSON: /usr/bin/python3 /root/Tender-Aggregator/utils/extract_structured_rot.py /root/Tender-Aggregator/site_data/ROT/DetailHtmls/Punjab/ROT_2025_WR_139121_2_20250618_163710_StageSummary.html --output-dir /root/Tender-Aggregator/site_data/AI/StructuredROTData/Punjab --site-key Punjab
16:37:10 [INFO] (ROTWorker-Punjab Run-322120) [2025_WR_139121_2 Popup] Successfully extracted structured JSON for ROT_2025_WR_139121_2_20250618_163710_StageSummary.html.
16:37:10 [INFO] (ROTWorker-Punjab Run-322120) [ListPage3_2025_WR_139121_2] Successfully processed detail and popup. File: ROT_2025_WR_139121_2_20250618_163710_StageSummary.html
16:37:17 [INFO] (ROTWorker-Punjab Run-322120) --- Processing List Page: 4/100 (Site: Punjab) ---
16:37:17 [INFO] (ROTWorker-Punjab Run-322120) Worker status updated to: PROCESSING_LIST_PAGE_4
16:37:17 [INFO] (ROTWorker-Punjab Run-322120) [ListPage4] Extracting table data...
16:37:17 [INFO] (ROTWorker-Punjab Run-322120) [ListPage4] Extracted 10 items.
16:37:17 [INFO] (ROTWorker-Punjab Run-322120) [ListPage4_2025_WR_139118_2] Starting detail processing for URL: https://eproc.punjab.gov.in/nicgep/app?component=view&page=WebTenderStatusLists&service=direct&session=T&sp=SBoCt3RmchBmGAUY868HqIA%3D%3D
16:37:17 [INFO] (ROTWorker-Punjab Run-322120) [ListPage4_2025_WR_139115_2] Starting detail processing for URL: https://eproc.punjab.gov.in/nicgep/app?component=view&page=WebTenderStatusLists&service=direct&session=T&sp=S3jEcnHd%2FPt92DFu1Y7f18Q%3D%3D
16:37:17 [INFO] (ROTWorker-Punjab Run-322120) [ListPage4_2025_WR_139111_2] Starting detail processing for URL: https://eproc.punjab.gov.in/nicgep/app?component=view&page=WebTenderStatusLists&service=direct&session=T&sp=S%2F3EC1gxL5CPrVhRDk1fROw%3D%3D
16:37:17 [INFO] (ROTWorker-Punjab Run-322120) [ListPage4_2025_WR_139109_2] Starting detail processing for URL: https://eproc.punjab.gov.in/nicgep/app?component=view&page=WebTenderStatusLists&service=direct&session=T&sp=SIcJiwy8AlwYr0AskK0KNJw%3D%3D
16:37:17 [INFO] (ROTWorker-Punjab Run-322120) [ListPage4_2025_WR_139094_1] Starting detail processing for URL: https://eproc.punjab.gov.in/nicgep/app?component=view&page=WebTenderStatusLists&service=direct&session=T&sp=SOghrfaLNxXPvFXveY4sb0A%3D%3D
16:37:17 [INFO] (ROTWorker-Punjab Run-322120) [ListPage4_2025_WR_139058_2] Starting detail processing for URL: https://eproc.punjab.gov.in/nicgep/app?component=view&page=WebTenderStatusLists&service=direct&session=T&sp=SCwp%2B93ehhUWwmG8um8KMew%3D%3D
16:37:17 [INFO] (ROTWorker-Punjab Run-322120) [ListPage4_2025_WR_138931_1] Starting detail processing for URL: https://eproc.punjab.gov.in/nicgep/app?component=view&page=WebTenderStatusLists&service=direct&session=T&sp=SCMTqC5vLP%2F3prFSi94WF9g%3D%3D
16:37:17 [INFO] (ROTWorker-Punjab Run-322120) [ListPage4_2025_WR_138855_1] Starting detail processing for URL: https://eproc.punjab.gov.in/nicgep/app?component=view&page=WebTenderStatusLists&service=direct&session=T&sp=SsQO%2F3W9QqOXr2kVhjgw%2FRQ%3D%3D
16:37:17 [INFO] (ROTWorker-Punjab Run-322120) [ListPage4_2025_WR_138848_1] Starting detail processing for URL: https://eproc.punjab.gov.in/nicgep/app?component=view&page=WebTenderStatusLists&service=direct&session=T&sp=SZlzxCdj07IcjO5O0OQRPaA%3D%3D
16:37:17 [INFO] (ROTWorker-Punjab Run-322120) [ListPage4_2025_WR_138617_9] Starting detail processing for URL: https://eproc.punjab.gov.in/nicgep/app?component=view&page=WebTenderStatusLists&service=direct&session=T&sp=SmtPsPUW%2Fx8kDMPIS6XJtDQ%3D%3D
16:37:17 [INFO] (ROTWorker-Punjab Run-322120) [ListPage4_2025_WR_139118_2] Navigated to detail page: https://eproc.punjab.gov.in/nicgep/app?component=view&page=WebTenderStatusLists&service=direct&session=T&sp=SBoCt3RmchBmGAUY868HqIA%3D%3D
16:37:18 [INFO] (ROTWorker-Punjab Run-322120) [ListPage4_2025_WR_139118_2] Final summary link found. Clicking...
16:37:18 [INFO] (ROTWorker-Punjab Run-322120) [ListPage4_2025_WR_139115_2] Navigated to detail page: https://eproc.punjab.gov.in/nicgep/app?component=view&page=WebTenderStatusLists&service=direct&session=T&sp=S3jEcnHd%2FPt92DFu1Y7f18Q%3D%3D
16:37:18 [INFO] (ROTWorker-Punjab Run-322120) [ListPage4_2025_WR_139115_2] Final summary link found. Clicking...
16:37:18 [INFO] (ROTWorker-Punjab Run-322120) [2025_WR_139118_2 Popup] Processing final popup page: https://eproc.punjab.gov.in/nicgep/app?component=%24DirectLink_0&page=WebTenderStatus&service=direct&session=T
16:37:18 [INFO] (ROTWorker-Punjab Run-322120) [2025_WR_139118_2 Popup] ✅ CLEANED & SAVED HTML: ROT_2025_WR_139118_2_20250618_163718_StageSummary.html to /root/Tender-Aggregator/site_data/ROT/DetailHtmls/Punjab
16:37:18 [INFO] (ROTWorker-Punjab Run-322120) [2025_WR_139118_2 Popup] Attempting to extract structured JSON: /usr/bin/python3 /root/Tender-Aggregator/utils/extract_structured_rot.py /root/Tender-Aggregator/site_data/ROT/DetailHtmls/Punjab/ROT_2025_WR_139118_2_20250618_163718_StageSummary.html --output-dir /root/Tender-Aggregator/site_data/AI/StructuredROTData/Punjab --site-key Punjab
16:37:18 [INFO] (ROTWorker-Punjab Run-322120) [2025_WR_139115_2 Popup] Processing final popup page: https://eproc.punjab.gov.in/nicgep/app?component=%24DirectLink_0&page=WebTenderStatus&service=direct&session=T
16:37:18 [INFO] (ROTWorker-Punjab Run-322120) [2025_WR_139115_2 Popup] ✅ CLEANED & SAVED HTML: ROT_2025_WR_139115_2_20250618_163718_StageSummary.html to /root/Tender-Aggregator/site_data/ROT/DetailHtmls/Punjab
16:37:18 [INFO] (ROTWorker-Punjab Run-322120) [2025_WR_139115_2 Popup] Attempting to extract structured JSON: /usr/bin/python3 /root/Tender-Aggregator/utils/extract_structured_rot.py /root/Tender-Aggregator/site_data/ROT/DetailHtmls/Punjab/ROT_2025_WR_139115_2_20250618_163718_StageSummary.html --output-dir /root/Tender-Aggregator/site_data/AI/StructuredROTData/Punjab --site-key Punjab
16:37:18 [INFO] (ROTWorker-Punjab Run-322120) [2025_WR_139118_2 Popup] Successfully extracted structured JSON for ROT_2025_WR_139118_2_20250618_163718_StageSummary.html.
16:37:18 [INFO] (ROTWorker-Punjab Run-322120) [ListPage4_2025_WR_139118_2] Successfully processed detail and popup. File: ROT_2025_WR_139118_2_20250618_163718_StageSummary.html
16:37:18 [INFO] (ROTWorker-Punjab Run-322120) [2025_WR_139115_2 Popup] Successfully extracted structured JSON for ROT_2025_WR_139115_2_20250618_163718_StageSummary.html.
16:37:18 [INFO] (ROTWorker-Punjab Run-322120) [ListPage4_2025_WR_139115_2] Successfully processed detail and popup. File: ROT_2025_WR_139115_2_20250618_163718_StageSummary.html
16:37:18 [INFO] (ROTWorker-Punjab Run-322120) [ListPage4_2025_WR_139111_2] Navigated to detail page: https://eproc.punjab.gov.in/nicgep/app?component=view&page=WebTenderStatusLists&service=direct&session=T&sp=S%2F3EC1gxL5CPrVhRDk1fROw%3D%3D
16:37:18 [INFO] (ROTWorker-Punjab Run-322120) [ListPage4_2025_WR_139111_2] Final summary link found. Clicking...
16:37:18 [INFO] (ROTWorker-Punjab Run-322120) [ListPage4_2025_WR_139109_2] Navigated to detail page: https://eproc.punjab.gov.in/nicgep/app?component=view&page=WebTenderStatusLists&service=direct&session=T&sp=SIcJiwy8AlwYr0AskK0KNJw%3D%3D
16:37:18 [INFO] (ROTWorker-Punjab Run-322120) [ListPage4_2025_WR_139109_2] Final summary link found. Clicking...
16:37:18 [INFO] (ROTWorker-Punjab Run-322120) [2025_WR_139111_2 Popup] Processing final popup page: https://eproc.punjab.gov.in/nicgep/app?component=%24DirectLink_0&page=WebTenderStatus&service=direct&session=T
16:37:18 [INFO] (ROTWorker-Punjab Run-322120) [2025_WR_139111_2 Popup] ✅ CLEANED & SAVED HTML: ROT_2025_WR_139111_2_20250618_163718_StageSummary.html to /root/Tender-Aggregator/site_data/ROT/DetailHtmls/Punjab
16:37:18 [INFO] (ROTWorker-Punjab Run-322120) [2025_WR_139111_2 Popup] Attempting to extract structured JSON: /usr/bin/python3 /root/Tender-Aggregator/utils/extract_structured_rot.py /root/Tender-Aggregator/site_data/ROT/DetailHtmls/Punjab/ROT_2025_WR_139111_2_20250618_163718_StageSummary.html --output-dir /root/Tender-Aggregator/site_data/AI/StructuredROTData/Punjab --site-key Punjab
16:37:18 [INFO] (ROTWorker-Punjab Run-322120) [2025_WR_139109_2 Popup] Processing final popup page: https://eproc.punjab.gov.in/nicgep/app?component=%24DirectLink_0&page=WebTenderStatus&service=direct&session=T
16:37:18 [INFO] (ROTWorker-Punjab Run-322120) [2025_WR_139111_2 Popup] Successfully extracted structured JSON for ROT_2025_WR_139111_2_20250618_163718_StageSummary.html.
16:37:18 [INFO] (ROTWorker-Punjab Run-322120) [ListPage4_2025_WR_139111_2] Successfully processed detail and popup. File: ROT_2025_WR_139111_2_20250618_163718_StageSummary.html
16:37:18 [INFO] (ROTWorker-Punjab Run-322120) [2025_WR_139109_2 Popup] ✅ CLEANED & SAVED HTML: ROT_2025_WR_139109_2_20250618_163718_StageSummary.html to /root/Tender-Aggregator/site_data/ROT/DetailHtmls/Punjab
16:37:18 [INFO] (ROTWorker-Punjab Run-322120) [2025_WR_139109_2 Popup] Attempting to extract structured JSON: /usr/bin/python3 /root/Tender-Aggregator/utils/extract_structured_rot.py /root/Tender-Aggregator/site_data/ROT/DetailHtmls/Punjab/ROT_2025_WR_139109_2_20250618_163718_StageSummary.html --output-dir /root/Tender-Aggregator/site_data/AI/StructuredROTData/Punjab --site-key Punjab
16:37:18 [INFO] (ROTWorker-Punjab Run-322120) [2025_WR_139109_2 Popup] Successfully extracted structured JSON for ROT_2025_WR_139109_2_20250618_163718_StageSummary.html.
16:37:18 [INFO] (ROTWorker-Punjab Run-322120) [ListPage4_2025_WR_139109_2] Successfully processed detail and popup. File: ROT_2025_WR_139109_2_20250618_163718_StageSummary.html
16:37:18 [INFO] (ROTWorker-Punjab Run-322120) [ListPage4_2025_WR_139094_1] Navigated to detail page: https://eproc.punjab.gov.in/nicgep/app?component=view&page=WebTenderStatusLists&service=direct&session=T&sp=SOghrfaLNxXPvFXveY4sb0A%3D%3D
16:37:18 [INFO] (ROTWorker-Punjab Run-322120) [ListPage4_2025_WR_139094_1] Final summary link found. Clicking...
16:37:18 [INFO] (ROTWorker-Punjab Run-322120) [ListPage4_2025_WR_139058_2] Navigated to detail page: https://eproc.punjab.gov.in/nicgep/app?component=view&page=WebTenderStatusLists&service=direct&session=T&sp=SCwp%2B93ehhUWwmG8um8KMew%3D%3D
16:37:18 [INFO] (ROTWorker-Punjab Run-322120) [ListPage4_2025_WR_139058_2] Final summary link found. Clicking...
16:37:18 [INFO] (ROTWorker-Punjab Run-322120) [2025_WR_139094_1 Popup] Processing final popup page: https://eproc.punjab.gov.in/nicgep/app?component=%24DirectLink_0&page=WebTenderStatus&service=direct&session=T
16:37:18 [INFO] (ROTWorker-Punjab Run-322120) [2025_WR_139094_1 Popup] ✅ CLEANED & SAVED HTML: ROT_2025_WR_139094_1_20250618_163718_StageSummary.html to /root/Tender-Aggregator/site_data/ROT/DetailHtmls/Punjab
16:37:18 [INFO] (ROTWorker-Punjab Run-322120) [2025_WR_139094_1 Popup] Attempting to extract structured JSON: /usr/bin/python3 /root/Tender-Aggregator/utils/extract_structured_rot.py /root/Tender-Aggregator/site_data/ROT/DetailHtmls/Punjab/ROT_2025_WR_139094_1_20250618_163718_StageSummary.html --output-dir /root/Tender-Aggregator/site_data/AI/StructuredROTData/Punjab --site-key Punjab
