16:46:33 [INFO] (ROTWorker-Jammu Kashmir Run-696841) Worker logging initialized. Log file: /root/TenFin/LOGS/rot_worker/Jammu Kashmir/worker_rot_worker_Jammu_Kashmir_20250602164633696841_2025-06-02.log
16:46:33 [INFO] (ROTWorker-Jammu Kashmir Run-696841) --- Starting Headless ROT Worker for Site: Jammu Kashmir, Run ID: rot_worker_Jammu_Kashmir_20250602164633696841 ---
16:46:33 [INFO] (ROTWorker-Jammu Kashmir Run-696841) Target Search URL: https://jktenders.gov.in/nicgep/app?page=WebTenderStatusLists&service=page
16:46:33 [INFO] (ROTWorker-Jammu Kashmir Run-696841) Target Base URL for links: https://jktenders.gov.in/nicgep/app/
16:46:33 [INFO] (ROTWorker-Jammu Kashmir Run-696841) Tender Status to Select: 5
16:46:33 [INFO] (ROTWorker-Jammu Kashmir Run-696841) Worker Settings: {'max_list_pages': 1, 'detail_concurrency': 2, 'pagination_wait': 7000, 'page_load_timeout': 75000, 'detail_page_timeout': 60000, 'popup_page_timeout': 60000, 'element_timeout': 20000, 'post_submit_timeout': 30000}
16:46:33 [INFO] (ROTWorker-Jammu Kashmir Run-696841) Worker status updated to: WORKER_STARTED
16:46:33 [INFO] (ROTWorker-Jammu Kashmir Run-696841) Worker status updated to: FETCHING_CAPTCHA
16:46:33 [INFO] (ROTWorker-Jammu Kashmir Run-696841) Navigating to: https://jktenders.gov.in/nicgep/app?page=WebTenderStatusLists&service=page
16:46:34 [INFO] (ROTWorker-Jammu Kashmir Run-696841) Selecting tender status '5'.
16:46:37 [INFO] (ROTWorker-Jammu Kashmir Run-696841) CAPTCHA base64 data saved to: /root/TenFin/site_data/TEMP/WorkerRuns/rot_worker_Jammu_Kashmir_20250602164633696841/captcha.b64
16:46:37 [INFO] (ROTWorker-Jammu Kashmir Run-696841) Worker status updated to: WAITING_CAPTCHA
16:46:37 [INFO] (ROTWorker-Jammu Kashmir Run-696841) Waiting for CAPTCHA solution in /root/TenFin/site_data/TEMP/WorkerRuns/rot_worker_Jammu_Kashmir_20250602164633696841/answer.txt (max 300s)...
16:46:44 [INFO] (ROTWorker-Jammu Kashmir Run-696841) CAPTCHA solution received.
16:46:44 [INFO] (ROTWorker-Jammu Kashmir Run-696841) Worker status updated to: PROCESSING_WITH_CAPTCHA
16:46:44 [INFO] (ROTWorker-Jammu Kashmir Run-696841) CAPTCHA solution ('******') received. Submitting form...
16:46:44 [INFO] (ROTWorker-Jammu Kashmir Run-696841) Waiting for initial results ('#tabList') OR error.
16:46:44 [INFO] (ROTWorker-Jammu Kashmir Run-696841) ✅ Initial results table detected after CAPTCHA. Proceeding with scrape.
16:46:44 [INFO] (ROTWorker-Jammu Kashmir Run-696841) Worker status updated to: SCRAPING_RESULTS
16:46:44 [INFO] (ROTWorker-Jammu Kashmir Run-696841) --- Processing List Page: 1 ---
16:46:44 [INFO] (ROTWorker-Jammu Kashmir Run-696841) Worker status updated to: PROCESSING_LIST_PAGE_1
16:46:44 [INFO] (ROTWorker-Jammu Kashmir Run-696841) [ListPage1] Extracting table data...
16:46:44 [INFO] (ROTWorker-Jammu Kashmir Run-696841) [ListPage1] Extracted 10 items.
16:46:44 [INFO] (ROTWorker-Jammu Kashmir Run-696841) Gathering 10 detail processing tasks for list page 1...
16:46:44 [INFO] (ROTWorker-Jammu Kashmir Run-696841) [ListPage1_2025_UDJK_277523_1] Starting detail processing for URL: https://jktenders.gov.in/nicgep/app?component=view&page=WebTenderStatusLists&service=direct&session=T&sp=S%2FLwA2bucV9eOxEUNTsxZ0Q%3D%3D
16:46:44 [INFO] (ROTWorker-Jammu Kashmir Run-696841) [ListPage1_2025_UDJK_275570_1] Starting detail processing for URL: https://jktenders.gov.in/nicgep/app?component=view&page=WebTenderStatusLists&service=direct&session=T&sp=SwoK5TvLgGquvYW0nFN%2BnmA%3D%3D
16:46:44 [INFO] (ROTWorker-Jammu Kashmir Run-696841) [ListPage1_2025_UDJK_274892_1] Starting detail processing for URL: https://jktenders.gov.in/nicgep/app?component=view&page=WebTenderStatusLists&service=direct&session=T&sp=SuUU8jJ1uQAVNhJGW%2FyTV0w%3D%3D
16:46:44 [INFO] (ROTWorker-Jammu Kashmir Run-696841) [ListPage1_2025_UDJK_274883_1] Starting detail processing for URL: https://jktenders.gov.in/nicgep/app?component=view&page=WebTenderStatusLists&service=direct&session=T&sp=SMwRB9Kv7Nxe9ARKMzC7xkw%3D%3D
16:46:44 [INFO] (ROTWorker-Jammu Kashmir Run-696841) [ListPage1_2025_UDJK_274873_1] Starting detail processing for URL: https://jktenders.gov.in/nicgep/app?component=view&page=WebTenderStatusLists&service=direct&session=T&sp=SrvOePhhhbqQ6YGAho8FlgA%3D%3D
16:46:44 [INFO] (ROTWorker-Jammu Kashmir Run-696841) [ListPage1_2025_UDJK_274871_1] Starting detail processing for URL: https://jktenders.gov.in/nicgep/app?component=view&page=WebTenderStatusLists&service=direct&session=T&sp=S22QSwHIVNUuIRqYCyUPMFQ%3D%3D
16:46:44 [INFO] (ROTWorker-Jammu Kashmir Run-696841) [ListPage1_2025_UDJK_274870_1] Starting detail processing for URL: https://jktenders.gov.in/nicgep/app?component=view&page=WebTenderStatusLists&service=direct&session=T&sp=SuDlRNq3zbH6ptdm3uPG6Aw%3D%3D
16:46:44 [INFO] (ROTWorker-Jammu Kashmir Run-696841) [ListPage1_2025_UDJK_274581_1] Starting detail processing for URL: https://jktenders.gov.in/nicgep/app?component=view&page=WebTenderStatusLists&service=direct&session=T&sp=SI1VL10XNBkZfEKF6YqV%2BaA%3D%3D
16:46:44 [INFO] (ROTWorker-Jammu Kashmir Run-696841) [ListPage1_2025_UDJK_274567_2] Starting detail processing for URL: https://jktenders.gov.in/nicgep/app?component=view&page=WebTenderStatusLists&service=direct&session=T&sp=SWVTh0OaJzg%2Fr9IcwKssQyw%3D%3D
16:46:44 [INFO] (ROTWorker-Jammu Kashmir Run-696841) [ListPage1_2025_UDJK_274567_1] Starting detail processing for URL: https://jktenders.gov.in/nicgep/app?component=view&page=WebTenderStatusLists&service=direct&session=T&sp=Sal%2Fjg3IPjloFXyk9T8A3bw%3D%3D
16:46:45 [INFO] (ROTWorker-Jammu Kashmir Run-696841) [ListPage1_2025_UDJK_277523_1] Navigated to detail page: https://jktenders.gov.in/nicgep/app?component=view&page=WebTenderStatusLists&service=direct&session=T&sp=S%2FLwA2bucV9eOxEUNTsxZ0Q%3D%3D
16:46:45 [INFO] (ROTWorker-Jammu Kashmir Run-696841) [ListPage1_2025_UDJK_275570_1] Navigated to detail page: https://jktenders.gov.in/nicgep/app?component=view&page=WebTenderStatusLists&service=direct&session=T&sp=SwoK5TvLgGquvYW0nFN%2BnmA%3D%3D
16:46:45 [INFO] (ROTWorker-Jammu Kashmir Run-696841) [ListPage1_2025_UDJK_277523_1] Final summary link found. Clicking...
16:46:45 [INFO] (ROTWorker-Jammu Kashmir Run-696841) [ListPage1_2025_UDJK_275570_1] Final summary link found. Clicking...
16:46:45 [INFO] (ROTWorker-Jammu Kashmir Run-696841) [2025_UDJK_277523_1 Popup] Processing final popup page: https://jktenders.gov.in/nicgep/app?component=%24DirectLink_0&page=WebTenderStatus&service=direct&session=T
16:46:45 [INFO] (ROTWorker-Jammu Kashmir Run-696841) Applied HTML protection removal.
16:46:45 [INFO] (ROTWorker-Jammu Kashmir Run-696841) [2025_UDJK_277523_1 Popup] ✅ SAVED HTML: ROT_2025_UDJK_277523_1_20250602_164645_StageSummary.html to /root/TenFin/site_data/ROT/DetailHtmls/Jammu Kashmir
16:46:45 [INFO] (ROTWorker-Jammu Kashmir Run-696841) [ListPage1_2025_UDJK_277523_1] Successfully processed detail and popup. File: ROT_2025_UDJK_277523_1_20250602_164645_StageSummary.html
16:46:45 [INFO] (ROTWorker-Jammu Kashmir Run-696841) [2025_UDJK_275570_1 Popup] Processing final popup page: https://jktenders.gov.in/nicgep/app?component=%24DirectLink_0&page=WebTenderStatus&service=direct&session=T
16:46:45 [INFO] (ROTWorker-Jammu Kashmir Run-696841) Applied HTML protection removal.
16:46:45 [INFO] (ROTWorker-Jammu Kashmir Run-696841) [2025_UDJK_275570_1 Popup] ✅ SAVED HTML: ROT_2025_UDJK_275570_1_20250602_164645_StageSummary.html to /root/TenFin/site_data/ROT/DetailHtmls/Jammu Kashmir
16:46:45 [INFO] (ROTWorker-Jammu Kashmir Run-696841) [ListPage1_2025_UDJK_275570_1] Successfully processed detail and popup. File: ROT_2025_UDJK_275570_1_20250602_164645_StageSummary.html
16:46:45 [INFO] (ROTWorker-Jammu Kashmir Run-696841) [ListPage1_2025_UDJK_274892_1] Navigated to detail page: https://jktenders.gov.in/nicgep/app?component=view&page=WebTenderStatusLists&service=direct&session=T&sp=SuUU8jJ1uQAVNhJGW%2FyTV0w%3D%3D
16:46:45 [INFO] (ROTWorker-Jammu Kashmir Run-696841) [ListPage1_2025_UDJK_274883_1] Navigated to detail page: https://jktenders.gov.in/nicgep/app?component=view&page=WebTenderStatusLists&service=direct&session=T&sp=SMwRB9Kv7Nxe9ARKMzC7xkw%3D%3D
16:46:45 [INFO] (ROTWorker-Jammu Kashmir Run-696841) [ListPage1_2025_UDJK_274892_1] Final summary link found. Clicking...
16:46:45 [INFO] (ROTWorker-Jammu Kashmir Run-696841) [ListPage1_2025_UDJK_274883_1] Final summary link found. Clicking...
16:46:45 [INFO] (ROTWorker-Jammu Kashmir Run-696841) [2025_UDJK_274892_1 Popup] Processing final popup page: https://jktenders.gov.in/nicgep/app?component=%24DirectLink_0&page=WebTenderStatus&service=direct&session=T
16:46:45 [INFO] (ROTWorker-Jammu Kashmir Run-696841) Applied HTML protection removal.
16:46:45 [INFO] (ROTWorker-Jammu Kashmir Run-696841) [2025_UDJK_274892_1 Popup] ✅ SAVED HTML: ROT_2025_UDJK_274892_1_20250602_164645_StageSummary.html to /root/TenFin/site_data/ROT/DetailHtmls/Jammu Kashmir
16:46:45 [INFO] (ROTWorker-Jammu Kashmir Run-696841) [ListPage1_2025_UDJK_274892_1] Successfully processed detail and popup. File: ROT_2025_UDJK_274892_1_20250602_164645_StageSummary.html
16:46:45 [INFO] (ROTWorker-Jammu Kashmir Run-696841) [2025_UDJK_274883_1 Popup] Processing final popup page: https://jktenders.gov.in/nicgep/app?component=%24DirectLink_0&page=WebTenderStatus&service=direct&session=T
16:46:45 [INFO] (ROTWorker-Jammu Kashmir Run-696841) Applied HTML protection removal.
16:46:45 [INFO] (ROTWorker-Jammu Kashmir Run-696841) [2025_UDJK_274883_1 Popup] ✅ SAVED HTML: ROT_2025_UDJK_274883_1_20250602_164645_StageSummary.html to /root/TenFin/site_data/ROT/DetailHtmls/Jammu Kashmir
16:46:45 [INFO] (ROTWorker-Jammu Kashmir Run-696841) [ListPage1_2025_UDJK_274883_1] Successfully processed detail and popup. File: ROT_2025_UDJK_274883_1_20250602_164645_StageSummary.html
16:46:45 [INFO] (ROTWorker-Jammu Kashmir Run-696841) [ListPage1_2025_UDJK_274873_1] Navigated to detail page: https://jktenders.gov.in/nicgep/app?component=view&page=WebTenderStatusLists&service=direct&session=T&sp=SrvOePhhhbqQ6YGAho8FlgA%3D%3D
16:46:45 [INFO] (ROTWorker-Jammu Kashmir Run-696841) [ListPage1_2025_UDJK_274873_1] Final summary link found. Clicking...
16:46:45 [INFO] (ROTWorker-Jammu Kashmir Run-696841) [ListPage1_2025_UDJK_274871_1] Navigated to detail page: https://jktenders.gov.in/nicgep/app?component=view&page=WebTenderStatusLists&service=direct&session=T&sp=S22QSwHIVNUuIRqYCyUPMFQ%3D%3D
16:46:45 [INFO] (ROTWorker-Jammu Kashmir Run-696841) [ListPage1_2025_UDJK_274871_1] Final summary link found. Clicking...
16:46:45 [INFO] (ROTWorker-Jammu Kashmir Run-696841) [2025_UDJK_274873_1 Popup] Processing final popup page: https://jktenders.gov.in/nicgep/app?component=%24DirectLink_0&page=WebTenderStatus&service=direct&session=T
16:46:45 [INFO] (ROTWorker-Jammu Kashmir Run-696841) Applied HTML protection removal.
16:46:45 [INFO] (ROTWorker-Jammu Kashmir Run-696841) [2025_UDJK_274873_1 Popup] ✅ SAVED HTML: ROT_2025_UDJK_274873_1_20250602_164645_StageSummary.html to /root/TenFin/site_data/ROT/DetailHtmls/Jammu Kashmir
16:46:45 [INFO] (ROTWorker-Jammu Kashmir Run-696841) [ListPage1_2025_UDJK_274873_1] Successfully processed detail and popup. File: ROT_2025_UDJK_274873_1_20250602_164645_StageSummary.html
16:46:45 [INFO] (ROTWorker-Jammu Kashmir Run-696841) [2025_UDJK_274871_1 Popup] Processing final popup page: https://jktenders.gov.in/nicgep/app?component=%24DirectLink_0&page=WebTenderStatus&service=direct&session=T
16:46:45 [INFO] (ROTWorker-Jammu Kashmir Run-696841) Applied HTML protection removal.
16:46:45 [INFO] (ROTWorker-Jammu Kashmir Run-696841) [2025_UDJK_274871_1 Popup] ✅ SAVED HTML: ROT_2025_UDJK_274871_1_20250602_164645_StageSummary.html to /root/TenFin/site_data/ROT/DetailHtmls/Jammu Kashmir
16:46:45 [INFO] (ROTWorker-Jammu Kashmir Run-696841) [ListPage1_2025_UDJK_274871_1] Successfully processed detail and popup. File: ROT_2025_UDJK_274871_1_20250602_164645_StageSummary.html
16:46:46 [INFO] (ROTWorker-Jammu Kashmir Run-696841) [ListPage1_2025_UDJK_274870_1] Navigated to detail page: https://jktenders.gov.in/nicgep/app?component=view&page=WebTenderStatusLists&service=direct&session=T&sp=SuDlRNq3zbH6ptdm3uPG6Aw%3D%3D
16:46:46 [INFO] (ROTWorker-Jammu Kashmir Run-696841) [ListPage1_2025_UDJK_274870_1] Final summary link found. Clicking...
16:46:46 [INFO] (ROTWorker-Jammu Kashmir Run-696841) [ListPage1_2025_UDJK_274581_1] Navigated to detail page: https://jktenders.gov.in/nicgep/app?component=view&page=WebTenderStatusLists&service=direct&session=T&sp=SI1VL10XNBkZfEKF6YqV%2BaA%3D%3D
16:46:46 [INFO] (ROTWorker-Jammu Kashmir Run-696841) [ListPage1_2025_UDJK_274581_1] Final summary link found. Clicking...
16:46:46 [INFO] (ROTWorker-Jammu Kashmir Run-696841) [2025_UDJK_274870_1 Popup] Processing final popup page: https://jktenders.gov.in/nicgep/app?component=%24DirectLink_0&page=WebTenderStatus&service=direct&session=T
16:46:46 [INFO] (ROTWorker-Jammu Kashmir Run-696841) Applied HTML protection removal.
16:46:46 [INFO] (ROTWorker-Jammu Kashmir Run-696841) [2025_UDJK_274870_1 Popup] ✅ SAVED HTML: ROT_2025_UDJK_274870_1_20250602_164646_StageSummary.html to /root/TenFin/site_data/ROT/DetailHtmls/Jammu Kashmir
16:46:46 [INFO] (ROTWorker-Jammu Kashmir Run-696841) [ListPage1_2025_UDJK_274870_1] Successfully processed detail and popup. File: ROT_2025_UDJK_274870_1_20250602_164646_StageSummary.html
16:46:46 [INFO] (ROTWorker-Jammu Kashmir Run-696841) [2025_UDJK_274581_1 Popup] Processing final popup page: https://jktenders.gov.in/nicgep/app?component=%24DirectLink_0&page=WebTenderStatus&service=direct&session=T
16:46:46 [INFO] (ROTWorker-Jammu Kashmir Run-696841) Applied HTML protection removal.
16:46:46 [INFO] (ROTWorker-Jammu Kashmir Run-696841) [2025_UDJK_274581_1 Popup] ✅ SAVED HTML: ROT_2025_UDJK_274581_1_20250602_164646_StageSummary.html to /root/TenFin/site_data/ROT/DetailHtmls/Jammu Kashmir
16:46:46 [INFO] (ROTWorker-Jammu Kashmir Run-696841) [ListPage1_2025_UDJK_274581_1] Successfully processed detail and popup. File: ROT_2025_UDJK_274581_1_20250602_164646_StageSummary.html
16:46:46 [INFO] (ROTWorker-Jammu Kashmir Run-696841) [ListPage1_2025_UDJK_274567_2] Navigated to detail page: https://jktenders.gov.in/nicgep/app?component=view&page=WebTenderStatusLists&service=direct&session=T&sp=SWVTh0OaJzg%2Fr9IcwKssQyw%3D%3D
16:46:46 [INFO] (ROTWorker-Jammu Kashmir Run-696841) [ListPage1_2025_UDJK_274567_2] Final summary link found. Clicking...
16:46:46 [INFO] (ROTWorker-Jammu Kashmir Run-696841) [ListPage1_2025_UDJK_274567_1] Navigated to detail page: https://jktenders.gov.in/nicgep/app?component=view&page=WebTenderStatusLists&service=direct&session=T&sp=Sal%2Fjg3IPjloFXyk9T8A3bw%3D%3D
16:46:46 [INFO] (ROTWorker-Jammu Kashmir Run-696841) [ListPage1_2025_UDJK_274567_1] Final summary link found. Clicking...
16:46:46 [INFO] (ROTWorker-Jammu Kashmir Run-696841) [2025_UDJK_274567_2 Popup] Processing final popup page: https://jktenders.gov.in/nicgep/app?component=%24DirectLink_0&page=WebTenderStatus&service=direct&session=T
16:46:46 [INFO] (ROTWorker-Jammu Kashmir Run-696841) Applied HTML protection removal.
16:46:46 [INFO] (ROTWorker-Jammu Kashmir Run-696841) [2025_UDJK_274567_2 Popup] ✅ SAVED HTML: ROT_2025_UDJK_274567_2_20250602_164646_StageSummary.html to /root/TenFin/site_data/ROT/DetailHtmls/Jammu Kashmir
16:46:46 [INFO] (ROTWorker-Jammu Kashmir Run-696841) [ListPage1_2025_UDJK_274567_2] Successfully processed detail and popup. File: ROT_2025_UDJK_274567_2_20250602_164646_StageSummary.html
16:46:46 [INFO] (ROTWorker-Jammu Kashmir Run-696841) [2025_UDJK_274567_1 Popup] Processing final popup page: https://jktenders.gov.in/nicgep/app?component=%24DirectLink_0&page=WebTenderStatus&service=direct&session=T
16:46:46 [INFO] (ROTWorker-Jammu Kashmir Run-696841) Applied HTML protection removal.
16:46:46 [INFO] (ROTWorker-Jammu Kashmir Run-696841) [2025_UDJK_274567_1 Popup] ✅ SAVED HTML: ROT_2025_UDJK_274567_1_20250602_164646_StageSummary.html to /root/TenFin/site_data/ROT/DetailHtmls/Jammu Kashmir
16:46:46 [INFO] (ROTWorker-Jammu Kashmir Run-696841) [ListPage1_2025_UDJK_274567_1] Successfully processed detail and popup. File: ROT_2025_UDJK_274567_1_20250602_164646_StageSummary.html
16:46:46 [INFO] (ROTWorker-Jammu Kashmir Run-696841) All detail tasks for list page 1 finished.
16:46:46 [INFO] (ROTWorker-Jammu Kashmir Run-696841) Reached max list pages (1). Stopping.
16:46:46 [INFO] (ROTWorker-Jammu Kashmir Run-696841) Worker status updated to: FINISHED_MAX_PAGES_REACHED
16:46:46 [INFO] (ROTWorker-Jammu Kashmir Run-696841) ROT scrape processing finished for site Jammu Kashmir. Successfully processed details for 10 tenders.
16:46:46 [INFO] (ROTWorker-Jammu Kashmir Run-696841) Final merged ROT data for site Jammu Kashmir is in: /root/TenFin/site_data/ROT/MergedSiteSpecific/Merged_ROT_Jammu_Kashmir_2025-06-02.txt
16:46:46 [INFO] (ROTWorker-Jammu Kashmir Run-696841) Playwright resources for ROT worker (Site: Jammu Kashmir, Run: rot_worker_Jammu_Kashmir_20250602164633696841) closed.
16:46:46 [INFO] (ROTWorker-Jammu Kashmir Run-696841) Worker for Jammu Kashmir (Run: rot_worker_Jammu_Kashmir_20250602164633696841) terminated with status: FINISHED_MAX_PAGES_REACHED
