11:29:20 [INFO] (ROTWorker-Jammu Kashmir Run-987827) Worker logging initialized. Log file: /root/TenFin/LOGS/rot_worker/Jammu Kashmir/worker_rot_worker_Jammu_Kashmir_20250605112919987827_2025-06-05.log
11:29:20 [INFO] (ROTWorker-Jammu Kashmir Run-987827) --- Starting Headless ROT Worker for Site: Jammu Kashmir, Run ID: rot_worker_Jammu_Kashmir_20250605112919987827 ---
11:29:20 [INFO] (ROTWorker-Jammu Kashmir Run-987827) Target Search URL: https://jktenders.gov.in/nicgep/app?page=WebTenderStatusLists&service=page
11:29:20 [INFO] (ROTWorker-Jammu Kashmir Run-987827) Target Base URL for links: https://jktenders.gov.in/nicgep/app/
11:29:20 [INFO] (ROTWorker-Jammu Kashmir Run-987827) Tender Status to Select: 5
11:29:20 [INFO] (ROTWorker-Jammu Kashmir Run-987827) Worker Settings: {'max_list_pages': 1, 'detail_concurrency': 2, 'pagination_wait': 7000, 'page_load_timeout': 75000, 'detail_page_timeout': 60000, 'popup_page_timeout': 60000, 'element_timeout': 20000, 'post_submit_timeout': 30000}
11:29:20 [INFO] (ROTWorker-Jammu Kashmir Run-987827) Worker status updated to: WORKER_STARTED
11:29:20 [INFO] (ROTWorker-Jammu Kashmir Run-987827) Worker status updated to: FETCHING_CAPTCHA
11:29:20 [INFO] (ROTWorker-Jammu Kashmir Run-987827) Navigating to: https://jktenders.gov.in/nicgep/app?page=WebTenderStatusLists&service=page
11:29:20 [INFO] (ROTWorker-Jammu Kashmir Run-987827) Selecting tender status '5'.
11:29:23 [INFO] (ROTWorker-Jammu Kashmir Run-987827) CAPTCHA base64 data saved to: /root/TenFin/site_data/TEMP/WorkerRuns/rot_worker_Jammu_Kashmir_20250605112919987827/captcha.b64
11:29:23 [INFO] (ROTWorker-Jammu Kashmir Run-987827) Worker status updated to: WAITING_CAPTCHA
11:29:23 [INFO] (ROTWorker-Jammu Kashmir Run-987827) Waiting for CAPTCHA solution in /root/TenFin/site_data/TEMP/WorkerRuns/rot_worker_Jammu_Kashmir_20250605112919987827/answer.txt (max 300s)...
11:29:32 [INFO] (ROTWorker-Jammu Kashmir Run-987827) CAPTCHA solution received.
11:29:32 [INFO] (ROTWorker-Jammu Kashmir Run-987827) Worker status updated to: PROCESSING_WITH_CAPTCHA
11:29:32 [INFO] (ROTWorker-Jammu Kashmir Run-987827) CAPTCHA solution received (Site: Jammu Kashmir, Run: rot_worker_Jammu_Kashmir_20250605112919987827). Submitting form...
11:29:32 [INFO] (ROTWorker-Jammu Kashmir Run-987827) Waiting for initial results ('#tabList') OR error (Site: Jammu Kashmir, Run: rot_worker_Jammu_Kashmir_20250605112919987827).
11:29:33 [INFO] (ROTWorker-Jammu Kashmir Run-987827) ✅ Initial results table detected after CAPTCHA (Site: Jammu Kashmir, Run: rot_worker_Jammu_Kashmir_20250605112919987827). Proceeding with scrape.
11:29:33 [INFO] (ROTWorker-Jammu Kashmir Run-987827) Worker status updated to: SCRAPING_RESULTS
11:29:33 [INFO] (ROTWorker-Jammu Kashmir Run-987827) --- Processing List Page: 1 (Site: Jammu Kashmir, Run: rot_worker_Jammu_Kashmir_20250605112919987827) ---
11:29:33 [INFO] (ROTWorker-Jammu Kashmir Run-987827) Worker status updated to: PROCESSING_LIST_PAGE_1
11:29:33 [INFO] (ROTWorker-Jammu Kashmir Run-987827) [ListPage1] Extracting table data...
11:29:33 [INFO] (ROTWorker-Jammu Kashmir Run-987827) [ListPage1] Extracted 10 items.
11:29:33 [INFO] (ROTWorker-Jammu Kashmir Run-987827) Gathering 10 detail tasks for list page 1 (Site: Jammu Kashmir, Run: rot_worker_Jammu_Kashmir_20250605112919987827)...
11:29:33 [INFO] (ROTWorker-Jammu Kashmir Run-987827) [ListPage1_2025_UDJK_277523_1] Starting detail processing for URL: https://jktenders.gov.in/nicgep/app?component=view&page=WebTenderStatusLists&service=direct&session=T&sp=S%2FLwA2bucV9eOxEUNTsxZ0Q%3D%3D
11:29:33 [INFO] (ROTWorker-Jammu Kashmir Run-987827) [ListPage1_2025_UDJK_275570_1] Starting detail processing for URL: https://jktenders.gov.in/nicgep/app?component=view&page=WebTenderStatusLists&service=direct&session=T&sp=SwoK5TvLgGquvYW0nFN%2BnmA%3D%3D
11:29:33 [INFO] (ROTWorker-Jammu Kashmir Run-987827) [ListPage1_2025_UDJK_274892_1] Starting detail processing for URL: https://jktenders.gov.in/nicgep/app?component=view&page=WebTenderStatusLists&service=direct&session=T&sp=SuUU8jJ1uQAVNhJGW%2FyTV0w%3D%3D
11:29:33 [INFO] (ROTWorker-Jammu Kashmir Run-987827) [ListPage1_2025_UDJK_274883_1] Starting detail processing for URL: https://jktenders.gov.in/nicgep/app?component=view&page=WebTenderStatusLists&service=direct&session=T&sp=SMwRB9Kv7Nxe9ARKMzC7xkw%3D%3D
11:29:33 [INFO] (ROTWorker-Jammu Kashmir Run-987827) [ListPage1_2025_UDJK_274873_1] Starting detail processing for URL: https://jktenders.gov.in/nicgep/app?component=view&page=WebTenderStatusLists&service=direct&session=T&sp=SrvOePhhhbqQ6YGAho8FlgA%3D%3D
11:29:33 [INFO] (ROTWorker-Jammu Kashmir Run-987827) [ListPage1_2025_UDJK_274871_1] Starting detail processing for URL: https://jktenders.gov.in/nicgep/app?component=view&page=WebTenderStatusLists&service=direct&session=T&sp=S22QSwHIVNUuIRqYCyUPMFQ%3D%3D
11:29:33 [INFO] (ROTWorker-Jammu Kashmir Run-987827) [ListPage1_2025_UDJK_274870_1] Starting detail processing for URL: https://jktenders.gov.in/nicgep/app?component=view&page=WebTenderStatusLists&service=direct&session=T&sp=SuDlRNq3zbH6ptdm3uPG6Aw%3D%3D
11:29:33 [INFO] (ROTWorker-Jammu Kashmir Run-987827) [ListPage1_2025_UDJK_274581_1] Starting detail processing for URL: https://jktenders.gov.in/nicgep/app?component=view&page=WebTenderStatusLists&service=direct&session=T&sp=SI1VL10XNBkZfEKF6YqV%2BaA%3D%3D
11:29:33 [INFO] (ROTWorker-Jammu Kashmir Run-987827) [ListPage1_2025_UDJK_274567_2] Starting detail processing for URL: https://jktenders.gov.in/nicgep/app?component=view&page=WebTenderStatusLists&service=direct&session=T&sp=SWVTh0OaJzg%2Fr9IcwKssQyw%3D%3D
11:29:33 [INFO] (ROTWorker-Jammu Kashmir Run-987827) [ListPage1_2025_UDJK_274567_1] Starting detail processing for URL: https://jktenders.gov.in/nicgep/app?component=view&page=WebTenderStatusLists&service=direct&session=T&sp=Sal%2Fjg3IPjloFXyk9T8A3bw%3D%3D
11:29:33 [INFO] (ROTWorker-Jammu Kashmir Run-987827) [ListPage1_2025_UDJK_275570_1] Navigated to detail page: https://jktenders.gov.in/nicgep/app?component=view&page=WebTenderStatusLists&service=direct&session=T&sp=SwoK5TvLgGquvYW0nFN%2BnmA%3D%3D
11:29:33 [INFO] (ROTWorker-Jammu Kashmir Run-987827) [ListPage1_2025_UDJK_275570_1] Final summary link found. Clicking...
11:29:33 [INFO] (ROTWorker-Jammu Kashmir Run-987827) [ListPage1_2025_UDJK_277523_1] Navigated to detail page: https://jktenders.gov.in/nicgep/app?component=view&page=WebTenderStatusLists&service=direct&session=T&sp=S%2FLwA2bucV9eOxEUNTsxZ0Q%3D%3D
11:29:33 [INFO] (ROTWorker-Jammu Kashmir Run-987827) [ListPage1_2025_UDJK_277523_1] Final summary link found. Clicking...
11:29:33 [INFO] (ROTWorker-Jammu Kashmir Run-987827) [2025_UDJK_275570_1 Popup] Processing final popup page: https://jktenders.gov.in/nicgep/app?component=%24DirectLink_0&page=WebTenderStatus&service=direct&session=T
11:29:33 [INFO] (ROTWorker-Jammu Kashmir Run-987827) [2025_UDJK_275570_1 Popup] ✅ CLEANED & SAVED HTML: ROT_2025_UDJK_275570_1_20250605_112933_StageSummary.html to /root/TenFin/site_data/ROT/DetailHtmls/JammuKashmir
11:29:33 [INFO] (ROTWorker-Jammu Kashmir Run-987827) [ListPage1_2025_UDJK_275570_1] Successfully processed detail and popup. File: ROT_2025_UDJK_275570_1_20250605_112933_StageSummary.html
11:29:33 [INFO] (ROTWorker-Jammu Kashmir Run-987827) [2025_UDJK_277523_1 Popup] Processing final popup page: https://jktenders.gov.in/nicgep/app?component=%24DirectLink_0&page=WebTenderStatus&service=direct&session=T
11:29:33 [INFO] (ROTWorker-Jammu Kashmir Run-987827) [2025_UDJK_277523_1 Popup] ✅ CLEANED & SAVED HTML: ROT_2025_UDJK_277523_1_20250605_112933_StageSummary.html to /root/TenFin/site_data/ROT/DetailHtmls/JammuKashmir
11:29:33 [INFO] (ROTWorker-Jammu Kashmir Run-987827) [ListPage1_2025_UDJK_277523_1] Successfully processed detail and popup. File: ROT_2025_UDJK_277523_1_20250605_112933_StageSummary.html
11:29:33 [INFO] (ROTWorker-Jammu Kashmir Run-987827) [ListPage1_2025_UDJK_274892_1] Navigated to detail page: https://jktenders.gov.in/nicgep/app?component=view&page=WebTenderStatusLists&service=direct&session=T&sp=SuUU8jJ1uQAVNhJGW%2FyTV0w%3D%3D
11:29:33 [INFO] (ROTWorker-Jammu Kashmir Run-987827) [ListPage1_2025_UDJK_274892_1] Final summary link found. Clicking...
11:29:33 [INFO] (ROTWorker-Jammu Kashmir Run-987827) [ListPage1_2025_UDJK_274883_1] Navigated to detail page: https://jktenders.gov.in/nicgep/app?component=view&page=WebTenderStatusLists&service=direct&session=T&sp=SMwRB9Kv7Nxe9ARKMzC7xkw%3D%3D
11:29:33 [INFO] (ROTWorker-Jammu Kashmir Run-987827) [ListPage1_2025_UDJK_274883_1] Final summary link found. Clicking...
11:29:33 [INFO] (ROTWorker-Jammu Kashmir Run-987827) [2025_UDJK_274892_1 Popup] Processing final popup page: https://jktenders.gov.in/nicgep/app?component=%24DirectLink_0&page=WebTenderStatus&service=direct&session=T
11:29:33 [INFO] (ROTWorker-Jammu Kashmir Run-987827) [2025_UDJK_274892_1 Popup] ✅ CLEANED & SAVED HTML: ROT_2025_UDJK_274892_1_20250605_112933_StageSummary.html to /root/TenFin/site_data/ROT/DetailHtmls/JammuKashmir
11:29:33 [INFO] (ROTWorker-Jammu Kashmir Run-987827) [ListPage1_2025_UDJK_274892_1] Successfully processed detail and popup. File: ROT_2025_UDJK_274892_1_20250605_112933_StageSummary.html
11:29:33 [INFO] (ROTWorker-Jammu Kashmir Run-987827) [2025_UDJK_274883_1 Popup] Processing final popup page: https://jktenders.gov.in/nicgep/app?component=%24DirectLink_0&page=WebTenderStatus&service=direct&session=T
11:29:33 [INFO] (ROTWorker-Jammu Kashmir Run-987827) [2025_UDJK_274883_1 Popup] ✅ CLEANED & SAVED HTML: ROT_2025_UDJK_274883_1_20250605_112933_StageSummary.html to /root/TenFin/site_data/ROT/DetailHtmls/JammuKashmir
11:29:33 [INFO] (ROTWorker-Jammu Kashmir Run-987827) [ListPage1_2025_UDJK_274883_1] Successfully processed detail and popup. File: ROT_2025_UDJK_274883_1_20250605_112933_StageSummary.html
11:29:33 [INFO] (ROTWorker-Jammu Kashmir Run-987827) [ListPage1_2025_UDJK_274873_1] Navigated to detail page: https://jktenders.gov.in/nicgep/app?component=view&page=WebTenderStatusLists&service=direct&session=T&sp=SrvOePhhhbqQ6YGAho8FlgA%3D%3D
11:29:33 [INFO] (ROTWorker-Jammu Kashmir Run-987827) [ListPage1_2025_UDJK_274873_1] Final summary link found. Clicking...
11:29:33 [INFO] (ROTWorker-Jammu Kashmir Run-987827) [ListPage1_2025_UDJK_274871_1] Navigated to detail page: https://jktenders.gov.in/nicgep/app?component=view&page=WebTenderStatusLists&service=direct&session=T&sp=S22QSwHIVNUuIRqYCyUPMFQ%3D%3D
11:29:33 [INFO] (ROTWorker-Jammu Kashmir Run-987827) [ListPage1_2025_UDJK_274871_1] Final summary link found. Clicking...
11:29:33 [INFO] (ROTWorker-Jammu Kashmir Run-987827) [2025_UDJK_274873_1 Popup] Processing final popup page: https://jktenders.gov.in/nicgep/app?component=%24DirectLink_0&page=WebTenderStatus&service=direct&session=T
11:29:33 [INFO] (ROTWorker-Jammu Kashmir Run-987827) [2025_UDJK_274873_1 Popup] ✅ CLEANED & SAVED HTML: ROT_2025_UDJK_274873_1_20250605_112933_StageSummary.html to /root/TenFin/site_data/ROT/DetailHtmls/JammuKashmir
11:29:33 [INFO] (ROTWorker-Jammu Kashmir Run-987827) [ListPage1_2025_UDJK_274873_1] Successfully processed detail and popup. File: ROT_2025_UDJK_274873_1_20250605_112933_StageSummary.html
11:29:34 [INFO] (ROTWorker-Jammu Kashmir Run-987827) [2025_UDJK_274871_1 Popup] Processing final popup page: https://jktenders.gov.in/nicgep/app?component=%24DirectLink_0&page=WebTenderStatus&service=direct&session=T
11:29:34 [INFO] (ROTWorker-Jammu Kashmir Run-987827) [2025_UDJK_274871_1 Popup] ✅ CLEANED & SAVED HTML: ROT_2025_UDJK_274871_1_20250605_112934_StageSummary.html to /root/TenFin/site_data/ROT/DetailHtmls/JammuKashmir
11:29:34 [INFO] (ROTWorker-Jammu Kashmir Run-987827) [ListPage1_2025_UDJK_274871_1] Successfully processed detail and popup. File: ROT_2025_UDJK_274871_1_20250605_112934_StageSummary.html
11:29:34 [INFO] (ROTWorker-Jammu Kashmir Run-987827) [ListPage1_2025_UDJK_274870_1] Navigated to detail page: https://jktenders.gov.in/nicgep/app?component=view&page=WebTenderStatusLists&service=direct&session=T&sp=SuDlRNq3zbH6ptdm3uPG6Aw%3D%3D
11:29:34 [INFO] (ROTWorker-Jammu Kashmir Run-987827) [ListPage1_2025_UDJK_274870_1] Final summary link found. Clicking...
11:29:34 [INFO] (ROTWorker-Jammu Kashmir Run-987827) [ListPage1_2025_UDJK_274581_1] Navigated to detail page: https://jktenders.gov.in/nicgep/app?component=view&page=WebTenderStatusLists&service=direct&session=T&sp=SI1VL10XNBkZfEKF6YqV%2BaA%3D%3D
11:29:34 [INFO] (ROTWorker-Jammu Kashmir Run-987827) [ListPage1_2025_UDJK_274581_1] Final summary link found. Clicking...
11:29:34 [INFO] (ROTWorker-Jammu Kashmir Run-987827) [2025_UDJK_274870_1 Popup] Processing final popup page: https://jktenders.gov.in/nicgep/app?component=%24DirectLink_0&page=WebTenderStatus&service=direct&session=T
11:29:34 [INFO] (ROTWorker-Jammu Kashmir Run-987827) [2025_UDJK_274870_1 Popup] ✅ CLEANED & SAVED HTML: ROT_2025_UDJK_274870_1_20250605_112934_StageSummary.html to /root/TenFin/site_data/ROT/DetailHtmls/JammuKashmir
11:29:34 [INFO] (ROTWorker-Jammu Kashmir Run-987827) [ListPage1_2025_UDJK_274870_1] Successfully processed detail and popup. File: ROT_2025_UDJK_274870_1_20250605_112934_StageSummary.html
11:29:34 [INFO] (ROTWorker-Jammu Kashmir Run-987827) [2025_UDJK_274581_1 Popup] Processing final popup page: https://jktenders.gov.in/nicgep/app?component=%24DirectLink_0&page=WebTenderStatus&service=direct&session=T
11:29:34 [INFO] (ROTWorker-Jammu Kashmir Run-987827) [2025_UDJK_274581_1 Popup] ✅ CLEANED & SAVED HTML: ROT_2025_UDJK_274581_1_20250605_112934_StageSummary.html to /root/TenFin/site_data/ROT/DetailHtmls/JammuKashmir
11:29:34 [INFO] (ROTWorker-Jammu Kashmir Run-987827) [ListPage1_2025_UDJK_274581_1] Successfully processed detail and popup. File: ROT_2025_UDJK_274581_1_20250605_112934_StageSummary.html
11:29:34 [INFO] (ROTWorker-Jammu Kashmir Run-987827) [ListPage1_2025_UDJK_274567_2] Navigated to detail page: https://jktenders.gov.in/nicgep/app?component=view&page=WebTenderStatusLists&service=direct&session=T&sp=SWVTh0OaJzg%2Fr9IcwKssQyw%3D%3D
11:29:34 [INFO] (ROTWorker-Jammu Kashmir Run-987827) [ListPage1_2025_UDJK_274567_2] Final summary link found. Clicking...
11:29:34 [INFO] (ROTWorker-Jammu Kashmir Run-987827) [ListPage1_2025_UDJK_274567_1] Navigated to detail page: https://jktenders.gov.in/nicgep/app?component=view&page=WebTenderStatusLists&service=direct&session=T&sp=Sal%2Fjg3IPjloFXyk9T8A3bw%3D%3D
11:29:34 [INFO] (ROTWorker-Jammu Kashmir Run-987827) [ListPage1_2025_UDJK_274567_1] Final summary link found. Clicking...
11:29:34 [INFO] (ROTWorker-Jammu Kashmir Run-987827) [2025_UDJK_274567_2 Popup] Processing final popup page: https://jktenders.gov.in/nicgep/app?component=%24DirectLink_0&page=WebTenderStatus&service=direct&session=T
11:29:34 [INFO] (ROTWorker-Jammu Kashmir Run-987827) [2025_UDJK_274567_2 Popup] ✅ CLEANED & SAVED HTML: ROT_2025_UDJK_274567_2_20250605_112934_StageSummary.html to /root/TenFin/site_data/ROT/DetailHtmls/JammuKashmir
11:29:34 [INFO] (ROTWorker-Jammu Kashmir Run-987827) [ListPage1_2025_UDJK_274567_2] Successfully processed detail and popup. File: ROT_2025_UDJK_274567_2_20250605_112934_StageSummary.html
11:29:34 [INFO] (ROTWorker-Jammu Kashmir Run-987827) [2025_UDJK_274567_1 Popup] Processing final popup page: https://jktenders.gov.in/nicgep/app?component=%24DirectLink_0&page=WebTenderStatus&service=direct&session=T
11:29:34 [INFO] (ROTWorker-Jammu Kashmir Run-987827) [2025_UDJK_274567_1 Popup] ✅ CLEANED & SAVED HTML: ROT_2025_UDJK_274567_1_20250605_112934_StageSummary.html to /root/TenFin/site_data/ROT/DetailHtmls/JammuKashmir
11:29:34 [INFO] (ROTWorker-Jammu Kashmir Run-987827) [ListPage1_2025_UDJK_274567_1] Successfully processed detail and popup. File: ROT_2025_UDJK_274567_1_20250605_112934_StageSummary.html
11:29:34 [INFO] (ROTWorker-Jammu Kashmir Run-987827) All detail tasks for list page 1 finished (Site: Jammu Kashmir, Run: rot_worker_Jammu_Kashmir_20250605112919987827).
11:29:34 [INFO] (ROTWorker-Jammu Kashmir Run-987827) Reached max list pages (1) (Site: Jammu Kashmir, Run: rot_worker_Jammu_Kashmir_20250605112919987827). Stopping.
11:29:34 [INFO] (ROTWorker-Jammu Kashmir Run-987827) Worker status updated to: FINISHED_MAX_PAGES_REACHED
11:29:34 [INFO] (ROTWorker-Jammu Kashmir Run-987827) ROT scrape processing finished for site Jammu Kashmir, Run ID rot_worker_Jammu_Kashmir_20250605112919987827. Successfully processed HTML summaries for 10 tenders.
11:29:34 [INFO] (ROTWorker-Jammu Kashmir Run-987827) Final site-specific merged ROT data for Jammu Kashmir is in: /root/TenFin/site_data/ROT/MergedSiteSpecific/Merged_ROT_Jammu_Kashmir_2025-06-05.txt
11:29:34 [INFO] (ROTWorker-Jammu Kashmir Run-987827) Playwright resources for ROT worker (Site: Jammu Kashmir, Run: rot_worker_Jammu_Kashmir_20250605112919987827) closed.
11:29:34 [INFO] (ROTWorker-Jammu Kashmir Run-987827) Worker for Jammu Kashmir (Run: rot_worker_Jammu_Kashmir_20250605112919987827) terminated with status: FINISHED_MAX_PAGES_REACHED
11:29:34 [INFO] (ROTWorker-Jammu Kashmir Run-987827) Attempting to trigger ROT consolidation at dashboard: http://localhost:8081/trigger-rot-consolidation-from-worker (Site: Jammu Kashmir, Run: rot_worker_Jammu_Kashmir_20250605112919987827)
11:29:34 [INFO] (ROTWorker-Jammu Kashmir Run-987827) Successfully triggered ROT consolidation via dashboard: {"message":"ROT data consolidation triggered by worker completed. 10 blocks merged to Final_ROT_Tender_List_2025-06-05_112934.txt.","file":"/root/TenFin/site_data/ROT/FinalGlobalMerged/Final_ROT_Tender_List_2025-06-05_112934.txt"} (Site: Jammu Kashmir, Run: rot_worker_Jammu_Kashmir_20250605112919987827)
