16:37:59 [INFO] (ROTWorker-Jharkhand Run-113793) Worker logging initialized. Log file: /root/TenFin/LOGS/rot_worker/Jharkhand/worker_rot_worker_Jharkhand_20250604163759113793_2025-06-04.log
16:37:59 [INFO] (ROTWorker-Jharkhand Run-113793) --- Starting Headless ROT Worker for Site: Jharkhand, Run ID: rot_worker_Jharkhand_20250604163759113793 ---
16:37:59 [INFO] (ROTWorker-Jharkhand Run-113793) Target Search URL: https://jharkhandtenders.gov.in/nicgep/app?page=WebTenderStatusLists&service=page
16:37:59 [INFO] (ROTWorker-Jharkhand Run-113793) Target Base URL for links: https://jharkhandtenders.gov.in/nicgep/app/
16:37:59 [INFO] (ROTWorker-Jharkhand Run-113793) Tender Status to Select: 5
16:37:59 [INFO] (ROTWorker-Jharkhand Run-113793) Worker Settings: {'max_list_pages': 1, 'detail_concurrency': 2, 'pagination_wait': 7000, 'page_load_timeout': 75000, 'detail_page_timeout': 60000, 'popup_page_timeout': 60000, 'element_timeout': 20000, 'post_submit_timeout': 30000}
16:37:59 [INFO] (ROTWorker-Jharkhand Run-113793) Worker status updated to: WORKER_STARTED
16:37:59 [INFO] (ROTWorker-Jharkhand Run-113793) Worker status updated to: FETCHING_CAPTCHA
16:37:59 [INFO] (ROTWorker-Jharkhand Run-113793) Navigating to: https://jharkhandtenders.gov.in/nicgep/app?page=WebTenderStatusLists&service=page
16:37:59 [INFO] (ROTWorker-Jharkhand Run-113793) Selecting tender status '5'.
16:38:02 [INFO] (ROTWorker-Jharkhand Run-113793) CAPTCHA base64 data saved to: /root/TenFin/site_data/TEMP/WorkerRuns/rot_worker_Jharkhand_20250604163759113793/captcha.b64
16:38:02 [INFO] (ROTWorker-Jharkhand Run-113793) Worker status updated to: WAITING_CAPTCHA
16:38:02 [INFO] (ROTWorker-Jharkhand Run-113793) Waiting for CAPTCHA solution in /root/TenFin/site_data/TEMP/WorkerRuns/rot_worker_Jharkhand_20250604163759113793/answer.txt (max 300s)...
16:38:11 [INFO] (ROTWorker-Jharkhand Run-113793) CAPTCHA solution received.
16:38:11 [INFO] (ROTWorker-Jharkhand Run-113793) Worker status updated to: PROCESSING_WITH_CAPTCHA
16:38:11 [INFO] (ROTWorker-Jharkhand Run-113793) CAPTCHA solution received (Site: Jharkhand, Run: rot_worker_Jharkhand_20250604163759113793). Submitting form...
16:38:11 [INFO] (ROTWorker-Jharkhand Run-113793) Waiting for initial results ('#tabList') OR error (Site: Jharkhand, Run: rot_worker_Jharkhand_20250604163759113793).
16:38:12 [INFO] (ROTWorker-Jharkhand Run-113793) ✅ Initial results table detected after CAPTCHA (Site: Jharkhand, Run: rot_worker_Jharkhand_20250604163759113793). Proceeding with scrape.
16:38:12 [INFO] (ROTWorker-Jharkhand Run-113793) Worker status updated to: SCRAPING_RESULTS
16:38:12 [INFO] (ROTWorker-Jharkhand Run-113793) --- Processing List Page: 1 (Site: Jharkhand, Run: rot_worker_Jharkhand_20250604163759113793) ---
16:38:12 [INFO] (ROTWorker-Jharkhand Run-113793) Worker status updated to: PROCESSING_LIST_PAGE_1
16:38:12 [INFO] (ROTWorker-Jharkhand Run-113793) [ListPage1] Extracting table data...
16:38:12 [INFO] (ROTWorker-Jharkhand Run-113793) [ListPage1] Extracted 10 items.
16:38:12 [INFO] (ROTWorker-Jharkhand Run-113793) Gathering 10 detail tasks for list page 1 (Site: Jharkhand, Run: rot_worker_Jharkhand_20250604163759113793)...
16:38:12 [INFO] (ROTWorker-Jharkhand Run-113793) [ListPage1_2025_ZPST_98012_1] Starting detail processing for URL: https://jharkhandtenders.gov.in/nicgep/app?component=view&page=WebTenderStatusLists&service=direct&session=T&sp=SLw97CKSpR62Yl0Afiq8owQ%3D%3D
16:38:12 [INFO] (ROTWorker-Jharkhand Run-113793) [ListPage1_2025_ZPST_98009_1] Starting detail processing for URL: https://jharkhandtenders.gov.in/nicgep/app?component=view&page=WebTenderStatusLists&service=direct&session=T&sp=SMfpWl%2FMDzRPRvthBPs60mA%3D%3D
16:38:12 [INFO] (ROTWorker-Jharkhand Run-113793) [ListPage1_2025_ZPLOH_99945_1] Starting detail processing for URL: https://jharkhandtenders.gov.in/nicgep/app?component=view&page=WebTenderStatusLists&service=direct&session=T&sp=Sq6xGWtu67a11JRLoTBMbQQ%3D%3D
16:38:12 [INFO] (ROTWorker-Jharkhand Run-113793) [ListPage1_2025_ZPLOH_97270_1] Starting detail processing for URL: https://jharkhandtenders.gov.in/nicgep/app?component=view&page=WebTenderStatusLists&service=direct&session=T&sp=SRwb7FB5NkQp78vzdlx6%2BRA%3D%3D
16:38:12 [INFO] (ROTWorker-Jharkhand Run-113793) [ListPage1_2025_ZPLOH_100352_1] Starting detail processing for URL: https://jharkhandtenders.gov.in/nicgep/app?component=view&page=WebTenderStatusLists&service=direct&session=T&sp=S1BdLWX41yjxD%2B0HasqeOvw%3D%3D
16:38:12 [INFO] (ROTWorker-Jharkhand Run-113793) [ListPage1_2025_ZPLOH_100351_1] Starting detail processing for URL: https://jharkhandtenders.gov.in/nicgep/app?component=view&page=WebTenderStatusLists&service=direct&session=T&sp=SxlwMKmY%2Bpt8oP0GOQO8a1g%3D%3D
16:38:12 [INFO] (ROTWorker-Jharkhand Run-113793) [ListPage1_2025_ZPLOH_100350_1] Starting detail processing for URL: https://jharkhandtenders.gov.in/nicgep/app?component=view&page=WebTenderStatusLists&service=direct&session=T&sp=SmstvXFawF8EwARj0x0oHxg%3D%3D
16:38:12 [INFO] (ROTWorker-Jharkhand Run-113793) [ListPage1_2025_ZPDH_99676_5] Starting detail processing for URL: https://jharkhandtenders.gov.in/nicgep/app?component=view&page=WebTenderStatusLists&service=direct&session=T&sp=SzkLLO2ULD5qhNIdTh0TTwA%3D%3D
16:38:12 [INFO] (ROTWorker-Jharkhand Run-113793) [ListPage1_2025_ZPDH_99676_4] Starting detail processing for URL: https://jharkhandtenders.gov.in/nicgep/app?component=view&page=WebTenderStatusLists&service=direct&session=T&sp=SLaLjPnZzOEK77bky6fY5Hg%3D%3D
16:38:12 [INFO] (ROTWorker-Jharkhand Run-113793) [ListPage1_2025_ZPDH_99676_3] Starting detail processing for URL: https://jharkhandtenders.gov.in/nicgep/app?component=view&page=WebTenderStatusLists&service=direct&session=T&sp=Skt00%2FPiaOI2rRFooXVd1vg%3D%3D
16:38:12 [INFO] (ROTWorker-Jharkhand Run-113793) [ListPage1_2025_ZPST_98012_1] Navigated to detail page: https://jharkhandtenders.gov.in/nicgep/app?component=view&page=WebTenderStatusLists&service=direct&session=T&sp=SLw97CKSpR62Yl0Afiq8owQ%3D%3D
16:38:12 [INFO] (ROTWorker-Jharkhand Run-113793) [ListPage1_2025_ZPST_98009_1] Navigated to detail page: https://jharkhandtenders.gov.in/nicgep/app?component=view&page=WebTenderStatusLists&service=direct&session=T&sp=SMfpWl%2FMDzRPRvthBPs60mA%3D%3D
16:38:12 [INFO] (ROTWorker-Jharkhand Run-113793) [ListPage1_2025_ZPST_98009_1] Final summary link found. Clicking...
16:38:12 [INFO] (ROTWorker-Jharkhand Run-113793) [ListPage1_2025_ZPST_98012_1] Final summary link found. Clicking...
16:38:12 [INFO] (ROTWorker-Jharkhand Run-113793) [2025_ZPST_98009_1 Popup] Processing final popup page: https://jharkhandtenders.gov.in/nicgep/app?component=%24DirectLink_0&page=WebTenderStatus&service=direct&session=T
16:38:12 [ERROR] (ROTWorker-Jharkhand Run-113793) [2025_ZPST_98009_1 Popup] Error during HTML cleanup or saving for popup: 'NoneType' object does not support item deletion
Traceback (most recent call last):
  File "/root/TenFin/headless_rot_worker.py", line 326, in _handle_final_popup_content
    del soup.body['onload'] # Remove onload if present
        ~~~~~~~~~^^^^^^^^^^
TypeError: 'NoneType' object does not support item deletion
16:38:12 [INFO] (ROTWorker-Jharkhand Run-113793) [2025_ZPST_98012_1 Popup] Processing final popup page: https://jharkhandtenders.gov.in/nicgep/app?component=%24DirectLink_0&page=WebTenderStatus&service=direct&session=T
16:38:12 [ERROR] (ROTWorker-Jharkhand Run-113793) [2025_ZPST_98012_1 Popup] Error during HTML cleanup or saving for popup: 'NoneType' object does not support item deletion
Traceback (most recent call last):
  File "/root/TenFin/headless_rot_worker.py", line 326, in _handle_final_popup_content
    del soup.body['onload'] # Remove onload if present
        ~~~~~~~~~^^^^^^^^^^
TypeError: 'NoneType' object does not support item deletion
16:38:12 [INFO] (ROTWorker-Jharkhand Run-113793) Debug screenshot saved to /root/TenFin/site_data/TEMP/DebugScreenshots/worker/Jharkhand/rot_worker_Jharkhand_20250604163759113793/popup_handling/DEBUG_POPUP_ERROR_2025_ZPST_98009_1_headless_rot_worker.png
16:38:12 [WARNING] (ROTWorker-Jharkhand Run-113793) [ListPage1_2025_ZPST_98009_1] Failed to process content from popup. Status: download_error_TypeError
16:38:12 [INFO] (ROTWorker-Jharkhand Run-113793) Debug screenshot saved to /root/TenFin/site_data/TEMP/DebugScreenshots/worker/Jharkhand/rot_worker_Jharkhand_20250604163759113793/popup_handling/DEBUG_POPUP_ERROR_2025_ZPST_98012_1_headless_rot_worker.png
16:38:12 [WARNING] (ROTWorker-Jharkhand Run-113793) [ListPage1_2025_ZPST_98012_1] Failed to process content from popup. Status: download_error_TypeError
16:38:12 [INFO] (ROTWorker-Jharkhand Run-113793) [ListPage1_2025_ZPLOH_99945_1] Navigated to detail page: https://jharkhandtenders.gov.in/nicgep/app?component=view&page=WebTenderStatusLists&service=direct&session=T&sp=Sq6xGWtu67a11JRLoTBMbQQ%3D%3D
16:38:12 [INFO] (ROTWorker-Jharkhand Run-113793) [ListPage1_2025_ZPLOH_97270_1] Navigated to detail page: https://jharkhandtenders.gov.in/nicgep/app?component=view&page=WebTenderStatusLists&service=direct&session=T&sp=SRwb7FB5NkQp78vzdlx6%2BRA%3D%3D
16:38:12 [INFO] (ROTWorker-Jharkhand Run-113793) [ListPage1_2025_ZPLOH_99945_1] Final summary link found. Clicking...
16:38:12 [INFO] (ROTWorker-Jharkhand Run-113793) [ListPage1_2025_ZPLOH_97270_1] Final summary link found. Clicking...
16:38:12 [INFO] (ROTWorker-Jharkhand Run-113793) [2025_ZPLOH_99945_1 Popup] Processing final popup page: https://jharkhandtenders.gov.in/nicgep/app?component=%24DirectLink_0&page=WebTenderStatus&service=direct&session=T
16:38:12 [ERROR] (ROTWorker-Jharkhand Run-113793) [2025_ZPLOH_99945_1 Popup] Error during HTML cleanup or saving for popup: 'NoneType' object does not support item deletion
Traceback (most recent call last):
  File "/root/TenFin/headless_rot_worker.py", line 326, in _handle_final_popup_content
    del soup.body['onload'] # Remove onload if present
        ~~~~~~~~~^^^^^^^^^^
TypeError: 'NoneType' object does not support item deletion
16:38:12 [INFO] (ROTWorker-Jharkhand Run-113793) [2025_ZPLOH_97270_1 Popup] Processing final popup page: https://jharkhandtenders.gov.in/nicgep/app?component=%24DirectLink_0&page=WebTenderStatus&service=direct&session=T
16:38:12 [INFO] (ROTWorker-Jharkhand Run-113793) Debug screenshot saved to /root/TenFin/site_data/TEMP/DebugScreenshots/worker/Jharkhand/rot_worker_Jharkhand_20250604163759113793/popup_handling/DEBUG_POPUP_ERROR_2025_ZPLOH_99945_1_headless_rot_worker.png
16:38:12 [WARNING] (ROTWorker-Jharkhand Run-113793) [ListPage1_2025_ZPLOH_99945_1] Failed to process content from popup. Status: download_error_TypeError
16:38:12 [ERROR] (ROTWorker-Jharkhand Run-113793) [2025_ZPLOH_97270_1 Popup] Error during HTML cleanup or saving for popup: 'NoneType' object does not support item deletion
Traceback (most recent call last):
  File "/root/TenFin/headless_rot_worker.py", line 326, in _handle_final_popup_content
    del soup.body['onload'] # Remove onload if present
        ~~~~~~~~~^^^^^^^^^^
TypeError: 'NoneType' object does not support item deletion
16:38:12 [INFO] (ROTWorker-Jharkhand Run-113793) Debug screenshot saved to /root/TenFin/site_data/TEMP/DebugScreenshots/worker/Jharkhand/rot_worker_Jharkhand_20250604163759113793/popup_handling/DEBUG_POPUP_ERROR_2025_ZPLOH_97270_1_headless_rot_worker.png
16:38:12 [WARNING] (ROTWorker-Jharkhand Run-113793) [ListPage1_2025_ZPLOH_97270_1] Failed to process content from popup. Status: download_error_TypeError
16:38:12 [INFO] (ROTWorker-Jharkhand Run-113793) [ListPage1_2025_ZPLOH_100352_1] Navigated to detail page: https://jharkhandtenders.gov.in/nicgep/app?component=view&page=WebTenderStatusLists&service=direct&session=T&sp=S1BdLWX41yjxD%2B0HasqeOvw%3D%3D
16:38:12 [INFO] (ROTWorker-Jharkhand Run-113793) [ListPage1_2025_ZPLOH_100351_1] Navigated to detail page: https://jharkhandtenders.gov.in/nicgep/app?component=view&page=WebTenderStatusLists&service=direct&session=T&sp=SxlwMKmY%2Bpt8oP0GOQO8a1g%3D%3D
16:38:12 [INFO] (ROTWorker-Jharkhand Run-113793) [ListPage1_2025_ZPLOH_100352_1] Final summary link found. Clicking...
16:38:12 [INFO] (ROTWorker-Jharkhand Run-113793) [ListPage1_2025_ZPLOH_100351_1] Final summary link found. Clicking...
16:38:12 [INFO] (ROTWorker-Jharkhand Run-113793) [2025_ZPLOH_100352_1 Popup] Processing final popup page: https://jharkhandtenders.gov.in/nicgep/app?component=%24DirectLink_0&page=WebTenderStatus&service=direct&session=T
16:38:12 [ERROR] (ROTWorker-Jharkhand Run-113793) [2025_ZPLOH_100352_1 Popup] Error during HTML cleanup or saving for popup: 'NoneType' object does not support item deletion
Traceback (most recent call last):
  File "/root/TenFin/headless_rot_worker.py", line 326, in _handle_final_popup_content
    del soup.body['onload'] # Remove onload if present
        ~~~~~~~~~^^^^^^^^^^
TypeError: 'NoneType' object does not support item deletion
16:38:12 [INFO] (ROTWorker-Jharkhand Run-113793) [2025_ZPLOH_100351_1 Popup] Processing final popup page: https://jharkhandtenders.gov.in/nicgep/app?component=%24DirectLink_0&page=WebTenderStatus&service=direct&session=T
16:38:12 [ERROR] (ROTWorker-Jharkhand Run-113793) [2025_ZPLOH_100351_1 Popup] Error during HTML cleanup or saving for popup: 'NoneType' object does not support item deletion
Traceback (most recent call last):
  File "/root/TenFin/headless_rot_worker.py", line 326, in _handle_final_popup_content
    del soup.body['onload'] # Remove onload if present
        ~~~~~~~~~^^^^^^^^^^
TypeError: 'NoneType' object does not support item deletion
16:38:12 [INFO] (ROTWorker-Jharkhand Run-113793) Debug screenshot saved to /root/TenFin/site_data/TEMP/DebugScreenshots/worker/Jharkhand/rot_worker_Jharkhand_20250604163759113793/popup_handling/DEBUG_POPUP_ERROR_2025_ZPLOH_100352_1_headless_rot_worker.png
16:38:12 [WARNING] (ROTWorker-Jharkhand Run-113793) [ListPage1_2025_ZPLOH_100352_1] Failed to process content from popup. Status: download_error_TypeError
16:38:12 [INFO] (ROTWorker-Jharkhand Run-113793) Debug screenshot saved to /root/TenFin/site_data/TEMP/DebugScreenshots/worker/Jharkhand/rot_worker_Jharkhand_20250604163759113793/popup_handling/DEBUG_POPUP_ERROR_2025_ZPLOH_100351_1_headless_rot_worker.png
16:38:12 [WARNING] (ROTWorker-Jharkhand Run-113793) [ListPage1_2025_ZPLOH_100351_1] Failed to process content from popup. Status: download_error_TypeError
16:38:13 [INFO] (ROTWorker-Jharkhand Run-113793) [ListPage1_2025_ZPLOH_100350_1] Navigated to detail page: https://jharkhandtenders.gov.in/nicgep/app?component=view&page=WebTenderStatusLists&service=direct&session=T&sp=SmstvXFawF8EwARj0x0oHxg%3D%3D
16:38:13 [INFO] (ROTWorker-Jharkhand Run-113793) [ListPage1_2025_ZPLOH_100350_1] Final summary link found. Clicking...
16:38:13 [INFO] (ROTWorker-Jharkhand Run-113793) [ListPage1_2025_ZPDH_99676_5] Navigated to detail page: https://jharkhandtenders.gov.in/nicgep/app?component=view&page=WebTenderStatusLists&service=direct&session=T&sp=SzkLLO2ULD5qhNIdTh0TTwA%3D%3D
16:38:13 [INFO] (ROTWorker-Jharkhand Run-113793) [ListPage1_2025_ZPDH_99676_5] Final summary link found. Clicking...
16:38:13 [INFO] (ROTWorker-Jharkhand Run-113793) [2025_ZPLOH_100350_1 Popup] Processing final popup page: https://jharkhandtenders.gov.in/nicgep/app?component=%24DirectLink_0&page=WebTenderStatus&service=direct&session=T
16:38:13 [INFO] (ROTWorker-Jharkhand Run-113793) [2025_ZPDH_99676_5 Popup] Processing final popup page: https://jharkhandtenders.gov.in/nicgep/app?component=%24DirectLink_0&page=WebTenderStatus&service=direct&session=T
16:38:13 [ERROR] (ROTWorker-Jharkhand Run-113793) [2025_ZPLOH_100350_1 Popup] Error during HTML cleanup or saving for popup: 'NoneType' object does not support item deletion
Traceback (most recent call last):
  File "/root/TenFin/headless_rot_worker.py", line 326, in _handle_final_popup_content
    del soup.body['onload'] # Remove onload if present
        ~~~~~~~~~^^^^^^^^^^
TypeError: 'NoneType' object does not support item deletion
16:38:13 [ERROR] (ROTWorker-Jharkhand Run-113793) [2025_ZPDH_99676_5 Popup] Error during HTML cleanup or saving for popup: 'NoneType' object does not support item deletion
Traceback (most recent call last):
  File "/root/TenFin/headless_rot_worker.py", line 326, in _handle_final_popup_content
    del soup.body['onload'] # Remove onload if present
        ~~~~~~~~~^^^^^^^^^^
TypeError: 'NoneType' object does not support item deletion
16:38:13 [INFO] (ROTWorker-Jharkhand Run-113793) Debug screenshot saved to /root/TenFin/site_data/TEMP/DebugScreenshots/worker/Jharkhand/rot_worker_Jharkhand_20250604163759113793/popup_handling/DEBUG_POPUP_ERROR_2025_ZPLOH_100350_1_headless_rot_worker.png
16:38:13 [WARNING] (ROTWorker-Jharkhand Run-113793) [ListPage1_2025_ZPLOH_100350_1] Failed to process content from popup. Status: download_error_TypeError
16:38:13 [INFO] (ROTWorker-Jharkhand Run-113793) Debug screenshot saved to /root/TenFin/site_data/TEMP/DebugScreenshots/worker/Jharkhand/rot_worker_Jharkhand_20250604163759113793/popup_handling/DEBUG_POPUP_ERROR_2025_ZPDH_99676_5_headless_rot_worker.png
16:38:13 [WARNING] (ROTWorker-Jharkhand Run-113793) [ListPage1_2025_ZPDH_99676_5] Failed to process content from popup. Status: download_error_TypeError
16:38:13 [INFO] (ROTWorker-Jharkhand Run-113793) [ListPage1_2025_ZPDH_99676_3] Navigated to detail page: https://jharkhandtenders.gov.in/nicgep/app?component=view&page=WebTenderStatusLists&service=direct&session=T&sp=Skt00%2FPiaOI2rRFooXVd1vg%3D%3D
16:38:13 [INFO] (ROTWorker-Jharkhand Run-113793) [ListPage1_2025_ZPDH_99676_3] Final summary link found. Clicking...
16:38:13 [INFO] (ROTWorker-Jharkhand Run-113793) [ListPage1_2025_ZPDH_99676_4] Navigated to detail page: https://jharkhandtenders.gov.in/nicgep/app?component=view&page=WebTenderStatusLists&service=direct&session=T&sp=SLaLjPnZzOEK77bky6fY5Hg%3D%3D
16:38:13 [INFO] (ROTWorker-Jharkhand Run-113793) [ListPage1_2025_ZPDH_99676_4] Final summary link found. Clicking...
16:38:13 [INFO] (ROTWorker-Jharkhand Run-113793) [2025_ZPDH_99676_3 Popup] Processing final popup page: https://jharkhandtenders.gov.in/nicgep/app?component=%24DirectLink_0&page=WebTenderStatus&service=direct&session=T
16:38:13 [ERROR] (ROTWorker-Jharkhand Run-113793) [2025_ZPDH_99676_3 Popup] Error during HTML cleanup or saving for popup: 'NoneType' object does not support item deletion
Traceback (most recent call last):
  File "/root/TenFin/headless_rot_worker.py", line 326, in _handle_final_popup_content
    del soup.body['onload'] # Remove onload if present
        ~~~~~~~~~^^^^^^^^^^
TypeError: 'NoneType' object does not support item deletion
16:38:13 [INFO] (ROTWorker-Jharkhand Run-113793) [2025_ZPDH_99676_4 Popup] Processing final popup page: https://jharkhandtenders.gov.in/nicgep/app?component=%24DirectLink_0&page=WebTenderStatus&service=direct&session=T
16:38:13 [INFO] (ROTWorker-Jharkhand Run-113793) Debug screenshot saved to /root/TenFin/site_data/TEMP/DebugScreenshots/worker/Jharkhand/rot_worker_Jharkhand_20250604163759113793/popup_handling/DEBUG_POPUP_ERROR_2025_ZPDH_99676_3_headless_rot_worker.png
16:38:13 [WARNING] (ROTWorker-Jharkhand Run-113793) [ListPage1_2025_ZPDH_99676_3] Failed to process content from popup. Status: download_error_TypeError
16:38:13 [ERROR] (ROTWorker-Jharkhand Run-113793) [2025_ZPDH_99676_4 Popup] Error during HTML cleanup or saving for popup: 'NoneType' object does not support item deletion
Traceback (most recent call last):
  File "/root/TenFin/headless_rot_worker.py", line 326, in _handle_final_popup_content
    del soup.body['onload'] # Remove onload if present
        ~~~~~~~~~^^^^^^^^^^
TypeError: 'NoneType' object does not support item deletion
16:38:13 [INFO] (ROTWorker-Jharkhand Run-113793) Debug screenshot saved to /root/TenFin/site_data/TEMP/DebugScreenshots/worker/Jharkhand/rot_worker_Jharkhand_20250604163759113793/popup_handling/DEBUG_POPUP_ERROR_2025_ZPDH_99676_4_headless_rot_worker.png
16:38:13 [WARNING] (ROTWorker-Jharkhand Run-113793) [ListPage1_2025_ZPDH_99676_4] Failed to process content from popup. Status: download_error_TypeError
16:38:13 [INFO] (ROTWorker-Jharkhand Run-113793) All detail tasks for list page 1 finished (Site: Jharkhand, Run: rot_worker_Jharkhand_20250604163759113793).
16:38:13 [INFO] (ROTWorker-Jharkhand Run-113793) Reached max list pages (1) (Site: Jharkhand, Run: rot_worker_Jharkhand_20250604163759113793). Stopping.
16:38:13 [INFO] (ROTWorker-Jharkhand Run-113793) Worker status updated to: FINISHED_MAX_PAGES_REACHED
16:38:13 [INFO] (ROTWorker-Jharkhand Run-113793) ROT scrape processing finished for site Jharkhand, Run ID rot_worker_Jharkhand_20250604163759113793. Successfully processed HTML summaries for 0 tenders.
16:38:13 [INFO] (ROTWorker-Jharkhand Run-113793) Final site-specific merged ROT data for Jharkhand is in: /root/TenFin/site_data/ROT/MergedSiteSpecific/Merged_ROT_Jharkhand_2025-06-04.txt
16:38:13 [INFO] (ROTWorker-Jharkhand Run-113793) Playwright resources for ROT worker (Site: Jharkhand, Run: rot_worker_Jharkhand_20250604163759113793) closed.
16:38:13 [INFO] (ROTWorker-Jharkhand Run-113793) Worker for Jharkhand (Run: rot_worker_Jharkhand_20250604163759113793) terminated with status: FINISHED_MAX_PAGES_REACHED
16:38:13 [INFO] (ROTWorker-Jharkhand Run-113793) Attempting to trigger ROT consolidation at dashboard: http://localhost:8081/trigger-rot-consolidation-from-worker (Site: Jharkhand, Run: rot_worker_Jharkhand_20250604163759113793)
16:38:13 [INFO] (ROTWorker-Jharkhand Run-113793) Successfully triggered ROT consolidation via dashboard: {"message":"ROT data consolidation triggered by worker completed. 20 blocks merged to Final_ROT_Tender_List_2025-06-04_163813.txt.","file":"/root/TenFin/site_data/ROT/FinalGlobalMerged/Final_ROT_Tender_List_2025-06-04_163813.txt"} (Site: Jharkhand, Run: rot_worker_Jharkhand_20250604163759113793)
