13:55:29 [INFO] (ROTWorker-Jammu Kashmir Run-447641) Worker logging initialized. Log file: /root/Tender-Aggregator/LOGS/rot_worker/JammuKashmir/worker_rot_worker_JammuKashmir_20250630135529447641_2025-06-30.log
13:55:29 [INFO] (ROTWorker-Jammu Kashmir Run-447641) --- Starting Headless ROT Worker for Site: Jammu Kashmir, Run ID: rot_worker_JammuKashmir_20250630135529447641 ---
13:55:29 [INFO] (ROTWorker-Jammu Kashmir Run-447641) --- Dates: From=None, To=None ---
13:55:29 [INFO] (ROTWorker-Jammu Kashmir Run-447641) Worker status updated to: FETCHING_CAPTCHA
13:55:30 [INFO] (ROTWorker-Jammu Kashmir Run-447641) Selecting tender status '5'.
13:55:33 [INFO] (ROTWorker-Jammu Kashmir Run-447641) CAPTCHA base64 data saved to: /root/Tender-Aggregator/site_data/TEMP/WorkerRuns/rot_worker_JammuKashmir_20250630135529447641/captcha.b64
13:55:33 [INFO] (ROTWorker-Jammu Kashmir Run-447641) Worker status updated to: WAITING_CAPTCHA
13:55:33 [INFO] (ROTWorker-Jammu Kashmir Run-447641) Waiting for CAPTCHA solution in /root/Tender-Aggregator/site_data/TEMP/WorkerRuns/rot_worker_JammuKashmir_20250630135529447641/answer.txt (max 300s)...
13:55:38 [INFO] (ROTWorker-Jammu Kashmir Run-447641) CAPTCHA solution received.
13:55:38 [INFO] (ROTWorker-Jammu Kashmir Run-447641) Worker status updated to: PROCESSING_WITH_CAPTCHA
13:55:38 [INFO] (ROTWorker-Jammu Kashmir Run-447641) Worker status updated to: SCRAPING_RESULTS
13:55:38 [INFO] (ROTWorker-Jammu Kashmir Run-447641) --- Processing List Page: 1/10 ---
13:56:08 [CRITICAL] (ROTWorker-Jammu Kashmir Run-447641) Major error in ROT worker: Locator.text_content: Timeout 30000ms exceeded.
Call log:
  - waiting for locator("table#tabList tr[id^='informal']:first-child td:nth-child(2)")
Traceback (most recent call last):
  File "/root/Tender-Aggregator/headless_rot_worker.py", line 287, in run_headless_rot_scrape_orchestration
    first_row_id = await page.locator(FIRST_ROW_TENDER_ID_SELECTOR).text_content(timeout=element_timeout_ws)
                   ^^^^^^^^^^^^^^^^^^^^^^^^^^^^^^^^^^^^^^^^^^^^^^^^^^^^^^^^^^^^^^^^^^^^^^^^^^^^^^^^^^^^^^^^^
  File "/root/Tender-Aggregator/venv/lib64/python3.13/site-packages/playwright/async_api/_generated.py", line 17580, in text_content
    await self._impl_obj.text_content(timeout=timeout)
  File "/root/Tender-Aggregator/venv/lib64/python3.13/site-packages/playwright/_impl/_locator.py", line 622, in text_content
    return await self._frame.text_content(
           ^^^^^^^^^^^^^^^^^^^^^^^^^^^^^^^
    ...<3 lines>...
    )
    ^
  File "/root/Tender-Aggregator/venv/lib64/python3.13/site-packages/playwright/_impl/_frame.py", line 613, in text_content
    return await self._channel.send("textContent", locals_to_params(locals()))
           ^^^^^^^^^^^^^^^^^^^^^^^^^^^^^^^^^^^^^^^^^^^^^^^^^^^^^^^^^^^^^^^^^^^
  File "/root/Tender-Aggregator/venv/lib64/python3.13/site-packages/playwright/_impl/_connection.py", line 61, in send
    return await self._connection.wrap_api_call(
           ^^^^^^^^^^^^^^^^^^^^^^^^^^^^^^^^^^^^^
    ...<2 lines>...
    )
    ^
  File "/root/Tender-Aggregator/venv/lib64/python3.13/site-packages/playwright/_impl/_connection.py", line 528, in wrap_api_call
    raise rewrite_error(error, f"{parsed_st['apiName']}: {error}") from None
playwright._impl._errors.TimeoutError: Locator.text_content: Timeout 30000ms exceeded.
Call log:
  - waiting for locator("table#tabList tr[id^='informal']:first-child td:nth-child(2)")

13:56:08 [INFO] (ROTWorker-Jammu Kashmir Run-447641) Worker status updated to: ERROR_UNHANDLED_TimeoutError
13:56:08 [INFO] (ROTWorker-Jammu Kashmir Run-447641) Playwright resources closed.
13:56:08 [INFO] (ROTWorker-Jammu Kashmir Run-447641) Worker for Jammu Kashmir terminated with status: ERROR_UNHANDLED_TimeoutError
