11:21:17 [INFO] (ROTWorker-Goa Run-942862) Worker logging initialized. Log file: /root/Tender-Aggregator/LOGS/rot_worker/Goa/worker_rot_worker_Goa_20250626112116942862_2025-06-26.log
11:21:17 [INFO] (ROTWorker-Goa Run-942862) --- Starting Headless ROT Worker for Site: Goa, Run ID: rot_worker_Goa_20250626112116942862 ---
11:21:17 [INFO] (ROTWorker-Goa Run-942862) --- Dates: From=2025-01-01, To=2025-01-30 ---
11:21:17 [INFO] (ROTWorker-Goa Run-942862) Worker status updated to: WORKER_STARTED
11:21:17 [INFO] (ROTWorker-Goa Run-942862) Worker status updated to: FETCHING_CAPTCHA
11:21:17 [INFO] (ROTWorker-Goa Run-942862) Selecting tender status '5'.
11:21:20 [INFO] (ROTWorker-Goa Run-942862) CAPTCHA base64 data saved to: /root/Tender-Aggregator/site_data/TEMP/WorkerRuns/rot_worker_Goa_20250626112116942862/captcha.b64
11:21:20 [INFO] (ROTWorker-Goa Run-942862) Worker status updated to: WAITING_CAPTCHA
11:21:20 [INFO] (ROTWorker-Goa Run-942862) Waiting for CAPTCHA solution in /root/Tender-Aggregator/site_data/TEMP/WorkerRuns/rot_worker_Goa_20250626112116942862/answer.txt (max 300s)...
11:21:27 [INFO] (ROTWorker-Goa Run-942862) CAPTCHA solution received.
11:21:27 [INFO] (ROTWorker-Goa Run-942862) Worker status updated to: PROCESSING_WITH_CAPTCHA
11:21:27 [INFO] (ROTWorker-Goa Run-942862) Setting From Date to: 01/01/2025 using JavaScript evaluation.
11:21:27 [INFO] (ROTWorker-Goa Run-942862) Setting To Date to: 30/01/2025 using JavaScript evaluation.
11:21:28 [INFO] (ROTWorker-Goa Run-942862) Worker status updated to: SCRAPING_RESULTS
11:21:28 [INFO] (ROTWorker-Goa Run-942862) --- Processing List Page: 1/1 ---
11:21:28 [INFO] (ROTWorker-Goa Run-942862) [ListPage1] Extracting table data...
11:21:28 [INFO] (ROTWorker-Goa Run-942862) [ListPage1] Extracted 10 items.
11:21:28 [INFO] (ROTWorker-Goa Run-942862) [ListPage1_2025_VP_19256_1] Final summary link found. Clicking...
11:21:28 [INFO] (ROTWorker-Goa Run-942862) [ListPage1_2025_VP_19255_1] Final summary link found. Clicking...
11:21:28 [INFO] (ROTWorker-Goa Run-942862) [2025_VP_19256_1 Popup] ✅ CLEANED & SAVED HTML: ROT_2025_VP_19256_1_20250626_112128_StageSummary.html
11:21:28 [INFO] (ROTWorker-Goa Run-942862) [2025_VP_19256_1 Popup] Attempting to save structured data to DB: /root/Tender-Aggregator/venv/bin/python /root/Tender-Aggregator/utils/extract_structured_rot.py /root/Tender-Aggregator/site_data/ROT/DetailHtmls/Goa/ROT_2025_VP_19256_1_20250626_112128_StageSummary.html --site-key Goa
11:21:28 [INFO] (ROTWorker-Goa Run-942862) [2025_VP_19255_1 Popup] ✅ CLEANED & SAVED HTML: ROT_2025_VP_19255_1_20250626_112128_StageSummary.html
11:21:28 [INFO] (ROTWorker-Goa Run-942862) [2025_VP_19255_1 Popup] Attempting to save structured data to DB: /root/Tender-Aggregator/venv/bin/python /root/Tender-Aggregator/utils/extract_structured_rot.py /root/Tender-Aggregator/site_data/ROT/DetailHtmls/Goa/ROT_2025_VP_19255_1_20250626_112128_StageSummary.html --site-key Goa
11:21:28 [INFO] (ROTWorker-Goa Run-942862) [2025_VP_19256_1 Popup] Successfully processed structured data for ROT_2025_VP_19256_1_20250626_112128_StageSummary.html.
11:21:28 [INFO] (ROTWorker-Goa Run-942862) [2025_VP_19255_1 Popup] Successfully processed structured data for ROT_2025_VP_19255_1_20250626_112128_StageSummary.html.
11:21:28 [INFO] (ROTWorker-Goa Run-942862) [ListPage1_2025_VP_19254_1] Final summary link found. Clicking...
11:21:28 [INFO] (ROTWorker-Goa Run-942862) [ListPage1_2025_VP_19253_1] Final summary link found. Clicking...
11:21:28 [INFO] (ROTWorker-Goa Run-942862) [2025_VP_19254_1 Popup] ✅ CLEANED & SAVED HTML: ROT_2025_VP_19254_1_20250626_112128_StageSummary.html
11:21:28 [INFO] (ROTWorker-Goa Run-942862) [2025_VP_19254_1 Popup] Attempting to save structured data to DB: /root/Tender-Aggregator/venv/bin/python /root/Tender-Aggregator/utils/extract_structured_rot.py /root/Tender-Aggregator/site_data/ROT/DetailHtmls/Goa/ROT_2025_VP_19254_1_20250626_112128_StageSummary.html --site-key Goa
11:21:28 [INFO] (ROTWorker-Goa Run-942862) [2025_VP_19253_1 Popup] ✅ CLEANED & SAVED HTML: ROT_2025_VP_19253_1_20250626_112128_StageSummary.html
11:21:28 [INFO] (ROTWorker-Goa Run-942862) [2025_VP_19253_1 Popup] Attempting to save structured data to DB: /root/Tender-Aggregator/venv/bin/python /root/Tender-Aggregator/utils/extract_structured_rot.py /root/Tender-Aggregator/site_data/ROT/DetailHtmls/Goa/ROT_2025_VP_19253_1_20250626_112128_StageSummary.html --site-key Goa
11:21:28 [INFO] (ROTWorker-Goa Run-942862) [2025_VP_19254_1 Popup] Successfully processed structured data for ROT_2025_VP_19254_1_20250626_112128_StageSummary.html.
11:21:28 [INFO] (ROTWorker-Goa Run-942862) [2025_VP_19253_1 Popup] Successfully processed structured data for ROT_2025_VP_19253_1_20250626_112128_StageSummary.html.
11:21:29 [INFO] (ROTWorker-Goa Run-942862) [ListPage1_2025_VP_19252_1] Final summary link found. Clicking...
11:21:29 [INFO] (ROTWorker-Goa Run-942862) [ListPage1_2025_VP_19251_1] Final summary link found. Clicking...
11:21:29 [INFO] (ROTWorker-Goa Run-942862) [2025_VP_19251_1 Popup] ✅ CLEANED & SAVED HTML: ROT_2025_VP_19251_1_20250626_112129_StageSummary.html
11:21:29 [INFO] (ROTWorker-Goa Run-942862) [2025_VP_19251_1 Popup] Attempting to save structured data to DB: /root/Tender-Aggregator/venv/bin/python /root/Tender-Aggregator/utils/extract_structured_rot.py /root/Tender-Aggregator/site_data/ROT/DetailHtmls/Goa/ROT_2025_VP_19251_1_20250626_112129_StageSummary.html --site-key Goa
11:21:29 [INFO] (ROTWorker-Goa Run-942862) [2025_VP_19252_1 Popup] ✅ CLEANED & SAVED HTML: ROT_2025_VP_19252_1_20250626_112129_StageSummary.html
11:21:29 [INFO] (ROTWorker-Goa Run-942862) [2025_VP_19252_1 Popup] Attempting to save structured data to DB: /root/Tender-Aggregator/venv/bin/python /root/Tender-Aggregator/utils/extract_structured_rot.py /root/Tender-Aggregator/site_data/ROT/DetailHtmls/Goa/ROT_2025_VP_19252_1_20250626_112129_StageSummary.html --site-key Goa
11:21:29 [INFO] (ROTWorker-Goa Run-942862) [2025_VP_19251_1 Popup] Successfully processed structured data for ROT_2025_VP_19251_1_20250626_112129_StageSummary.html.
11:21:29 [INFO] (ROTWorker-Goa Run-942862) [2025_VP_19252_1 Popup] Successfully processed structured data for ROT_2025_VP_19252_1_20250626_112129_StageSummary.html.
11:21:29 [INFO] (ROTWorker-Goa Run-942862) [ListPage1_2025_PWD_19402_1] Final summary link found. Clicking...
11:21:29 [INFO] (ROTWorker-Goa Run-942862) [ListPage1_2025_PWD_19388_1] Final summary link found. Clicking...
11:21:29 [INFO] (ROTWorker-Goa Run-942862) [2025_PWD_19402_1 Popup] ✅ CLEANED & SAVED HTML: ROT_2025_PWD_19402_1_20250626_112129_StageSummary.html
11:21:29 [INFO] (ROTWorker-Goa Run-942862) [2025_PWD_19402_1 Popup] Attempting to save structured data to DB: /root/Tender-Aggregator/venv/bin/python /root/Tender-Aggregator/utils/extract_structured_rot.py /root/Tender-Aggregator/site_data/ROT/DetailHtmls/Goa/ROT_2025_PWD_19402_1_20250626_112129_StageSummary.html --site-key Goa
11:21:29 [INFO] (ROTWorker-Goa Run-942862) [2025_PWD_19388_1 Popup] ✅ CLEANED & SAVED HTML: ROT_2025_PWD_19388_1_20250626_112129_StageSummary.html
11:21:29 [INFO] (ROTWorker-Goa Run-942862) [2025_PWD_19388_1 Popup] Attempting to save structured data to DB: /root/Tender-Aggregator/venv/bin/python /root/Tender-Aggregator/utils/extract_structured_rot.py /root/Tender-Aggregator/site_data/ROT/DetailHtmls/Goa/ROT_2025_PWD_19388_1_20250626_112129_StageSummary.html --site-key Goa
11:21:29 [INFO] (ROTWorker-Goa Run-942862) [2025_PWD_19402_1 Popup] Successfully processed structured data for ROT_2025_PWD_19402_1_20250626_112129_StageSummary.html.
11:21:29 [INFO] (ROTWorker-Goa Run-942862) [2025_PWD_19388_1 Popup] Successfully processed structured data for ROT_2025_PWD_19388_1_20250626_112129_StageSummary.html.
11:21:29 [INFO] (ROTWorker-Goa Run-942862) [ListPage1_2025_PWD_19271_1] Final summary link found. Clicking...
11:21:29 [INFO] (ROTWorker-Goa Run-942862) [2025_PWD_19271_1 Popup] ✅ CLEANED & SAVED HTML: ROT_2025_PWD_19271_1_20250626_112129_StageSummary.html
11:21:29 [INFO] (ROTWorker-Goa Run-942862) [2025_PWD_19271_1 Popup] Attempting to save structured data to DB: /root/Tender-Aggregator/venv/bin/python /root/Tender-Aggregator/utils/extract_structured_rot.py /root/Tender-Aggregator/site_data/ROT/DetailHtmls/Goa/ROT_2025_PWD_19271_1_20250626_112129_StageSummary.html --site-key Goa
11:21:29 [INFO] (ROTWorker-Goa Run-942862) [ListPage1_2025_PWD_19220_1] Final summary link found. Clicking...
11:21:29 [INFO] (ROTWorker-Goa Run-942862) [2025_PWD_19220_1 Popup] ✅ CLEANED & SAVED HTML: ROT_2025_PWD_19220_1_20250626_112129_StageSummary.html
11:21:29 [INFO] (ROTWorker-Goa Run-942862) [2025_PWD_19220_1 Popup] Attempting to save structured data to DB: /root/Tender-Aggregator/venv/bin/python /root/Tender-Aggregator/utils/extract_structured_rot.py /root/Tender-Aggregator/site_data/ROT/DetailHtmls/Goa/ROT_2025_PWD_19220_1_20250626_112129_StageSummary.html --site-key Goa
11:21:29 [INFO] (ROTWorker-Goa Run-942862) [2025_PWD_19271_1 Popup] Successfully processed structured data for ROT_2025_PWD_19271_1_20250626_112129_StageSummary.html.
11:21:30 [INFO] (ROTWorker-Goa Run-942862) [2025_PWD_19220_1 Popup] Successfully processed structured data for ROT_2025_PWD_19220_1_20250626_112129_StageSummary.html.
11:21:37 [INFO] (ROTWorker-Goa Run-942862) Worker status updated to: FINISHED_SUCCESS
11:21:37 [INFO] (ROTWorker-Goa Run-942862) Playwright resources closed.
11:21:37 [INFO] (ROTWorker-Goa Run-942862) Worker for Goa terminated with status: FINISHED_SUCCESS
