11:20:27 [INFO] (ROTWorker-Goa Run-610392) Worker logging initialized. Log file: /root/Tender-Aggregator/LOGS/rot_worker/Goa/worker_rot_worker_Goa_20250626112027610392_2025-06-26.log
11:20:27 [INFO] (ROTWorker-Goa Run-610392) --- Starting Headless ROT Worker for Site: Goa, Run ID: rot_worker_Goa_20250626112027610392 ---
11:20:27 [INFO] (ROTWorker-Goa Run-610392) --- Dates: From=2020-09-28, To=2020-09-30 ---
11:20:27 [INFO] (ROTWorker-Goa Run-610392) Worker status updated to: WORKER_STARTED
11:20:27 [INFO] (ROTWorker-Goa Run-610392) Worker status updated to: FETCHING_CAPTCHA
11:20:28 [INFO] (ROTWorker-Goa Run-610392) Selecting tender status '5'.
11:20:31 [INFO] (ROTWorker-Goa Run-610392) CAPTCHA base64 data saved to: /root/Tender-Aggregator/site_data/TEMP/WorkerRuns/rot_worker_Goa_20250626112027610392/captcha.b64
11:20:31 [INFO] (ROTWorker-Goa Run-610392) Worker status updated to: WAITING_CAPTCHA
11:20:31 [INFO] (ROTWorker-Goa Run-610392) Waiting for CAPTCHA solution in /root/Tender-Aggregator/site_data/TEMP/WorkerRuns/rot_worker_Goa_20250626112027610392/answer.txt (max 300s)...
11:20:38 [INFO] (ROTWorker-Goa Run-610392) CAPTCHA solution received.
11:20:38 [INFO] (ROTWorker-Goa Run-610392) Worker status updated to: PROCESSING_WITH_CAPTCHA
11:20:38 [INFO] (ROTWorker-Goa Run-610392) Setting From Date to: 28/09/2020 using JavaScript evaluation.
11:20:38 [INFO] (ROTWorker-Goa Run-610392) Setting To Date to: 30/09/2020 using JavaScript evaluation.
11:20:38 [INFO] (ROTWorker-Goa Run-610392) Worker status updated to: SCRAPING_RESULTS
11:20:38 [INFO] (ROTWorker-Goa Run-610392) --- Processing List Page: 1/1 ---
11:20:38 [INFO] (ROTWorker-Goa Run-610392) [ListPage1] Extracting table data...
11:20:38 [WARNING] (ROTWorker-Goa Run-610392) [ListPage1] No data rows found.
11:20:38 [INFO] (ROTWorker-Goa Run-610392) No items on list page 1.
11:20:38 [INFO] (ROTWorker-Goa Run-610392) Worker status updated to: FINISHED_SUCCESS
11:20:38 [INFO] (ROTWorker-Goa Run-610392) Playwright resources closed.
11:20:38 [INFO] (ROTWorker-Goa Run-610392) Worker for Goa terminated with status: FINISHED_SUCCESS
