10:48:54 [INFO] (ROTWorker-Assam Run-605533) Worker logging initialized. Log file: /root/Tender-Aggregator/LOGS/rot_worker/Assam/worker_rot_worker_Assam_20250626104854605533_2025-06-26.log
10:48:54 [INFO] (ROTWorker-Assam Run-605533) --- Starting Headless ROT Worker for Site: Assam, Run ID: rot_worker_Assam_20250626104854605533 ---
10:48:54 [INFO] (ROTWorker-Assam Run-605533) Worker status updated to: WORKER_STARTED
10:48:54 [INFO] (ROTWorker-Assam Run-605533) Worker status updated to: FETCHING_CAPTCHA
10:48:55 [INFO] (ROTWorker-Assam Run-605533) Selecting tender status '5'.
10:48:58 [INFO] (ROTWorker-Assam Run-605533) CAPTCHA base64 data saved to: /root/Tender-Aggregator/site_data/TEMP/WorkerRuns/rot_worker_Assam_20250626104854605533/captcha.b64
10:48:58 [INFO] (ROTWorker-Assam Run-605533) Worker status updated to: WAITING_CAPTCHA
10:48:58 [INFO] (ROTWorker-Assam Run-605533) Waiting for CAPTCHA solution in /root/Tender-Aggregator/site_data/TEMP/WorkerRuns/rot_worker_Assam_20250626104854605533/answer.txt (max 300s)...
10:49:05 [INFO] (ROTWorker-Assam Run-605533) CAPTCHA solution received.
10:49:05 [INFO] (ROTWorker-Assam Run-605533) Worker status updated to: PROCESSING_WITH_CAPTCHA
10:49:05 [INFO] (ROTWorker-Assam Run-605533) Worker status updated to: SCRAPING_RESULTS
10:49:05 [INFO] (ROTWorker-Assam Run-605533) --- Processing List Page: 1/1 ---
10:49:05 [INFO] (ROTWorker-Assam Run-605533) [ListPage1] Extracting table data...
10:49:05 [INFO] (ROTWorker-Assam Run-605533) [ListPage1] Extracted 10 items.
10:49:06 [INFO] (ROTWorker-Assam Run-605533) [ListPage1_2025_WPTBC_43280_1] Final summary link found. Clicking...
10:49:06 [INFO] (ROTWorker-Assam Run-605533) [ListPage1_2025_WPTBC_42805_1] Final summary link found. Clicking...
10:49:06 [INFO] (ROTWorker-Assam Run-605533) [2025_WPTBC_42805_1 Popup] ✅ CLEANED & SAVED HTML: ROT_2025_WPTBC_42805_1_20250626_104906_StageSummary.html
10:49:06 [INFO] (ROTWorker-Assam Run-605533) [2025_WPTBC_42805_1 Popup] Attempting to save structured data to DB: /root/Tender-Aggregator/venv/bin/python /root/Tender-Aggregator/utils/extract_structured_rot.py /root/Tender-Aggregator/site_data/ROT/DetailHtmls/Assam/ROT_2025_WPTBC_42805_1_20250626_104906_StageSummary.html --site-key Assam
10:49:06 [INFO] (ROTWorker-Assam Run-605533) [2025_WPTBC_43280_1 Popup] ✅ CLEANED & SAVED HTML: ROT_2025_WPTBC_43280_1_20250626_104906_StageSummary.html
10:49:06 [INFO] (ROTWorker-Assam Run-605533) [2025_WPTBC_43280_1 Popup] Attempting to save structured data to DB: /root/Tender-Aggregator/venv/bin/python /root/Tender-Aggregator/utils/extract_structured_rot.py /root/Tender-Aggregator/site_data/ROT/DetailHtmls/Assam/ROT_2025_WPTBC_43280_1_20250626_104906_StageSummary.html --site-key Assam
10:49:06 [INFO] (ROTWorker-Assam Run-605533) [2025_WPTBC_42805_1 Popup] Successfully processed structured data for ROT_2025_WPTBC_42805_1_20250626_104906_StageSummary.html.
10:49:06 [INFO] (ROTWorker-Assam Run-605533) [2025_WPTBC_43280_1 Popup] Successfully processed structured data for ROT_2025_WPTBC_43280_1_20250626_104906_StageSummary.html.
10:49:06 [INFO] (ROTWorker-Assam Run-605533) [ListPage1_2025_UDD_42680_1] Final summary link found. Clicking...
10:49:06 [INFO] (ROTWorker-Assam Run-605533) [ListPage1_2025_UDD_42678_1] Final summary link found. Clicking...
10:49:06 [INFO] (ROTWorker-Assam Run-605533) [2025_UDD_42678_1 Popup] ✅ CLEANED & SAVED HTML: ROT_2025_UDD_42678_1_20250626_104906_StageSummary.html
10:49:06 [INFO] (ROTWorker-Assam Run-605533) [2025_UDD_42678_1 Popup] Attempting to save structured data to DB: /root/Tender-Aggregator/venv/bin/python /root/Tender-Aggregator/utils/extract_structured_rot.py /root/Tender-Aggregator/site_data/ROT/DetailHtmls/Assam/ROT_2025_UDD_42678_1_20250626_104906_StageSummary.html --site-key Assam
10:49:06 [INFO] (ROTWorker-Assam Run-605533) [2025_UDD_42680_1 Popup] ✅ CLEANED & SAVED HTML: ROT_2025_UDD_42680_1_20250626_104906_StageSummary.html
10:49:06 [INFO] (ROTWorker-Assam Run-605533) [2025_UDD_42680_1 Popup] Attempting to save structured data to DB: /root/Tender-Aggregator/venv/bin/python /root/Tender-Aggregator/utils/extract_structured_rot.py /root/Tender-Aggregator/site_data/ROT/DetailHtmls/Assam/ROT_2025_UDD_42680_1_20250626_104906_StageSummary.html --site-key Assam
10:49:06 [INFO] (ROTWorker-Assam Run-605533) [2025_UDD_42678_1 Popup] Successfully processed structured data for ROT_2025_UDD_42678_1_20250626_104906_StageSummary.html.
10:49:06 [INFO] (ROTWorker-Assam Run-605533) [2025_UDD_42680_1 Popup] Successfully processed structured data for ROT_2025_UDD_42680_1_20250626_104906_StageSummary.html.
10:49:06 [INFO] (ROTWorker-Assam Run-605533) [ListPage1_2025_UDD_42626_1] Final summary link found. Clicking...
10:49:07 [INFO] (ROTWorker-Assam Run-605533) [ListPage1_2025_UDD_42621_1] Final summary link found. Clicking...
10:49:07 [INFO] (ROTWorker-Assam Run-605533) [2025_UDD_42626_1 Popup] ✅ CLEANED & SAVED HTML: ROT_2025_UDD_42626_1_20250626_104907_StageSummary.html
10:49:07 [INFO] (ROTWorker-Assam Run-605533) [2025_UDD_42626_1 Popup] Attempting to save structured data to DB: /root/Tender-Aggregator/venv/bin/python /root/Tender-Aggregator/utils/extract_structured_rot.py /root/Tender-Aggregator/site_data/ROT/DetailHtmls/Assam/ROT_2025_UDD_42626_1_20250626_104907_StageSummary.html --site-key Assam
10:49:07 [INFO] (ROTWorker-Assam Run-605533) [2025_UDD_42621_1 Popup] ✅ CLEANED & SAVED HTML: ROT_2025_UDD_42621_1_20250626_104907_StageSummary.html
10:49:07 [INFO] (ROTWorker-Assam Run-605533) [2025_UDD_42621_1 Popup] Attempting to save structured data to DB: /root/Tender-Aggregator/venv/bin/python /root/Tender-Aggregator/utils/extract_structured_rot.py /root/Tender-Aggregator/site_data/ROT/DetailHtmls/Assam/ROT_2025_UDD_42621_1_20250626_104907_StageSummary.html --site-key Assam
10:49:07 [INFO] (ROTWorker-Assam Run-605533) [2025_UDD_42626_1 Popup] Successfully processed structured data for ROT_2025_UDD_42626_1_20250626_104907_StageSummary.html.
10:49:07 [INFO] (ROTWorker-Assam Run-605533) [2025_UDD_42621_1 Popup] Successfully processed structured data for ROT_2025_UDD_42621_1_20250626_104907_StageSummary.html.
10:49:07 [INFO] (ROTWorker-Assam Run-605533) [ListPage1_2025_UDD_42404_1] Final summary link found. Clicking...
10:49:07 [INFO] (ROTWorker-Assam Run-605533) [ListPage1_2025_UDD_41986_1] Final summary link found. Clicking...
10:49:07 [INFO] (ROTWorker-Assam Run-605533) [2025_UDD_42404_1 Popup] ✅ CLEANED & SAVED HTML: ROT_2025_UDD_42404_1_20250626_104907_StageSummary.html
10:49:07 [INFO] (ROTWorker-Assam Run-605533) [2025_UDD_42404_1 Popup] Attempting to save structured data to DB: /root/Tender-Aggregator/venv/bin/python /root/Tender-Aggregator/utils/extract_structured_rot.py /root/Tender-Aggregator/site_data/ROT/DetailHtmls/Assam/ROT_2025_UDD_42404_1_20250626_104907_StageSummary.html --site-key Assam
10:49:07 [INFO] (ROTWorker-Assam Run-605533) [2025_UDD_41986_1 Popup] ✅ CLEANED & SAVED HTML: ROT_2025_UDD_41986_1_20250626_104907_StageSummary.html
10:49:07 [INFO] (ROTWorker-Assam Run-605533) [2025_UDD_41986_1 Popup] Attempting to save structured data to DB: /root/Tender-Aggregator/venv/bin/python /root/Tender-Aggregator/utils/extract_structured_rot.py /root/Tender-Aggregator/site_data/ROT/DetailHtmls/Assam/ROT_2025_UDD_41986_1_20250626_104907_StageSummary.html --site-key Assam
10:49:07 [INFO] (ROTWorker-Assam Run-605533) [2025_UDD_42404_1 Popup] Successfully processed structured data for ROT_2025_UDD_42404_1_20250626_104907_StageSummary.html.
10:49:07 [INFO] (ROTWorker-Assam Run-605533) [2025_UDD_41986_1 Popup] Successfully processed structured data for ROT_2025_UDD_41986_1_20250626_104907_StageSummary.html.
10:49:07 [INFO] (ROTWorker-Assam Run-605533) [ListPage1_2025_SNT_42564_1] Final summary link found. Clicking...
10:49:07 [INFO] (ROTWorker-Assam Run-605533) [ListPage1_2025_SEEDE_42618_1] Final summary link found. Clicking...
10:49:07 [INFO] (ROTWorker-Assam Run-605533) [2025_SNT_42564_1 Popup] ✅ CLEANED & SAVED HTML: ROT_2025_SNT_42564_1_20250626_104907_StageSummary.html
10:49:07 [INFO] (ROTWorker-Assam Run-605533) [2025_SNT_42564_1 Popup] Attempting to save structured data to DB: /root/Tender-Aggregator/venv/bin/python /root/Tender-Aggregator/utils/extract_structured_rot.py /root/Tender-Aggregator/site_data/ROT/DetailHtmls/Assam/ROT_2025_SNT_42564_1_20250626_104907_StageSummary.html --site-key Assam
10:49:08 [INFO] (ROTWorker-Assam Run-605533) [2025_SEEDE_42618_1 Popup] ✅ CLEANED & SAVED HTML: ROT_2025_SEEDE_42618_1_20250626_104908_StageSummary.html
10:49:08 [INFO] (ROTWorker-Assam Run-605533) [2025_SEEDE_42618_1 Popup] Attempting to save structured data to DB: /root/Tender-Aggregator/venv/bin/python /root/Tender-Aggregator/utils/extract_structured_rot.py /root/Tender-Aggregator/site_data/ROT/DetailHtmls/Assam/ROT_2025_SEEDE_42618_1_20250626_104908_StageSummary.html --site-key Assam
10:49:08 [INFO] (ROTWorker-Assam Run-605533) [2025_SNT_42564_1 Popup] Successfully processed structured data for ROT_2025_SNT_42564_1_20250626_104907_StageSummary.html.
10:49:08 [INFO] (ROTWorker-Assam Run-605533) [2025_SEEDE_42618_1 Popup] Successfully processed structured data for ROT_2025_SEEDE_42618_1_20250626_104908_StageSummary.html.
10:49:15 [INFO] (ROTWorker-Assam Run-605533) Worker status updated to: FINISHED_SUCCESS
10:49:15 [INFO] (ROTWorker-Assam Run-605533) Playwright resources closed.
10:49:15 [INFO] (ROTWorker-Assam Run-605533) Worker for Assam terminated with status: FINISHED_SUCCESS
