14:17:03 [INFO] (ROTWorker-Lakshadweep Run-889615) Worker logging initialized. Log file: /root/Tender-Aggregator/LOGS/rot_worker/Lakshadweep/worker_rot_worker_Lakshadweep_20250630141703889615_2025-06-30.log
14:17:03 [INFO] (ROTWorker-Lakshadweep Run-889615) --- Starting Headless ROT Worker for Site: Lakshadweep, Run ID: rot_worker_Lakshadweep_20250630141703889615 ---
14:17:03 [INFO] (ROTWorker-Lakshadweep Run-889615) --- Dates: From=None, To=None ---
14:17:04 [INFO] (ROTWorker-Lakshadweep Run-889615) Worker status updated to: FETCHING_CAPTCHA
14:17:04 [INFO] (ROTWorker-Lakshadweep Run-889615) Selecting tender status '5'.
14:17:07 [INFO] (ROTWorker-Lakshadweep Run-889615) CAPTCHA base64 data saved to: /root/Tender-Aggregator/site_data/TEMP/WorkerRuns/rot_worker_Lakshadweep_20250630141703889615/captcha.b64
14:17:07 [INFO] (ROTWorker-Lakshadweep Run-889615) Worker status updated to: WAITING_CAPTCHA
14:17:07 [INFO] (ROTWorker-Lakshadweep Run-889615) Waiting for CAPTCHA solution in /root/Tender-Aggregator/site_data/TEMP/WorkerRuns/rot_worker_Lakshadweep_20250630141703889615/answer.txt (max 300s)...
14:17:20 [INFO] (ROTWorker-Lakshadweep Run-889615) CAPTCHA solution received.
14:17:20 [INFO] (ROTWorker-Lakshadweep Run-889615) Worker status updated to: PROCESSING_WITH_CAPTCHA
14:17:21 [INFO] (ROTWorker-Lakshadweep Run-889615) Worker status updated to: SCRAPING_RESULTS
14:17:21 [INFO] (ROTWorker-Lakshadweep Run-889615) --- Processing List Page: 1/10 ---
14:17:51 [CRITICAL] (ROTWorker-Lakshadweep Run-889615) Major error in ROT worker: Locator.text_content: Timeout 30000ms exceeded.
Call log:
  - waiting for locator("table#tabList tr[id^='informal']:first-child td:nth-child(2)")
Traceback (most recent call last):
  File "/root/Tender-Aggregator/headless_rot_worker.py", line 287, in run_headless_rot_scrape_orchestration
    first_row_id = await page.locator(FIRST_ROW_TENDER_ID_SELECTOR).text_content(timeout=element_timeout_ws)
                   ^^^^^^^^^^^^^^^^^^^^^^^^^^^^^^^^^^^^^^^^^^^^^^^^^^^^^^^^^^^^^^^^^^^^^^^^^^^^^^^^^^^^^^^^^
  File "/root/Tender-Aggregator/venv/lib64/python3.13/site-packages/playwright/async_api/_generated.py", line 17580, in text_content
    await self._impl_obj.text_content(timeout=timeout)
  File "/root/Tender-Aggregator/venv/lib64/python3.13/site-packages/playwright/_impl/_locator.py", line 622, in text_content
    return await self._frame.text_content(
           ^^^^^^^^^^^^^^^^^^^^^^^^^^^^^^^
    ...<3 lines>...
    )
    ^
  File "/root/Tender-Aggregator/venv/lib64/python3.13/site-packages/playwright/_impl/_frame.py", line 613, in text_content
    return await self._channel.send("textContent", locals_to_params(locals()))
           ^^^^^^^^^^^^^^^^^^^^^^^^^^^^^^^^^^^^^^^^^^^^^^^^^^^^^^^^^^^^^^^^^^^
  File "/root/Tender-Aggregator/venv/lib64/python3.13/site-packages/playwright/_impl/_connection.py", line 61, in send
    return await self._connection.wrap_api_call(
           ^^^^^^^^^^^^^^^^^^^^^^^^^^^^^^^^^^^^^
    ...<2 lines>...
    )
    ^
  File "/root/Tender-Aggregator/venv/lib64/python3.13/site-packages/playwright/_impl/_connection.py", line 528, in wrap_api_call
    raise rewrite_error(error, f"{parsed_st['apiName']}: {error}") from None
playwright._impl._errors.TimeoutError: Locator.text_content: Timeout 30000ms exceeded.
Call log:
  - waiting for locator("table#tabList tr[id^='informal']:first-child td:nth-child(2)")

14:17:51 [INFO] (ROTWorker-Lakshadweep Run-889615) Worker status updated to: ERROR_UNHANDLED_TimeoutError
14:17:51 [INFO] (ROTWorker-Lakshadweep Run-889615) Playwright resources closed.
14:17:51 [INFO] (ROTWorker-Lakshadweep Run-889615) Worker for Lakshadweep terminated with status: ERROR_UNHANDLED_TimeoutError
